[2026-03-20 15:26:32] This is codeql database upgrade /home/cc/CKGFuzzer-1/docker_shared/codeqldb/cjson
[2026-03-20 15:26:32] Log file was started late.
[2026-03-20 15:26:32] Running plumbing command: codeql dataset upgrade --evaluator-log-level=5 -- /home/cc/CKGFuzzer-1/docker_shared/codeqldb/cjson/db-cpp
[2026-03-20 15:26:32] Calling plumbing command: codeql resolve upgrades --dbscheme=/home/cc/CKGFuzzer-1/docker_shared/codeqldb/cjson/db-cpp/semmlecode.cpp.dbscheme --format=json
[2026-03-20 15:26:32] [DETAILS] resolve upgrades> Searching for upgrades that apply to 68930f3b81bbe3fdbb91c850deca1fec8072d62a.
[2026-03-20 15:26:32] [DETAILS] resolve upgrades> Scanning for [codeql-pack.yml, qlpack.yml] from /home/cc/CKGFuzzer/docker_shared/codeql/.codeqlmanifest.json
[2026-03-20 15:26:32] [DETAILS] resolve upgrades> Scanning for [codeql-pack.yml, qlpack.yml] from /home/cc/CKGFuzzer/docker_shared/
[2026-03-20 15:26:32] [DETAILS] resolve upgrades> Not scanning from /home/cc/CKGFuzzer/docker_shared/codeql which is already done.
[2026-03-20 15:26:32] [DETAILS] resolve upgrades> Will look for upgrades in /home/cc/CKGFuzzer/docker_shared/codeql/qlpacks/codeql/python-all/0.11.13/upgrades
[2026-03-20 15:26:32] [DETAILS] resolve upgrades> Will look for upgrades in /home/cc/CKGFuzzer/docker_shared/codeql/qlpacks/codeql/java-all/0.9.0/upgrades
[2026-03-20 15:26:32] [DETAILS] resolve upgrades> Will look for upgrades in /home/cc/CKGFuzzer/docker_shared/codeql/qlpacks/codeql/swift-all/0.3.13/upgrades
[2026-03-20 15:26:32] [DETAILS] resolve upgrades> Will look for upgrades in /home/cc/CKGFuzzer/docker_shared/codeql/qlpacks/codeql/javascript-all/0.8.13/upgrades
[2026-03-20 15:26:32] [DETAILS] resolve upgrades> Will look for upgrades in /home/cc/CKGFuzzer/docker_shared/codeql/qlpacks/codeql/csharp-all/0.9.0/upgrades
[2026-03-20 15:26:32] [DETAILS] resolve upgrades> Will look for upgrades in /home/cc/CKGFuzzer/docker_shared/codeql/qlpacks/codeql/cpp-all/0.12.10/upgrades
[2026-03-20 15:26:32] [DETAILS] resolve upgrades> Will look for upgrades in /home/cc/CKGFuzzer/docker_shared/codeql/qlpacks/codeql/go-all/0.7.13/upgrades
[2026-03-20 15:26:32] [DETAILS] resolve upgrades> Will look for upgrades in /home/cc/CKGFuzzer/docker_shared/codeql/qlpacks/codeql/ruby-all/0.8.13/upgrades
[2026-03-20 15:26:32] [DETAILS] resolve upgrades> Will look for upgrades in /home/cc/CKGFuzzer/docker_shared/codeql/legacy-upgrades/upgrades
[2026-03-20 15:26:32] [DETAILS] resolve upgrades> Found upgrade run ending at 68930f3b81bbe3fdbb91c850deca1fec8072d62a.
[2026-03-20 15:26:32] Plumbing command codeql resolve upgrades completed:
                      {
                        "scripts" : [ ],
                        "finalDbscheme" : "/home/cc/CKGFuzzer-1/docker_shared/codeqldb/cjson/db-cpp/semmlecode.cpp.dbscheme"
                      }
[2026-03-20 15:26:32] [PROGRESS] dataset upgrade> /home/cc/CKGFuzzer-1/docker_shared/codeqldb/cjson/db-cpp is up to date.
[2026-03-20 15:26:32] Plumbing command codeql dataset upgrade completed.
[2026-03-20 15:26:32] Exiting with code 0
