[2026-03-20 07:06:30] This is codeql database create /src/fuzzing_os/codeqldb/cjson --language=cpp --command=/src/fuzzing_os/wrapper.sh cjson
[2026-03-20 07:06:30] Log file was started late.
[2026-03-20 07:06:30] [PROGRESS] database create> Initializing database at /src/fuzzing_os/codeqldb/cjson.
[2026-03-20 07:06:30] Running plumbing command: codeql database init --language=cpp --extractor-options-verbosity=1 --qlconfig-file=/src/cjson/qlconfig.yml --source-root=/src/cjson --allow-missing-source-root=false --allow-already-existing -- /src/fuzzing_os/codeqldb/cjson
[2026-03-20 07:06:30] Calling plumbing command: codeql resolve languages --extractor-options-verbosity=1 --format=betterjson
[2026-03-20 07:06:30] [DETAILS] resolve languages> Scanning for [codeql-extractor.yml] from /src/fuzzing_os/codeql/.codeqlmanifest.json
[2026-03-20 07:06:30] [DETAILS] resolve languages> Parsing /src/fuzzing_os/codeql/html/codeql-extractor.yml.
[2026-03-20 07:06:30] [DETAILS] resolve languages> Parsing /src/fuzzing_os/codeql/yaml/codeql-extractor.yml.
[2026-03-20 07:06:30] [DETAILS] resolve languages> Parsing /src/fuzzing_os/codeql/java/codeql-extractor.yml.
[2026-03-20 07:06:30] [DETAILS] resolve languages> Parsing /src/fuzzing_os/codeql/go/codeql-extractor.yml.
[2026-03-20 07:06:30] [DETAILS] resolve languages> Parsing /src/fuzzing_os/codeql/ruby/codeql-extractor.yml.
[2026-03-20 07:06:30] [DETAILS] resolve languages> Parsing /src/fuzzing_os/codeql/python/codeql-extractor.yml.
[2026-03-20 07:06:30] [DETAILS] resolve languages> Parsing /src/fuzzing_os/codeql/properties/codeql-extractor.yml.
[2026-03-20 07:06:30] [DETAILS] resolve languages> Parsing /src/fuzzing_os/codeql/cpp/codeql-extractor.yml.
[2026-03-20 07:06:30] [DETAILS] resolve languages> Parsing /src/fuzzing_os/codeql/javascript/codeql-extractor.yml.
[2026-03-20 07:06:30] [DETAILS] resolve languages> Parsing /src/fuzzing_os/codeql/csv/codeql-extractor.yml.
[2026-03-20 07:06:30] [DETAILS] resolve languages> Parsing /src/fuzzing_os/codeql/xml/codeql-extractor.yml.
[2026-03-20 07:06:30] [DETAILS] resolve languages> Parsing /src/fuzzing_os/codeql/swift/codeql-extractor.yml.
[2026-03-20 07:06:30] [DETAILS] resolve languages> Parsing /src/fuzzing_os/codeql/csharp/codeql-extractor.yml.
[2026-03-20 07:06:30] Plumbing command codeql resolve languages completed:
                      {
                        "aliases" : {
                          "c" : "cpp",
                          "c++" : "cpp",
                          "c-c++" : "cpp",
                          "c-cpp" : "cpp",
                          "c#" : "csharp",
                          "java-kotlin" : "java",
                          "kotlin" : "java",
                          "javascript-typescript" : "javascript",
                          "typescript" : "javascript"
                        },
                        "extractors" : {
                          "html" : [
                            {
                              "extractor_root" : "/src/fuzzing_os/codeql/html"
                            }
                          ],
                          "yaml" : [
                            {
                              "extractor_root" : "/src/fuzzing_os/codeql/yaml"
                            }
                          ],
                          "java" : [
                            {
                              "extractor_root" : "/src/fuzzing_os/codeql/java",
                              "extractor_options" : {
                                "exclude" : {
                                  "title" : "A glob excluding files from analysis.",
                                  "description" : "A glob indicating what files to exclude from the analysis.\n",
                                  "type" : "string"
                                },
                                "add_prefer_source" : {
                                  "title" : "Whether to always prefer source files over class files.",
                                  "description" : "A value indicating whether source files should be preferred over class files. If set to 'true', the extraction adds '-Xprefer:source' to the javac command line. If set to 'false', the extraction uses the default javac behavior ('-Xprefer:newer'). The default is 'true'.\n",
                                  "type" : "string",
                                  "pattern" : "^(false|true)$"
                                },
                                "buildless" : {
                                  "title" : "Whether to use buildless (standalone) extraction (experimental).",
                                  "description" : "A value indicating, which type of extraction the autobuilder should perform. If 'true', then the standalone extractor will be used, otherwise tracing extraction will be performed. The default is 'false'. Note that buildless extraction will generally yield less accurate analysis results, and should only be used in cases where it is not possible to build the code (for example if it uses inaccessible dependencies).\n",
                                  "type" : "string",
                                  "pattern" : "^(false|true)$"
                                }
                              }
                            }
                          ],
                          "go" : [
                            {
                              "extractor_root" : "/src/fuzzing_os/codeql/go"
                            }
                          ],
                          "ruby" : [
                            {
                              "extractor_root" : "/src/fuzzing_os/codeql/ruby",
                              "extractor_options" : {
                                "trap" : {
                                  "title" : "Options pertaining to TRAP.",
                                  "description" : "Options pertaining to TRAP.",
                                  "type" : "object",
                                  "properties" : {
                                    "compression" : {
                                      "title" : "Controls compression for the TRAP files written by the extractor.",
                                      "description" : "This option is only intended for use in debugging the extractor. Accepted values are 'gzip' (the default, to write gzip-compressed TRAP) and 'none' (to write uncompressed TRAP).\n",
                                      "type" : "string",
                                      "pattern" : "^(none|gzip)$"
                                    }
                                  }
                                }
                              }
                            }
                          ],
                          "python" : [
                            {
                              "extractor_root" : "/src/fuzzing_os/codeql/python",
                              "extractor_options" : {
                                "logging" : {
                                  "title" : "Options pertaining to logging.",
                                  "description" : "Options pertaining to logging.",
                                  "type" : "object",
                                  "properties" : {
                                    "verbosity" : {
                                      "title" : "Python extractor logging verbosity level.",
                                      "description" : "Controls the level of verbosity of the CodeQL Python extractor.\nThe supported levels are (in order of increasing verbosity):\n\n  - off\n  - errors\n  - warnings\n  - info or progress\n  - debug or progress+\n  - trace or progress++\n  - progress+++\n",
                                      "type" : "string",
                                      "pattern" : "^(off|errors|warnings|(info|progress)|(debug|progress\\+)|(trace|progress\\+\\+)|progress\\+\\+\\+)$"
                                    }
                                  }
                                },
                                "python_executable_name" : {
                                  "title" : "Controls the name of the Python executable used by the Python extractor.",
                                  "description" : "The Python extractor uses platform-dependent heuristics to determine the name of the Python executable to use. Specifying a value for this option overrides the name of the Python executable used by the extractor. Accepted values are py, python and python3. Use this setting with caution, the Python extractor requires Python 3 to run.\n",
                                  "type" : "string",
                                  "pattern" : "^(py|python|python3)$"
                                }
                              }
                            }
                          ],
                          "properties" : [
                            {
                              "extractor_root" : "/src/fuzzing_os/codeql/properties"
                            }
                          ],
                          "cpp" : [
                            {
                              "extractor_root" : "/src/fuzzing_os/codeql/cpp",
                              "extractor_options" : { }
                            }
                          ],
                          "javascript" : [
                            {
                              "extractor_root" : "/src/fuzzing_os/codeql/javascript",
                              "extractor_options" : {
                                "skip_types" : {
                                  "title" : "Skip type extraction for TypeScript",
                                  "description" : "Whether to skip the extraction of types in a TypeScript application",
                                  "type" : "string",
                                  "pattern" : "^(false|true)$"
                                }
                              }
                            }
                          ],
                          "csv" : [
                            {
                              "extractor_root" : "/src/fuzzing_os/codeql/csv"
                            }
                          ],
                          "xml" : [
                            {
                              "extractor_root" : "/src/fuzzing_os/codeql/xml"
                            }
                          ],
                          "swift" : [
                            {
                              "extractor_root" : "/src/fuzzing_os/codeql/swift"
                            }
                          ],
                          "csharp" : [
                            {
                              "extractor_root" : "/src/fuzzing_os/codeql/csharp",
                              "extractor_options" : {
                                "trap" : {
                                  "title" : "Options pertaining to TRAP.",
                                  "description" : "Options pertaining to TRAP.",
                                  "type" : "object",
                                  "properties" : {
                                    "compression" : {
                                      "title" : "Controls compression for the TRAP files written by the extractor.",
                                      "description" : "This option is only intended for use in debugging the extractor. Accepted values are 'brotli' (the default, to write brotli-compressed TRAP), 'gzip', and 'none' (to write uncompressed TRAP).\n",
                                      "type" : "string",
                                      "pattern" : "^(none|gzip|brotli)$"
                                    }
                                  }
                                },
                                "buildless" : {
                                  "title" : "DEPRECATED - Whether to use buildless (standalone) extraction.",
                                  "description" : "DEPRECATED: Use `--build-mode none` instead.\nA value indicating, which type of extraction the autobuilder should perform. If 'true', then the standalone extractor will be used, otherwise tracing extraction will be performed. The default is 'false'. Note that buildless extraction will generally yield less accurate analysis results, and should only be used in cases where it is not possible to build the code (for example if it uses inaccessible dependencies).\n",
                                  "type" : "string",
                                  "pattern" : "^(false|true)$"
                                },
                                "logging" : {
                                  "title" : "Options pertaining to logging.",
                                  "description" : "Options pertaining to logging.",
                                  "type" : "object",
                                  "properties" : {
                                    "verbosity" : {
                                      "title" : "Extractor logging verbosity level.",
                                      "description" : "Controls the level of verbosity of the extractor. The supported levels are (in order of increasing verbosity):\n  - off\n  - errors\n  - warnings\n  - info or progress\n  - debug or progress+\n  - trace or progress++\n  - progress+++\n",
                                      "type" : "string",
                                      "pattern" : "^(off|errors|warnings|(info|progress)|(debug|progress\\+)|(trace|progress\\+\\+)|progress\\+\\+\\+)$"
                                    }
                                  }
                                },
                                "binlog" : {
                                  "title" : "Binlog",
                                  "description" : "[EXPERIMENTAL] The value is a path to the MsBuild binary log file that should be extracted. This option only works when `--build-mode none` is also specified.\n",
                                  "type" : "string"
                                }
                              }
                            }
                          ]
                        }
                      }
[2026-03-20 07:06:30] [PROGRESS] database init> Calculating baseline information in /src/cjson
[2026-03-20 07:06:30] [SPAMMY] database init> Ignoring the following directories when processing baseline information: .git, .hg, .svn.
[2026-03-20 07:06:30] [DETAILS] database init> Running command in /src/cjson: /src/fuzzing_os/codeql/tools/linux64/scc --by-file --exclude-dir .git,.hg,.svn --format json --no-large --no-min .
[2026-03-20 07:06:30] [SPAMMY] database init> Found 53 baseline files for cpp.
[2026-03-20 07:06:30] [SPAMMY] database init> Found 13 baseline files for ruby.
[2026-03-20 07:06:30] [SPAMMY] database init> Found 2 baseline files for python.
[2026-03-20 07:06:30] [PROGRESS] database init> Calculated baseline information for languages: cpp, python, ruby (47ms).
[2026-03-20 07:06:33] [PROGRESS] database init> Resolving extractor cpp.
[2026-03-20 07:06:33] [DETAILS] database init> Found candidate extractor root for cpp: /src/fuzzing_os/codeql/cpp.
[2026-03-20 07:06:33] [PROGRESS] database init> Successfully loaded extractor C/C++ (cpp) from /src/fuzzing_os/codeql/cpp.
[2026-03-20 07:06:33] [PROGRESS] database init> Created skeleton CodeQL database at /src/fuzzing_os/codeqldb/cjson. This in-progress database is ready to be populated by an extractor.
[2026-03-20 07:06:33] Plumbing command codeql database init completed.
[2026-03-20 07:06:33] [PROGRESS] database create> Running build command: [/src/fuzzing_os/wrapper.sh, cjson]
[2026-03-20 07:06:33] Running plumbing command: codeql database trace-command --working-dir=/src/cjson --index-traceless-dbs --no-db-cluster -- /src/fuzzing_os/codeqldb/cjson /src/fuzzing_os/wrapper.sh cjson
[2026-03-20 07:06:33] [PROGRESS] database trace-command> Running command in /src/cjson: [/src/fuzzing_os/wrapper.sh, cjson]
[2026-03-20 07:06:33] [build-stdout] The command 'bazel_build_fuzz_tests' is not found in '/src/build.sh'.
[2026-03-20 07:06:33] [build-stderr] CMake Deprecation Warning at CMakeLists.txt:2 (cmake_minimum_required):
[2026-03-20 07:06:33] [build-stderr]   Compatibility with CMake < 3.5 will be removed from a future version of
[2026-03-20 07:06:33] [build-stderr]   CMake.
[2026-03-20 07:06:33] [build-stderr]   Update the VERSION argument <min> value or use a ...<max> suffix to tell
[2026-03-20 07:06:33] [build-stderr]   CMake that the project does not need compatibility with older versions.
[2026-03-20 07:06:34] [build-stdout] -- The C compiler identification is Clang 22.0.0
[2026-03-20 07:06:34] [build-stdout] -- Detecting C compiler ABI info
[2026-03-20 07:06:34] [build-stdout] -- Detecting C compiler ABI info - done
[2026-03-20 07:06:34] [build-stdout] -- Check for working C compiler: /usr/local/bin/clang - skipped
[2026-03-20 07:06:34] [build-stdout] -- Detecting C compile features
[2026-03-20 07:06:34] [build-stdout] -- Detecting C compile features - done
[2026-03-20 07:06:34] [build-stdout] -- Performing Test FLAG_SUPPORTED_stdc89
[2026-03-20 07:06:34] [build-stdout] -- Performing Test FLAG_SUPPORTED_stdc89 - Success
[2026-03-20 07:06:34] [build-stdout] -- Performing Test FLAG_SUPPORTED_pedantic
[2026-03-20 07:06:35] [build-stdout] -- Performing Test FLAG_SUPPORTED_pedantic - Success
[2026-03-20 07:06:35] [build-stdout] -- Performing Test FLAG_SUPPORTED_Wall
[2026-03-20 07:06:35] [build-stdout] -- Performing Test FLAG_SUPPORTED_Wall - Success
[2026-03-20 07:06:35] [build-stdout] -- Performing Test FLAG_SUPPORTED_Wextra
[2026-03-20 07:06:35] [build-stdout] -- Performing Test FLAG_SUPPORTED_Wextra - Success
[2026-03-20 07:06:35] [build-stdout] -- Performing Test FLAG_SUPPORTED_Werror
[2026-03-20 07:06:35] [build-stdout] -- Performing Test FLAG_SUPPORTED_Werror - Success
[2026-03-20 07:06:35] [build-stdout] -- Performing Test FLAG_SUPPORTED_Wstrictprototypes
[2026-03-20 07:06:35] [build-stdout] -- Performing Test FLAG_SUPPORTED_Wstrictprototypes - Success
[2026-03-20 07:06:35] [build-stdout] -- Performing Test FLAG_SUPPORTED_Wwritestrings
[2026-03-20 07:06:35] [build-stdout] -- Performing Test FLAG_SUPPORTED_Wwritestrings - Success
[2026-03-20 07:06:35] [build-stdout] -- Performing Test FLAG_SUPPORTED_Wshadow
[2026-03-20 07:06:35] [build-stdout] -- Performing Test FLAG_SUPPORTED_Wshadow - Success
[2026-03-20 07:06:35] [build-stdout] -- Performing Test FLAG_SUPPORTED_Winitself
[2026-03-20 07:06:35] [build-stdout] -- Performing Test FLAG_SUPPORTED_Winitself - Success
[2026-03-20 07:06:35] [build-stdout] -- Performing Test FLAG_SUPPORTED_Wcastalign
[2026-03-20 07:06:35] [build-stdout] -- Performing Test FLAG_SUPPORTED_Wcastalign - Success
[2026-03-20 07:06:35] [build-stdout] -- Performing Test FLAG_SUPPORTED_Wformat2
[2026-03-20 07:06:36] [build-stdout] -- Performing Test FLAG_SUPPORTED_Wformat2 - Success
[2026-03-20 07:06:36] [build-stdout] -- Performing Test FLAG_SUPPORTED_Wmissingprototypes
[2026-03-20 07:06:36] [build-stdout] -- Performing Test FLAG_SUPPORTED_Wmissingprototypes - Success
[2026-03-20 07:06:36] [build-stdout] -- Performing Test FLAG_SUPPORTED_Wstrictoverflow2
[2026-03-20 07:06:36] [build-stdout] -- Performing Test FLAG_SUPPORTED_Wstrictoverflow2 - Success
[2026-03-20 07:06:36] [build-stdout] -- Performing Test FLAG_SUPPORTED_Wcastqual
[2026-03-20 07:06:36] [build-stdout] -- Performing Test FLAG_SUPPORTED_Wcastqual - Success
[2026-03-20 07:06:36] [build-stdout] -- Performing Test FLAG_SUPPORTED_Wundef
[2026-03-20 07:06:36] [build-stdout] -- Performing Test FLAG_SUPPORTED_Wundef - Success
[2026-03-20 07:06:36] [build-stdout] -- Performing Test FLAG_SUPPORTED_Wswitchdefault
[2026-03-20 07:06:36] [build-stdout] -- Performing Test FLAG_SUPPORTED_Wswitchdefault - Success
[2026-03-20 07:06:36] [build-stdout] -- Performing Test FLAG_SUPPORTED_Wconversion
[2026-03-20 07:06:36] [build-stdout] -- Performing Test FLAG_SUPPORTED_Wconversion - Success
[2026-03-20 07:06:36] [build-stdout] -- Performing Test FLAG_SUPPORTED_Wccompat
[2026-03-20 07:06:36] [build-stdout] -- Performing Test FLAG_SUPPORTED_Wccompat - Success
[2026-03-20 07:06:36] [build-stdout] -- Performing Test FLAG_SUPPORTED_fstackprotectorstrong
[2026-03-20 07:06:36] [build-stdout] -- Performing Test FLAG_SUPPORTED_fstackprotectorstrong - Success
[2026-03-20 07:06:36] [build-stdout] -- Performing Test FLAG_SUPPORTED_Wcomma
[2026-03-20 07:06:37] [build-stdout] -- Performing Test FLAG_SUPPORTED_Wcomma - Success
[2026-03-20 07:06:37] [build-stdout] -- Performing Test FLAG_SUPPORTED_Wdoublepromotion
[2026-03-20 07:06:37] [build-stdout] -- Performing Test FLAG_SUPPORTED_Wdoublepromotion - Success
[2026-03-20 07:06:37] [build-stdout] -- Performing Test FLAG_SUPPORTED_Wparentheses
[2026-03-20 07:06:37] [build-stdout] -- Performing Test FLAG_SUPPORTED_Wparentheses - Success
[2026-03-20 07:06:37] [build-stdout] -- Performing Test FLAG_SUPPORTED_Wformatoverflow
[2026-03-20 07:06:37] [build-stdout] -- Performing Test FLAG_SUPPORTED_Wformatoverflow - Success
[2026-03-20 07:06:37] [build-stdout] -- Performing Test FLAG_SUPPORTED_Wunusedmacros
[2026-03-20 07:06:37] [build-stdout] -- Performing Test FLAG_SUPPORTED_Wunusedmacros - Success
[2026-03-20 07:06:37] [build-stdout] -- Performing Test FLAG_SUPPORTED_Wmissingvariabledeclarations
[2026-03-20 07:06:37] [build-stdout] -- Performing Test FLAG_SUPPORTED_Wmissingvariabledeclarations - Success
[2026-03-20 07:06:37] [build-stdout] -- Performing Test FLAG_SUPPORTED_Wusedbutmarkedunused
[2026-03-20 07:06:37] [build-stdout] -- Performing Test FLAG_SUPPORTED_Wusedbutmarkedunused - Success
[2026-03-20 07:06:37] [build-stdout] -- Performing Test FLAG_SUPPORTED_Wswitchenum
[2026-03-20 07:06:37] [build-stdout] -- Performing Test FLAG_SUPPORTED_Wswitchenum - Success
[2026-03-20 07:06:37] [build-stdout] -- Performing Test FLAG_SUPPORTED_fvisibilityhidden
[2026-03-20 07:06:38] [build-stdout] -- Performing Test FLAG_SUPPORTED_fvisibilityhidden - Success
[2026-03-20 07:06:38] [build-stdout] -- Configuring done (4.3s)
[2026-03-20 07:06:38] [build-stdout] -- Generating done (0.0s)
[2026-03-20 07:06:38] [build-stdout] -- Build files have been written to: /src/cjson/build
[2026-03-20 07:06:38] [build-stdout] [ 50%] Building C object CMakeFiles/cjson.dir/cJSON.c.o
[2026-03-20 07:06:38] [build-stdout] [100%] Linking C static library libcjson.a
[2026-03-20 07:06:38] [build-stdout] [100%] Built target cjson
[2026-03-20 07:06:38] [build-stderr] clang++: warning: treating 'c' input as 'c++' when in C++ mode, this behavior is deprecated [-Wdeprecated]
[2026-03-20 07:06:38] [build-stderr] clang++: error: no such file or directory: '/usr/lib/libFuzzingEngine.a'
[2026-03-20 07:06:38] Plumbing command codeql database trace-command completed.
[2026-03-20 07:06:38] [PROGRESS] database create> Finalizing database at /src/fuzzing_os/codeqldb/cjson.
[2026-03-20 07:06:38] Running plumbing command: codeql database finalize --no-db-cluster -- /src/fuzzing_os/codeqldb/cjson
[2026-03-20 07:06:38] Using pre-finalize script /src/fuzzing_os/codeql/cpp/tools/pre-finalize.sh.
[2026-03-20 07:06:38] [PROGRESS] database finalize> Running pre-finalize script /src/fuzzing_os/codeql/cpp/tools/pre-finalize.sh in /src/cjson.
[2026-03-20 07:06:38] Running plumbing command: codeql database trace-command --working-dir=/src/cjson --no-tracing -- /src/fuzzing_os/codeqldb/cjson /src/fuzzing_os/codeql/cpp/tools/pre-finalize.sh
[2026-03-20 07:06:38] [PROGRESS] database trace-command> Running command in /src/cjson: [/src/fuzzing_os/codeql/cpp/tools/pre-finalize.sh]
[2026-03-20 07:06:38] Plumbing command codeql database trace-command completed.
[2026-03-20 07:06:38] [PROGRESS] database finalize> Running TRAP import for CodeQL database at /src/fuzzing_os/codeqldb/cjson...
[2026-03-20 07:06:38] Running plumbing command: codeql dataset import --dbscheme=/src/fuzzing_os/codeql/cpp/semmlecode.cpp.dbscheme -- /src/fuzzing_os/codeqldb/cjson/db-cpp /src/fuzzing_os/codeqldb/cjson/trap/cpp
[2026-03-20 07:06:38] Clearing disk cache since the version file /src/fuzzing_os/codeqldb/cjson/db-cpp/default/cache/version does not exist
[2026-03-20 07:06:38] Tuple pool not found. Clearing relations with cached strings
[2026-03-20 07:06:38] Trimming disk cache at /src/fuzzing_os/codeqldb/cjson/db-cpp/default/cache in mode clear.
[2026-03-20 07:06:38] Sequence stamp origin is -5934655247409587550
[2026-03-20 07:06:38] Pausing evaluation to hard-clear memory at sequence stamp o+0
[2026-03-20 07:06:38] Unpausing evaluation
[2026-03-20 07:06:38] Pausing evaluation to quickly trim disk at sequence stamp o+1
[2026-03-20 07:06:38] Unpausing evaluation
[2026-03-20 07:06:38] Pausing evaluation to zealously trim disk at sequence stamp o+2
[2026-03-20 07:06:38] Unpausing evaluation
[2026-03-20 07:06:38] Trimming completed (8ms): Purged everything.
[2026-03-20 07:06:38] Scanning for files in /src/fuzzing_os/codeqldb/cjson/trap/cpp
[2026-03-20 07:06:38] Found 94 files on disk containing 231 TRAP files (1.51 MiB)
[2026-03-20 07:06:38] [PROGRESS] dataset import> Grouping TRAP files by link target
[2026-03-20 07:06:38] [PROGRESS] dataset import> Grouping unlinked TRAP files together
[2026-03-20 07:06:38] [PROGRESS] dataset import> Scanning TRAP files
[2026-03-20 07:06:39] Scanning cpp_predefined.acb19af8.trap (CMakeCCompilerId.c.9e183c98_0.trap.tar.zst) (1 of 231)
[2026-03-20 07:06:39] Scanning CMakeCCompilerId.c.9e183c98.trap (CMakeCCompilerId.c.9e183c98_0.trap.tar.zst) (2 of 231)
[2026-03-20 07:06:39] Scanning src.c.e5b2f8a2.trap (src.c.e5b2f8a2_0.trap.tar.zst) (3 of 231)
[2026-03-20 07:06:39] Scanning src.c.c2e006f6.trap (src.c.c2e006f6_0.trap.tar.zst) (4 of 231)
[2026-03-20 07:06:39] Scanning src.c.1940b1c8.trap (src.c.1940b1c8_0.trap.tar.zst) (5 of 231)
[2026-03-20 07:06:39] Scanning src.c.f62b8ad3.trap (src.c.f62b8ad3_0.trap.tar.zst) (6 of 231)
[2026-03-20 07:06:39] Scanning src.c.1eb7971a.trap (src.c.1eb7971a_0.trap.tar.zst) (7 of 231)
[2026-03-20 07:06:39] Scanning src.c.7f20ea3c.trap (src.c.7f20ea3c_0.trap.tar.zst) (8 of 231)
[2026-03-20 07:06:39] Scanning src.c.26e34932.trap (src.c.26e34932_0.trap.tar.zst) (9 of 231)
[2026-03-20 07:06:39] Scanning src.c.c9e8f819.trap (src.c.c9e8f819_0.trap.tar.zst) (10 of 231)
[2026-03-20 07:06:39] Scanning src.c.fec314b6.trap (src.c.fec314b6_0.trap.tar.zst) (11 of 231)
[2026-03-20 07:06:39] Scanning src.c.9ee6671a.trap (src.c.9ee6671a_0.trap.tar.zst) (12 of 231)
[2026-03-20 07:06:39] Scanning src.c.1886098c.trap (src.c.1886098c_0.trap.tar.zst) (13 of 231)
[2026-03-20 07:06:39] Scanning src.c.b10e0515.trap (src.c.b10e0515_0.trap.tar.zst) (14 of 231)
[2026-03-20 07:06:39] Scanning src.c.608f3844.trap (src.c.608f3844_0.trap.tar.zst) (15 of 231)
[2026-03-20 07:06:39] Scanning src.c.1e73c5d7.trap (src.c.1e73c5d7_0.trap.tar.zst) (16 of 231)
[2026-03-20 07:06:39] Scanning src.c.ff0fb94f.trap (src.c.ff0fb94f_0.trap.tar.zst) (17 of 231)
[2026-03-20 07:06:39] Scanning src.c.9cd79620.trap (src.c.9cd79620_0.trap.tar.zst) (18 of 231)
[2026-03-20 07:06:39] Scanning src.c.0b2caf51.trap (src.c.0b2caf51_0.trap.tar.zst) (19 of 231)
[2026-03-20 07:06:39] Scanning src.c.c595791b.trap (src.c.c595791b_0.trap.tar.zst) (20 of 231)
[2026-03-20 07:06:39] Scanning src.c.071d486e.trap (src.c.071d486e_0.trap.tar.zst) (21 of 231)
[2026-03-20 07:06:39] Scanning src.c.d77facaf.trap (src.c.d77facaf_0.trap.tar.zst) (22 of 231)
[2026-03-20 07:06:39] Scanning src.c.53f3a4f8.trap (src.c.53f3a4f8_0.trap.tar.zst) (23 of 231)
[2026-03-20 07:06:39] Scanning src.c.fbb73c9b.trap (src.c.fbb73c9b_0.trap.tar.zst) (24 of 231)
[2026-03-20 07:06:39] Scanning src.c.a5cae450.trap (src.c.a5cae450_0.trap.tar.zst) (25 of 231)
[2026-03-20 07:06:39] Scanning src.c.e2399612.trap (src.c.e2399612_0.trap.tar.zst) (26 of 231)
[2026-03-20 07:06:39] Scanning src.c.a2514984.trap (src.c.a2514984_0.trap.tar.zst) (27 of 231)
[2026-03-20 07:06:39] Scanning src.c.7e66fe38.trap (src.c.7e66fe38_0.trap.tar.zst) (28 of 231)
[2026-03-20 07:06:39] Scanning src.c.e5abf569.trap (src.c.e5abf569_0.trap.tar.zst) (29 of 231)
[2026-03-20 07:06:39] Scanning src.c.f49b7f72.trap (src.c.f49b7f72_0.trap.tar.zst) (30 of 231)
[2026-03-20 07:06:39] Scanning stdc-predef.h.394411e4.trap (cJSON.c.5b092d46_0.trap.tar.zst) (31 of 231)
[2026-03-20 07:06:39] Scanning wordsize.h.250aedb4.trap (cJSON.c.5b092d46_0.trap.tar.zst) (32 of 231)
[2026-03-20 07:06:39] Scanning long-double.h.e31ad1b0.trap (cJSON.c.5b092d46_0.trap.tar.zst) (33 of 231)
[2026-03-20 07:06:39] Scanning cdefs.h.10ec98da.trap (cJSON.c.5b092d46_0.trap.tar.zst) (34 of 231)
[2026-03-20 07:06:39] Scanning stubs-64.h.59a8e336.trap (cJSON.c.5b092d46_0.trap.tar.zst) (35 of 231)
[2026-03-20 07:06:39] Scanning stubs.h.ed2eedf9.trap (cJSON.c.5b092d46_0.trap.tar.zst) (36 of 231)
[2026-03-20 07:06:39] Scanning features.h.959d01dd.trap (cJSON.c.5b092d46_0.trap.tar.zst) (37 of 231)
[2026-03-20 07:06:39] Scanning libc-header-start.h.5bb1841e.trap (cJSON.c.5b092d46_0.trap.tar.zst) (38 of 231)
[2026-03-20 07:06:39] Scanning __stddef_size_t.h.372299eb.trap (cJSON.c.5b092d46_0.trap.tar.zst) (39 of 231)
[2026-03-20 07:06:39] Scanning __stddef_null.h.eab7ff73.trap (cJSON.c.5b092d46_0.trap.tar.zst) (40 of 231)
[2026-03-20 07:06:39] Scanning stddef.h.5e1154ee.trap (cJSON.c.5b092d46_0.trap.tar.zst) (41 of 231)
[2026-03-20 07:06:39] Scanning string.h.48a70845.trap (cJSON.c.5b092d46_0.trap.tar.zst) (42 of 231)
[2026-03-20 07:06:39] Scanning libc-header-start.h.09afceb6.trap (cJSON.c.5b092d46_0.trap.tar.zst) (43 of 231)
[2026-03-20 07:06:39] Scanning __stddef_size_t.h.04cb6f95.trap (cJSON.c.5b092d46_0.trap.tar.zst) (44 of 231)
[2026-03-20 07:06:39] Scanning __stddef_null.h.743587a2.trap (cJSON.c.5b092d46_0.trap.tar.zst) (45 of 231)
[2026-03-20 07:06:39] Scanning stddef.h.0da8faed.trap (cJSON.c.5b092d46_0.trap.tar.zst) (46 of 231)
[2026-03-20 07:06:39] Scanning __stdarg___gnuc_va_list.h.9867fe78.trap (cJSON.c.5b092d46_0.trap.tar.zst) (47 of 231)
[2026-03-20 07:06:39] Scanning stdarg.h.c551e312.trap (cJSON.c.5b092d46_0.trap.tar.zst) (48 of 231)
[2026-03-20 07:06:39] Scanning timesize.h.66731e5b.trap (cJSON.c.5b092d46_0.trap.tar.zst) (49 of 231)
[2026-03-20 07:06:39] Scanning typesizes.h.8bbd43d5.trap (cJSON.c.5b092d46_0.trap.tar.zst) (50 of 231)
[2026-03-20 07:06:39] Scanning time64.h.5fa8419c.trap (cJSON.c.5b092d46_0.trap.tar.zst) (51 of 231)
[2026-03-20 07:06:39] Scanning types.h.30f8782f.trap (cJSON.c.5b092d46_0.trap.tar.zst) (52 of 231)
[2026-03-20 07:06:39] Scanning __mbstate_t.h.1d47e94b.trap (cJSON.c.5b092d46_0.trap.tar.zst) (53 of 231)
[2026-03-20 07:06:39] Scanning __fpos_t.h.c6c5a479.trap (cJSON.c.5b092d46_0.trap.tar.zst) (54 of 231)
[2026-03-20 07:06:39] Scanning __fpos64_t.h.b1d3d19e.trap (cJSON.c.5b092d46_0.trap.tar.zst) (55 of 231)
[2026-03-20 07:06:39] Scanning __FILE.h.6beab85b.trap (cJSON.c.5b092d46_0.trap.tar.zst) (56 of 231)
[2026-03-20 07:06:39] Scanning FILE.h.a74e66b5.trap (cJSON.c.5b092d46_0.trap.tar.zst) (57 of 231)
[2026-03-20 07:06:39] Scanning struct_FILE.h.df68dc11.trap (cJSON.c.5b092d46_0.trap.tar.zst) (58 of 231)
[2026-03-20 07:06:39] Scanning stdio_lim.h.7eb4f8ef.trap (cJSON.c.5b092d46_0.trap.tar.zst) (59 of 231)
[2026-03-20 07:06:39] Scanning sys_errlist.h.0c03880f.trap (cJSON.c.5b092d46_0.trap.tar.zst) (60 of 231)
[2026-03-20 07:06:39] Scanning stdio.h.06dfd38f.trap (cJSON.c.5b092d46_0.trap.tar.zst) (61 of 231)
[2026-03-20 07:06:39] Scanning stdio.h.31aedd63.trap (cJSON.c.5b092d46_0.trap.tar.zst) (62 of 231)
[2026-03-20 07:06:39] Scanning libc-header-start.h.46155153.trap (cJSON.c.5b092d46_0.trap.tar.zst) (63 of 231)
[2026-03-20 07:06:39] Scanning libm-simd-decl-stubs.h.daa13eec.trap (cJSON.c.5b092d46_0.trap.tar.zst) (64 of 231)
[2026-03-20 07:06:39] Scanning math-vector.h.49249d20.trap (cJSON.c.5b092d46_0.trap.tar.zst) (65 of 231)
[2026-03-20 07:06:39] Scanning floatn-common.h.d8d9484f.trap (cJSON.c.5b092d46_0.trap.tar.zst) (66 of 231)
[2026-03-20 07:06:39] Scanning floatn.h.c7dfd264.trap (cJSON.c.5b092d46_0.trap.tar.zst) (67 of 231)
[2026-03-20 07:06:39] Scanning flt-eval-method.h.3281a87c.trap (cJSON.c.5b092d46_0.trap.tar.zst) (68 of 231)
[2026-03-20 07:06:39] Scanning fp-logb.h.750fbf71.trap (cJSON.c.5b092d46_0.trap.tar.zst) (69 of 231)
[2026-03-20 07:06:39] Scanning fp-fast.h.d1b82e2d.trap (cJSON.c.5b092d46_0.trap.tar.zst) (70 of 231)
[2026-03-20 07:06:39] Scanning mathcalls-helper-functions.h.259a82e4.trap (cJSON.c.5b092d46_0.trap.tar.zst) (71 of 231)
[2026-03-20 07:06:39] Scanning mathcalls.h.577fb023.trap (cJSON.c.5b092d46_0.trap.tar.zst) (72 of 231)
[2026-03-20 07:06:39] Scanning mathinline.h.2b1f70be.trap (cJSON.c.5b092d46_0.trap.tar.zst) (73 of 231)
[2026-03-20 07:06:39] Scanning math.h.4f0a3327.trap (cJSON.c.5b092d46_0.trap.tar.zst) (74 of 231)
[2026-03-20 07:06:39] Scanning libc-header-start.h.c4814d8c.trap (cJSON.c.5b092d46_0.trap.tar.zst) (75 of 231)
[2026-03-20 07:06:39] Scanning __stddef_wchar_t.h.9dded484.trap (cJSON.c.5b092d46_0.trap.tar.zst) (76 of 231)
[2026-03-20 07:06:39] Scanning stddef.h.f4d0c60d.trap (cJSON.c.5b092d46_0.trap.tar.zst) (77 of 231)
[2026-03-20 07:06:39] Scanning stdlib-bsearch.h.de284380.trap (cJSON.c.5b092d46_0.trap.tar.zst) (78 of 231)
[2026-03-20 07:06:39] Scanning stdlib-float.h.11629d6b.trap (cJSON.c.5b092d46_0.trap.tar.zst) (79 of 231)
[2026-03-20 07:06:39] Scanning stdlib.h.015f6a51.trap (cJSON.c.5b092d46_0.trap.tar.zst) (80 of 231)
[2026-03-20 07:06:39] Scanning libc-header-start.h.af5165c0.trap (cJSON.c.5b092d46_0.trap.tar.zst) (81 of 231)
[2026-03-20 07:06:39] Scanning limits.h.fb587d35.trap (cJSON.c.5b092d46_0.trap.tar.zst) (82 of 231)
[2026-03-20 07:06:39] Scanning limits.h.e90e781a.trap (cJSON.c.5b092d46_0.trap.tar.zst) (83 of 231)
[2026-03-20 07:06:39] Scanning endianness.h.ac5e0ec1.trap (cJSON.c.5b092d46_0.trap.tar.zst) (84 of 231)
[2026-03-20 07:06:39] Scanning endian.h.3425f5e4.trap (cJSON.c.5b092d46_0.trap.tar.zst) (85 of 231)
[2026-03-20 07:06:39] Scanning ctype.h.aa40e87b.trap (cJSON.c.5b092d46_0.trap.tar.zst) (86 of 231)
[2026-03-20 07:06:39] Scanning float.h.c285f098.trap (cJSON.c.5b092d46_0.trap.tar.zst) (87 of 231)
[2026-03-20 07:06:39] Scanning stddef.h.2581e14c.trap (cJSON.c.5b092d46_0.trap.tar.zst) (88 of 231)
[2026-03-20 07:06:39] Scanning locale.h.d5b2d8f8.trap (cJSON.c.5b092d46_0.trap.tar.zst) (89 of 231)
[2026-03-20 07:06:39] Scanning locale.h.469f4afd.trap (cJSON.c.5b092d46_0.trap.tar.zst) (90 of 231)
[2026-03-20 07:06:39] Scanning __stddef_header_macro.h.52aff277.trap (cJSON.c.5b092d46_0.trap.tar.zst) (91 of 231)
[2026-03-20 07:06:39] Scanning __stddef_ptrdiff_t.h.1bad989c.trap (cJSON.c.5b092d46_0.trap.tar.zst) (92 of 231)
[2026-03-20 07:06:39] Scanning __stddef_wchar_t.h.04f72031.trap (cJSON.c.5b092d46_0.trap.tar.zst) (93 of 231)
[2026-03-20 07:06:39] Scanning __stddef_offsetof.h.f6eb17ac.trap (cJSON.c.5b092d46_0.trap.tar.zst) (94 of 231)
[2026-03-20 07:06:39] Scanning stddef.h.83b4632f.trap (cJSON.c.5b092d46_0.trap.tar.zst) (95 of 231)
[2026-03-20 07:06:39] Scanning cJSON.h.9e148be6.trap (cJSON.c.5b092d46_0.trap.tar.zst) (96 of 231)
[2026-03-20 07:06:39] Scanning cJSON.c.5b092d46.trap (cJSON.c.5b092d46_0.trap.tar.zst) (97 of 231)
[2026-03-20 07:06:39] Scanning stdc-predef.h.a67fa887.trap (cjson_read_fuzzer.c.567e67d6_0.trap.tar.zst) (98 of 231)
[2026-03-20 07:06:39] Scanning wordsize.h.92468457.trap (cjson_read_fuzzer.c.567e67d6_0.trap.tar.zst) (99 of 231)
[2026-03-20 07:06:39] Scanning long-double.h.50566853.trap (cjson_read_fuzzer.c.567e67d6_0.trap.tar.zst) (100 of 231)
[2026-03-20 07:06:39] Scanning cdefs.h.1fcaa751.trap (cjson_read_fuzzer.c.567e67d6_0.trap.tar.zst) (101 of 231)
[2026-03-20 07:06:39] Scanning stubs-64.h.c6e479d9.trap (cjson_read_fuzzer.c.567e67d6_0.trap.tar.zst) (102 of 231)
[2026-03-20 07:06:39] Scanning stubs.h.5a6a849c.trap (cjson_read_fuzzer.c.567e67d6_0.trap.tar.zst) (103 of 231)
[2026-03-20 07:06:39] Scanning features.h.b84777c8.trap (cjson_read_fuzzer.c.567e67d6_0.trap.tar.zst) (104 of 231)
[2026-03-20 07:06:39] Scanning libc-header-start.h.31bce42f.trap (cjson_read_fuzzer.c.567e67d6_0.trap.tar.zst) (105 of 231)
[2026-03-20 07:06:39] Scanning __stddef_size_t.h.6fd629bf.trap (cjson_read_fuzzer.c.567e67d6_0.trap.tar.zst) (106 of 231)
[2026-03-20 07:06:39] Scanning __stddef_wchar_t.h.b34c84ce.trap (cjson_read_fuzzer.c.567e67d6_0.trap.tar.zst) (107 of 231)
[2026-03-20 07:06:39] Scanning __stddef_null.h.57f39616.trap (cjson_read_fuzzer.c.567e67d6_0.trap.tar.zst) (108 of 231)
[2026-03-20 07:06:39] Scanning stddef.h.620c5cb0.trap (cjson_read_fuzzer.c.567e67d6_0.trap.tar.zst) (109 of 231)
[2026-03-20 07:06:39] Scanning waitflags.h.6f77a6ef.trap (cjson_read_fuzzer.c.567e67d6_0.trap.tar.zst) (110 of 231)
[2026-03-20 07:06:39] Scanning waitstatus.h.70663cf8.trap (cjson_read_fuzzer.c.567e67d6_0.trap.tar.zst) (111 of 231)
[2026-03-20 07:06:39] Scanning floatn-common.h.5c781b0c.trap (cjson_read_fuzzer.c.567e67d6_0.trap.tar.zst) (112 of 231)
[2026-03-20 07:06:39] Scanning floatn.h.351b6907.trap (cjson_read_fuzzer.c.567e67d6_0.trap.tar.zst) (113 of 231)
[2026-03-20 07:06:39] Scanning timesize.h.d3aeb4fe.trap (cjson_read_fuzzer.c.567e67d6_0.trap.tar.zst) (114 of 231)
[2026-03-20 07:06:39] Scanning typesizes.h.f8f8da78.trap (cjson_read_fuzzer.c.567e67d6_0.trap.tar.zst) (115 of 231)
[2026-03-20 07:06:39] Scanning time64.h.cce3d83f.trap (cjson_read_fuzzer.c.567e67d6_0.trap.tar.zst) (116 of 231)
[2026-03-20 07:06:39] Scanning types.h.902c8f4c.trap (cjson_read_fuzzer.c.567e67d6_0.trap.tar.zst) (117 of 231)
[2026-03-20 07:06:39] Scanning clock_t.h.61e99454.trap (cjson_read_fuzzer.c.567e67d6_0.trap.tar.zst) (118 of 231)
[2026-03-20 07:06:39] Scanning clockid_t.h.6ad7214c.trap (cjson_read_fuzzer.c.567e67d6_0.trap.tar.zst) (119 of 231)
[2026-03-20 07:06:39] Scanning time_t.h.d0854e9d.trap (cjson_read_fuzzer.c.567e67d6_0.trap.tar.zst) (120 of 231)
[2026-03-20 07:06:39] Scanning timer_t.h.47964e39.trap (cjson_read_fuzzer.c.567e67d6_0.trap.tar.zst) (121 of 231)
[2026-03-20 07:06:39] Scanning __stddef_size_t.h.72070638.trap (cjson_read_fuzzer.c.567e67d6_0.trap.tar.zst) (122 of 231)
[2026-03-20 07:06:39] Scanning stddef.h.888e101e.trap (cjson_read_fuzzer.c.567e67d6_0.trap.tar.zst) (123 of 231)
[2026-03-20 07:06:39] Scanning stdint-intn.h.93b3e97e.trap (cjson_read_fuzzer.c.567e67d6_0.trap.tar.zst) (124 of 231)
[2026-03-20 07:06:39] Scanning endianness.h.1999a564.trap (cjson_read_fuzzer.c.567e67d6_0.trap.tar.zst) (125 of 231)
[2026-03-20 07:06:39] Scanning endian.h.a1618c87.trap (cjson_read_fuzzer.c.567e67d6_0.trap.tar.zst) (126 of 231)
[2026-03-20 07:06:39] Scanning byteswap.h.e8a40382.trap (cjson_read_fuzzer.c.567e67d6_0.trap.tar.zst) (127 of 231)
[2026-03-20 07:06:39] Scanning uintn-identity.h.9abcabdc.trap (cjson_read_fuzzer.c.567e67d6_0.trap.tar.zst) (128 of 231)
[2026-03-20 07:06:39] Scanning endian.h.362a7df9.trap (cjson_read_fuzzer.c.567e67d6_0.trap.tar.zst) (129 of 231)
[2026-03-20 07:06:39] Scanning select.h.efd5499f.trap (cjson_read_fuzzer.c.567e67d6_0.trap.tar.zst) (130 of 231)
[2026-03-20 07:06:39] Scanning __sigset_t.h.bf117439.trap (cjson_read_fuzzer.c.567e67d6_0.trap.tar.zst) (131 of 231)
[2026-03-20 07:06:39] Scanning sigset_t.h.e0ac97d2.trap (cjson_read_fuzzer.c.567e67d6_0.trap.tar.zst) (132 of 231)
[2026-03-20 07:06:39] Scanning struct_timeval.h.d8db30e6.trap (cjson_read_fuzzer.c.567e67d6_0.trap.tar.zst) (133 of 231)
[2026-03-20 07:06:39] Scanning struct_timespec.h.dd88dfc5.trap (cjson_read_fuzzer.c.567e67d6_0.trap.tar.zst) (134 of 231)
[2026-03-20 07:06:39] Scanning select.h.1afedf1c.trap (cjson_read_fuzzer.c.567e67d6_0.trap.tar.zst) (135 of 231)
[2026-03-20 07:06:39] Scanning pthreadtypes-arch.h.cfce5b81.trap (cjson_read_fuzzer.c.567e67d6_0.trap.tar.zst) (136 of 231)
[2026-03-20 07:06:39] Scanning struct_mutex.h.cfd16841.trap (cjson_read_fuzzer.c.567e67d6_0.trap.tar.zst) (137 of 231)
[2026-03-20 07:06:39] Scanning struct_rwlock.h.e1b573cd.trap (cjson_read_fuzzer.c.567e67d6_0.trap.tar.zst) (138 of 231)
[2026-03-20 07:06:39] Scanning thread-shared-types.h.b5c34d90.trap (cjson_read_fuzzer.c.567e67d6_0.trap.tar.zst) (139 of 231)
[2026-03-20 07:06:39] Scanning pthreadtypes.h.53c5cfdd.trap (cjson_read_fuzzer.c.567e67d6_0.trap.tar.zst) (140 of 231)
[2026-03-20 07:06:39] Scanning types.h.0d04568c.trap (cjson_read_fuzzer.c.567e67d6_0.trap.tar.zst) (141 of 231)
[2026-03-20 07:06:39] Scanning stddef.h.c4318c01.trap (cjson_read_fuzzer.c.567e67d6_0.trap.tar.zst) (142 of 231)
[2026-03-20 07:06:39] Scanning alloca.h.8ed6c7d0.trap (cjson_read_fuzzer.c.567e67d6_0.trap.tar.zst) (143 of 231)
[2026-03-20 07:06:39] Scanning stdlib-bsearch.h.c5287ade.trap (cjson_read_fuzzer.c.567e67d6_0.trap.tar.zst) (144 of 231)
[2026-03-20 07:06:39] Scanning stdlib-float.h.d8c1eaef.trap (cjson_read_fuzzer.c.567e67d6_0.trap.tar.zst) (145 of 231)
[2026-03-20 07:06:39] Scanning stdlib.h.ecc62f55.trap (cjson_read_fuzzer.c.567e67d6_0.trap.tar.zst) (146 of 231)
[2026-03-20 07:06:39] Scanning libc-header-start.h.e8c93b6a.trap (cjson_read_fuzzer.c.567e67d6_0.trap.tar.zst) (147 of 231)
[2026-03-20 07:06:39] Scanning wchar.h.a1285bf7.trap (cjson_read_fuzzer.c.567e67d6_0.trap.tar.zst) (148 of 231)
[2026-03-20 07:06:39] Scanning stdint-uintn.h.dfbf7d61.trap (cjson_read_fuzzer.c.567e67d6_0.trap.tar.zst) (149 of 231)
[2026-03-20 07:06:39] Scanning stdint.h.b1a633ee.trap (cjson_read_fuzzer.c.567e67d6_0.trap.tar.zst) (150 of 231)
[2026-03-20 07:06:39] Scanning stdint.h.df3715b2.trap (cjson_read_fuzzer.c.567e67d6_0.trap.tar.zst) (151 of 231)
[2026-03-20 07:06:39] Scanning libc-header-start.h.c8ed1ac1.trap (cjson_read_fuzzer.c.567e67d6_0.trap.tar.zst) (152 of 231)
[2026-03-20 07:06:39] Scanning __stddef_null.h.e1711e45.trap (cjson_read_fuzzer.c.567e67d6_0.trap.tar.zst) (153 of 231)
[2026-03-20 07:06:39] Scanning stddef.h.cb4ceb91.trap (cjson_read_fuzzer.c.567e67d6_0.trap.tar.zst) (154 of 231)
[2026-03-20 07:06:39] Scanning __locale_t.h.0d118ec1.trap (cjson_read_fuzzer.c.567e67d6_0.trap.tar.zst) (155 of 231)
[2026-03-20 07:06:39] Scanning locale_t.h.7704a8c1.trap (cjson_read_fuzzer.c.567e67d6_0.trap.tar.zst) (156 of 231)
[2026-03-20 07:06:39] Scanning stddef.h.7f02e279.trap (cjson_read_fuzzer.c.567e67d6_0.trap.tar.zst) (157 of 231)
[2026-03-20 07:06:39] Scanning strings.h.aa2812f9.trap (cjson_read_fuzzer.c.567e67d6_0.trap.tar.zst) (158 of 231)
[2026-03-20 07:06:39] Scanning string.h.e67aad47.trap (cjson_read_fuzzer.c.567e67d6_0.trap.tar.zst) (159 of 231)
[2026-03-20 07:06:39] Scanning __stddef_header_macro.h.bfeb891a.trap (cjson_read_fuzzer.c.567e67d6_0.trap.tar.zst) (160 of 231)
[2026-03-20 07:06:39] Scanning __stddef_ptrdiff_t.h.bbac3523.trap (cjson_read_fuzzer.c.567e67d6_0.trap.tar.zst) (161 of 231)
[2026-03-20 07:06:39] Scanning __stddef_wchar_t.h.7232b6d4.trap (cjson_read_fuzzer.c.567e67d6_0.trap.tar.zst) (162 of 231)
[2026-03-20 07:06:39] Scanning __stddef_max_align_t.h.6cec9048.trap (cjson_read_fuzzer.c.567e67d6_0.trap.tar.zst) (163 of 231)
[2026-03-20 07:06:39] Scanning __stddef_offsetof.h.6426ae4f.trap (cjson_read_fuzzer.c.567e67d6_0.trap.tar.zst) (164 of 231)
[2026-03-20 07:06:39] Scanning stddef.h.16bffd40.trap (cjson_read_fuzzer.c.567e67d6_0.trap.tar.zst) (165 of 231)
[2026-03-20 07:06:39] Scanning cJSON.h.61b8b115.trap (cjson_read_fuzzer.c.567e67d6_0.trap.tar.zst) (166 of 231)
[2026-03-20 07:06:39] Scanning cjson_read_fuzzer.c.567e67d6.trap (cjson_read_fuzzer.c.567e67d6_0.trap.tar.zst) (167 of 231)
[2026-03-20 07:06:39] Scanning CMakeCompilerABI.h.58792cfa.trap (CMakeCCompilerABI.c.aa70e871_0.trap.tar.zst) (168 of 231)
[2026-03-20 07:06:39] Scanning CMakeCCompilerABI.c.aa70e871.trap (CMakeCCompilerABI.c.aa70e871_0.trap.tar.zst) (169 of 231)
[2026-03-20 07:06:39] Scanning 19822332_0.trap.zst (170 of 231)
[2026-03-20 07:06:39] Scanning 21043735_0.trap.zst (171 of 231)
[2026-03-20 07:06:39] Scanning 8056115_0.trap.zst (172 of 231)
[2026-03-20 07:06:39] Scanning 18318761_0.trap.zst (173 of 231)
[2026-03-20 07:06:39] Scanning 57595360_0.trap.zst (174 of 231)
[2026-03-20 07:06:39] Scanning 37507929_0.trap.zst (175 of 231)
[2026-03-20 07:06:39] Scanning 60101408_0.trap.zst (176 of 231)
[2026-03-20 07:06:39] Scanning 26370238_0.trap.zst (177 of 231)
[2026-03-20 07:06:39] Scanning 29876862_0.trap.zst (178 of 231)
[2026-03-20 07:06:39] Scanning 46237935_0.trap.zst (179 of 231)
[2026-03-20 07:06:39] Scanning 14699364_0.trap.zst (180 of 231)
[2026-03-20 07:06:39] Scanning 47034883_0.trap.zst (181 of 231)
[2026-03-20 07:06:39] Scanning 66471207_0.trap.zst (182 of 231)
[2026-03-20 07:06:39] Scanning 23216125_0.trap.zst (183 of 231)
[2026-03-20 07:06:39] Scanning 9244959_0.trap.zst (184 of 231)
[2026-03-20 07:06:39] Scanning 23965593_0.trap.zst (185 of 231)
[2026-03-20 07:06:39] Scanning 6962711_0.trap.zst (186 of 231)
[2026-03-20 07:06:39] Scanning 32200688_0.trap.zst (187 of 231)
[2026-03-20 07:06:39] Scanning 43392702_0.trap.zst (188 of 231)
[2026-03-20 07:06:39] Scanning 20094772_0.trap.zst (189 of 231)
[2026-03-20 07:06:39] Scanning 32328326_0.trap.zst (190 of 231)
[2026-03-20 07:06:39] Scanning 42888038_0.trap.zst (191 of 231)
[2026-03-20 07:06:39] Scanning 48062759_0.trap.zst (192 of 231)
[2026-03-20 07:06:39] Scanning 19024912_0.trap.zst (193 of 231)
[2026-03-20 07:06:39] Scanning 62435137_0.trap.zst (194 of 231)
[2026-03-20 07:06:39] Scanning 21727867_0.trap.zst (195 of 231)
[2026-03-20 07:06:39] Scanning 30306156_0.trap.zst (196 of 231)
[2026-03-20 07:06:39] Scanning 37123267_0.trap.zst (197 of 231)
[2026-03-20 07:06:39] Scanning 26634585_0.trap.zst (198 of 231)
[2026-03-20 07:06:39] Scanning 47274955_0.trap.zst (199 of 231)
[2026-03-20 07:06:39] Scanning 55843274_0.trap.zst (200 of 231)
[2026-03-20 07:06:39] Scanning 37375535_0.trap.zst (201 of 231)
[2026-03-20 07:06:39] Scanning a.out.trap.zst (202 of 231)
[2026-03-20 07:06:39] Scanning cmTC_5fd77.trap.zst (203 of 231)
[2026-03-20 07:06:39] Scanning cmTC_7ed53.trap.zst (204 of 231)
[2026-03-20 07:06:39] Scanning cmTC_f5818.trap.zst (205 of 231)
[2026-03-20 07:06:39] Scanning cmTC_8da3a.trap.zst (206 of 231)
[2026-03-20 07:06:39] Scanning cmTC_01c1f.trap.zst (207 of 231)
[2026-03-20 07:06:39] Scanning cmTC_1ea78.trap.zst (208 of 231)
[2026-03-20 07:06:39] Scanning cmTC_50778.trap.zst (209 of 231)
[2026-03-20 07:06:39] Scanning cmTC_88466.trap.zst (210 of 231)
[2026-03-20 07:06:39] Scanning cmTC_d3704.trap.zst (211 of 231)
[2026-03-20 07:06:39] Scanning cmTC_2aaf8.trap.zst (212 of 231)
[2026-03-20 07:06:39] Scanning cmTC_90b93.trap.zst (213 of 231)
[2026-03-20 07:06:39] Scanning cmTC_d772e.trap.zst (214 of 231)
[2026-03-20 07:06:39] Scanning cmTC_0d09b.trap.zst (215 of 231)
[2026-03-20 07:06:39] Scanning cmTC_d4b65.trap.zst (216 of 231)
[2026-03-20 07:06:39] Scanning cmTC_1e803.trap.zst (217 of 231)
[2026-03-20 07:06:39] Scanning cmTC_64480.trap.zst (218 of 231)
[2026-03-20 07:06:39] Scanning cmTC_69d52.trap.zst (219 of 231)
[2026-03-20 07:06:39] Scanning cmTC_5e300.trap.zst (220 of 231)
[2026-03-20 07:06:39] Scanning cmTC_8d30c.trap.zst (221 of 231)
[2026-03-20 07:06:39] Scanning cmTC_fd6b7.trap.zst (222 of 231)
[2026-03-20 07:06:39] Scanning cmTC_e92e4.trap.zst (223 of 231)
[2026-03-20 07:06:39] Scanning cmTC_fd28d.trap.zst (224 of 231)
[2026-03-20 07:06:39] Scanning cmTC_fd852.trap.zst (225 of 231)
[2026-03-20 07:06:39] Scanning cmTC_cf9a8.trap.zst (226 of 231)
[2026-03-20 07:06:39] Scanning cmTC_a86f1.trap.zst (227 of 231)
[2026-03-20 07:06:39] Scanning cmTC_1a4d9.trap.zst (228 of 231)
[2026-03-20 07:06:39] Scanning cmTC_cc205.trap.zst (229 of 231)
[2026-03-20 07:06:39] Scanning cmTC_c3762.trap.zst (230 of 231)
[2026-03-20 07:06:39] Scanning sourceLocationPrefix.trap.gz (231 of 231)
[2026-03-20 07:06:39] [PROGRESS] dataset import> Importing TRAP files
[2026-03-20 07:06:39] Importing cpp_predefined.acb19af8.trap (CMakeCCompilerId.c.9e183c98_0.trap.tar.zst) for no link target (1 of 231)
[2026-03-20 07:06:39] Importing CMakeCCompilerId.c.9e183c98.trap (CMakeCCompilerId.c.9e183c98_0.trap.tar.zst) for a.out.link (2 of 231)
[2026-03-20 07:06:39] Importing src.c.e5b2f8a2.trap (src.c.e5b2f8a2_0.trap.tar.zst) for cmTC_5fd77.link (3 of 231)
[2026-03-20 07:06:39] Importing src.c.c2e006f6.trap (src.c.c2e006f6_0.trap.tar.zst) for cmTC_7ed53.link (4 of 231)
[2026-03-20 07:06:39] Importing src.c.1940b1c8.trap (src.c.1940b1c8_0.trap.tar.zst) for cmTC_f5818.link (5 of 231)
[2026-03-20 07:06:39] Importing src.c.f62b8ad3.trap (src.c.f62b8ad3_0.trap.tar.zst) for cmTC_8da3a.link (6 of 231)
[2026-03-20 07:06:39] Importing src.c.1eb7971a.trap (src.c.1eb7971a_0.trap.tar.zst) for cmTC_01c1f.link (7 of 231)
[2026-03-20 07:06:39] Importing src.c.7f20ea3c.trap (src.c.7f20ea3c_0.trap.tar.zst) for cmTC_1ea78.link (8 of 231)
[2026-03-20 07:06:39] Importing src.c.26e34932.trap (src.c.26e34932_0.trap.tar.zst) for cmTC_50778.link (9 of 231)
[2026-03-20 07:06:39] Importing src.c.c9e8f819.trap (src.c.c9e8f819_0.trap.tar.zst) for cmTC_88466.link (10 of 231)
[2026-03-20 07:06:39] Importing src.c.fec314b6.trap (src.c.fec314b6_0.trap.tar.zst) for cmTC_d3704.link (11 of 231)
[2026-03-20 07:06:39] Importing src.c.9ee6671a.trap (src.c.9ee6671a_0.trap.tar.zst) for cmTC_2aaf8.link (12 of 231)
[2026-03-20 07:06:39] Importing src.c.1886098c.trap (src.c.1886098c_0.trap.tar.zst) for cmTC_90b93.link (13 of 231)
[2026-03-20 07:06:39] Importing src.c.b10e0515.trap (src.c.b10e0515_0.trap.tar.zst) for cmTC_d772e.link (14 of 231)
[2026-03-20 07:06:39] Importing src.c.608f3844.trap (src.c.608f3844_0.trap.tar.zst) for cmTC_0d09b.link (15 of 231)
[2026-03-20 07:06:39] Importing src.c.1e73c5d7.trap (src.c.1e73c5d7_0.trap.tar.zst) for cmTC_d4b65.link (16 of 231)
[2026-03-20 07:06:39] Importing src.c.ff0fb94f.trap (src.c.ff0fb94f_0.trap.tar.zst) for cmTC_1e803.link (17 of 231)
[2026-03-20 07:06:39] Importing src.c.9cd79620.trap (src.c.9cd79620_0.trap.tar.zst) for cmTC_64480.link (18 of 231)
[2026-03-20 07:06:39] Importing src.c.0b2caf51.trap (src.c.0b2caf51_0.trap.tar.zst) for cmTC_69d52.link (19 of 231)
[2026-03-20 07:06:39] Importing src.c.c595791b.trap (src.c.c595791b_0.trap.tar.zst) for cmTC_5e300.link (20 of 231)
[2026-03-20 07:06:39] Importing src.c.071d486e.trap (src.c.071d486e_0.trap.tar.zst) for cmTC_8d30c.link (21 of 231)
[2026-03-20 07:06:39] Importing src.c.d77facaf.trap (src.c.d77facaf_0.trap.tar.zst) for cmTC_fd6b7.link (22 of 231)
[2026-03-20 07:06:39] Importing src.c.53f3a4f8.trap (src.c.53f3a4f8_0.trap.tar.zst) for cmTC_e92e4.link (23 of 231)
[2026-03-20 07:06:39] Importing src.c.fbb73c9b.trap (src.c.fbb73c9b_0.trap.tar.zst) for cmTC_fd28d.link (24 of 231)
[2026-03-20 07:06:39] Importing src.c.a5cae450.trap (src.c.a5cae450_0.trap.tar.zst) for cmTC_fd852.link (25 of 231)
[2026-03-20 07:06:39] Importing src.c.e2399612.trap (src.c.e2399612_0.trap.tar.zst) for cmTC_cf9a8.link (26 of 231)
[2026-03-20 07:06:39] Importing src.c.a2514984.trap (src.c.a2514984_0.trap.tar.zst) for cmTC_a86f1.link (27 of 231)
[2026-03-20 07:06:39] Importing src.c.7e66fe38.trap (src.c.7e66fe38_0.trap.tar.zst) for cmTC_1a4d9.link (28 of 231)
[2026-03-20 07:06:39] Importing src.c.e5abf569.trap (src.c.e5abf569_0.trap.tar.zst) for cmTC_cc205.link (29 of 231)
[2026-03-20 07:06:39] Importing src.c.f49b7f72.trap (src.c.f49b7f72_0.trap.tar.zst) for cmTC_c3762.link (30 of 231)
[2026-03-20 07:06:39] Importing stdc-predef.h.394411e4.trap (cJSON.c.5b092d46_0.trap.tar.zst) for no link target (31 of 231)
[2026-03-20 07:06:39] Importing wordsize.h.250aedb4.trap (cJSON.c.5b092d46_0.trap.tar.zst) for no link target (32 of 231)
[2026-03-20 07:06:39] Importing long-double.h.e31ad1b0.trap (cJSON.c.5b092d46_0.trap.tar.zst) for no link target (33 of 231)
[2026-03-20 07:06:39] Importing cdefs.h.10ec98da.trap (cJSON.c.5b092d46_0.trap.tar.zst) for no link target (34 of 231)
[2026-03-20 07:06:39] Importing stubs-64.h.59a8e336.trap (cJSON.c.5b092d46_0.trap.tar.zst) for no link target (35 of 231)
[2026-03-20 07:06:39] Importing stubs.h.ed2eedf9.trap (cJSON.c.5b092d46_0.trap.tar.zst) for no link target (36 of 231)
[2026-03-20 07:06:39] Importing features.h.959d01dd.trap (cJSON.c.5b092d46_0.trap.tar.zst) for no link target (37 of 231)
[2026-03-20 07:06:39] Importing libc-header-start.h.5bb1841e.trap (cJSON.c.5b092d46_0.trap.tar.zst) for no link target (38 of 231)
[2026-03-20 07:06:39] Importing __stddef_size_t.h.372299eb.trap (cJSON.c.5b092d46_0.trap.tar.zst) for no link target (39 of 231)
[2026-03-20 07:06:39] Importing __stddef_null.h.eab7ff73.trap (cJSON.c.5b092d46_0.trap.tar.zst) for no link target (40 of 231)
[2026-03-20 07:06:39] Importing stddef.h.5e1154ee.trap (cJSON.c.5b092d46_0.trap.tar.zst) for no link target (41 of 231)
[2026-03-20 07:06:39] Importing string.h.48a70845.trap (cJSON.c.5b092d46_0.trap.tar.zst) for no link target (42 of 231)
[2026-03-20 07:06:39] Importing libc-header-start.h.09afceb6.trap (cJSON.c.5b092d46_0.trap.tar.zst) for no link target (43 of 231)
[2026-03-20 07:06:39] Importing __stddef_size_t.h.04cb6f95.trap (cJSON.c.5b092d46_0.trap.tar.zst) for no link target (44 of 231)
[2026-03-20 07:06:39] Importing __stddef_null.h.743587a2.trap (cJSON.c.5b092d46_0.trap.tar.zst) for no link target (45 of 231)
[2026-03-20 07:06:39] Importing stddef.h.0da8faed.trap (cJSON.c.5b092d46_0.trap.tar.zst) for no link target (46 of 231)
[2026-03-20 07:06:39] Importing __stdarg___gnuc_va_list.h.9867fe78.trap (cJSON.c.5b092d46_0.trap.tar.zst) for no link target (47 of 231)
[2026-03-20 07:06:39] Importing stdarg.h.c551e312.trap (cJSON.c.5b092d46_0.trap.tar.zst) for no link target (48 of 231)
[2026-03-20 07:06:39] Importing timesize.h.66731e5b.trap (cJSON.c.5b092d46_0.trap.tar.zst) for no link target (49 of 231)
[2026-03-20 07:06:39] Importing typesizes.h.8bbd43d5.trap (cJSON.c.5b092d46_0.trap.tar.zst) for no link target (50 of 231)
[2026-03-20 07:06:39] Importing time64.h.5fa8419c.trap (cJSON.c.5b092d46_0.trap.tar.zst) for no link target (51 of 231)
[2026-03-20 07:06:39] Importing types.h.30f8782f.trap (cJSON.c.5b092d46_0.trap.tar.zst) for no link target (52 of 231)
[2026-03-20 07:06:39] Importing __mbstate_t.h.1d47e94b.trap (cJSON.c.5b092d46_0.trap.tar.zst) for no link target (53 of 231)
[2026-03-20 07:06:39] Importing __fpos_t.h.c6c5a479.trap (cJSON.c.5b092d46_0.trap.tar.zst) for no link target (54 of 231)
[2026-03-20 07:06:39] Importing __fpos64_t.h.b1d3d19e.trap (cJSON.c.5b092d46_0.trap.tar.zst) for no link target (55 of 231)
[2026-03-20 07:06:39] Importing __FILE.h.6beab85b.trap (cJSON.c.5b092d46_0.trap.tar.zst) for no link target (56 of 231)
[2026-03-20 07:06:39] Importing FILE.h.a74e66b5.trap (cJSON.c.5b092d46_0.trap.tar.zst) for no link target (57 of 231)
[2026-03-20 07:06:39] Importing struct_FILE.h.df68dc11.trap (cJSON.c.5b092d46_0.trap.tar.zst) for no link target (58 of 231)
[2026-03-20 07:06:39] Importing stdio_lim.h.7eb4f8ef.trap (cJSON.c.5b092d46_0.trap.tar.zst) for no link target (59 of 231)
[2026-03-20 07:06:39] Importing sys_errlist.h.0c03880f.trap (cJSON.c.5b092d46_0.trap.tar.zst) for no link target (60 of 231)
[2026-03-20 07:06:39] Importing stdio.h.06dfd38f.trap (cJSON.c.5b092d46_0.trap.tar.zst) for no link target (61 of 231)
[2026-03-20 07:06:39] Importing stdio.h.31aedd63.trap (cJSON.c.5b092d46_0.trap.tar.zst) for no link target (62 of 231)
[2026-03-20 07:06:39] Importing libc-header-start.h.46155153.trap (cJSON.c.5b092d46_0.trap.tar.zst) for no link target (63 of 231)
[2026-03-20 07:06:39] Importing libm-simd-decl-stubs.h.daa13eec.trap (cJSON.c.5b092d46_0.trap.tar.zst) for no link target (64 of 231)
[2026-03-20 07:06:39] Importing math-vector.h.49249d20.trap (cJSON.c.5b092d46_0.trap.tar.zst) for no link target (65 of 231)
[2026-03-20 07:06:39] Importing floatn-common.h.d8d9484f.trap (cJSON.c.5b092d46_0.trap.tar.zst) for no link target (66 of 231)
[2026-03-20 07:06:39] Importing floatn.h.c7dfd264.trap (cJSON.c.5b092d46_0.trap.tar.zst) for no link target (67 of 231)
[2026-03-20 07:06:39] Importing flt-eval-method.h.3281a87c.trap (cJSON.c.5b092d46_0.trap.tar.zst) for no link target (68 of 231)
[2026-03-20 07:06:39] Importing fp-logb.h.750fbf71.trap (cJSON.c.5b092d46_0.trap.tar.zst) for no link target (69 of 231)
[2026-03-20 07:06:39] Importing fp-fast.h.d1b82e2d.trap (cJSON.c.5b092d46_0.trap.tar.zst) for no link target (70 of 231)
[2026-03-20 07:06:39] Importing mathcalls-helper-functions.h.259a82e4.trap (cJSON.c.5b092d46_0.trap.tar.zst) for no link target (71 of 231)
[2026-03-20 07:06:39] Importing mathcalls.h.577fb023.trap (cJSON.c.5b092d46_0.trap.tar.zst) for no link target (72 of 231)
[2026-03-20 07:06:39] Importing mathinline.h.2b1f70be.trap (cJSON.c.5b092d46_0.trap.tar.zst) for no link target (73 of 231)
[2026-03-20 07:06:39] Importing math.h.4f0a3327.trap (cJSON.c.5b092d46_0.trap.tar.zst) for no link target (74 of 231)
[2026-03-20 07:06:39] Importing libc-header-start.h.c4814d8c.trap (cJSON.c.5b092d46_0.trap.tar.zst) for no link target (75 of 231)
[2026-03-20 07:06:39] Importing __stddef_wchar_t.h.9dded484.trap (cJSON.c.5b092d46_0.trap.tar.zst) for no link target (76 of 231)
[2026-03-20 07:06:39] Importing stddef.h.f4d0c60d.trap (cJSON.c.5b092d46_0.trap.tar.zst) for no link target (77 of 231)
[2026-03-20 07:06:39] Importing stdlib-bsearch.h.de284380.trap (cJSON.c.5b092d46_0.trap.tar.zst) for no link target (78 of 231)
[2026-03-20 07:06:39] Importing stdlib-float.h.11629d6b.trap (cJSON.c.5b092d46_0.trap.tar.zst) for no link target (79 of 231)
[2026-03-20 07:06:39] Importing stdlib.h.015f6a51.trap (cJSON.c.5b092d46_0.trap.tar.zst) for no link target (80 of 231)
[2026-03-20 07:06:39] Importing libc-header-start.h.af5165c0.trap (cJSON.c.5b092d46_0.trap.tar.zst) for no link target (81 of 231)
[2026-03-20 07:06:39] Importing limits.h.fb587d35.trap (cJSON.c.5b092d46_0.trap.tar.zst) for no link target (82 of 231)
[2026-03-20 07:06:39] Importing limits.h.e90e781a.trap (cJSON.c.5b092d46_0.trap.tar.zst) for no link target (83 of 231)
[2026-03-20 07:06:39] Importing endianness.h.ac5e0ec1.trap (cJSON.c.5b092d46_0.trap.tar.zst) for no link target (84 of 231)
[2026-03-20 07:06:39] Importing endian.h.3425f5e4.trap (cJSON.c.5b092d46_0.trap.tar.zst) for no link target (85 of 231)
[2026-03-20 07:06:39] Importing ctype.h.aa40e87b.trap (cJSON.c.5b092d46_0.trap.tar.zst) for no link target (86 of 231)
[2026-03-20 07:06:39] Importing float.h.c285f098.trap (cJSON.c.5b092d46_0.trap.tar.zst) for no link target (87 of 231)
[2026-03-20 07:06:39] Importing stddef.h.2581e14c.trap (cJSON.c.5b092d46_0.trap.tar.zst) for no link target (88 of 231)
[2026-03-20 07:06:39] Importing locale.h.d5b2d8f8.trap (cJSON.c.5b092d46_0.trap.tar.zst) for no link target (89 of 231)
[2026-03-20 07:06:39] Importing locale.h.469f4afd.trap (cJSON.c.5b092d46_0.trap.tar.zst) for no link target (90 of 231)
[2026-03-20 07:06:39] Importing __stddef_header_macro.h.52aff277.trap (cJSON.c.5b092d46_0.trap.tar.zst) for no link target (91 of 231)
[2026-03-20 07:06:39] Importing __stddef_ptrdiff_t.h.1bad989c.trap (cJSON.c.5b092d46_0.trap.tar.zst) for no link target (92 of 231)
[2026-03-20 07:06:39] Importing __stddef_wchar_t.h.04f72031.trap (cJSON.c.5b092d46_0.trap.tar.zst) for no link target (93 of 231)
[2026-03-20 07:06:39] Importing __stddef_offsetof.h.f6eb17ac.trap (cJSON.c.5b092d46_0.trap.tar.zst) for no link target (94 of 231)
[2026-03-20 07:06:39] Importing stddef.h.83b4632f.trap (cJSON.c.5b092d46_0.trap.tar.zst) for no link target (95 of 231)
[2026-03-20 07:06:39] Importing cJSON.h.9e148be6.trap (cJSON.c.5b092d46_0.trap.tar.zst) for no link target (96 of 231)
[2026-03-20 07:06:39] Importing cJSON.c.5b092d46.trap (cJSON.c.5b092d46_0.trap.tar.zst) for no link target (97 of 231)
[2026-03-20 07:06:39] Importing stdc-predef.h.a67fa887.trap (cjson_read_fuzzer.c.567e67d6_0.trap.tar.zst) for no link target (98 of 231)
[2026-03-20 07:06:39] Importing wordsize.h.92468457.trap (cjson_read_fuzzer.c.567e67d6_0.trap.tar.zst) for no link target (99 of 231)
[2026-03-20 07:06:39] Importing long-double.h.50566853.trap (cjson_read_fuzzer.c.567e67d6_0.trap.tar.zst) for no link target (100 of 231)
[2026-03-20 07:06:39] Importing cdefs.h.1fcaa751.trap (cjson_read_fuzzer.c.567e67d6_0.trap.tar.zst) for no link target (101 of 231)
[2026-03-20 07:06:39] Importing stubs-64.h.c6e479d9.trap (cjson_read_fuzzer.c.567e67d6_0.trap.tar.zst) for no link target (102 of 231)
[2026-03-20 07:06:39] Importing stubs.h.5a6a849c.trap (cjson_read_fuzzer.c.567e67d6_0.trap.tar.zst) for no link target (103 of 231)
[2026-03-20 07:06:39] Importing features.h.b84777c8.trap (cjson_read_fuzzer.c.567e67d6_0.trap.tar.zst) for no link target (104 of 231)
[2026-03-20 07:06:39] Importing libc-header-start.h.31bce42f.trap (cjson_read_fuzzer.c.567e67d6_0.trap.tar.zst) for no link target (105 of 231)
[2026-03-20 07:06:39] Importing __stddef_size_t.h.6fd629bf.trap (cjson_read_fuzzer.c.567e67d6_0.trap.tar.zst) for no link target (106 of 231)
[2026-03-20 07:06:39] Importing __stddef_wchar_t.h.b34c84ce.trap (cjson_read_fuzzer.c.567e67d6_0.trap.tar.zst) for no link target (107 of 231)
[2026-03-20 07:06:39] Importing __stddef_null.h.57f39616.trap (cjson_read_fuzzer.c.567e67d6_0.trap.tar.zst) for no link target (108 of 231)
[2026-03-20 07:06:39] Importing stddef.h.620c5cb0.trap (cjson_read_fuzzer.c.567e67d6_0.trap.tar.zst) for no link target (109 of 231)
[2026-03-20 07:06:39] Importing waitflags.h.6f77a6ef.trap (cjson_read_fuzzer.c.567e67d6_0.trap.tar.zst) for no link target (110 of 231)
[2026-03-20 07:06:39] Importing waitstatus.h.70663cf8.trap (cjson_read_fuzzer.c.567e67d6_0.trap.tar.zst) for no link target (111 of 231)
[2026-03-20 07:06:39] Importing floatn-common.h.5c781b0c.trap (cjson_read_fuzzer.c.567e67d6_0.trap.tar.zst) for no link target (112 of 231)
[2026-03-20 07:06:39] Importing floatn.h.351b6907.trap (cjson_read_fuzzer.c.567e67d6_0.trap.tar.zst) for no link target (113 of 231)
[2026-03-20 07:06:39] Importing timesize.h.d3aeb4fe.trap (cjson_read_fuzzer.c.567e67d6_0.trap.tar.zst) for no link target (114 of 231)
[2026-03-20 07:06:39] Importing typesizes.h.f8f8da78.trap (cjson_read_fuzzer.c.567e67d6_0.trap.tar.zst) for no link target (115 of 231)
[2026-03-20 07:06:39] Importing time64.h.cce3d83f.trap (cjson_read_fuzzer.c.567e67d6_0.trap.tar.zst) for no link target (116 of 231)
[2026-03-20 07:06:39] Importing types.h.902c8f4c.trap (cjson_read_fuzzer.c.567e67d6_0.trap.tar.zst) for no link target (117 of 231)
[2026-03-20 07:06:39] Importing clock_t.h.61e99454.trap (cjson_read_fuzzer.c.567e67d6_0.trap.tar.zst) for no link target (118 of 231)
[2026-03-20 07:06:39] Importing clockid_t.h.6ad7214c.trap (cjson_read_fuzzer.c.567e67d6_0.trap.tar.zst) for no link target (119 of 231)
[2026-03-20 07:06:39] Importing time_t.h.d0854e9d.trap (cjson_read_fuzzer.c.567e67d6_0.trap.tar.zst) for no link target (120 of 231)
[2026-03-20 07:06:39] Importing timer_t.h.47964e39.trap (cjson_read_fuzzer.c.567e67d6_0.trap.tar.zst) for no link target (121 of 231)
[2026-03-20 07:06:39] Importing __stddef_size_t.h.72070638.trap (cjson_read_fuzzer.c.567e67d6_0.trap.tar.zst) for no link target (122 of 231)
[2026-03-20 07:06:39] Importing stddef.h.888e101e.trap (cjson_read_fuzzer.c.567e67d6_0.trap.tar.zst) for no link target (123 of 231)
[2026-03-20 07:06:39] Importing stdint-intn.h.93b3e97e.trap (cjson_read_fuzzer.c.567e67d6_0.trap.tar.zst) for no link target (124 of 231)
[2026-03-20 07:06:39] Importing endianness.h.1999a564.trap (cjson_read_fuzzer.c.567e67d6_0.trap.tar.zst) for no link target (125 of 231)
[2026-03-20 07:06:39] Importing endian.h.a1618c87.trap (cjson_read_fuzzer.c.567e67d6_0.trap.tar.zst) for no link target (126 of 231)
[2026-03-20 07:06:39] Importing byteswap.h.e8a40382.trap (cjson_read_fuzzer.c.567e67d6_0.trap.tar.zst) for no link target (127 of 231)
[2026-03-20 07:06:39] Importing uintn-identity.h.9abcabdc.trap (cjson_read_fuzzer.c.567e67d6_0.trap.tar.zst) for no link target (128 of 231)
[2026-03-20 07:06:39] Importing endian.h.362a7df9.trap (cjson_read_fuzzer.c.567e67d6_0.trap.tar.zst) for no link target (129 of 231)
[2026-03-20 07:06:39] Importing select.h.efd5499f.trap (cjson_read_fuzzer.c.567e67d6_0.trap.tar.zst) for no link target (130 of 231)
[2026-03-20 07:06:39] Importing __sigset_t.h.bf117439.trap (cjson_read_fuzzer.c.567e67d6_0.trap.tar.zst) for no link target (131 of 231)
[2026-03-20 07:06:39] Importing sigset_t.h.e0ac97d2.trap (cjson_read_fuzzer.c.567e67d6_0.trap.tar.zst) for no link target (132 of 231)
[2026-03-20 07:06:39] Importing struct_timeval.h.d8db30e6.trap (cjson_read_fuzzer.c.567e67d6_0.trap.tar.zst) for no link target (133 of 231)
[2026-03-20 07:06:39] Importing struct_timespec.h.dd88dfc5.trap (cjson_read_fuzzer.c.567e67d6_0.trap.tar.zst) for no link target (134 of 231)
[2026-03-20 07:06:39] Importing select.h.1afedf1c.trap (cjson_read_fuzzer.c.567e67d6_0.trap.tar.zst) for no link target (135 of 231)
[2026-03-20 07:06:39] Importing pthreadtypes-arch.h.cfce5b81.trap (cjson_read_fuzzer.c.567e67d6_0.trap.tar.zst) for no link target (136 of 231)
[2026-03-20 07:06:39] Importing struct_mutex.h.cfd16841.trap (cjson_read_fuzzer.c.567e67d6_0.trap.tar.zst) for no link target (137 of 231)
[2026-03-20 07:06:39] Importing struct_rwlock.h.e1b573cd.trap (cjson_read_fuzzer.c.567e67d6_0.trap.tar.zst) for no link target (138 of 231)
[2026-03-20 07:06:39] Importing thread-shared-types.h.b5c34d90.trap (cjson_read_fuzzer.c.567e67d6_0.trap.tar.zst) for no link target (139 of 231)
[2026-03-20 07:06:39] Importing pthreadtypes.h.53c5cfdd.trap (cjson_read_fuzzer.c.567e67d6_0.trap.tar.zst) for no link target (140 of 231)
[2026-03-20 07:06:39] Importing types.h.0d04568c.trap (cjson_read_fuzzer.c.567e67d6_0.trap.tar.zst) for no link target (141 of 231)
[2026-03-20 07:06:39] Importing stddef.h.c4318c01.trap (cjson_read_fuzzer.c.567e67d6_0.trap.tar.zst) for no link target (142 of 231)
[2026-03-20 07:06:39] Importing alloca.h.8ed6c7d0.trap (cjson_read_fuzzer.c.567e67d6_0.trap.tar.zst) for no link target (143 of 231)
[2026-03-20 07:06:39] Importing stdlib-bsearch.h.c5287ade.trap (cjson_read_fuzzer.c.567e67d6_0.trap.tar.zst) for no link target (144 of 231)
[2026-03-20 07:06:39] Importing stdlib-float.h.d8c1eaef.trap (cjson_read_fuzzer.c.567e67d6_0.trap.tar.zst) for no link target (145 of 231)
[2026-03-20 07:06:39] Importing stdlib.h.ecc62f55.trap (cjson_read_fuzzer.c.567e67d6_0.trap.tar.zst) for no link target (146 of 231)
[2026-03-20 07:06:39] Importing libc-header-start.h.e8c93b6a.trap (cjson_read_fuzzer.c.567e67d6_0.trap.tar.zst) for no link target (147 of 231)
[2026-03-20 07:06:39] Importing wchar.h.a1285bf7.trap (cjson_read_fuzzer.c.567e67d6_0.trap.tar.zst) for no link target (148 of 231)
[2026-03-20 07:06:39] Importing stdint-uintn.h.dfbf7d61.trap (cjson_read_fuzzer.c.567e67d6_0.trap.tar.zst) for no link target (149 of 231)
[2026-03-20 07:06:39] Importing stdint.h.b1a633ee.trap (cjson_read_fuzzer.c.567e67d6_0.trap.tar.zst) for no link target (150 of 231)
[2026-03-20 07:06:39] Importing stdint.h.df3715b2.trap (cjson_read_fuzzer.c.567e67d6_0.trap.tar.zst) for no link target (151 of 231)
[2026-03-20 07:06:39] Importing libc-header-start.h.c8ed1ac1.trap (cjson_read_fuzzer.c.567e67d6_0.trap.tar.zst) for no link target (152 of 231)
[2026-03-20 07:06:39] Importing __stddef_null.h.e1711e45.trap (cjson_read_fuzzer.c.567e67d6_0.trap.tar.zst) for no link target (153 of 231)
[2026-03-20 07:06:39] Importing stddef.h.cb4ceb91.trap (cjson_read_fuzzer.c.567e67d6_0.trap.tar.zst) for no link target (154 of 231)
[2026-03-20 07:06:39] Importing __locale_t.h.0d118ec1.trap (cjson_read_fuzzer.c.567e67d6_0.trap.tar.zst) for no link target (155 of 231)
[2026-03-20 07:06:39] Importing locale_t.h.7704a8c1.trap (cjson_read_fuzzer.c.567e67d6_0.trap.tar.zst) for no link target (156 of 231)
[2026-03-20 07:06:39] Importing stddef.h.7f02e279.trap (cjson_read_fuzzer.c.567e67d6_0.trap.tar.zst) for no link target (157 of 231)
[2026-03-20 07:06:39] Importing strings.h.aa2812f9.trap (cjson_read_fuzzer.c.567e67d6_0.trap.tar.zst) for no link target (158 of 231)
[2026-03-20 07:06:39] Importing string.h.e67aad47.trap (cjson_read_fuzzer.c.567e67d6_0.trap.tar.zst) for no link target (159 of 231)
[2026-03-20 07:06:39] Importing __stddef_header_macro.h.bfeb891a.trap (cjson_read_fuzzer.c.567e67d6_0.trap.tar.zst) for no link target (160 of 231)
[2026-03-20 07:06:39] Importing __stddef_ptrdiff_t.h.bbac3523.trap (cjson_read_fuzzer.c.567e67d6_0.trap.tar.zst) for no link target (161 of 231)
[2026-03-20 07:06:39] Importing __stddef_wchar_t.h.7232b6d4.trap (cjson_read_fuzzer.c.567e67d6_0.trap.tar.zst) for no link target (162 of 231)
[2026-03-20 07:06:39] Importing __stddef_max_align_t.h.6cec9048.trap (cjson_read_fuzzer.c.567e67d6_0.trap.tar.zst) for no link target (163 of 231)
[2026-03-20 07:06:39] Importing __stddef_offsetof.h.6426ae4f.trap (cjson_read_fuzzer.c.567e67d6_0.trap.tar.zst) for no link target (164 of 231)
[2026-03-20 07:06:39] Importing stddef.h.16bffd40.trap (cjson_read_fuzzer.c.567e67d6_0.trap.tar.zst) for no link target (165 of 231)
[2026-03-20 07:06:39] Importing cJSON.h.61b8b115.trap (cjson_read_fuzzer.c.567e67d6_0.trap.tar.zst) for no link target (166 of 231)
[2026-03-20 07:06:39] Importing cjson_read_fuzzer.c.567e67d6.trap (cjson_read_fuzzer.c.567e67d6_0.trap.tar.zst) for no link target (167 of 231)
[2026-03-20 07:06:39] Importing CMakeCompilerABI.h.58792cfa.trap (CMakeCCompilerABI.c.aa70e871_0.trap.tar.zst) for no link target (168 of 231)
[2026-03-20 07:06:39] Importing CMakeCCompilerABI.c.aa70e871.trap (CMakeCCompilerABI.c.aa70e871_0.trap.tar.zst) for no link target (169 of 231)
[2026-03-20 07:06:39] Importing 19822332_0.trap.zst for cmTC_fd28d.link (170 of 231)
[2026-03-20 07:06:39] Importing 21043735_0.trap.zst for cmTC_c3762.link (171 of 231)
[2026-03-20 07:06:39] Importing 8056115_0.trap.zst for cmTC_7ed53.link (172 of 231)
[2026-03-20 07:06:39] Importing 18318761_0.trap.zst for cmTC_cf9a8.link (173 of 231)
[2026-03-20 07:06:39] Importing 57595360_0.trap.zst for cmTC_50778.link (174 of 231)
[2026-03-20 07:06:39] Importing 37507929_0.trap.zst for cmTC_1a4d9.link (175 of 231)
[2026-03-20 07:06:39] Importing 60101408_0.trap.zst for cmTC_8da3a.link (176 of 231)
[2026-03-20 07:06:39] Importing 26370238_0.trap.zst for cmTC_1ea78.link (177 of 231)
[2026-03-20 07:06:39] Importing 29876862_0.trap.zst for cmTC_5e300.link (178 of 231)
[2026-03-20 07:06:39] Importing 46237935_0.trap.zst for cmTC_0d09b.link (179 of 231)
[2026-03-20 07:06:39] Importing 14699364_0.trap.zst for cmTC_f5818.link (180 of 231)
[2026-03-20 07:06:39] Importing 47034883_0.trap.zst for cmTC_fd852.link (181 of 231)
[2026-03-20 07:06:39] Importing 66471207_0.trap.zst for cmTC_d3704.link (182 of 231)
[2026-03-20 07:06:39] Importing 23216125_0.trap.zst for no link target (183 of 231)
[2026-03-20 07:06:39] Importing 9244959_0.trap.zst for cmTC_2aaf8.link (184 of 231)
[2026-03-20 07:06:39] Importing 23965593_0.trap.zst for cmTC_fd6b7.link (185 of 231)
[2026-03-20 07:06:39] Importing 6962711_0.trap.zst for cmTC_cc205.link (186 of 231)
[2026-03-20 07:06:39] Importing 32200688_0.trap.zst for cmTC_1e803.link (187 of 231)
[2026-03-20 07:06:39] Importing 43392702_0.trap.zst for cmTC_88466.link (188 of 231)
[2026-03-20 07:06:39] Importing 20094772_0.trap.zst for cmTC_90b93.link (189 of 231)
[2026-03-20 07:06:39] Importing 32328326_0.trap.zst for cmTC_e92e4.link (190 of 231)
[2026-03-20 07:06:39] Importing 42888038_0.trap.zst for cmTC_8d30c.link (191 of 231)
[2026-03-20 07:06:39] Importing 48062759_0.trap.zst for cmTC_69d52.link (192 of 231)
[2026-03-20 07:06:39] Importing 19024912_0.trap.zst for cmTC_d4b65.link (193 of 231)
[2026-03-20 07:06:39] Importing 62435137_0.trap.zst for a.out.link (194 of 231)
[2026-03-20 07:06:39] Importing 21727867_0.trap.zst for no link target (195 of 231)
[2026-03-20 07:06:39] Importing 30306156_0.trap.zst for no link target (196 of 231)
[2026-03-20 07:06:39] Importing 37123267_0.trap.zst for cmTC_5fd77.link (197 of 231)
[2026-03-20 07:06:39] Importing 26634585_0.trap.zst for cmTC_d772e.link (198 of 231)
[2026-03-20 07:06:39] Importing 47274955_0.trap.zst for cmTC_01c1f.link (199 of 231)
[2026-03-20 07:06:39] Importing 55843274_0.trap.zst for cmTC_a86f1.link (200 of 231)
[2026-03-20 07:06:39] Importing 37375535_0.trap.zst for cmTC_64480.link (201 of 231)
[2026-03-20 07:06:39] Importing a.out.trap.zst for a.out.link (202 of 231)
[2026-03-20 07:06:39] Importing cmTC_5fd77.trap.zst for cmTC_5fd77.link (203 of 231)
[2026-03-20 07:06:39] Importing cmTC_7ed53.trap.zst for cmTC_7ed53.link (204 of 231)
[2026-03-20 07:06:39] Importing cmTC_f5818.trap.zst for cmTC_f5818.link (205 of 231)
[2026-03-20 07:06:39] Importing cmTC_8da3a.trap.zst for cmTC_8da3a.link (206 of 231)
[2026-03-20 07:06:39] Importing cmTC_01c1f.trap.zst for cmTC_01c1f.link (207 of 231)
[2026-03-20 07:06:39] Importing cmTC_1ea78.trap.zst for cmTC_1ea78.link (208 of 231)
[2026-03-20 07:06:39] Importing cmTC_50778.trap.zst for cmTC_50778.link (209 of 231)
[2026-03-20 07:06:39] Importing cmTC_88466.trap.zst for cmTC_88466.link (210 of 231)
[2026-03-20 07:06:39] Importing cmTC_d3704.trap.zst for cmTC_d3704.link (211 of 231)
[2026-03-20 07:06:39] Importing cmTC_2aaf8.trap.zst for cmTC_2aaf8.link (212 of 231)
[2026-03-20 07:06:39] Importing cmTC_90b93.trap.zst for cmTC_90b93.link (213 of 231)
[2026-03-20 07:06:39] Importing cmTC_d772e.trap.zst for cmTC_d772e.link (214 of 231)
[2026-03-20 07:06:39] Importing cmTC_0d09b.trap.zst for cmTC_0d09b.link (215 of 231)
[2026-03-20 07:06:39] Importing cmTC_d4b65.trap.zst for cmTC_d4b65.link (216 of 231)
[2026-03-20 07:06:39] Importing cmTC_1e803.trap.zst for cmTC_1e803.link (217 of 231)
[2026-03-20 07:06:39] Importing cmTC_64480.trap.zst for cmTC_64480.link (218 of 231)
[2026-03-20 07:06:39] Importing cmTC_69d52.trap.zst for cmTC_69d52.link (219 of 231)
[2026-03-20 07:06:39] Importing cmTC_5e300.trap.zst for cmTC_5e300.link (220 of 231)
[2026-03-20 07:06:39] Importing cmTC_8d30c.trap.zst for cmTC_8d30c.link (221 of 231)
[2026-03-20 07:06:39] Importing cmTC_fd6b7.trap.zst for cmTC_fd6b7.link (222 of 231)
[2026-03-20 07:06:39] Importing cmTC_e92e4.trap.zst for cmTC_e92e4.link (223 of 231)
[2026-03-20 07:06:39] Importing cmTC_fd28d.trap.zst for cmTC_fd28d.link (224 of 231)
[2026-03-20 07:06:39] Importing cmTC_fd852.trap.zst for cmTC_fd852.link (225 of 231)
[2026-03-20 07:06:39] Importing cmTC_cf9a8.trap.zst for cmTC_cf9a8.link (226 of 231)
[2026-03-20 07:06:39] Importing cmTC_a86f1.trap.zst for cmTC_a86f1.link (227 of 231)
[2026-03-20 07:06:39] Importing cmTC_1a4d9.trap.zst for cmTC_1a4d9.link (228 of 231)
[2026-03-20 07:06:39] Importing cmTC_cc205.trap.zst for cmTC_cc205.link (229 of 231)
[2026-03-20 07:06:39] Importing cmTC_c3762.trap.zst for cmTC_c3762.link (230 of 231)
[2026-03-20 07:06:39] Importing sourceLocationPrefix.trap.gz for no link target (231 of 231)
[2026-03-20 07:06:39] [PROGRESS] dataset import> Merging relations
[2026-03-20 07:06:39] Merging 1 fragment for 'builtintypes'.
[2026-03-20 07:06:39] Merged 1344 bytes (1.31 KiB) for 'builtintypes'.
[2026-03-20 07:06:39] Merging 1 fragment for 'unspecifiedtype'.
[2026-03-20 07:06:39] Merged 4648 bytes (4.54 KiB) for 'unspecifiedtype'.
[2026-03-20 07:06:39] Merging 1 fragment for 'files'.
[2026-03-20 07:06:39] Merged 1192 bytes (1.16 KiB) for 'files'.
[2026-03-20 07:06:39] Merging 1 fragment for 'locations_default'.
[2026-03-20 07:06:39] Merged 241464 bytes (235.80 KiB) for 'locations_default'.
[2026-03-20 07:06:39] Merging 1 fragment for 'link_targets'.
[2026-03-20 07:06:39] Merged 240 bytes for 'link_targets'.
[2026-03-20 07:06:39] Merging 1 fragment for 'locations_stmt'.
[2026-03-20 07:06:39] Merged 47424 bytes (46.31 KiB) for 'locations_stmt'.
[2026-03-20 07:06:39] Merging 1 fragment for 'locations_expr'.
[2026-03-20 07:06:39] Merged 140472 bytes (137.18 KiB) for 'locations_expr'.
[2026-03-20 07:06:39] Merging 1 fragment for 'usertypes'.
[2026-03-20 07:06:39] Merged 2724 bytes (2.66 KiB) for 'usertypes'.
[2026-03-20 07:06:39] Merging 1 fragment for 'link_parent'.
[2026-03-20 07:06:39] Merged 4048 bytes (3.95 KiB) for 'link_parent'.
[2026-03-20 07:06:39] Merging 1 fragment for 'usertypesize'.
[2026-03-20 07:06:39] Merged 528 bytes for 'usertypesize'.
[2026-03-20 07:06:39] Merging 1 fragment for 'is_pod_class'.
[2026-03-20 07:06:39] Merged 168 bytes for 'is_pod_class'.
[2026-03-20 07:06:39] Merging 1 fragment for 'is_standard_layout_class'.
[2026-03-20 07:06:39] Merged 168 bytes for 'is_standard_layout_class'.
[2026-03-20 07:06:39] Merging 1 fragment for 'is_complete'.
[2026-03-20 07:06:39] Merged 168 bytes for 'is_complete'.
[2026-03-20 07:06:39] Merging 1 fragment for 'membervariables'.
[2026-03-20 07:06:39] Merged 2172 bytes (2.12 KiB) for 'membervariables'.
[2026-03-20 07:06:39] Merging 1 fragment for 'fieldoffsets'.
[2026-03-20 07:06:39] Merged 2172 bytes (2.12 KiB) for 'fieldoffsets'.
[2026-03-20 07:06:39] Merging 1 fragment for 'var_decls'.
[2026-03-20 07:06:39] Merged 24160 bytes (23.59 KiB) for 'var_decls'.
[2026-03-20 07:06:39] Merging 1 fragment for 'var_def'.
[2026-03-20 07:06:39] Merged 2296 bytes (2.24 KiB) for 'var_def'.
[2026-03-20 07:06:39] Merging 1 fragment for 'derivedtypes'.
[2026-03-20 07:06:39] Merged 3696 bytes (3.61 KiB) for 'derivedtypes'.
[2026-03-20 07:06:39] Merging 1 fragment for 'pointerishsize'.
[2026-03-20 07:06:39] Merged 1620 bytes (1.58 KiB) for 'pointerishsize'.
[2026-03-20 07:06:39] Merging 1 fragment for 'member'.
[2026-03-20 07:06:39] Merged 2172 bytes (2.12 KiB) for 'member'.
[2026-03-20 07:06:39] Merging 1 fragment for 'namespaces'.
[2026-03-20 07:06:39] Merged 8 bytes for 'namespaces'.
[2026-03-20 07:06:39] Merging 1 fragment for 'specialnamequalifyingelements'.
[2026-03-20 07:06:39] Merged 8 bytes for 'specialnamequalifyingelements'.
[2026-03-20 07:06:39] Merging 1 fragment for 'mangled_name'.
[2026-03-20 07:06:39] Merged 7008 bytes (6.84 KiB) for 'mangled_name'.
[2026-03-20 07:06:39] Merging 1 fragment for 'specifiers'.
[2026-03-20 07:06:39] Merged 424 bytes for 'specifiers'.
[2026-03-20 07:06:39] Merging 1 fragment for 'extractor_version'.
[2026-03-20 07:06:39] Merged 8 bytes for 'extractor_version'.
[2026-03-20 07:06:39] Merging 1 fragment for 'fileannotations'.
[2026-03-20 07:06:39] Merged 2960 bytes (2.89 KiB) for 'fileannotations'.
[2026-03-20 07:06:39] Merging 1 fragment for 'numlines'.
[2026-03-20 07:06:39] Merged 4448 bytes (4.34 KiB) for 'numlines'.
[2026-03-20 07:06:39] Merging 1 fragment for 'functions'.
[2026-03-20 07:06:39] Merged 4956 bytes (4.84 KiB) for 'functions'.
[2026-03-20 07:06:39] Merging 1 fragment for 'function_return_type'.
[2026-03-20 07:06:39] Merged 3304 bytes (3.23 KiB) for 'function_return_type'.
[2026-03-20 07:06:39] Merging 1 fragment for 'function_prototyped'.
[2026-03-20 07:06:39] Merged 1648 bytes (1.61 KiB) for 'function_prototyped'.
[2026-03-20 07:06:39] Merging 1 fragment for 'params'.
[2026-03-20 07:06:39] Merged 11040 bytes (10.78 KiB) for 'params'.
[2026-03-20 07:06:39] Merging 1 fragment for 'fun_decls'.
[2026-03-20 07:06:39] Merged 10200 bytes (9.96 KiB) for 'fun_decls'.
[2026-03-20 07:06:39] Merging 1 fragment for 'fun_def'.
[2026-03-20 07:06:39] Merged 636 bytes for 'fun_def'.
[2026-03-20 07:06:39] Merging 1 fragment for 'fun_decl_specifiers'.
[2026-03-20 07:06:39] Merged 7120 bytes (6.95 KiB) for 'fun_decl_specifiers'.
[2026-03-20 07:06:39] Merging 1 fragment for 'param_decl_bind'.
[2026-03-20 07:06:39] Merged 10272 bytes (10.03 KiB) for 'param_decl_bind'.
[2026-03-20 07:06:39] Merging 1 fragment for 'stmts'.
[2026-03-20 07:06:39] Merged 24384 bytes (23.81 KiB) for 'stmts'.
[2026-03-20 07:06:39] Merging 1 fragment for 'localvariables'.
[2026-03-20 07:06:39] Merged 1872 bytes (1.83 KiB) for 'localvariables'.
[2026-03-20 07:06:39] Merging 1 fragment for 'values'.
[2026-03-20 07:06:39] Merged 29776 bytes (29.08 KiB) for 'values'.
[2026-03-20 07:06:39] Merging 1 fragment for 'valuetext'.
[2026-03-20 07:06:39] Merged 11864 bytes (11.59 KiB) for 'valuetext'.
[2026-03-20 07:06:39] Merging 1 fragment for 'exprs'.
[2026-03-20 07:06:39] Merged 110868 bytes (108.27 KiB) for 'exprs'.
[2026-03-20 07:06:39] Merging 1 fragment for 'expr_types'.
[2026-03-20 07:06:39] Merged 110868 bytes (108.27 KiB) for 'expr_types'.
[2026-03-20 07:06:39] Merging 1 fragment for 'valuebind'.
[2026-03-20 07:06:39] Merged 32448 bytes (31.69 KiB) for 'valuebind'.
[2026-03-20 07:06:39] Merging 1 fragment for 'exprparents'.
[2026-03-20 07:06:39] Merged 71832 bytes (70.15 KiB) for 'exprparents'.
[2026-03-20 07:06:39] Merging 1 fragment for 'stmt_decl_bind'.
[2026-03-20 07:06:39] Merged 1872 bytes (1.83 KiB) for 'stmt_decl_bind'.
[2026-03-20 07:06:39] Merging 1 fragment for 'stmt_decl_entry_bind'.
[2026-03-20 07:06:39] Merged 1872 bytes (1.83 KiB) for 'stmt_decl_entry_bind'.
[2026-03-20 07:06:39] Merging 1 fragment for 'expr_isload'.
[2026-03-20 07:06:39] Merged 8496 bytes (8.30 KiB) for 'expr_isload'.
[2026-03-20 07:06:39] Merging 1 fragment for 'compgenerated'.
[2026-03-20 07:06:39] Merged 3836 bytes (3.75 KiB) for 'compgenerated'.
[2026-03-20 07:06:39] Merging 1 fragment for 'arraysizes'.
[2026-03-20 07:06:39] Merged 704 bytes for 'arraysizes'.
[2026-03-20 07:06:39] Merging 1 fragment for 'macroinvocations'.
[2026-03-20 07:06:39] Merged 58144 bytes (56.78 KiB) for 'macroinvocations'.
[2026-03-20 07:06:39] Merging 1 fragment for 'affectedbymacroexpansion'.
[2026-03-20 07:06:39] Merged 21736 bytes (21.23 KiB) for 'affectedbymacroexpansion'.
[2026-03-20 07:06:39] Merging 1 fragment for 'stmtparents'.
[2026-03-20 07:06:39] Merged 22464 bytes (21.94 KiB) for 'stmtparents'.
[2026-03-20 07:06:39] Merging 1 fragment for 'blockscope'.
[2026-03-20 07:06:39] Merged 4216 bytes (4.12 KiB) for 'blockscope'.
[2026-03-20 07:06:39] Merging 1 fragment for 'function_entry_point'.
[2026-03-20 07:06:39] Merged 1280 bytes (1.25 KiB) for 'function_entry_point'.
[2026-03-20 07:06:39] Merging 1 fragment for 'globalvariables'.
[2026-03-20 07:06:39] Merged 180 bytes for 'globalvariables'.
[2026-03-20 07:06:39] Merging 1 fragment for 'initialisers'.
[2026-03-20 07:06:39] Merged 2496 bytes (2.44 KiB) for 'initialisers'.
[2026-03-20 07:06:39] Merging 1 fragment for 'macroparent'.
[2026-03-20 07:06:39] Merged 9184 bytes (8.97 KiB) for 'macroparent'.
[2026-03-20 07:06:39] Merging 1 fragment for 'macro_argument_unexpanded'.
[2026-03-20 07:06:39] Merged 19896 bytes (19.43 KiB) for 'macro_argument_unexpanded'.
[2026-03-20 07:06:39] Merging 1 fragment for 'macro_argument_expanded'.
[2026-03-20 07:06:39] Merged 19896 bytes (19.43 KiB) for 'macro_argument_expanded'.
[2026-03-20 07:06:39] Merging 1 fragment for 'aggregate_array_init'.
[2026-03-20 07:06:39] Merged 1648 bytes (1.61 KiB) for 'aggregate_array_init'.
[2026-03-20 07:06:39] Merging 1 fragment for 'inmacroexpansion'.
[2026-03-20 07:06:39] Merged 40200 bytes (39.26 KiB) for 'inmacroexpansion'.
[2026-03-20 07:06:39] Merging 1 fragment for 'macrolocationbind'.
[2026-03-20 07:06:39] Merged 12952 bytes (12.65 KiB) for 'macrolocationbind'.
[2026-03-20 07:06:39] Merging 1 fragment for 'preprocdirects'.
[2026-03-20 07:06:39] Merged 42156 bytes (41.17 KiB) for 'preprocdirects'.
[2026-03-20 07:06:39] Merging 1 fragment for 'preproctext'.
[2026-03-20 07:06:39] Merged 26784 bytes (26.16 KiB) for 'preproctext'.
[2026-03-20 07:06:39] Merging 1 fragment for 'preprocfalse'.
[2026-03-20 07:06:39] Merged 1988 bytes (1.94 KiB) for 'preprocfalse'.
[2026-03-20 07:06:39] Merging 1 fragment for 'preproctrue'.
[2026-03-20 07:06:39] Merged 1416 bytes (1.38 KiB) for 'preproctrue'.
[2026-03-20 07:06:39] Merging 1 fragment for 'containerparent'.
[2026-03-20 07:06:39] Merged 1592 bytes (1.55 KiB) for 'containerparent'.
[2026-03-20 07:06:39] Merging 1 fragment for 'folders'.
[2026-03-20 07:06:39] Merged 416 bytes for 'folders'.
[2026-03-20 07:06:39] Merging 1 fragment for 'varspecifiers'.
[2026-03-20 07:06:39] Merged 2984 bytes (2.91 KiB) for 'varspecifiers'.
[2026-03-20 07:06:39] Merging 1 fragment for 'varbind'.
[2026-03-20 07:06:39] Merged 18864 bytes (18.42 KiB) for 'varbind'.
[2026-03-20 07:06:39] Merging 1 fragment for 'typespecifiers'.
[2026-03-20 07:06:39] Merged 904 bytes for 'typespecifiers'.
[2026-03-20 07:06:39] Merging 1 fragment for 'exprconv'.
[2026-03-20 07:06:39] Merged 22072 bytes (21.55 KiB) for 'exprconv'.
[2026-03-20 07:06:39] Merging 1 fragment for 'conversionkinds'.
[2026-03-20 07:06:39] Merged 11512 bytes (11.24 KiB) for 'conversionkinds'.
[2026-03-20 07:06:39] Merging 1 fragment for 'preprocpair'.
[2026-03-20 07:06:39] Merged 11488 bytes (11.22 KiB) for 'preprocpair'.
[2026-03-20 07:06:39] Merging 1 fragment for 'comments'.
[2026-03-20 07:06:39] Merged 20376 bytes (19.90 KiB) for 'comments'.
[2026-03-20 07:06:39] Merging 1 fragment for 'commentbinding'.
[2026-03-20 07:06:39] Merged 12064 bytes (11.78 KiB) for 'commentbinding'.
[2026-03-20 07:06:39] Merging 1 fragment for 'includes'.
[2026-03-20 07:06:39] Merged 1144 bytes (1.12 KiB) for 'includes'.
[2026-03-20 07:06:39] Merging 1 fragment for 'typedefbase'.
[2026-03-20 07:06:39] Merged 1424 bytes (1.39 KiB) for 'typedefbase'.
[2026-03-20 07:06:39] Merging 1 fragment for 'type_decls'.
[2026-03-20 07:06:39] Merged 2748 bytes (2.68 KiB) for 'type_decls'.
[2026-03-20 07:06:39] Merging 1 fragment for 'type_decl_top'.
[2026-03-20 07:06:39] Merged 792 bytes for 'type_decl_top'.
[2026-03-20 07:06:39] Merging 1 fragment for 'type_mentions'.
[2026-03-20 07:06:39] Merged 10368 bytes (10.12 KiB) for 'type_mentions'.
[2026-03-20 07:06:39] Merging 1 fragment for 'funspecifiers'.
[2026-03-20 07:06:39] Merged 3152 bytes (3.08 KiB) for 'funspecifiers'.
[2026-03-20 07:06:39] Merging 1 fragment for 'attributes'.
[2026-03-20 07:06:39] Merged 10800 bytes (10.55 KiB) for 'attributes'.
[2026-03-20 07:06:39] Merging 1 fragment for 'funcattributes'.
[2026-03-20 07:06:39] Merged 4496 bytes (4.39 KiB) for 'funcattributes'.
[2026-03-20 07:06:39] Merging 1 fragment for 'attribute_arg_constant'.
[2026-03-20 07:06:39] Merged 2608 bytes (2.55 KiB) for 'attribute_arg_constant'.
[2026-03-20 07:06:39] Merging 1 fragment for 'attribute_args'.
[2026-03-20 07:06:39] Merged 6540 bytes (6.39 KiB) for 'attribute_args'.
[2026-03-20 07:06:39] Merging 1 fragment for 'type_def'.
[2026-03-20 07:06:39] Merged 176 bytes for 'type_def'.
[2026-03-20 07:06:39] Merging 1 fragment for 'sizeof_bind'.
[2026-03-20 07:06:39] Merged 96 bytes for 'sizeof_bind'.
[2026-03-20 07:06:39] Merging 1 fragment for 'routinetypes'.
[2026-03-20 07:06:39] Merged 536 bytes for 'routinetypes'.
[2026-03-20 07:06:39] Merging 1 fragment for 'routinetypeargs'.
[2026-03-20 07:06:39] Merged 1512 bytes (1.48 KiB) for 'routinetypeargs'.
[2026-03-20 07:06:39] Merging 1 fragment for 'funbind'.
[2026-03-20 07:06:39] Merged 2176 bytes (2.12 KiB) for 'funbind'.
[2026-03-20 07:06:39] Merging 1 fragment for 'iscall'.
[2026-03-20 07:06:39] Merged 2088 bytes (2.04 KiB) for 'iscall'.
[2026-03-20 07:06:39] Merging 1 fragment for 'var_decl_specifiers'.
[2026-03-20 07:06:39] Merged 80 bytes for 'var_decl_specifiers'.
[2026-03-20 07:06:39] Merging 1 fragment for 'if_then'.
[2026-03-20 07:06:39] Merged 2432 bytes (2.38 KiB) for 'if_then'.
[2026-03-20 07:06:39] Merging 1 fragment for 'if_else'.
[2026-03-20 07:06:39] Merged 432 bytes for 'if_else'.
[2026-03-20 07:06:39] Merging 1 fragment for 'while_body'.
[2026-03-20 07:06:39] Merged 112 bytes for 'while_body'.
[2026-03-20 07:06:39] Merging 1 fragment for 'enumconstants'.
[2026-03-20 07:06:39] Merged 360 bytes for 'enumconstants'.
[2026-03-20 07:06:39] Merging 1 fragment for 'expr_cond_guard'.
[2026-03-20 07:06:39] Merged 280 bytes for 'expr_cond_guard'.
[2026-03-20 07:06:39] Merging 1 fragment for 'expr_cond_true'.
[2026-03-20 07:06:39] Merged 280 bytes for 'expr_cond_true'.
[2026-03-20 07:06:39] Merging 1 fragment for 'expr_cond_false'.
[2026-03-20 07:06:39] Merged 280 bytes for 'expr_cond_false'.
[2026-03-20 07:06:39] Merging 1 fragment for 'switch_body'.
[2026-03-20 07:06:39] Merged 64 bytes for 'switch_body'.
[2026-03-20 07:06:39] Merging 1 fragment for 'switch_case'.
[2026-03-20 07:06:39] Merged 912 bytes for 'switch_case'.
[2026-03-20 07:06:39] Merging 1 fragment for 'jumpinfo'.
[2026-03-20 07:06:39] Merged 996 bytes for 'jumpinfo'.
[2026-03-20 07:06:39] Merging 1 fragment for 'for_condition'.
[2026-03-20 07:06:39] Merged 152 bytes for 'for_condition'.
[2026-03-20 07:06:39] Merging 1 fragment for 'for_body'.
[2026-03-20 07:06:39] Merged 152 bytes for 'for_body'.
[2026-03-20 07:06:39] Merging 1 fragment for 'for_initialization'.
[2026-03-20 07:06:39] Merged 112 bytes for 'for_initialization'.
[2026-03-20 07:06:39] Merging 1 fragment for 'for_update'.
[2026-03-20 07:06:39] Merged 144 bytes for 'for_update'.
[2026-03-20 07:06:39] Merging 1 fragment for 'do_body'.
[2026-03-20 07:06:39] Merged 16 bytes for 'do_body'.
[2026-03-20 07:06:39] Merging 1 fragment for 'aggregate_field_init'.
[2026-03-20 07:06:39] Merged 528 bytes for 'aggregate_field_init'.
[2026-03-20 07:06:39] Merging 1 fragment for 'braced_initialisers'.
[2026-03-20 07:06:39] Merged 16 bytes for 'braced_initialisers'.
[2026-03-20 07:06:39] Merging 1 fragment for 'orphaned_variables'.
[2026-03-20 07:06:39] Merged 16 bytes for 'orphaned_variables'.
[2026-03-20 07:06:39] Merging 1 fragment for 'expr_ancestor'.
[2026-03-20 07:06:39] Merged 32 bytes for 'expr_ancestor'.
[2026-03-20 07:06:39] Merging 1 fragment for 'attribute_arg_value'.
[2026-03-20 07:06:39] Merged 8 bytes for 'attribute_arg_value'.
[2026-03-20 07:06:39] Merging 1 fragment for 'typeattributes'.
[2026-03-20 07:06:39] Merged 8 bytes for 'typeattributes'.
[2026-03-20 07:06:39] Merging 1 fragment for 'varattributes'.
[2026-03-20 07:06:39] Merged 16 bytes for 'varattributes'.
[2026-03-20 07:06:39] Merging 1 fragment for 'compilations'.
[2026-03-20 07:06:39] Merged 256 bytes for 'compilations'.
[2026-03-20 07:06:39] Merging 1 fragment for 'compilation_args'.
[2026-03-20 07:06:39] Merged 14964 bytes (14.61 KiB) for 'compilation_args'.
[2026-03-20 07:06:39] Merging 1 fragment for 'compilation_compiling_files'.
[2026-03-20 07:06:39] Merged 384 bytes for 'compilation_compiling_files'.
[2026-03-20 07:06:39] Merging 1 fragment for 'compilation_time'.
[2026-03-20 07:06:39] Merged 2560 bytes (2.50 KiB) for 'compilation_time'.
[2026-03-20 07:06:39] Merging 1 fragment for 'compilation_finished'.
[2026-03-20 07:06:39] Merged 640 bytes for 'compilation_finished'.
[2026-03-20 07:06:39] Merging 1 fragment for 'diagnostic_for'.
[2026-03-20 07:06:39] Merged 448 bytes for 'diagnostic_for'.
[2026-03-20 07:06:39] Merging 1 fragment for 'diagnostics'.
[2026-03-20 07:06:39] Merged 192 bytes for 'diagnostics'.
[2026-03-20 07:06:39] Merging 1 fragment for 'sourceLocationPrefix'.
[2026-03-20 07:06:39] Merged 4 bytes for 'sourceLocationPrefix'.
[2026-03-20 07:06:39] Saving string and id pools to disk.
[2026-03-20 07:06:39] Finished importing TRAP files.
[2026-03-20 07:06:39] Read 10.15 MiB of uncompressed TRAP data.
[2026-03-20 07:06:39] Relation data size: 1.36 MiB (merge rate: 23.35 MiB/s)
[2026-03-20 07:06:39] String pool size: 2.13 MiB
[2026-03-20 07:06:39] ID pool size: 1.75 MiB
[2026-03-20 07:06:39] [PROGRESS] dataset import> Finished writing database (relations: 1.36 MiB; string pool: 2.13 MiB).
[2026-03-20 07:06:39] Pausing evaluation to close the cache at sequence stamp o+3
[2026-03-20 07:06:39] The disk cache is freshly trimmed; leave it be.
[2026-03-20 07:06:39] Unpausing evaluation
[2026-03-20 07:06:39] Plumbing command codeql dataset import completed.
[2026-03-20 07:06:39] [PROGRESS] database finalize> TRAP import complete (1.2s).
[2026-03-20 07:06:39] Running plumbing command: codeql database cleanup -- /src/fuzzing_os/codeqldb/cjson
[2026-03-20 07:06:40] [PROGRESS] database cleanup> Cleaning up existing TRAP files after import...
[2026-03-20 07:06:40] [PROGRESS] database cleanup> TRAP files cleaned up (16ms).
[2026-03-20 07:06:40] [PROGRESS] database cleanup> Cleaning up scratch directory...
[2026-03-20 07:06:40] [PROGRESS] database cleanup> Scratch directory cleaned up (21ms).
[2026-03-20 07:06:40] Running plumbing command: codeql dataset cleanup -- /src/fuzzing_os/codeqldb/cjson/db-cpp
[2026-03-20 07:06:40] [PROGRESS] dataset cleanup> Cleaning up dataset in /src/fuzzing_os/codeqldb/cjson/db-cpp.
[2026-03-20 07:06:40] Trimming disk cache at /src/fuzzing_os/codeqldb/cjson/db-cpp/default/cache in mode trim.
[2026-03-20 07:06:40] Sequence stamp origin is -5934655242361503468
[2026-03-20 07:06:40] Pausing evaluation to quickly trim memory at sequence stamp o+0
[2026-03-20 07:06:40] Unpausing evaluation
[2026-03-20 07:06:40] Pausing evaluation to zealously trim disk at sequence stamp o+1
[2026-03-20 07:06:40] Unpausing evaluation
[2026-03-20 07:06:40] Trimming completed (8ms): Trimmed disposable data from cache.
[2026-03-20 07:06:40] Pausing evaluation to close the cache at sequence stamp o+2
[2026-03-20 07:06:40] The disk cache is freshly trimmed; leave it be.
[2026-03-20 07:06:40] Unpausing evaluation
[2026-03-20 07:06:40] [PROGRESS] dataset cleanup> Trimmed disposable data from cache.
[2026-03-20 07:06:40] [PROGRESS] dataset cleanup> Finalizing dataset in /src/fuzzing_os/codeqldb/cjson/db-cpp
[2026-03-20 07:06:40] [DETAILS] dataset cleanup> Finished deleting ID pool from /src/fuzzing_os/codeqldb/cjson/db-cpp (0ms).
[2026-03-20 07:06:40] Plumbing command codeql dataset cleanup completed.
[2026-03-20 07:06:40] Plumbing command codeql database cleanup completed with status 0.
[2026-03-20 07:06:40] [PROGRESS] database finalize> Finished zipping source archive (158.15 KiB).
[2026-03-20 07:06:40] Plumbing command codeql database finalize completed.
[2026-03-20 07:06:40] [PROGRESS] database create> Successfully created database at /src/fuzzing_os/codeqldb/cjson.
[2026-03-20 07:06:40] Terminating normally.
