[2026-03-20 15:07:32] This is codeql database cleanup /home/cc/CKGFuzzer-1/docker_shared/codeqldb/cjson
[2026-03-20 15:07:32] Log file was started late.
[2026-03-20 15:07:32] [PROGRESS] database cleanup> Cleaning up existing TRAP files after import...
[2026-03-20 15:07:32] [PROGRESS] database cleanup> TRAP files cleaned up (2ms).
[2026-03-20 15:07:32] [PROGRESS] database cleanup> Cleaning up scratch directory...
[2026-03-20 15:07:32] [PROGRESS] database cleanup> Scratch directory cleaned up (0ms).
[2026-03-20 15:07:32] Running plumbing command: codeql dataset cleanup -- /home/cc/CKGFuzzer-1/docker_shared/codeqldb/cjson/db-cpp
[2026-03-20 15:07:32] [PROGRESS] dataset cleanup> Cleaning up dataset in /home/cc/CKGFuzzer-1/docker_shared/codeqldb/cjson/db-cpp.
[2026-03-20 15:07:32] Trimming disk cache at /home/cc/CKGFuzzer-1/docker_shared/codeqldb/cjson/db-cpp/default/cache in mode trim.
[2026-03-20 15:07:32] Sequence stamp origin is -5934655018003725045
[2026-03-20 15:07:32] Pausing evaluation to quickly trim memory at sequence stamp o+0
[2026-03-20 15:07:32] Unpausing evaluation
[2026-03-20 15:07:32] Trimming completed (4ms): The cache was clean already.
[2026-03-20 15:07:32] Pausing evaluation to close the cache at sequence stamp o+1
[2026-03-20 15:07:32] The disk cache is freshly trimmed; leave it be.
[2026-03-20 15:07:32] Unpausing evaluation
[2026-03-20 15:07:32] [PROGRESS] dataset cleanup> The cache was clean already.
[2026-03-20 15:07:32] [PROGRESS] dataset cleanup> Finalizing dataset in /home/cc/CKGFuzzer-1/docker_shared/codeqldb/cjson/db-cpp
[2026-03-20 15:07:32] [DETAILS] dataset cleanup> Finished deleting ID pool from /home/cc/CKGFuzzer-1/docker_shared/codeqldb/cjson/db-cpp (0ms).
[2026-03-20 15:07:32] Plumbing command codeql dataset cleanup completed.
[2026-03-20 15:07:32] Exiting with code 0
