[E 10:29:23 16378] CodeQL C/C++ Extractor 2.18.4
[E 10:29:23 16378] Current directory: /src/c-ares/src/lib
[E 10:29:23 16378] Command: /src/fuzzing_os/codeql/cpp/tools/linux64/extractor --mimic /usr/local/bin/clang-22 -DHAVE_CONFIG_H -I../../include -I../../src/lib -I../../include -I../../src/lib -DCARES_BUILDING_LIBRARY -DCARES_SYMBOL_HIDING -fvisibility=hidden -O1 -fno-omit-frame-pointer -gline-tables-only -Wno-error=incompatible-function-pointer-types -Wno-error=int-conversion -Wno-error=deprecated-declarations -Wno-error=implicit-function-declaration -Wno-error=implicit-int -Wno-error=unknown-warning-option -Wno-error=vla-cxx-extension -DFUZZING_BUILD_MODE_UNSAFE_FOR_PRODUCTION -Qunused-arguments -g -pedantic -Wall -Wextra -Wpointer-arith -Wwrite-strings -Wshadow -Winline -Wnested-externs -Wmissing-declarations -Wmissing-prototypes -Wno-long-long -Wfloat-equal -Wno-multichar -Wsign-compare -Wundef -Wno-format-nonliteral -Wendif-labels -Wstrict-prototypes -Wdeclaration-after-statement -Wcast-align -Wno-system-headers -Wshorten-64-to-32 -Wunused -MT libcares_la-ares__timeval.lo -MD -MP -MF .deps/libcares_la-ares__timeval.Tpo -c ares__timeval.c -fPIC -DPIC -o .libs/libcares_la-ares__timeval.o
[E 10:29:24 16378] Warning: Unrecognised command line argument -Qunused-arguments
[E 10:29:24 16378] Checking whether C compilation already happened.
[E 10:29:24 16378] Checking for tag c-compilation-happened
[E 10:29:24 16378] Checking CODEQL_TRACER_DB_ID 0000000000003FD6_0000000000000001
[E 10:29:24 16378] Locking DB /src/fuzzing_os/codeqldb/c-ares/working/tags.db
[E 10:29:24 16378] Locked DB /src/fuzzing_os/codeqldb/c-ares/working/tags.db
[E 10:29:24 16378] Unlocking DB
[E 10:29:24 16378] Unlocked DB
[E 10:29:24 16378] Looks like C compilation didn't already happen.
[E 10:29:24 16378] Checking whether C compilation has been attempted.
[E 10:29:24 16378] Checking for tag c-compilation-attempted
[E 10:29:24 16378] Checking CODEQL_TRACER_DB_ID 0000000000003FD6_0000000000000001
[E 10:29:24 16378] Locking DB /src/fuzzing_os/codeqldb/c-ares/working/tags.db
[E 10:29:24 16378] Locked DB /src/fuzzing_os/codeqldb/c-ares/working/tags.db
[E 10:29:24 16378] Unlocking DB
[E 10:29:24 16378] Unlocked DB
[E 10:29:24 16378] Marking C compilation as attempted.
[E 10:29:24 16378] Setting tag c-compilation-attempted
[E 10:29:24 16378] Starting from CODEQL_TRACER_DB_ID 0000000000003FD6_0000000000000001
[E 10:29:24 16378] Locking DB /src/fuzzing_os/codeqldb/c-ares/working/tags.db
[E 10:29:24 16378] Locked DB /src/fuzzing_os/codeqldb/c-ares/working/tags.db
[E 10:29:24 16378] Set tag for 0000000000003FD6_0000000000000001
[E 10:29:24 16378] Set tag for 0000000000003E8A_0000000000000002
[E 10:29:24 16378] Set tag for 0000000000003E8A_0000000000000001
[E 10:29:24 16378] Set tag for 0000000000003E7E_0000000000000001
[E 10:29:24 16378] Set tag for 0000000000003E79_0000000000000001
[E 10:29:24 16378] Set tag for 0000000000003E78_0000000000000002
[E 10:29:24 16378] Set tag for 0000000000003E78_0000000000000001
[E 10:29:24 16378] Set tag for 0000000000003E75_0000000000000001
[E 10:29:24 16378] Set tag for 0000000000003E6F_0000000000000001
[E 10:29:24 16378] Set tag for 0000000000003E6E_0000000000000001
[E 10:29:24 16378] Set tag for 0000000000003E61_0000000000000001
[E 10:29:24 16378] Set tag for 0000000000003E60_0000000000000001
[E 10:29:24 16378] Set tag for 0000000000000054_0000000000000001
[E 10:29:24 16378] Set tag for 0000000000000050_0000000000000003
[E 10:29:24 16378] Set tag for 0000000000000050_0000000000000002
[E 10:29:24 16378] Set tag for root
[E 10:29:24 16378] Unlocking DB
[E 10:29:24 16378] Unlocked DB
[E 10:29:24 16378] Processed command line: /src/fuzzing_os/codeql/cpp/tools/linux64/extractor --trapfolder /src/fuzzing_os/codeqldb/c-ares/trap/cpp --src_archive /src/fuzzing_os/codeqldb/c-ares/src --object_filename .libs/libcares_la-ares__timeval.o --no_warnings_and_discretionary_errors --error_limit 1000 --disable_system_macros --variadic_macros --incognito --gcc --clang_version 220000 --gnu_version 40801 --has_feature_vector 1111111111111111000000000000000000000000000000000000000000000000000011 --clang --target linux_x86_64 -D_LP64=1 -D__ATOMIC_ACQUIRE=2 -D__ATOMIC_ACQ_REL=4 -D__ATOMIC_CONSUME=1 -D__ATOMIC_RELAXED=0 -D__ATOMIC_RELEASE=3 -D__ATOMIC_SEQ_CST=5 -D__BIGGEST_ALIGNMENT__=16 -D__BITINT_MAXWIDTH__=8388608 -D__BOOL_WIDTH__=1 -D__BYTE_ORDER__=__ORDER_LITTLE_ENDIAN__ -D__CHAR_BIT__=8 -D__CLANG_ATOMIC_BOOL_LOCK_FREE=2 -D__CLANG_ATOMIC_CHAR16_T_LOCK_FREE=2 -D__CLANG_ATOMIC_CHAR32_T_LOCK_FREE=2 -D__CLANG_ATOMIC_CHAR_LOCK_FREE=2 -D__CLANG_ATOMIC_INT_LOCK_FREE=2 -D__CLANG_ATOMIC_LLONG_LOCK_FREE=2 -D__CLANG_ATOMIC_LONG_LOCK_FREE=2 -D__CLANG_ATOMIC_POINTER_LOCK_FREE=2 -D__CLANG_ATOMIC_SHORT_LOCK_FREE=2 -D__CLANG_ATOMIC_WCHAR_T_LOCK_FREE=2 -D__CONSTANT_CFSTRINGS__=1 -D__DBL_DECIMAL_DIG__=17 -D__DBL_DENORM_MIN__=4.9406564584124654e-324 -D__DBL_DIG__=15 -D__DBL_EPSILON__=2.2204460492503131e-16 -D__DBL_HAS_DENORM__=1 -D__DBL_HAS_INFINITY__=1 -D__DBL_HAS_QUIET_NAN__=1 -D__DBL_MANT_DIG__=53 -D__DBL_MAX_10_EXP__=308 -D__DBL_MAX_EXP__=1024 '-D__DBL_MAX__=1.7976931348623157e+308' '-D__DBL_MIN_10_EXP__=(-307)' '-D__DBL_MIN_EXP__=(-1021)' -D__DBL_MIN__=2.2250738585072014e-308 '-D__DBL_NORM_MAX__=1.7976931348623157e+308' -D__DECIMAL_DIG__=__LDBL_DECIMAL_DIG__ -D__ELF__=1 -D__FINITE_MATH_ONLY__=0 -D__FLOAT128__=1 -D__FLT16_DECIMAL_DIG__=5 -D__FLT16_DENORM_MIN__=5.9604644775390625e-8F16 -D__FLT16_DIG__=3 -D__FLT16_EPSILON__=9.765625e-4F16 -D__FLT16_HAS_DENORM__=1 -D__FLT16_HAS_INFINITY__=1 -D__FLT16_HAS_QUIET_NAN__=1 -D__FLT16_MANT_DIG__=11 -D__FLT16_MAX_10_EXP__=4 -D__FLT16_MAX_EXP__=16 '-D__FLT16_MAX__=6.5504e+4F16' '-D__FLT16_MIN_10_EXP__=(-4)' '-D__FLT16_MIN_EXP__=(-13)' -D__FLT16_MIN__=6.103515625e-5F16 '-D__FLT16_NORM_MAX__=6.5504e+4F16' -D__FLT_DECIMAL_DIG__=9 -D__FLT_DENORM_MIN__=1.40129846e-45F -D__FLT_DIG__=6 -D__FLT_EPSILON__=1.19209290e-7F -D__FLT_HAS_DENORM__=1 -D__FLT_HAS_INFINITY__=1 -D__FLT_HAS_QUIET_NAN__=1 -D__FLT_MANT_DIG__=24 -D__FLT_MAX_10_EXP__=38 -D__FLT_MAX_EXP__=128 '-D__FLT_MAX__=3.40282347e+38F' '-D__FLT_MIN_10_EXP__=(-37)' '-D__FLT_MIN_EXP__=(-125)' -D__FLT_MIN__=1.17549435e-38F '-D__FLT_NORM_MAX__=3.40282347e+38F' -D__FLT_RADIX__=2 -D__FPCLASS_NEGINF=0x0004 -D__FPCLASS_NEGNORMAL=0x0008 -D__FPCLASS_NEGSUBNORMAL=0x0010 -D__FPCLASS_NEGZERO=0x0020 -D__FPCLASS_POSINF=0x0200 -D__FPCLASS_POSNORMAL=0x0100 -D__FPCLASS_POSSUBNORMAL=0x0080 -D__FPCLASS_POSZERO=0x0040 -D__FPCLASS_QNAN=0x0002 -D__FPCLASS_SNAN=0x0001 -D__FXSR__=1 -D__GCC_ASM_FLAG_OUTPUTS__=1 -D__GCC_ATOMIC_BOOL_LOCK_FREE=2 -D__GCC_ATOMIC_CHAR16_T_LOCK_FREE=2 -D__GCC_ATOMIC_CHAR32_T_LOCK_FREE=2 -D__GCC_ATOMIC_CHAR_LOCK_FREE=2 -D__GCC_ATOMIC_INT_LOCK_FREE=2 -D__GCC_ATOMIC_LLONG_LOCK_FREE=2 -D__GCC_ATOMIC_LONG_LOCK_FREE=2 -D__GCC_ATOMIC_POINTER_LOCK_FREE=2 -D__GCC_ATOMIC_SHORT_LOCK_FREE=2 -D__GCC_ATOMIC_TEST_AND_SET_TRUEVAL=1 -D__GCC_ATOMIC_WCHAR_T_LOCK_FREE=2 -D__GCC_CONSTRUCTIVE_SIZE=64 -D__GCC_DESTRUCTIVE_SIZE=64 -D__GCC_HAVE_DWARF2_CFI_ASM=1 -D__GCC_HAVE_SYNC_COMPARE_AND_SWAP_1=1 -D__GCC_HAVE_SYNC_COMPARE_AND_SWAP_2=1 -D__GCC_HAVE_SYNC_COMPARE_AND_SWAP_4=1 -D__GCC_HAVE_SYNC_COMPARE_AND_SWAP_8=1 -D__GNUC_MINOR__=2 -D__GNUC_PATCHLEVEL__=1 -D__GNUC__=4 -D__GXX_ABI_VERSION=1002 '-D__INT16_C(c)=c' -D__INT16_C_SUFFIX__= '-D__INT16_FMTd__="hd"' '-D__INT16_FMTi__="hi"' -D__INT16_MAX__=32767 -D__INT16_TYPE__=short '-D__INT32_C(c)=c' -D__INT32_C_SUFFIX__= '-D__INT32_FMTd__="d"' '-D__INT32_FMTi__="i"' -D__INT32_MAX__=2147483647 -D__INT32_TYPE__=int '-D__INT64_C(c)=c##L' -D__INT64_C_SUFFIX__=L '-D__INT64_FMTd__="ld"' '-D__INT64_FMTi__="li"' -D__INT64_MAX__=9223372036854775807L '-D__INT64_TYPE__=long int' '-D__INT8_C(c)=c' -D__INT8_C_SUFFIX__= '-D__INT8_FMTd__="hhd"' '-D__INT8_FMTi__="hhi"' -D__INT8_MAX__=127 '-D__INT8_TYPE__=signed char' '-D__INTMAX_C(c)=c##L' -D__INTMAX_C_SUFFIX__=L '-D__INTMAX_FMTd__="ld"' '-D__INTMAX_FMTi__="li"' -D__INTMAX_MAX__=9223372036854775807L '-D__INTMAX_TYPE__=long int' -D__INTMAX_WIDTH__=64 '-D__INTPTR_FMTd__="ld"' '-D__INTPTR_FMTi__="li"' -D__INTPTR_MAX__=9223372036854775807L '-D__INTPTR_TYPE__=long int' -D__INTPTR_WIDTH__=64 '-D__INT_FAST16_FMTd__="hd"' '-D__INT_FAST16_FMTi__="hi"' -D__INT_FAST16_MAX__=32767 -D__INT_FAST16_TYPE__=short -D__INT_FAST16_WIDTH__=16 '-D__INT_FAST32_FMTd__="d"' '-D__INT_FAST32_FMTi__="i"' -D__INT_FAST32_MAX__=2147483647 -D__INT_FAST32_TYPE__=int -D__INT_FAST32_WIDTH__=32 '-D__INT_FAST64_FMTd__="ld"' '-D__INT_FAST64_FMTi__="li"' -D__INT_FAST64_MAX__=9223372036854775807L '-D__INT_FAST64_TYPE__=long int' -D__INT_FAST64_WIDTH__=64 '-D__INT_FAST8_FMTd__="hhd"' '-D__INT_FAST8_FMTi__="hhi"' -D__INT_FAST8_MAX__=127 '-D__INT_FAST8_TYPE__=signed char' -D__INT_FAST8_WIDTH__=8 '-D__INT_LEAST16_FMTd__="hd"' '-D__INT_LEAST16_FMTi__="hi"' -D__INT_LEAST16_MAX__=32767 -D__INT_LEAST16_TYPE__=short -D__INT_LEAST16_WIDTH__=16 '-D__INT_LEAST32_FMTd__="d"' '-D__INT_LEAST32_FMTi__="i"' -D__INT_LEAST32_MAX__=2147483647 -D__INT_LEAST32_TYPE__=int -D__INT_LEAST32_WIDTH__=32 '-D__INT_LEAST64_FMTd__="ld"' '-D__INT_LEAST64_FMTi__="li"' -D__INT_LEAST64_MAX__=9223372036854775807L '-D__INT_LEAST64_TYPE__=long int' -D__INT_LEAST64_WIDTH__=64 '-D__INT_LEAST8_FMTd__="hhd"' '-D__INT_LEAST8_FMTi__="hhi"' -D__INT_LEAST8_MAX__=127 '-D__INT_LEAST8_TYPE__=signed char' -D__INT_LEAST8_WIDTH__=8 -D__INT_MAX__=2147483647 -D__INT_WIDTH__=32 -D__LDBL_DECIMAL_DIG__=21 -D__LDBL_DENORM_MIN__=3.64519953188247460253e-4951L -D__LDBL_DIG__=18 -D__LDBL_EPSILON__=1.08420217248550443401e-19L -D__LDBL_HAS_DENORM__=1 -D__LDBL_HAS_INFINITY__=1 -D__LDBL_HAS_QUIET_NAN__=1 -D__LDBL_MANT_DIG__=64 -D__LDBL_MAX_10_EXP__=4932 -D__LDBL_MAX_EXP__=16384 '-D__LDBL_MAX__=1.18973149535723176502e+4932L' '-D__LDBL_MIN_10_EXP__=(-4931)' '-D__LDBL_MIN_EXP__=(-16381)' -D__LDBL_MIN__=3.36210314311209350626e-4932L '-D__LDBL_NORM_MAX__=1.18973149535723176502e+4932L' -D__LITTLE_ENDIAN__=1 -D__LLONG_WIDTH__=64 -D__LONG_LONG_MAX__=9223372036854775807LL -D__LONG_MAX__=9223372036854775807L -D__LONG_WIDTH__=64 -D__LP64__=1 -D__MEMORY_SCOPE_DEVICE=1 -D__MEMORY_SCOPE_SINGLE=4 -D__MEMORY_SCOPE_SYSTEM=0 -D__MEMORY_SCOPE_WRKGRP=2 -D__MEMORY_SCOPE_WVFRNT=3 -D__MMX__=1 -D__NO_MATH_INLINES=1 -D__OBJC_BOOL_IS_BOOL=0 -D__OPENCL_MEMORY_SCOPE_ALL_SVM_DEVICES=3 -D__OPENCL_MEMORY_SCOPE_DEVICE=2 -D__OPENCL_MEMORY_SCOPE_SUB_GROUP=4 -D__OPENCL_MEMORY_SCOPE_WORK_GROUP=1 -D__OPENCL_MEMORY_SCOPE_WORK_ITEM=0 -D__OPTIMIZE__=1 -D__ORDER_BIG_ENDIAN__=4321 -D__ORDER_LITTLE_ENDIAN__=1234 -D__ORDER_PDP_ENDIAN__=3412 -D__PIC__=2 -D__POINTER_WIDTH__=64 -D__PRAGMA_REDEFINE_EXTNAME=1 '-D__PTRDIFF_FMTd__="ld"' '-D__PTRDIFF_FMTi__="li"' -D__PTRDIFF_MAX__=9223372036854775807L '-D__PTRDIFF_TYPE__=long int' -D__PTRDIFF_WIDTH__=64 -D__REGISTER_PREFIX__= -D__SCHAR_MAX__=127 -D__SEG_FS=1 -D__SEG_GS=1 -D__SHRT_MAX__=32767 -D__SHRT_WIDTH__=16 -D__SIG_ATOMIC_MAX__=2147483647 -D__SIG_ATOMIC_WIDTH__=32 -D__SIZEOF_DOUBLE__=8 -D__SIZEOF_FLOAT128__=16 -D__SIZEOF_FLOAT__=4 -D__SIZEOF_INT128__=16 -D__SIZEOF_INT__=4 -D__SIZEOF_LONG_DOUBLE__=16 -D__SIZEOF_LONG_LONG__=8 -D__SIZEOF_LONG__=8 -D__SIZEOF_POINTER__=8 -D__SIZEOF_PTRDIFF_T__=8 -D__SIZEOF_SHORT__=2 -D__SIZEOF_SIZE_T__=8 -D__SIZEOF_WCHAR_T__=4 -D__SIZEOF_WINT_T__=4 '-D__SIZE_FMTX__="lX"' '-D__SIZE_FMTo__="lo"' '-D__SIZE_FMTu__="lu"' '-D__SIZE_FMTx__="lx"' -D__SIZE_MAX__=18446744073709551615UL '-D__SIZE_TYPE__=long unsigned int' -D__SIZE_WIDTH__=64 -D__SSE2_MATH__=1 -D__SSE2__=1 -D__SSE_MATH__=1 -D__SSE__=1 -D__STDC_EMBED_EMPTY__=2 -D__STDC_EMBED_FOUND__=1 -D__STDC_EMBED_NOT_FOUND__=0 -D__STDC_UTF_16__=1 -D__STDC_UTF_32__=1 '-D__UINT16_C(c)=c' -D__UINT16_C_SUFFIX__= '-D__UINT16_FMTX__="hX"' '-D__UINT16_FMTo__="ho"' '-D__UINT16_FMTu__="hu"' '-D__UINT16_FMTx__="hx"' -D__UINT16_MAX__=65535 '-D__UINT16_TYPE__=unsigned short' '-D__UINT32_C(c)=c##U' -D__UINT32_C_SUFFIX__=U '-D__UINT32_FMTX__="X"' '-D__UINT32_FMTo__="o"' '-D__UINT32_FMTu__="u"' '-D__UINT32_FMTx__="x"' -D__UINT32_MAX__=4294967295U '-D__UINT32_TYPE__=unsigned int' '-D__UINT64_C(c)=c##UL' -D__UINT64_C_SUFFIX__=UL '-D__UINT64_FMTX__="lX"' '-D__UINT64_FMTo__="lo"' '-D__UINT64_FMTu__="lu"' '-D__UINT64_FMTx__="lx"' -D__UINT64_MAX__=18446744073709551615UL '-D__UINT64_TYPE__=long unsigned int' '-D__UINT8_C(c)=c' -D__UINT8_C_SUFFIX__= '-D__UINT8_FMTX__="hhX"' '-D__UINT8_FMTo__="hho"' '-D__UINT8_FMTu__="hhu"' '-D__UINT8_FMTx__="hhx"' -D__UINT8_MAX__=255 '-D__UINT8_TYPE__=unsigned char' '-D__UINTMAX_C(c)=c##UL' -D__UINTMAX_C_SUFFIX__=UL '-D__UINTMAX_FMTX__="lX"' '-D__UINTMAX_FMTo__="lo"' '-D__UINTMAX_FMTu__="lu"' '-D__UINTMAX_FMTx__="lx"' -D__UINTMAX_MAX__=18446744073709551615UL '-D__UINTMAX_TYPE__=long unsigned int' -D__UINTMAX_WIDTH__=64 '-D__UINTPTR_FMTX__="lX"' '-D__UINTPTR_FMTo__="lo"' '-D__UINTPTR_FMTu__="lu"' '-D__UINTPTR_FMTx__="lx"' -D__UINTPTR_MAX__=18446744073709551615UL '-D__UINTPTR_TYPE__=long unsigned int' -D__UINTPTR_WIDTH__=64 '-D__UINT_FAST16_FMTX__="hX"' '-D__UINT_FAST16_FMTo__="ho"' '-D__UINT_FAST16_FMTu__="hu"' '-D__UINT_FAST16_FMTx__="hx"' -D__UINT_FAST16_MAX__=65535 '-D__UINT_FAST16_TYPE__=unsigned short' '-D__UINT_FAST32_FMTX__="X"' '-D__UINT_FAST32_FMTo__="o"' '-D__UINT_FAST32_FMTu__="u"' '-D__UINT_FAST32_FMTx__="x"' -D__UINT_FAST32_MAX__=4294967295U '-D__UINT_FAST32_TYPE__=unsigned int' '-D__UINT_FAST64_FMTX__="lX"' '-D__UINT_FAST64_FMTo__="lo"' '-D__UINT_FAST64_FMTu__="lu"' '-D__UINT_FAST64_FMTx__="lx"' -D__UINT_FAST64_MAX__=18446744073709551615UL '-D__UINT_FAST64_TYPE__=long unsigned int' '-D__UINT_FAST8_FMTX__="hhX"' '-D__UINT_FAST8_FMTo__="hho"' '-D__UINT_FAST8_FMTu__="hhu"' '-D__UINT_FAST8_FMTx__="hhx"' -D__UINT_FAST8_MAX__=255 '-D__UINT_FAST8_TYPE__=unsigned char' '-D__UINT_LEAST16_FMTX__="hX"' '-D__UINT_LEAST16_FMTo__="ho"' '-D__UINT_LEAST16_FMTu__="hu"' '-D__UINT_LEAST16_FMTx__="hx"' -D__UINT_LEAST16_MAX__=65535 '-D__UINT_LEAST16_TYPE__=unsigned short' '-D__UINT_LEAST32_FMTX__="X"' '-D__UINT_LEAST32_FMTo__="o"' '-D__UINT_LEAST32_FMTu__="u"' '-D__UINT_LEAST32_FMTx__="x"' -D__UINT_LEAST32_MAX__=4294967295U '-D__UINT_LEAST32_TYPE__=unsigned int' '-D__UINT_LEAST64_FMTX__="lX"' '-D__UINT_LEAST64_FMTo__="lo"' '-D__UINT_LEAST64_FMTu__="lu"' '-D__UINT_LEAST64_FMTx__="lx"' -D__UINT_LEAST64_MAX__=18446744073709551615UL '-D__UINT_LEAST64_TYPE__=long unsigned int' '-D__UINT_LEAST8_FMTX__="hhX"' '-D__UINT_LEAST8_FMTo__="hho"' '-D__UINT_LEAST8_FMTu__="hhu"' '-D__UINT_LEAST8_FMTx__="hhx"' -D__UINT_LEAST8_MAX__=255 '-D__UINT_LEAST8_TYPE__=unsigned char' -D__USER_LABEL_PREFIX__= '-D__VERSION__="Clang 22.0.0git (https://github.com/llvm/llvm-project.git cb2f0d0a5f14c183e7182aba0f0e54a518de9e3f)"' -D__WCHAR_MAX__=2147483647 -D__WCHAR_TYPE__=int -D__WCHAR_WIDTH__=32 -D__WINT_MAX__=4294967295U '-D__WINT_TYPE__=unsigned int' -D__WINT_UNSIGNED__=1 -D__WINT_WIDTH__=32 -D__amd64=1 -D__amd64__=1 -D__clang__=1 '-D__clang_literal_encoding__="UTF-8"' -D__clang_major__=22 -D__clang_minor__=0 -D__clang_patchlevel__=0 '-D__clang_version__="22.0.0git (https://github.com/llvm/llvm-project.git cb2f0d0a5f14c183e7182aba0f0e54a518de9e3f)"' '-D__clang_wide_literal_encoding__="UTF-32"' -D__code_model_small__=1 -D__gnu_linux__=1 -D__k8=1 -D__k8__=1 -D__linux=1 -D__linux__=1 -D__llvm__=1 -D__pic__=2 '-D__seg_fs=__attribute__((address_space(257)))' '-D__seg_gs=__attribute__((address_space(256)))' -D__tune_k8__=1 -D__unix=1 -D__unix__=1 -D__x86_64=1 -D__x86_64__=1 -Dlinux=1 -Dunix=1 '-D__private_extern__=extern __attribute__((visibility("hidden")))' -DHAVE_CONFIG_H -I../../include -I../../src/lib -I../../include -I../../src/lib -DCARES_BUILDING_LIBRARY -DCARES_SYMBOL_HIDING -DFUZZING_BUILD_MODE_UNSAFE_FOR_PRODUCTION -DPIC -I/usr/local/lib/clang/22/include -I/usr/local/include -I/usr/include/x86_64-linux-gnu -I/usr/include -- ares__timeval.c
[E 10:29:24 16378] CODEQL_EXTRACTOR_CPP_TRAP_CACHING is not set
[E 10:29:24 16378] CODEQL_EXTRACTOR_CPP_OPTION_TRAP_CACHE_WRITE is not set
[E 10:29:24 16378] CODEQL_EXTRACTOR_CPP_OPTION_TRAP_CACHE_DIR is not set
[E 10:29:24 16378] Initialising TRAP cache at path: 41/db97/978e27b5c66b6329b5f48406899e
[E 10:29:24 16378] Not using TRAP cache
[E 10:29:24 16378] TRAP cache miss
[E 10:29:24 16378] Starting compilation TRAP /src/fuzzing_os/codeqldb/c-ares/trap/cpp/compilations/30/27477198_0.trap.zst
[E 10:29:24 16378] Archiving /src/fuzzing_os/codeqldb/c-ares/src/src/c-ares/src/lib/ares__timeval.c
[E 10:29:24 16378] Already archived /src/fuzzing_os/codeqldb/c-ares/src/src/c-ares/src/lib/ares_setup.h
[E 10:29:24 16378] Already archived /src/fuzzing_os/codeqldb/c-ares/src/src/c-ares/src/lib/ares_config.h
[E 10:29:24 16378] Already archived /src/fuzzing_os/codeqldb/c-ares/src/src/c-ares/include/ares_build.h
[E 10:29:24 16378] Already archived /src/fuzzing_os/codeqldb/c-ares/src/usr/include/x86_64-linux-gnu/sys/types.h
[E 10:29:24 16378] Already archived /src/fuzzing_os/codeqldb/c-ares/src/usr/include/features.h
[E 10:29:24 16378] Already archived /src/fuzzing_os/codeqldb/c-ares/src/usr/include/stdc-predef.h
[E 10:29:24 16378] Already archived /src/fuzzing_os/codeqldb/c-ares/src/usr/include/x86_64-linux-gnu/sys/cdefs.h
[E 10:29:24 16378] Already archived /src/fuzzing_os/codeqldb/c-ares/src/usr/include/x86_64-linux-gnu/bits/wordsize.h
[E 10:29:24 16378] Already archived /src/fuzzing_os/codeqldb/c-ares/src/usr/include/x86_64-linux-gnu/bits/long-double.h
[E 10:29:24 16378] Already archived /src/fuzzing_os/codeqldb/c-ares/src/usr/include/x86_64-linux-gnu/gnu/stubs.h
[E 10:29:24 16378] Already archived /src/fuzzing_os/codeqldb/c-ares/src/usr/include/x86_64-linux-gnu/gnu/stubs-64.h
[E 10:29:24 16378] Already archived /src/fuzzing_os/codeqldb/c-ares/src/usr/include/x86_64-linux-gnu/bits/types.h
[E 10:29:24 16378] Already archived /src/fuzzing_os/codeqldb/c-ares/src/usr/include/x86_64-linux-gnu/bits/wordsize.h
[E 10:29:24 16378] Already archived /src/fuzzing_os/codeqldb/c-ares/src/usr/include/x86_64-linux-gnu/bits/timesize.h
[E 10:29:24 16378] Already archived /src/fuzzing_os/codeqldb/c-ares/src/usr/include/x86_64-linux-gnu/bits/typesizes.h
[E 10:29:24 16378] Already archived /src/fuzzing_os/codeqldb/c-ares/src/usr/include/x86_64-linux-gnu/bits/time64.h
[E 10:29:24 16378] Already archived /src/fuzzing_os/codeqldb/c-ares/src/usr/include/x86_64-linux-gnu/bits/types/clock_t.h
[E 10:29:24 16378] Already archived /src/fuzzing_os/codeqldb/c-ares/src/usr/include/x86_64-linux-gnu/bits/types/clockid_t.h
[E 10:29:24 16378] Already archived /src/fuzzing_os/codeqldb/c-ares/src/usr/include/x86_64-linux-gnu/bits/types/time_t.h
[E 10:29:24 16378] Already archived /src/fuzzing_os/codeqldb/c-ares/src/usr/include/x86_64-linux-gnu/bits/types/timer_t.h
[E 10:29:24 16378] Already archived /src/fuzzing_os/codeqldb/c-ares/src/usr/local/lib/clang/22/include/stddef.h
[E 10:29:24 16378] Already archived /src/fuzzing_os/codeqldb/c-ares/src/usr/local/lib/clang/22/include/__stddef_size_t.h
[E 10:29:24 16378] Warning[extractor-c++]: In construct_text_message: "/usr/local/lib/clang/22/include/__stddef_size_t.h", line 15: error: expression preceding parentheses of apparent call must have (pointer-to-) function type
      (__has_feature(modules) && !__building_module(_Builtin_stddef))
                                  ^


[E 10:29:24 16378] Already archived /src/fuzzing_os/codeqldb/c-ares/src/usr/include/x86_64-linux-gnu/bits/stdint-intn.h
[E 10:29:24 16378] Already archived /src/fuzzing_os/codeqldb/c-ares/src/usr/include/endian.h
[E 10:29:24 16378] Already archived /src/fuzzing_os/codeqldb/c-ares/src/usr/include/x86_64-linux-gnu/bits/endian.h
[E 10:29:24 16378] Already archived /src/fuzzing_os/codeqldb/c-ares/src/usr/include/x86_64-linux-gnu/bits/endianness.h
[E 10:29:24 16378] Already archived /src/fuzzing_os/codeqldb/c-ares/src/usr/include/x86_64-linux-gnu/bits/byteswap.h
[E 10:29:24 16378] Already archived /src/fuzzing_os/codeqldb/c-ares/src/usr/include/x86_64-linux-gnu/bits/uintn-identity.h
[E 10:29:24 16378] Already archived /src/fuzzing_os/codeqldb/c-ares/src/usr/include/x86_64-linux-gnu/sys/select.h
[E 10:29:24 16378] Already archived /src/fuzzing_os/codeqldb/c-ares/src/usr/include/x86_64-linux-gnu/bits/select.h
[E 10:29:24 16378] Already archived /src/fuzzing_os/codeqldb/c-ares/src/usr/include/x86_64-linux-gnu/bits/wordsize.h
[E 10:29:24 16378] Already archived /src/fuzzing_os/codeqldb/c-ares/src/usr/include/x86_64-linux-gnu/bits/types/sigset_t.h
[E 10:29:24 16378] Already archived /src/fuzzing_os/codeqldb/c-ares/src/usr/include/x86_64-linux-gnu/bits/types/__sigset_t.h
[E 10:29:24 16378] Already archived /src/fuzzing_os/codeqldb/c-ares/src/usr/include/x86_64-linux-gnu/bits/types/struct_timeval.h
[E 10:29:24 16378] Already archived /src/fuzzing_os/codeqldb/c-ares/src/usr/include/x86_64-linux-gnu/bits/types/struct_timespec.h
[E 10:29:24 16378] Already archived /src/fuzzing_os/codeqldb/c-ares/src/usr/include/x86_64-linux-gnu/bits/pthreadtypes.h
[E 10:29:24 16378] Already archived /src/fuzzing_os/codeqldb/c-ares/src/usr/include/x86_64-linux-gnu/bits/thread-shared-types.h
[E 10:29:24 16378] Already archived /src/fuzzing_os/codeqldb/c-ares/src/usr/include/x86_64-linux-gnu/bits/pthreadtypes-arch.h
[E 10:29:24 16378] Already archived /src/fuzzing_os/codeqldb/c-ares/src/usr/include/x86_64-linux-gnu/bits/wordsize.h
[E 10:29:24 16378] Already archived /src/fuzzing_os/codeqldb/c-ares/src/usr/include/x86_64-linux-gnu/bits/struct_mutex.h
[E 10:29:24 16378] Already archived /src/fuzzing_os/codeqldb/c-ares/src/usr/include/x86_64-linux-gnu/bits/struct_rwlock.h
[E 10:29:24 16378] Already archived /src/fuzzing_os/codeqldb/c-ares/src/usr/include/x86_64-linux-gnu/sys/socket.h
[E 10:29:24 16378] Already archived /src/fuzzing_os/codeqldb/c-ares/src/usr/include/x86_64-linux-gnu/bits/types/struct_iovec.h
[E 10:29:24 16378] Already archived /src/fuzzing_os/codeqldb/c-ares/src/usr/local/lib/clang/22/include/stddef.h
[E 10:29:24 16378] Already archived /src/fuzzing_os/codeqldb/c-ares/src/usr/local/lib/clang/22/include/__stddef_size_t.h
[E 10:29:24 16378] Warning[extractor-c++]: In construct_text_message: "/usr/local/lib/clang/22/include/__stddef_size_t.h", line 15: error: expression preceding parentheses of apparent call must have (pointer-to-) function type
      (__has_feature(modules) && !__building_module(_Builtin_stddef))
                                  ^


[E 10:29:24 16378] Already archived /src/fuzzing_os/codeqldb/c-ares/src/usr/local/lib/clang/22/include/stddef.h
[E 10:29:24 16378] Already archived /src/fuzzing_os/codeqldb/c-ares/src/usr/local/lib/clang/22/include/__stddef_size_t.h
[E 10:29:24 16378] Warning[extractor-c++]: In construct_text_message: "/usr/local/lib/clang/22/include/__stddef_size_t.h", line 15: error: expression preceding parentheses of apparent call must have (pointer-to-) function type
      (__has_feature(modules) && !__building_module(_Builtin_stddef))
                                  ^


[E 10:29:24 16378] Already archived /src/fuzzing_os/codeqldb/c-ares/src/usr/include/x86_64-linux-gnu/bits/socket.h
[E 10:29:24 16378] Already archived /src/fuzzing_os/codeqldb/c-ares/src/usr/local/lib/clang/22/include/stddef.h
[E 10:29:24 16378] Already archived /src/fuzzing_os/codeqldb/c-ares/src/usr/local/lib/clang/22/include/__stddef_size_t.h
[E 10:29:24 16378] Warning[extractor-c++]: In construct_text_message: "/usr/local/lib/clang/22/include/__stddef_size_t.h", line 15: error: expression preceding parentheses of apparent call must have (pointer-to-) function type
      (__has_feature(modules) && !__building_module(_Builtin_stddef))
                                  ^


[E 10:29:24 16378] Archiving /src/fuzzing_os/codeqldb/c-ares/src/usr/include/x86_64-linux-gnu/bits/socket_type.h
[E 10:29:24 16378] Already archived /src/fuzzing_os/codeqldb/c-ares/src/usr/include/x86_64-linux-gnu/bits/sockaddr.h
[E 10:29:24 16378] Already archived /src/fuzzing_os/codeqldb/c-ares/src/usr/include/x86_64-linux-gnu/asm/socket.h
[E 10:29:24 16378] Archiving /src/fuzzing_os/codeqldb/c-ares/src/usr/include/asm-generic/socket.h
[E 10:29:24 16378] Archiving /src/fuzzing_os/codeqldb/c-ares/src/usr/include/linux/posix_types.h
[E 10:29:24 16378] Archiving /src/fuzzing_os/codeqldb/c-ares/src/usr/include/linux/stddef.h
[E 10:29:24 16378] Archiving /src/fuzzing_os/codeqldb/c-ares/src/usr/include/x86_64-linux-gnu/asm/posix_types.h
[E 10:29:24 16378] Archiving /src/fuzzing_os/codeqldb/c-ares/src/usr/include/x86_64-linux-gnu/asm/posix_types_64.h
[E 10:29:24 16378] Archiving /src/fuzzing_os/codeqldb/c-ares/src/usr/include/asm-generic/posix_types.h
[E 10:29:24 16378] Archiving /src/fuzzing_os/codeqldb/c-ares/src/usr/include/x86_64-linux-gnu/asm/bitsperlong.h
[E 10:29:24 16378] Already archived /src/fuzzing_os/codeqldb/c-ares/src/usr/include/asm-generic/bitsperlong.h
[E 10:29:24 16378] Already archived /src/fuzzing_os/codeqldb/c-ares/src/usr/include/x86_64-linux-gnu/asm/sockios.h
[E 10:29:24 16378] Already archived /src/fuzzing_os/codeqldb/c-ares/src/usr/include/asm-generic/sockios.h
[E 10:29:24 16378] Already archived /src/fuzzing_os/codeqldb/c-ares/src/usr/include/x86_64-linux-gnu/bits/types/struct_osockaddr.h
[E 10:29:24 16378] Already archived /src/fuzzing_os/codeqldb/c-ares/src/src/c-ares/include/ares_rules.h
[E 10:29:24 16378] Already archived /src/fuzzing_os/codeqldb/c-ares/src/src/c-ares/src/lib/setup_once.h
[E 10:29:24 16378] Already archived /src/fuzzing_os/codeqldb/c-ares/src/usr/include/stdio.h
[E 10:29:24 16378] Already archived /src/fuzzing_os/codeqldb/c-ares/src/usr/include/x86_64-linux-gnu/bits/libc-header-start.h
[E 10:29:24 16378] Already archived /src/fuzzing_os/codeqldb/c-ares/src/usr/local/lib/clang/22/include/stddef.h
[E 10:29:24 16378] Already archived /src/fuzzing_os/codeqldb/c-ares/src/usr/local/lib/clang/22/include/__stddef_size_t.h
[E 10:29:24 16378] Warning[extractor-c++]: In construct_text_message: "/usr/local/lib/clang/22/include/__stddef_size_t.h", line 15: error: expression preceding parentheses of apparent call must have (pointer-to-) function type
      (__has_feature(modules) && !__building_module(_Builtin_stddef))
                                  ^


[E 10:29:24 16378] Already archived /src/fuzzing_os/codeqldb/c-ares/src/usr/local/lib/clang/22/include/__stddef_null.h
[E 10:29:24 16378] Warning[extractor-c++]: In construct_text_message: "/usr/local/lib/clang/22/include/__stddef_null.h", line 10: error: expression preceding parentheses of apparent call must have (pointer-to-) function type
  #if !defined(NULL) || !__building_module(_Builtin_stddef)
                         ^


[E 10:29:24 16378] Already archived /src/fuzzing_os/codeqldb/c-ares/src/usr/local/lib/clang/22/include/stdarg.h
[E 10:29:24 16378] Archiving /src/fuzzing_os/codeqldb/c-ares/src/usr/local/lib/clang/22/include/__stdarg___gnuc_va_list.h
[E 10:29:24 16378] Archiving /src/fuzzing_os/codeqldb/c-ares/src/usr/include/x86_64-linux-gnu/bits/types/__fpos_t.h
[E 10:29:24 16378] Already archived /src/fuzzing_os/codeqldb/c-ares/src/usr/include/x86_64-linux-gnu/bits/types/__mbstate_t.h
[E 10:29:24 16378] Archiving /src/fuzzing_os/codeqldb/c-ares/src/usr/include/x86_64-linux-gnu/bits/types/__fpos64_t.h
[E 10:29:24 16378] Archiving /src/fuzzing_os/codeqldb/c-ares/src/usr/include/x86_64-linux-gnu/bits/types/__FILE.h
[E 10:29:24 16378] Archiving /src/fuzzing_os/codeqldb/c-ares/src/usr/include/x86_64-linux-gnu/bits/types/FILE.h
[E 10:29:24 16378] Archiving /src/fuzzing_os/codeqldb/c-ares/src/usr/include/x86_64-linux-gnu/bits/types/struct_FILE.h
[E 10:29:24 16378] Archiving /src/fuzzing_os/codeqldb/c-ares/src/usr/include/x86_64-linux-gnu/bits/stdio_lim.h
[E 10:29:24 16378] Archiving /src/fuzzing_os/codeqldb/c-ares/src/usr/include/x86_64-linux-gnu/bits/sys_errlist.h
[E 10:29:24 16378] Already archived /src/fuzzing_os/codeqldb/c-ares/src/usr/include/x86_64-linux-gnu/bits/stdio.h
[E 10:29:24 16378] Already archived /src/fuzzing_os/codeqldb/c-ares/src/usr/include/stdlib.h
[E 10:29:24 16378] Already archived /src/fuzzing_os/codeqldb/c-ares/src/usr/include/x86_64-linux-gnu/bits/libc-header-start.h
[E 10:29:24 16378] Already archived /src/fuzzing_os/codeqldb/c-ares/src/usr/local/lib/clang/22/include/stddef.h
[E 10:29:24 16378] Already archived /src/fuzzing_os/codeqldb/c-ares/src/usr/local/lib/clang/22/include/__stddef_size_t.h
[E 10:29:24 16378] Warning[extractor-c++]: In construct_text_message: "/usr/local/lib/clang/22/include/__stddef_size_t.h", line 15: error: expression preceding parentheses of apparent call must have (pointer-to-) function type
      (__has_feature(modules) && !__building_module(_Builtin_stddef))
                                  ^


[E 10:29:24 16378] Already archived /src/fuzzing_os/codeqldb/c-ares/src/usr/local/lib/clang/22/include/__stddef_wchar_t.h
[E 10:29:24 16378] Warning[extractor-c++]: In construct_text_message: "/usr/local/lib/clang/22/include/__stddef_wchar_t.h", line 17: error: expression preceding parentheses of apparent call must have (pointer-to-) function type
      (__has_feature(modules) && !__building_module(_Builtin_stddef))
                                  ^


[E 10:29:24 16378] Already archived /src/fuzzing_os/codeqldb/c-ares/src/usr/local/lib/clang/22/include/__stddef_null.h
[E 10:29:24 16378] Warning[extractor-c++]: In construct_text_message: "/usr/local/lib/clang/22/include/__stddef_null.h", line 10: error: function call is not allowed in a constant expression
  #if !defined(NULL) || !__building_module(_Builtin_stddef)
                         ^


[E 10:29:24 16378] Already archived /src/fuzzing_os/codeqldb/c-ares/src/usr/include/x86_64-linux-gnu/bits/waitflags.h
[E 10:29:24 16378] Already archived /src/fuzzing_os/codeqldb/c-ares/src/usr/include/x86_64-linux-gnu/bits/waitstatus.h
[E 10:29:24 16378] Already archived /src/fuzzing_os/codeqldb/c-ares/src/usr/include/x86_64-linux-gnu/bits/floatn.h
[E 10:29:24 16378] Already archived /src/fuzzing_os/codeqldb/c-ares/src/usr/include/x86_64-linux-gnu/bits/floatn-common.h
[E 10:29:24 16378] Already archived /src/fuzzing_os/codeqldb/c-ares/src/usr/include/x86_64-linux-gnu/bits/long-double.h
[E 10:29:24 16378] Already archived /src/fuzzing_os/codeqldb/c-ares/src/usr/include/alloca.h
[E 10:29:24 16378] Already archived /src/fuzzing_os/codeqldb/c-ares/src/usr/local/lib/clang/22/include/stddef.h
[E 10:29:24 16378] Already archived /src/fuzzing_os/codeqldb/c-ares/src/usr/local/lib/clang/22/include/__stddef_size_t.h
[E 10:29:24 16378] Warning[extractor-c++]: In construct_text_message: "/usr/local/lib/clang/22/include/__stddef_size_t.h", line 15: error: expression preceding parentheses of apparent call must have (pointer-to-) function type
      (__has_feature(modules) && !__building_module(_Builtin_stddef))
                                  ^


[E 10:29:24 16378] Already archived /src/fuzzing_os/codeqldb/c-ares/src/usr/include/x86_64-linux-gnu/bits/stdlib-bsearch.h
[E 10:29:24 16378] Already archived /src/fuzzing_os/codeqldb/c-ares/src/usr/include/x86_64-linux-gnu/bits/stdlib-float.h
[E 10:29:24 16378] Already archived /src/fuzzing_os/codeqldb/c-ares/src/usr/include/string.h
[E 10:29:24 16378] Already archived /src/fuzzing_os/codeqldb/c-ares/src/usr/include/x86_64-linux-gnu/bits/libc-header-start.h
[E 10:29:24 16378] Already archived /src/fuzzing_os/codeqldb/c-ares/src/usr/local/lib/clang/22/include/stddef.h
[E 10:29:24 16378] Already archived /src/fuzzing_os/codeqldb/c-ares/src/usr/local/lib/clang/22/include/__stddef_size_t.h
[E 10:29:24 16378] Warning[extractor-c++]: In construct_text_message: "/usr/local/lib/clang/22/include/__stddef_size_t.h", line 15: error: expression preceding parentheses of apparent call must have (pointer-to-) function type
      (__has_feature(modules) && !__building_module(_Builtin_stddef))
                                  ^


[E 10:29:24 16378] Already archived /src/fuzzing_os/codeqldb/c-ares/src/usr/local/lib/clang/22/include/__stddef_null.h
[E 10:29:24 16378] Warning[extractor-c++]: In construct_text_message: "/usr/local/lib/clang/22/include/__stddef_null.h", line 10: error: function call is not allowed in a constant expression
  #if !defined(NULL) || !__building_module(_Builtin_stddef)
                         ^


[E 10:29:24 16378] Already archived /src/fuzzing_os/codeqldb/c-ares/src/usr/include/x86_64-linux-gnu/bits/types/locale_t.h
[E 10:29:24 16378] Already archived /src/fuzzing_os/codeqldb/c-ares/src/usr/include/x86_64-linux-gnu/bits/types/__locale_t.h
[E 10:29:24 16378] Already archived /src/fuzzing_os/codeqldb/c-ares/src/usr/include/strings.h
[E 10:29:24 16378] Already archived /src/fuzzing_os/codeqldb/c-ares/src/usr/local/lib/clang/22/include/stddef.h
[E 10:29:24 16378] Already archived /src/fuzzing_os/codeqldb/c-ares/src/usr/local/lib/clang/22/include/__stddef_size_t.h
[E 10:29:24 16378] Warning[extractor-c++]: In construct_text_message: "/usr/local/lib/clang/22/include/__stddef_size_t.h", line 15: error: expression preceding parentheses of apparent call must have (pointer-to-) function type
      (__has_feature(modules) && !__building_module(_Builtin_stddef))
                                  ^


[E 10:29:24 16378] Already archived /src/fuzzing_os/codeqldb/c-ares/src/usr/local/lib/clang/22/include/stdarg.h
[E 10:29:24 16378] Already archived /src/fuzzing_os/codeqldb/c-ares/src/usr/local/lib/clang/22/include/__stdarg_header_macro.h
[E 10:29:24 16378] Already archived /src/fuzzing_os/codeqldb/c-ares/src/usr/local/lib/clang/22/include/__stdarg_va_list.h
[E 10:29:24 16378] Already archived /src/fuzzing_os/codeqldb/c-ares/src/usr/local/lib/clang/22/include/__stdarg_va_arg.h
[E 10:29:24 16378] Already archived /src/fuzzing_os/codeqldb/c-ares/src/usr/local/lib/clang/22/include/__stdarg___va_copy.h
[E 10:29:24 16378] Already archived /src/fuzzing_os/codeqldb/c-ares/src/usr/local/lib/clang/22/include/__stdarg_va_copy.h
[E 10:29:24 16378] Already archived /src/fuzzing_os/codeqldb/c-ares/src/usr/include/ctype.h
[E 10:29:24 16378] Already archived /src/fuzzing_os/codeqldb/c-ares/src/usr/include/errno.h
[E 10:29:24 16378] Already archived /src/fuzzing_os/codeqldb/c-ares/src/usr/include/x86_64-linux-gnu/bits/errno.h
[E 10:29:24 16378] Already archived /src/fuzzing_os/codeqldb/c-ares/src/usr/include/linux/errno.h
[E 10:29:24 16378] Already archived /src/fuzzing_os/codeqldb/c-ares/src/usr/include/x86_64-linux-gnu/asm/errno.h
[E 10:29:24 16378] Already archived /src/fuzzing_os/codeqldb/c-ares/src/usr/include/asm-generic/errno.h
[E 10:29:24 16378] Already archived /src/fuzzing_os/codeqldb/c-ares/src/usr/include/asm-generic/errno-base.h
[E 10:29:24 16378] Already archived /src/fuzzing_os/codeqldb/c-ares/src/usr/include/x86_64-linux-gnu/sys/stat.h
[E 10:29:24 16378] Already archived /src/fuzzing_os/codeqldb/c-ares/src/usr/include/x86_64-linux-gnu/bits/stat.h
[E 10:29:24 16378] Already archived /src/fuzzing_os/codeqldb/c-ares/src/usr/include/x86_64-linux-gnu/sys/time.h
[E 10:29:24 16378] Already archived /src/fuzzing_os/codeqldb/c-ares/src/usr/include/time.h
[E 10:29:24 16378] Already archived /src/fuzzing_os/codeqldb/c-ares/src/usr/local/lib/clang/22/include/stddef.h
[E 10:29:24 16378] Already archived /src/fuzzing_os/codeqldb/c-ares/src/usr/local/lib/clang/22/include/__stddef_size_t.h
[E 10:29:24 16378] Warning[extractor-c++]: In construct_text_message: "/usr/local/lib/clang/22/include/__stddef_size_t.h", line 15: error: expression preceding parentheses of apparent call must have (pointer-to-) function type
      (__has_feature(modules) && !__building_module(_Builtin_stddef))
                                  ^


[E 10:29:24 16378] Already archived /src/fuzzing_os/codeqldb/c-ares/src/usr/local/lib/clang/22/include/__stddef_null.h
[E 10:29:24 16378] Warning[extractor-c++]: In construct_text_message: "/usr/local/lib/clang/22/include/__stddef_null.h", line 10: error: function call is not allowed in a constant expression
  #if !defined(NULL) || !__building_module(_Builtin_stddef)
                         ^


[E 10:29:24 16378] Already archived /src/fuzzing_os/codeqldb/c-ares/src/usr/include/x86_64-linux-gnu/bits/time.h
[E 10:29:24 16378] Already archived /src/fuzzing_os/codeqldb/c-ares/src/usr/include/x86_64-linux-gnu/bits/types/struct_tm.h
[E 10:29:24 16378] Already archived /src/fuzzing_os/codeqldb/c-ares/src/usr/include/x86_64-linux-gnu/bits/types/struct_itimerspec.h
[E 10:29:24 16378] Already archived /src/fuzzing_os/codeqldb/c-ares/src/usr/local/lib/clang/22/include/stdbool.h
[E 10:29:24 16378] Already archived /src/fuzzing_os/codeqldb/c-ares/src/usr/include/unistd.h
[E 10:29:24 16378] Already archived /src/fuzzing_os/codeqldb/c-ares/src/usr/include/x86_64-linux-gnu/bits/posix_opt.h
[E 10:29:24 16378] Already archived /src/fuzzing_os/codeqldb/c-ares/src/usr/include/x86_64-linux-gnu/bits/environments.h
[E 10:29:24 16378] Already archived /src/fuzzing_os/codeqldb/c-ares/src/usr/include/x86_64-linux-gnu/bits/wordsize.h
[E 10:29:24 16378] Already archived /src/fuzzing_os/codeqldb/c-ares/src/usr/local/lib/clang/22/include/stddef.h
[E 10:29:24 16378] Already archived /src/fuzzing_os/codeqldb/c-ares/src/usr/local/lib/clang/22/include/__stddef_size_t.h
[E 10:29:24 16378] Warning[extractor-c++]: In construct_text_message: "/usr/local/lib/clang/22/include/__stddef_size_t.h", line 15: error: expression preceding parentheses of apparent call must have (pointer-to-) function type
      (__has_feature(modules) && !__building_module(_Builtin_stddef))
                                  ^


[E 10:29:24 16378] Already archived /src/fuzzing_os/codeqldb/c-ares/src/usr/local/lib/clang/22/include/__stddef_null.h
[E 10:29:24 16378] Warning[extractor-c++]: In construct_text_message: "/usr/local/lib/clang/22/include/__stddef_null.h", line 10: error: function call is not allowed in a constant expression
  #if !defined(NULL) || !__building_module(_Builtin_stddef)
                         ^


[E 10:29:24 16378] Archiving /src/fuzzing_os/codeqldb/c-ares/src/usr/include/x86_64-linux-gnu/bits/confname.h
[E 10:29:24 16378] Archiving /src/fuzzing_os/codeqldb/c-ares/src/usr/include/x86_64-linux-gnu/bits/getopt_posix.h
[E 10:29:24 16378] Archiving /src/fuzzing_os/codeqldb/c-ares/src/usr/include/x86_64-linux-gnu/bits/getopt_core.h
[E 10:29:24 16378] Already archived /src/fuzzing_os/codeqldb/c-ares/src/usr/include/x86_64-linux-gnu/bits/unistd_ext.h
[E 10:29:24 16378] Already archived /src/fuzzing_os/codeqldb/c-ares/src/src/c-ares/include/ares.h
[E 10:29:24 16378] Archiving /src/fuzzing_os/codeqldb/c-ares/src/src/c-ares/include/ares_version.h
[E 10:29:24 16378] Already archived /src/fuzzing_os/codeqldb/c-ares/src/usr/include/netinet/in.h
[E 10:29:24 16378] Already archived /src/fuzzing_os/codeqldb/c-ares/src/usr/include/x86_64-linux-gnu/bits/stdint-uintn.h
[E 10:29:24 16378] Already archived /src/fuzzing_os/codeqldb/c-ares/src/usr/include/x86_64-linux-gnu/bits/in.h
[E 10:29:24 16378] Already archived /src/fuzzing_os/codeqldb/c-ares/src/usr/include/x86_64-linux-gnu/bits/byteswap.h
[E 10:29:24 16378] Already archived /src/fuzzing_os/codeqldb/c-ares/src/usr/include/x86_64-linux-gnu/bits/uintn-identity.h
[E 10:29:24 16378] Already archived /src/fuzzing_os/codeqldb/c-ares/src/src/c-ares/src/lib/ares_private.h
[E 10:29:24 16378] Already archived /src/fuzzing_os/codeqldb/c-ares/src/src/c-ares/src/lib/ares_ipv6.h
[E 10:29:24 16378] Already archived /src/fuzzing_os/codeqldb/c-ares/src/src/c-ares/src/lib/ares_llist.h
[E 10:29:24 16378] Archiving /src/fuzzing_os/codeqldb/c-ares/src/src/c-ares/src/lib/ares_strdup.h
[E 10:29:24 16378] Archiving /src/fuzzing_os/codeqldb/c-ares/src/src/c-ares/src/lib/ares_strsplit.h
[E 10:29:24 16378] Creating trap tarball /src/fuzzing_os/codeqldb/c-ares/trap/cpp/tarballs/src/c-ares/src/lib/ares__timeval.c.25582915_0.trap.tar.zst
[E 10:29:24 16378] Emitting trap files for ares__timeval.c
[E 10:29:24 16378] Opening existencedb in /src/fuzzing_os/codeqldb/c-ares/working/existencedb/db
[E 10:29:24 16378] Wrote 81 files to /src/fuzzing_os/codeqldb/c-ares/trap/cpp/tarballs/src/c-ares/src/lib/ares__timeval.c.25582915_0.trap.tar.zst
[E 10:29:24 16378] Finished compilation TRAP /src/fuzzing_os/codeqldb/c-ares/trap/cpp/compilations/30/27477198_0.trap.zst
[E 10:29:24 16378] Marking C compilation as happened.
[E 10:29:24 16378] Setting tag c-compilation-happened
[E 10:29:24 16378] Starting from CODEQL_TRACER_DB_ID 0000000000003FD6_0000000000000001
[E 10:29:24 16378] Locking DB /src/fuzzing_os/codeqldb/c-ares/working/tags.db
[E 10:29:24 16378] Locked DB /src/fuzzing_os/codeqldb/c-ares/working/tags.db
[E 10:29:24 16378] Set tag for 0000000000003FD6_0000000000000001
[E 10:29:24 16378] Set tag for 0000000000003E8A_0000000000000002
[E 10:29:24 16378] Set tag for 0000000000003E8A_0000000000000001
[E 10:29:24 16378] Set tag for 0000000000003E7E_0000000000000001
[E 10:29:24 16378] Set tag for 0000000000003E79_0000000000000001
[E 10:29:24 16378] Set tag for 0000000000003E78_0000000000000002
[E 10:29:24 16378] Set tag for 0000000000003E78_0000000000000001
[E 10:29:24 16378] Set tag for 0000000000003E75_0000000000000001
[E 10:29:24 16378] Set tag for 0000000000003E6F_0000000000000001
[E 10:29:24 16378] Set tag for 0000000000003E6E_0000000000000001
[E 10:29:24 16378] Set tag for 0000000000003E61_0000000000000001
[E 10:29:24 16378] Set tag for 0000000000003E60_0000000000000001
[E 10:29:24 16378] Set tag for 0000000000000054_0000000000000001
[E 10:29:24 16378] Set tag for 0000000000000050_0000000000000003
[E 10:29:24 16378] Set tag for 0000000000000050_0000000000000002
[E 10:29:24 16378] Set tag for root
[E 10:29:24 16378] Unlocking DB
[E 10:29:24 16378] Unlocked DB
[E 10:29:24 16378] Warning[extractor-c++]: In main: Extractor exiting with code 1
