-- The C compiler identification is GNU 11.4.0
-- Detecting C compiler ABI info
-- Detecting C compiler ABI info - done
-- Check for working C compiler: /usr/bin/cc - skipped
-- Detecting C compile features
-- Detecting C compile features - done
-- Looking for res_servicename
-- Looking for res_servicename - not found
-- Looking for res_servicename in resolv
-- Looking for res_servicename in resolv - not found
-- Looking for gethostbyname
-- Looking for gethostbyname - found
-- Looking for socket
-- Looking for socket - found
-- Looking for clock_gettime
-- Looking for clock_gettime - found
-- Looking for include file sys/types.h
-- Looking for include file sys/types.h - found
-- Looking for include file sys/socket.h
-- Looking for include file sys/socket.h - found
-- Looking for include file sys/sockio.h
-- Looking for include file sys/sockio.h - not found
-- Looking for include file arpa/inet.h
-- Looking for include file arpa/inet.h - found
-- Looking for include file arpa/nameser_compat.h
-- Looking for include file arpa/nameser_compat.h - found
-- Looking for include file arpa/nameser.h
-- Looking for include file arpa/nameser.h - found
-- Looking for include file assert.h
-- Looking for include file assert.h - found
-- Looking for include file errno.h
-- Looking for include file errno.h - found
-- Looking for include file fcntl.h
-- Looking for include file fcntl.h - found
-- Looking for include file inttypes.h
-- Looking for include file inttypes.h - found
-- Looking for include file limits.h
-- Looking for include file limits.h - found
-- Looking for include file malloc.h
-- Looking for include file malloc.h - found
-- Looking for include file memory.h
-- Looking for include file memory.h - found
-- Looking for include file netdb.h
-- Looking for include file netdb.h - found
-- Looking for include file netinet/in.h
-- Looking for include file netinet/in.h - found
-- Looking for include file net/if.h
-- Looking for include file net/if.h - found
-- Looking for include file signal.h
-- Looking for include file signal.h - found
-- Looking for include file socket.h
-- Looking for include file socket.h - not found
-- Looking for include file stdbool.h
-- Looking for include file stdbool.h - found
-- Looking for include file stdint.h
-- Looking for include file stdint.h - found
-- Looking for include file stdlib.h
-- Looking for include file stdlib.h - found
-- Looking for include file strings.h
-- Looking for include file strings.h - found
-- Looking for include file string.h
-- Looking for include file string.h - found
-- Looking for include file stropts.h
-- Looking for include file stropts.h - not found
-- Looking for include file sys/ioctl.h
-- Looking for include file sys/ioctl.h - found
-- Looking for include file sys/param.h
-- Looking for include file sys/param.h - found
-- Looking for include file sys/select.h
-- Looking for include file sys/select.h - found
-- Looking for include file sys/stat.h
-- Looking for include file sys/stat.h - found
-- Looking for include file sys/time.h
-- Looking for include file sys/time.h - found
-- Looking for include file sys/uio.h
-- Looking for include file sys/uio.h - found
-- Looking for include file time.h
-- Looking for include file time.h - found
-- Looking for include file dlfcn.h
-- Looking for include file dlfcn.h - found
-- Looking for include file unistd.h
-- Looking for include file unistd.h - found
-- Looking for include files sys/types.h, netinet/tcp.h
-- Looking for include files sys/types.h, netinet/tcp.h - found
-- Performing Test HAVE_SOCKLEN_T
-- Performing Test HAVE_SOCKLEN_T - Success
-- Performing Test HAVE_TYPE_SOCKET
-- Performing Test HAVE_TYPE_SOCKET - Failed
-- Performing Test HAVE_BOOL_T
-- Performing Test HAVE_BOOL_T - Success
-- Performing Test HAVE_SSIZE_T
-- Performing Test HAVE_SSIZE_T - Success
-- Performing Test HAVE_LONGLONG
-- Performing Test HAVE_LONGLONG - Success
-- Performing Test HAVE_SIG_ATOMIC_T
-- Performing Test HAVE_SIG_ATOMIC_T - Success
-- Performing Test HAVE_STRUCT_ADDRINFO
-- Performing Test HAVE_STRUCT_ADDRINFO - Success
-- Performing Test HAVE_STRUCT_IN6_ADDR
-- Performing Test HAVE_STRUCT_IN6_ADDR - Success
-- Performing Test HAVE_STRUCT_SOCKADDR_IN6
-- Performing Test HAVE_STRUCT_SOCKADDR_IN6 - Success
-- Performing Test HAVE_STRUCT_SOCKADDR_STORAGE
-- Performing Test HAVE_STRUCT_SOCKADDR_STORAGE - Success
-- Performing Test HAVE_STRUCT_TIMEVAL
-- Performing Test HAVE_STRUCT_TIMEVAL - Success
-- Looking for AF_INET6
-- Looking for AF_INET6 - found
-- Looking for O_NONBLOCK
-- Looking for O_NONBLOCK - found
-- Looking for FIONBIO
-- Looking for FIONBIO - found
-- Looking for SIOCGIFADDR
-- Looking for SIOCGIFADDR - found
-- Looking for MSG_NOSIGNAL
-- Looking for MSG_NOSIGNAL - found
-- Looking for PF_INET6
-- Looking for PF_INET6 - found
-- Looking for SO_NONBLOCK
-- Looking for SO_NONBLOCK - not found
-- Looking for CLOCK_MONOTONIC
-- Looking for CLOCK_MONOTONIC - found
-- Performing Test HAVE_SOCKADDR_IN6_SIN6_SCOPE_ID
-- Performing Test HAVE_SOCKADDR_IN6_SIN6_SCOPE_ID - Success
-- Performing Test HAVE_LL
-- Performing Test HAVE_LL - Success
-- Looking for bitncmp
-- Looking for bitncmp - not found
-- Looking for closesocket
-- Looking for closesocket - not found
-- Looking for CloseSocket
-- Looking for CloseSocket - not found
-- Looking for connect
-- Looking for connect - found
-- Looking for fcntl
-- Looking for fcntl - found
-- Looking for freeaddrinfo
-- Looking for freeaddrinfo - found
-- Looking for getaddrinfo
-- Looking for getaddrinfo - found
-- Looking for getenv
-- Looking for getenv - found
-- Looking for gethostbyaddr
-- Looking for gethostbyaddr - found
-- Looking for gethostbyname
-- Looking for gethostbyname - found
-- Looking for gethostname
-- Looking for gethostname - found
-- Looking for getnameinfo
-- Looking for getnameinfo - found
-- Looking for getservbyport_r
-- Looking for getservbyport_r - found
-- Looking for getservbyname_r
-- Looking for getservbyname_r - found
-- Looking for gettimeofday
-- Looking for gettimeofday - found
-- Looking for if_indextoname
-- Looking for if_indextoname - found
-- Looking for inet_net_pton
-- Looking for inet_net_pton - not found
-- Looking for inet_ntop
-- Looking for inet_ntop - found
-- Looking for inet_pton
-- Looking for inet_pton - found
-- Looking for ioctl
-- Looking for ioctl - found
-- Looking for ioctlsocket
-- Looking for ioctlsocket - not found
-- Looking for IoctlSocket
-- Looking for IoctlSocket - not found
-- Looking for recv
-- Looking for recv - found
-- Looking for recvfrom
-- Looking for recvfrom - found
-- Looking for send
-- Looking for send - found
-- Looking for setsockopt
-- Looking for setsockopt - found
-- Looking for socket
-- Looking for socket - found
-- Looking for strcasecmp
-- Looking for strcasecmp - found
-- Looking for strcmpi
-- Looking for strcmpi - not found
-- Looking for strdup
-- Looking for strdup - found
-- Looking for stricmp
-- Looking for stricmp - not found
-- Looking for strncasecmp
-- Looking for strncasecmp - found
-- Looking for strncmpi
-- Looking for strncmpi - not found
-- Looking for strnicmp
-- Looking for strnicmp - not found
-- Looking for writev
-- Looking for writev - found
-- Looking for __system_property_get
-- Looking for __system_property_get - not found
-- Configuring done
-- Generating done
-- Build files have been written to: /home/op/CKGFuzzer/code/c-ares/build
