[  7%] Building C object src/lib/CMakeFiles/c-ares.dir/ares__addrinfo_localhost.c.o
[  7%] Building C object src/lib/CMakeFiles/c-ares.dir/ares__addrinfo2hostent.c.o
[  7%] Building C object src/lib/CMakeFiles/c-ares_static.dir/ares__parse_into_addrinfo.c.o
[ 10%] Building C object src/lib/CMakeFiles/c-ares.dir/ares__get_hostent.c.o
[  7%] Building C object src/lib/CMakeFiles/c-ares_static.dir/ares_android.c.o
[  7%] Building C object src/lib/CMakeFiles/c-ares.dir/ares__parse_into_addrinfo.c.o
[  7%] Building C object src/lib/CMakeFiles/c-ares.dir/ares__readaddrinfo.c.o
[ 10%] Building C object src/lib/CMakeFiles/c-ares.dir/ares__read_line.c.o
[  7%] Building C object src/lib/CMakeFiles/c-ares_static.dir/ares__close_sockets.c.o
[  7%] Building C object src/lib/CMakeFiles/c-ares_static.dir/ares__sortaddrinfo.c.o
[ 11%] Building C object src/lib/CMakeFiles/c-ares.dir/ares__close_sockets.c.o
[  7%] Building C object src/lib/CMakeFiles/c-ares.dir/ares__sortaddrinfo.c.o
[ 10%] Building C object src/lib/CMakeFiles/c-ares_static.dir/ares__addrinfo_localhost.c.o
[ 11%] Building C object src/lib/CMakeFiles/c-ares.dir/ares__timeval.c.o
[  7%] Building C object src/lib/CMakeFiles/c-ares_static.dir/ares__read_line.c.o
[ 12%] Building C object src/lib/CMakeFiles/c-ares_static.dir/ares__timeval.c.o
[  7%] Building C object src/lib/CMakeFiles/c-ares_static.dir/ares__get_hostent.c.o
[ 13%] Building C object src/lib/CMakeFiles/c-ares_static.dir/ares__readaddrinfo.c.o
[  7%] Building C object src/lib/CMakeFiles/c-ares_static.dir/ares__addrinfo2hostent.c.o
[ 14%] Building C object src/lib/CMakeFiles/c-ares_static.dir/ares_cancel.c.o
[ 15%] Building C object src/lib/CMakeFiles/c-ares_static.dir/ares_data.c.o
[ 19%] Building C object src/lib/CMakeFiles/c-ares_static.dir/ares_fds.c.o
[ 19%] Building C object src/lib/CMakeFiles/c-ares_static.dir/ares_expand_name.c.o
[ 19%] Building C object src/lib/CMakeFiles/c-ares_static.dir/ares_expand_string.c.o
[ 19%] Building C object src/lib/CMakeFiles/c-ares_static.dir/ares_destroy.c.o
[ 19%] Building C object src/lib/CMakeFiles/c-ares_static.dir/ares_free_hostent.c.o
[ 19%] Building C object src/lib/CMakeFiles/c-ares_static.dir/ares_free_string.c.o
[ 21%] Building C object src/lib/CMakeFiles/c-ares.dir/ares_cancel.c.o
[ 19%] Building C object src/lib/CMakeFiles/c-ares.dir/ares_destroy.c.o
[ 22%] Building C object src/lib/CMakeFiles/c-ares_static.dir/ares_getaddrinfo.c.o
[ 22%] Building C object src/lib/CMakeFiles/c-ares_static.dir/ares_getenv.c.o
[ 22%] Building C object src/lib/CMakeFiles/c-ares_static.dir/ares_gethostbyaddr.c.o
[ 23%] Building C object src/lib/CMakeFiles/c-ares.dir/ares_android.c.o
[ 24%] Building C object src/lib/CMakeFiles/c-ares_static.dir/ares_gethostbyname.c.o
[ 25%] Building C object src/lib/CMakeFiles/c-ares.dir/ares_expand_name.c.o
[ 28%] Building C object src/lib/CMakeFiles/c-ares_static.dir/ares_freeaddrinfo.c.o
[ 28%] Building C object src/lib/CMakeFiles/c-ares.dir/ares_data.c.o
[ 28%] Building C object src/lib/CMakeFiles/c-ares.dir/ares_expand_string.c.o
[ 30%] Building C object src/lib/CMakeFiles/c-ares_static.dir/ares_getsock.c.o
[ 30%] Building C object src/lib/CMakeFiles/c-ares_static.dir/ares_getnameinfo.c.o
[ 30%] Building C object src/lib/CMakeFiles/c-ares.dir/ares_fds.c.o
[ 31%] Building C object src/lib/CMakeFiles/c-ares.dir/ares_free_hostent.c.o
[ 32%] Building C object src/lib/CMakeFiles/c-ares_static.dir/ares_init.c.o
[ 32%] Building C object src/lib/CMakeFiles/c-ares.dir/ares_free_string.c.o
[ 33%] Building C object src/lib/CMakeFiles/c-ares_static.dir/ares_mkquery.c.o
[ 33%] Building C object src/lib/CMakeFiles/c-ares_static.dir/ares_create_query.c.o
[ 34%] Building C object src/lib/CMakeFiles/c-ares.dir/ares_freeaddrinfo.c.o
[ 35%] Building C object src/lib/CMakeFiles/c-ares_static.dir/ares_library_init.c.o
[ 36%] Building C object src/lib/CMakeFiles/c-ares_static.dir/ares_llist.c.o
[ 37%] Building C object src/lib/CMakeFiles/c-ares.dir/ares_gethostbyaddr.c.o
[ 37%] Building C object src/lib/CMakeFiles/c-ares.dir/ares_getaddrinfo.c.o
[ 40%] Building C object src/lib/CMakeFiles/c-ares_static.dir/ares_nowarn.c.o
[ 40%] Building C object src/lib/CMakeFiles/c-ares_static.dir/ares_options.c.o
[ 40%] Building C object src/lib/CMakeFiles/c-ares.dir/ares_gethostbyname.c.o
[ 41%] Building C object src/lib/CMakeFiles/c-ares.dir/ares_getenv.c.o
[ 42%] Building C object src/lib/CMakeFiles/c-ares_static.dir/ares_parse_a_reply.c.o
[ 42%] Building C object src/lib/CMakeFiles/c-ares_static.dir/ares_parse_aaaa_reply.c.o
[ 43%] Building C object src/lib/CMakeFiles/c-ares.dir/ares_getsock.c.o
[ 43%] Building C object src/lib/CMakeFiles/c-ares.dir/ares_getnameinfo.c.o
[ 44%] Building C object src/lib/CMakeFiles/c-ares_static.dir/ares_parse_caa_reply.c.o
[ 46%] Building C object src/lib/CMakeFiles/c-ares.dir/ares_init.c.o
[ 46%] Building C object src/lib/CMakeFiles/c-ares_static.dir/ares_parse_mx_reply.c.o
[ 47%] Building C object src/lib/CMakeFiles/c-ares.dir/ares_library_init.c.o
[ 47%] Building C object src/lib/CMakeFiles/c-ares.dir/ares_llist.c.o
[ 47%] Building C object src/lib/CMakeFiles/c-ares_static.dir/ares_parse_naptr_reply.c.o
[ 48%] Building C object src/lib/CMakeFiles/c-ares_static.dir/ares_parse_ns_reply.c.o
[ 49%] Building C object src/lib/CMakeFiles/c-ares.dir/ares_mkquery.c.o
[ 51%] Building C object src/lib/CMakeFiles/c-ares_static.dir/ares_parse_ptr_reply.c.o
[ 51%] Building C object src/lib/CMakeFiles/c-ares.dir/ares_create_query.c.o
[ 52%] Building C object src/lib/CMakeFiles/c-ares.dir/ares_nowarn.c.o
[ 54%] Building C object src/lib/CMakeFiles/c-ares.dir/ares_parse_a_reply.c.o
[ 54%] Building C object src/lib/CMakeFiles/c-ares_static.dir/ares_parse_soa_reply.c.o
[ 55%] Building C object src/lib/CMakeFiles/c-ares.dir/ares_parse_aaaa_reply.c.o
[ 55%] Building C object src/lib/CMakeFiles/c-ares.dir/ares_options.c.o
[ 56%] Building C object src/lib/CMakeFiles/c-ares.dir/ares_parse_caa_reply.c.o
[ 56%] Building C object src/lib/CMakeFiles/c-ares.dir/ares_parse_mx_reply.c.o
[ 56%] Building C object src/lib/CMakeFiles/c-ares_static.dir/ares_parse_srv_reply.c.o
[ 59%] Building C object src/lib/CMakeFiles/c-ares.dir/ares_parse_ns_reply.c.o
[ 59%] Building C object src/lib/CMakeFiles/c-ares_static.dir/ares_platform.c.o
[ 59%] Building C object src/lib/CMakeFiles/c-ares_static.dir/ares_parse_txt_reply.c.o
[ 60%] Building C object src/lib/CMakeFiles/c-ares.dir/ares_parse_ptr_reply.c.o
[ 61%] Building C object src/lib/CMakeFiles/c-ares.dir/ares_parse_naptr_reply.c.o
[ 62%] Building C object src/lib/CMakeFiles/c-ares_static.dir/ares_parse_uri_reply.c.o
[ 62%] Building C object src/lib/CMakeFiles/c-ares.dir/ares_parse_soa_reply.c.o
[ 62%] Building C object src/lib/CMakeFiles/c-ares_static.dir/ares_process.c.o
[ 63%] Building C object src/lib/CMakeFiles/c-ares.dir/ares_parse_srv_reply.c.o
[ 65%] Building C object src/lib/CMakeFiles/c-ares_static.dir/ares_query.c.o
[ 65%] Building C object src/lib/CMakeFiles/c-ares.dir/ares_parse_txt_reply.c.o
[ 66%] Building C object src/lib/CMakeFiles/c-ares_static.dir/ares_search.c.o
[ 66%] Building C object src/lib/CMakeFiles/c-ares.dir/ares_parse_uri_reply.c.o
[ 67%] Building C object src/lib/CMakeFiles/c-ares.dir/ares_platform.c.o
[ 68%] Building C object src/lib/CMakeFiles/c-ares.dir/ares_query.c.o
[ 68%] Building C object src/lib/CMakeFiles/c-ares.dir/ares_search.c.o
[ 69%] Building C object src/lib/CMakeFiles/c-ares.dir/ares_process.c.o
[ 70%] Building C object src/lib/CMakeFiles/c-ares_static.dir/ares_send.c.o
[ 71%] Building C object src/lib/CMakeFiles/c-ares.dir/ares_send.c.o
[ 71%] Building C object src/lib/CMakeFiles/c-ares_static.dir/ares_strcasecmp.c.o
[ 73%] Building C object src/lib/CMakeFiles/c-ares_static.dir/ares_strdup.c.o
[ 73%] Building C object src/lib/CMakeFiles/c-ares.dir/ares_strcasecmp.c.o
[ 75%] Building C object src/lib/CMakeFiles/c-ares.dir/ares_strdup.c.o
[ 75%] Building C object src/lib/CMakeFiles/c-ares_static.dir/ares_strerror.c.o
[ 75%] Building C object src/lib/CMakeFiles/c-ares.dir/ares_strerror.c.o
[ 76%] Building C object src/lib/CMakeFiles/c-ares.dir/ares_strsplit.c.o
[ 77%] Building C object src/lib/CMakeFiles/c-ares_static.dir/ares_strsplit.c.o
[ 78%] Building C object src/lib/CMakeFiles/c-ares_static.dir/ares_version.c.o
[ 78%] Building C object src/lib/CMakeFiles/c-ares_static.dir/ares_timeout.c.o
[ 79%] Building C object src/lib/CMakeFiles/c-ares.dir/ares_timeout.c.o
[ 80%] Building C object src/lib/CMakeFiles/c-ares_static.dir/ares_writev.c.o
[ 80%] Building C object src/lib/CMakeFiles/c-ares.dir/ares_writev.c.o
[ 81%] Building C object src/lib/CMakeFiles/c-ares.dir/ares_version.c.o
[ 84%] Building C object src/lib/CMakeFiles/c-ares.dir/inet_net_pton.c.o
[ 84%] Building C object src/lib/CMakeFiles/c-ares_static.dir/bitncmp.c.o
[ 84%] Building C object src/lib/CMakeFiles/c-ares.dir/bitncmp.c.o
[ 84%] Building C object src/lib/CMakeFiles/c-ares_static.dir/inet_net_pton.c.o
[ 87%] Building C object src/lib/CMakeFiles/c-ares.dir/windows_port.c.o
[ 87%] Building C object src/lib/CMakeFiles/c-ares_static.dir/inet_ntop.c.o
[ 87%] Building C object src/lib/CMakeFiles/c-ares_static.dir/windows_port.c.o
[ 87%] Building C object src/lib/CMakeFiles/c-ares.dir/inet_ntop.c.o
[ 88%] Linking C shared library ../../lib/libcares.so
[ 89%] Linking C static library ../../lib/libcares_static.a
[ 89%] Built target c-ares
[ 89%] Built target c-ares_static
[ 90%] Building C object src/tools/CMakeFiles/acountry.dir/__/lib/ares_strcasecmp.c.o
[ 90%] Building C object src/tools/CMakeFiles/acountry.dir/__/lib/ares_nowarn.c.o
[ 91%] Building C object src/tools/CMakeFiles/ahost.dir/ahost.c.o
[ 93%] Building C object src/tools/CMakeFiles/ahost.dir/__/lib/ares_nowarn.c.o
[ 93%] Building C object src/tools/CMakeFiles/acountry.dir/ares_getopt.c.o
[ 93%] Building C object src/tools/CMakeFiles/ahost.dir/ares_getopt.c.o
[ 94%] Building C object src/tools/CMakeFiles/adig.dir/ares_getopt.c.o
[ 95%] Building C object src/tools/CMakeFiles/ahost.dir/__/lib/ares_strcasecmp.c.o
[ 95%] Building C object src/tools/CMakeFiles/acountry.dir/acountry.c.o
[ 97%] Building C object src/tools/CMakeFiles/adig.dir/adig.c.o
[ 97%] Building C object src/tools/CMakeFiles/adig.dir/__/lib/ares_strcasecmp.c.o
[ 97%] Building C object src/tools/CMakeFiles/adig.dir/__/lib/ares_nowarn.c.o
[ 98%] Linking C executable ../../bin/acountry
[ 99%] Linking C executable ../../bin/ahost
[100%] Linking C executable ../../bin/adig
[100%] Built target ahost
[100%] Built target acountry
[100%] Built target adig
