[  1%] Generating curl-config.1
[  1%] Generating curl.1
[  1%] Generating mk-ca-bundle.1
[  2%] Building C object lib/CMakeFiles/libcurl_static.dir/asyn-thread.c.o
[  2%] Building C object lib/CMakeFiles/libcurl_static.dir/amigaos.c.o
[  2%] Building C object lib/CMakeFiles/libcurl_static.dir/altsvc.c.o
[  3%] Building C object lib/CMakeFiles/libcurl_static.dir/base64.c.o
[  3%] Building C object lib/CMakeFiles/libcurl_static.dir/bufq.c.o
[  2%] Building C object lib/CMakeFiles/libcurl_static.dir/asyn-ares.c.o
[  4%] Building C object lib/CMakeFiles/libcurl_static.dir/bufref.c.o
[  6%] Building C object lib/CMakeFiles/libcurl_static.dir/cf-h2-proxy.c.o
[  6%] Building C object lib/CMakeFiles/libcurl_static.dir/cf-h1-proxy.c.o
[  6%] Building C object lib/CMakeFiles/libcurl_static.dir/c-hyper.c.o
[  6%] Building C object lib/CMakeFiles/libcurl_static.dir/cfilters.c.o
[  7%] Building C object lib/CMakeFiles/libcurl_static.dir/conncache.c.o
[  7%] Building C object lib/CMakeFiles/libcurl_static.dir/cf-haproxy.c.o
[  7%] Building C object lib/CMakeFiles/libcurl_static.dir/connect.c.o
[  8%] Building C object lib/CMakeFiles/libcurl_static.dir/cf-socket.c.o
[  8%] Generating CURLINFO_ACTIVESOCKET.3, CURLINFO_APPCONNECT_TIME.3, CURLINFO_APPCONNECT_TIME_T.3, CURLINFO_CAINFO.3, CURLINFO_CAPATH.3, CURLINFO_CERTINFO.3, CURLINFO_CONDITION_UNMET.3, CURLINFO_CONNECT_TIME.3, CURLINFO_CONNECT_TIME_T.3, CURLINFO_CONN_ID.3, CURLINFO_CONTENT_LENGTH_DOWNLOAD.3, CURLINFO_CONTENT_LENGTH_DOWNLOAD_T.3, CURLINFO_CONTENT_LENGTH_UPLOAD.3, CURLINFO_CONTENT_LENGTH_UPLOAD_T.3, CURLINFO_CONTENT_TYPE.3, CURLINFO_COOKIELIST.3, CURLINFO_EFFECTIVE_METHOD.3, CURLINFO_EFFECTIVE_URL.3, CURLINFO_FILETIME.3, CURLINFO_FILETIME_T.3, CURLINFO_FTP_ENTRY_PATH.3, CURLINFO_HEADER_SIZE.3, CURLINFO_HTTP_CONNECTCODE.3, CURLINFO_HTTP_VERSION.3, CURLINFO_HTTPAUTH_AVAIL.3, CURLINFO_LASTSOCKET.3, CURLINFO_LOCAL_IP.3, CURLINFO_LOCAL_PORT.3, CURLINFO_NAMELOOKUP_TIME.3, CURLINFO_NAMELOOKUP_TIME_T.3, CURLINFO_NUM_CONNECTS.3, CURLINFO_OS_ERRNO.3, CURLINFO_PRETRANSFER_TIME.3, CURLINFO_PRETRANSFER_TIME_T.3, CURLINFO_PRIMARY_IP.3, CURLINFO_PRIMARY_PORT.3, CURLINFO_PRIVATE.3, CURLINFO_PROTOCOL.3, CURLINFO_PROXY_ERROR.3, CURLINFO_PROXY_SSL_VERIFYRESULT.3, CURLINFO_PROXYAUTH_AVAIL.3, CURLINFO_QUEUE_TIME_T.3, CURLINFO_REDIRECT_COUNT.3, CURLINFO_REDIRECT_TIME.3, CURLINFO_REDIRECT_TIME_T.3, CURLINFO_REDIRECT_URL.3, CURLINFO_REFERER.3, CURLINFO_REQUEST_SIZE.3, CURLINFO_RESPONSE_CODE.3, CURLINFO_RETRY_AFTER.3, CURLINFO_RTSP_CLIENT_CSEQ.3, CURLINFO_RTSP_CSEQ_RECV.3, CURLINFO_RTSP_SERVER_CSEQ.3, CURLINFO_RTSP_SESSION_ID.3, CURLINFO_SCHEME.3, CURLINFO_SIZE_DOWNLOAD.3, CURLINFO_SIZE_DOWNLOAD_T.3, CURLINFO_SIZE_UPLOAD.3, CURLINFO_SIZE_UPLOAD_T.3, CURLINFO_SPEED_DOWNLOAD.3, CURLINFO_SPEED_DOWNLOAD_T.3, CURLINFO_SPEED_UPLOAD.3, CURLINFO_SPEED_UPLOAD_T.3, CURLINFO_SSL_ENGINES.3, CURLINFO_SSL_VERIFYRESULT.3, CURLINFO_STARTTRANSFER_TIME.3, CURLINFO_STARTTRANSFER_TIME_T.3, CURLINFO_TLS_SESSION.3, CURLINFO_TLS_SSL_PTR.3, CURLINFO_TOTAL_TIME.3, CURLINFO_TOTAL_TIME_T.3, CURLINFO_USED_PROXY.3, CURLINFO_XFER_ID.3, CURLMOPT_CHUNK_LENGTH_PENALTY_SIZE.3, CURLMOPT_CONTENT_LENGTH_PENALTY_SIZE.3, CURLMOPT_MAX_CONCURRENT_STREAMS.3, CURLMOPT_MAX_HOST_CONNECTIONS.3, CURLMOPT_MAX_PIPELINE_LENGTH.3, CURLMOPT_MAX_TOTAL_CONNECTIONS.3, CURLMOPT_MAXCONNECTS.3, CURLMOPT_PIPELINING.3, CURLMOPT_PIPELINING_SERVER_BL.3, CURLMOPT_PIPELINING_SITE_BL.3, CURLMOPT_PUSHDATA.3, CURLMOPT_PUSHFUNCTION.3, CURLMOPT_SOCKETDATA.3, CURLMOPT_SOCKETFUNCTION.3, CURLMOPT_TIMERDATA.3, CURLMOPT_TIMERFUNCTION.3, CURLOPT_ABSTRACT_UNIX_SOCKET.3, CURLOPT_ACCEPT_ENCODING.3, CURLOPT_ACCEPTTIMEOUT_MS.3, CURLOPT_ADDRESS_SCOPE.3, CURLOPT_ALTSVC.3, CURLOPT_ALTSVC_CTRL.3, CURLOPT_APPEND.3, CURLOPT_AUTOREFERER.3, CURLOPT_AWS_SIGV4.3, CURLOPT_BUFFERSIZE.3, CURLOPT_CAINFO.3, CURLOPT_CAINFO_BLOB.3, CURLOPT_CAPATH.3, CURLOPT_CA_CACHE_TIMEOUT.3, CURLOPT_CERTINFO.3, CURLOPT_CHUNK_BGN_FUNCTION.3, CURLOPT_CHUNK_DATA.3, CURLOPT_CHUNK_END_FUNCTION.3, CURLOPT_CLOSESOCKETDATA.3, CURLOPT_CLOSESOCKETFUNCTION.3, CURLOPT_CONNECT_ONLY.3, CURLOPT_CONNECT_TO.3, CURLOPT_CONNECTTIMEOUT.3, CURLOPT_CONNECTTIMEOUT_MS.3, CURLOPT_CONV_FROM_NETWORK_FUNCTION.3, CURLOPT_CONV_FROM_UTF8_FUNCTION.3, CURLOPT_CONV_TO_NETWORK_FUNCTION.3, CURLOPT_COOKIE.3, CURLOPT_COOKIEFILE.3, CURLOPT_COOKIEJAR.3, CURLOPT_COOKIELIST.3, CURLOPT_COOKIESESSION.3, CURLOPT_COPYPOSTFIELDS.3, CURLOPT_CRLF.3, CURLOPT_CRLFILE.3, CURLOPT_CURLU.3, CURLOPT_CUSTOMREQUEST.3, CURLOPT_DEBUGDATA.3, CURLOPT_DEBUGFUNCTION.3, CURLOPT_DEFAULT_PROTOCOL.3, CURLOPT_DIRLISTONLY.3, CURLOPT_DISALLOW_USERNAME_IN_URL.3, CURLOPT_DNS_CACHE_TIMEOUT.3, CURLOPT_DNS_INTERFACE.3, CURLOPT_DNS_LOCAL_IP4.3, CURLOPT_DNS_LOCAL_IP6.3, CURLOPT_DNS_SERVERS.3, CURLOPT_DNS_SHUFFLE_ADDRESSES.3, CURLOPT_DNS_USE_GLOBAL_CACHE.3, CURLOPT_DOH_SSL_VERIFYHOST.3, CURLOPT_DOH_SSL_VERIFYPEER.3, CURLOPT_DOH_SSL_VERIFYSTATUS.3, CURLOPT_DOH_URL.3, CURLOPT_ECH.3, CURLOPT_EGDSOCKET.3, CURLOPT_ERRORBUFFER.3, CURLOPT_EXPECT_100_TIMEOUT_MS.3, CURLOPT_FAILONERROR.3, CURLOPT_FILETIME.3, CURLOPT_FNMATCH_DATA.3, CURLOPT_FNMATCH_FUNCTION.3, CURLOPT_FOLLOWLOCATION.3, CURLOPT_FORBID_REUSE.3, CURLOPT_FRESH_CONNECT.3, CURLOPT_FTP_ACCOUNT.3, CURLOPT_FTP_ALTERNATIVE_TO_USER.3, CURLOPT_FTP_CREATE_MISSING_DIRS.3, CURLOPT_FTP_FILEMETHOD.3, CURLOPT_FTP_SKIP_PASV_IP.3, CURLOPT_FTP_SSL_CCC.3, CURLOPT_FTP_USE_EPRT.3, CURLOPT_FTP_USE_EPSV.3, CURLOPT_FTP_USE_PRET.3, CURLOPT_FTPPORT.3, CURLOPT_FTPSSLAUTH.3, CURLOPT_GSSAPI_DELEGATION.3, CURLOPT_HAPPY_EYEBALLS_TIMEOUT_MS.3, CURLOPT_HAPROXYPROTOCOL.3, CURLOPT_HAPROXY_CLIENT_IP.3, CURLOPT_HEADER.3, CURLOPT_HEADERDATA.3, CURLOPT_HEADERFUNCTION.3, CURLOPT_HEADEROPT.3, CURLOPT_HSTS.3, CURLOPT_HSTS_CTRL.3, CURLOPT_HSTSREADDATA.3, CURLOPT_HSTSREADFUNCTION.3, CURLOPT_HSTSWRITEDATA.3, CURLOPT_HSTSWRITEFUNCTION.3, CURLOPT_HTTP09_ALLOWED.3, CURLOPT_HTTP200ALIASES.3, CURLOPT_HTTP_CONTENT_DECODING.3, CURLOPT_HTTP_TRANSFER_DECODING.3, CURLOPT_HTTP_VERSION.3, CURLOPT_HTTPAUTH.3, CURLOPT_HTTPGET.3, CURLOPT_HTTPHEADER.3, CURLOPT_HTTPPOST.3, CURLOPT_HTTPPROXYTUNNEL.3, CURLOPT_IGNORE_CONTENT_LENGTH.3, CURLOPT_INFILESIZE.3, CURLOPT_INFILESIZE_LARGE.3, CURLOPT_INTERFACE.3, CURLOPT_INTERLEAVEDATA.3, CURLOPT_INTERLEAVEFUNCTION.3, CURLOPT_IOCTLDATA.3, CURLOPT_IOCTLFUNCTION.3, CURLOPT_IPRESOLVE.3, CURLOPT_ISSUERCERT.3, CURLOPT_ISSUERCERT_BLOB.3, CURLOPT_KEEP_SENDING_ON_ERROR.3, CURLOPT_KEYPASSWD.3, CURLOPT_KRBLEVEL.3, CURLOPT_LOCALPORT.3, CURLOPT_LOCALPORTRANGE.3, CURLOPT_LOGIN_OPTIONS.3, CURLOPT_LOW_SPEED_LIMIT.3, CURLOPT_LOW_SPEED_TIME.3, CURLOPT_MAIL_AUTH.3, CURLOPT_MAIL_FROM.3, CURLOPT_MAIL_RCPT.3, CURLOPT_MAIL_RCPT_ALLOWFAILS.3, CURLOPT_MAX_RECV_SPEED_LARGE.3, CURLOPT_MAX_SEND_SPEED_LARGE.3, CURLOPT_MAXAGE_CONN.3, CURLOPT_MAXCONNECTS.3, CURLOPT_MAXFILESIZE.3, CURLOPT_MAXFILESIZE_LARGE.3, CURLOPT_MAXLIFETIME_CONN.3, CURLOPT_MAXREDIRS.3, CURLOPT_MIME_OPTIONS.3, CURLOPT_MIMEPOST.3, CURLOPT_NETRC.3, CURLOPT_NETRC_FILE.3, CURLOPT_NEW_DIRECTORY_PERMS.3, CURLOPT_NEW_FILE_PERMS.3, CURLOPT_NOBODY.3, CURLOPT_NOPROGRESS.3, CURLOPT_NOPROXY.3, CURLOPT_NOSIGNAL.3, CURLOPT_OPENSOCKETDATA.3, CURLOPT_OPENSOCKETFUNCTION.3, CURLOPT_PASSWORD.3, CURLOPT_PATH_AS_IS.3, CURLOPT_PINNEDPUBLICKEY.3, CURLOPT_PIPEWAIT.3, CURLOPT_PORT.3, CURLOPT_POST.3, CURLOPT_POSTFIELDS.3, CURLOPT_POSTFIELDSIZE.3, CURLOPT_POSTFIELDSIZE_LARGE.3, CURLOPT_POSTQUOTE.3, CURLOPT_POSTREDIR.3, CURLOPT_PRE_PROXY.3, CURLOPT_PREQUOTE.3, CURLOPT_PREREQDATA.3, CURLOPT_PREREQFUNCTION.3, CURLOPT_PRIVATE.3, CURLOPT_PROGRESSDATA.3, CURLOPT_PROGRESSFUNCTION.3, CURLOPT_PROTOCOLS.3, CURLOPT_PROTOCOLS_STR.3, CURLOPT_PROXY.3, CURLOPT_PROXY_CAINFO.3, CURLOPT_PROXY_CAINFO_BLOB.3, CURLOPT_PROXY_CAPATH.3, CURLOPT_PROXY_CRLFILE.3, CURLOPT_PROXY_ISSUERCERT.3, CURLOPT_PROXY_ISSUERCERT_BLOB.3, CURLOPT_PROXY_KEYPASSWD.3, CURLOPT_PROXY_PINNEDPUBLICKEY.3, CURLOPT_PROXY_SERVICE_NAME.3, CURLOPT_PROXY_SSL_CIPHER_LIST.3, CURLOPT_PROXY_SSL_OPTIONS.3, CURLOPT_PROXY_SSL_VERIFYHOST.3, CURLOPT_PROXY_SSL_VERIFYPEER.3, CURLOPT_PROXY_SSLCERT.3, CURLOPT_PROXY_SSLCERT_BLOB.3, CURLOPT_PROXY_SSLCERTTYPE.3, CURLOPT_PROXY_SSLKEY.3, CURLOPT_PROXY_SSLKEY_BLOB.3, CURLOPT_PROXY_SSLKEYTYPE.3, CURLOPT_PROXY_SSLVERSION.3, CURLOPT_PROXY_TLS13_CIPHERS.3, CURLOPT_PROXY_TLSAUTH_PASSWORD.3, CURLOPT_PROXY_TLSAUTH_TYPE.3, CURLOPT_PROXY_TLSAUTH_USERNAME.3, CURLOPT_PROXY_TRANSFER_MODE.3, CURLOPT_PROXYAUTH.3, CURLOPT_PROXYHEADER.3, CURLOPT_PROXYPASSWORD.3, CURLOPT_PROXYPORT.3, CURLOPT_PROXYTYPE.3, CURLOPT_PROXYUSERNAME.3, CURLOPT_PROXYUSERPWD.3, CURLOPT_PUT.3, CURLOPT_QUICK_EXIT.3, CURLOPT_QUOTE.3, CURLOPT_RANDOM_FILE.3, CURLOPT_RANGE.3, CURLOPT_READDATA.3, CURLOPT_READFUNCTION.3, CURLOPT_REDIR_PROTOCOLS.3, CURLOPT_REDIR_PROTOCOLS_STR.3, CURLOPT_REFERER.3, CURLOPT_REQUEST_TARGET.3, CURLOPT_RESOLVE.3, CURLOPT_RESOLVER_START_DATA.3, CURLOPT_RESOLVER_START_FUNCTION.3, CURLOPT_RESUME_FROM.3, CURLOPT_RESUME_FROM_LARGE.3, CURLOPT_RTSP_CLIENT_CSEQ.3, CURLOPT_RTSP_REQUEST.3, CURLOPT_RTSP_SERVER_CSEQ.3, CURLOPT_RTSP_SESSION_ID.3, CURLOPT_RTSP_STREAM_URI.3, CURLOPT_RTSP_TRANSPORT.3, CURLOPT_SASL_AUTHZID.3, CURLOPT_SASL_IR.3, CURLOPT_SEEKDATA.3, CURLOPT_SEEKFUNCTION.3, CURLOPT_SERVER_RESPONSE_TIMEOUT.3, CURLOPT_SERVER_RESPONSE_TIMEOUT_MS.3, CURLOPT_SERVICE_NAME.3, CURLOPT_SHARE.3, CURLOPT_SOCKOPTDATA.3, CURLOPT_SOCKOPTFUNCTION.3, CURLOPT_SOCKS5_AUTH.3, CURLOPT_SOCKS5_GSSAPI_NEC.3, CURLOPT_SOCKS5_GSSAPI_SERVICE.3, CURLOPT_SSH_AUTH_TYPES.3, CURLOPT_SSH_COMPRESSION.3, CURLOPT_SSH_HOSTKEYDATA.3, CURLOPT_SSH_HOSTKEYFUNCTION.3, CURLOPT_SSH_HOST_PUBLIC_KEY_MD5.3, CURLOPT_SSH_HOST_PUBLIC_KEY_SHA256.3, CURLOPT_SSH_KEYDATA.3, CURLOPT_SSH_KEYFUNCTION.3, CURLOPT_SSH_KNOWNHOSTS.3, CURLOPT_SSH_PRIVATE_KEYFILE.3, CURLOPT_SSH_PUBLIC_KEYFILE.3, CURLOPT_SSL_CIPHER_LIST.3, CURLOPT_SSL_CTX_DATA.3, CURLOPT_SSL_CTX_FUNCTION.3, CURLOPT_SSL_EC_CURVES.3, CURLOPT_SSL_ENABLE_ALPN.3, CURLOPT_SSL_ENABLE_NPN.3, CURLOPT_SSL_FALSESTART.3, CURLOPT_SSL_OPTIONS.3, CURLOPT_SSL_SESSIONID_CACHE.3, CURLOPT_SSL_VERIFYHOST.3, CURLOPT_SSL_VERIFYPEER.3, CURLOPT_SSL_VERIFYSTATUS.3, CURLOPT_SSLCERT.3, CURLOPT_SSLCERT_BLOB.3, CURLOPT_SSLCERTTYPE.3, CURLOPT_SSLENGINE.3, CURLOPT_SSLENGINE_DEFAULT.3, CURLOPT_SSLKEY.3, CURLOPT_SSLKEY_BLOB.3, CURLOPT_SSLKEYTYPE.3, CURLOPT_SSLVERSION.3, CURLOPT_STDERR.3, CURLOPT_STREAM_DEPENDS.3, CURLOPT_STREAM_DEPENDS_E.3, CURLOPT_STREAM_WEIGHT.3, CURLOPT_SUPPRESS_CONNECT_HEADERS.3, CURLOPT_TCP_FASTOPEN.3, CURLOPT_TCP_KEEPALIVE.3, CURLOPT_TCP_KEEPIDLE.3, CURLOPT_TCP_KEEPINTVL.3, CURLOPT_TCP_KEEPCNT.3, CURLOPT_TCP_NODELAY.3, CURLOPT_TELNETOPTIONS.3, CURLOPT_TFTP_BLKSIZE.3, CURLOPT_TFTP_NO_OPTIONS.3, CURLOPT_TIMECONDITION.3, CURLOPT_TIMEOUT.3, CURLOPT_TIMEOUT_MS.3, CURLOPT_TIMEVALUE.3, CURLOPT_TIMEVALUE_LARGE.3, CURLOPT_TLS13_CIPHERS.3, CURLOPT_TLSAUTH_PASSWORD.3, CURLOPT_TLSAUTH_TYPE.3, CURLOPT_TLSAUTH_USERNAME.3, CURLOPT_TRAILERDATA.3, CURLOPT_TRAILERFUNCTION.3, CURLOPT_TRANSFER_ENCODING.3, CURLOPT_TRANSFERTEXT.3, CURLOPT_UNIX_SOCKET_PATH.3, CURLOPT_UNRESTRICTED_AUTH.3, CURLOPT_UPKEEP_INTERVAL_MS.3, CURLOPT_UPLOAD.3, CURLOPT_UPLOAD_BUFFERSIZE.3, CURLOPT_URL.3, CURLOPT_USE_SSL.3, CURLOPT_USERAGENT.3, CURLOPT_USERNAME.3, CURLOPT_USERPWD.3, CURLOPT_VERBOSE.3, CURLOPT_WILDCARDMATCH.3, CURLOPT_WRITEDATA.3, CURLOPT_WRITEFUNCTION.3, CURLOPT_WS_OPTIONS.3, CURLOPT_XFERINFODATA.3, CURLOPT_XFERINFOFUNCTION.3, CURLOPT_XOAUTH2_BEARER.3, CURLSHOPT_LOCKFUNC.3, CURLSHOPT_SHARE.3, CURLSHOPT_UNLOCKFUNC.3, CURLSHOPT_UNSHARE.3, CURLSHOPT_USERDATA.3
[  8%] Building C object lib/CMakeFiles/libcurl_static.dir/cf-https-connect.c.o
[  8%] Built target curl-generate-mk-ca-bundle.1
[  8%] Built target curl-generate-curl-config.1
[  8%] Building C object lib/CMakeFiles/libcurl_static.dir/content_encoding.c.o
[  8%] Building C object lib/CMakeFiles/libcurl_static.dir/curl_des.c.o
[  8%] Building C object lib/CMakeFiles/libcurl_static.dir/curl_addrinfo.c.o
[  9%] Building C object lib/CMakeFiles/libcurl_static.dir/curl_endian.c.o
[  9%] Building C object lib/CMakeFiles/libcurl_static.dir/curl_fnmatch.c.o
[ 10%] Building C object lib/CMakeFiles/libcurl_static.dir/cookie.c.o
[ 10%] Building C object lib/CMakeFiles/libcurl_static.dir/curl_get_line.c.o
[ 10%] Building C object lib/CMakeFiles/libcurl_static.dir/curl_gssapi.c.o
[ 12%] Building C object lib/CMakeFiles/libcurl_static.dir/curl_gethostname.c.o
[ 13%] Building C object lib/CMakeFiles/libcurl_static.dir/curl_memrchr.c.o
[ 13%] Building C object lib/CMakeFiles/libcurl_static.dir/curl_multibyte.c.o
[ 13%] Building C object lib/CMakeFiles/libcurl_static.dir/curl_rtmp.c.o
[ 13%] Building C object lib/CMakeFiles/libcurl_static.dir/curl_range.c.o
[ 14%] Building C object lib/CMakeFiles/libcurl_static.dir/curl_path.c.o
[ 14%] Building C object lib/CMakeFiles/libcurl_static.dir/curl_ntlm_core.c.o
[ 15%] Building C object lib/CMakeFiles/libcurl_static.dir/curl_sasl.c.o
[ 15%] Building C object lib/CMakeFiles/libcurl_static.dir/curl_sha512_256.c.o
[ 15%] Building C object lib/CMakeFiles/libcurl_static.dir/curl_threads.c.o
[ 17%] Building C object lib/CMakeFiles/libcurl_static.dir/curl_sspi.c.o
[ 17%] Building C object lib/CMakeFiles/libcurl_static.dir/curl_trc.c.o
[ 18%] Building C object lib/CMakeFiles/libcurl_static.dir/cw-out.c.o
[ 19%] Building C object lib/CMakeFiles/libcurl_static.dir/dict.c.o
[ 19%] Building C object lib/CMakeFiles/libcurl_static.dir/dynbuf.c.o
[ 19%] Building C object lib/CMakeFiles/libcurl_static.dir/doh.c.o
[ 19%] Building C object lib/CMakeFiles/libcurl_static.dir/dynhds.c.o
[ 19%] Building C object lib/CMakeFiles/libcurl_static.dir/easy.c.o
[ 20%] Building C object lib/CMakeFiles/libcurl_static.dir/easygetopt.c.o
[ 20%] Building C object lib/CMakeFiles/libcurl_static.dir/easyoptions.c.o
[ 21%] Building C object lib/CMakeFiles/libcurl_static.dir/escape.c.o
[ 21%] Building C object lib/CMakeFiles/libcurl_static.dir/file.c.o
[ 21%] Building C object lib/CMakeFiles/libcurl_static.dir/fileinfo.c.o
[ 21%] Built target generate-curl.1
[ 23%] Building C object lib/CMakeFiles/libcurl_static.dir/fopen.c.o
[ 23%] Building C object lib/CMakeFiles/libcurl_static.dir/formdata.c.o
[ 23%] Building C object lib/CMakeFiles/libcurl_static.dir/ftp.c.o
[ 23%] Building C object lib/CMakeFiles/libcurl_static.dir/getenv.c.o
[ 24%] Building C object lib/CMakeFiles/libcurl_static.dir/ftplistparser.c.o
[ 24%] Building C object lib/CMakeFiles/libcurl_static.dir/getinfo.c.o
[ 25%] Building C object lib/CMakeFiles/libcurl_static.dir/gopher.c.o
[ 25%] Building C object lib/CMakeFiles/libcurl_static.dir/hash.c.o
[ 26%] Building C object lib/CMakeFiles/libcurl_static.dir/headers.c.o
[ 26%] Building C object lib/CMakeFiles/libcurl_static.dir/hmac.c.o
[ 26%] Building C object lib/CMakeFiles/libcurl_static.dir/hostasyn.c.o
[ 26%] Building C object lib/CMakeFiles/libcurl_static.dir/hostip4.c.o
[ 28%] Building C object lib/CMakeFiles/libcurl_static.dir/hostip.c.o
[ 28%] Building C object lib/CMakeFiles/libcurl_static.dir/hostip6.c.o
[ 29%] Building C object lib/CMakeFiles/libcurl_static.dir/hostsyn.c.o
[ 29%] Building C object lib/CMakeFiles/libcurl_static.dir/hsts.c.o
[ 30%] Building C object lib/CMakeFiles/libcurl_static.dir/http.c.o
[ 30%] Building C object lib/CMakeFiles/libcurl_static.dir/http2.c.o
[ 30%] Building C object lib/CMakeFiles/libcurl_static.dir/http1.c.o
[ 31%] Building C object lib/CMakeFiles/libcurl_static.dir/http_aws_sigv4.c.o
[ 31%] Building C object lib/CMakeFiles/libcurl_static.dir/http_chunks.c.o
[ 31%] Building C object lib/CMakeFiles/libcurl_static.dir/http_proxy.c.o
[ 31%] Building C object lib/CMakeFiles/libcurl_static.dir/http_digest.c.o
[ 32%] Building C object lib/CMakeFiles/libcurl_static.dir/http_negotiate.c.o
[ 32%] Building C object lib/CMakeFiles/libcurl_static.dir/http_ntlm.c.o
[ 34%] Building C object lib/CMakeFiles/libcurl_static.dir/idn.c.o
[ 34%] Building C object lib/CMakeFiles/libcurl_static.dir/if2ip.c.o
[ 35%] Building C object lib/CMakeFiles/libcurl_static.dir/imap.c.o
[ 35%] Building C object lib/CMakeFiles/libcurl_static.dir/inet_ntop.c.o
[ 36%] Building C object lib/CMakeFiles/libcurl_static.dir/krb5.c.o
[ 36%] Building C object lib/CMakeFiles/libcurl_static.dir/inet_pton.c.o
[ 36%] Building C object lib/CMakeFiles/libcurl_static.dir/llist.c.o
[ 36%] Building C object lib/CMakeFiles/libcurl_static.dir/ldap.c.o
[ 37%] Building C object lib/CMakeFiles/libcurl_static.dir/macos.c.o
[ 39%] Building C object lib/CMakeFiles/libcurl_static.dir/md4.c.o
[ 39%] Building C object lib/CMakeFiles/libcurl_static.dir/md5.c.o
[ 39%] Building C object lib/CMakeFiles/libcurl_static.dir/memdebug.c.o
[ 39%] Building C object lib/CMakeFiles/libcurl_static.dir/mime.c.o
[ 40%] Building C object lib/CMakeFiles/libcurl_static.dir/mprintf.c.o
[ 40%] Building C object lib/CMakeFiles/libcurl_static.dir/mqtt.c.o
[ 40%] Building C object lib/CMakeFiles/libcurl_static.dir/multi.c.o
[ 40%] Building C object lib/CMakeFiles/libcurl_static.dir/nonblock.c.o
[ 41%] Building C object lib/CMakeFiles/libcurl_static.dir/netrc.c.o
[ 42%] Building C object lib/CMakeFiles/libcurl_static.dir/noproxy.c.o
[ 42%] Building C object lib/CMakeFiles/libcurl_static.dir/openldap.c.o
[ 43%] Building C object lib/CMakeFiles/libcurl_static.dir/parsedate.c.o
[ 43%] Building C object lib/CMakeFiles/libcurl_static.dir/pingpong.c.o
[ 43%] Building C object lib/CMakeFiles/libcurl_static.dir/pop3.c.o
[ 45%] Building C object lib/CMakeFiles/libcurl_static.dir/psl.c.o
[ 45%] Building C object lib/CMakeFiles/libcurl_static.dir/progress.c.o
[ 45%] Building C object lib/CMakeFiles/libcurl_static.dir/rename.c.o
[ 45%] Building C object lib/CMakeFiles/libcurl_static.dir/rand.c.o
[ 46%] Building C object lib/CMakeFiles/libcurl_static.dir/rtsp.c.o
[ 46%] Building C object lib/CMakeFiles/libcurl_static.dir/request.c.o
[ 46%] Building C object lib/CMakeFiles/libcurl_static.dir/setopt.c.o
[ 47%] Building C object lib/CMakeFiles/libcurl_static.dir/select.c.o
[ 47%] Building C object lib/CMakeFiles/libcurl_static.dir/slist.c.o
[ 47%] Building C object lib/CMakeFiles/libcurl_static.dir/share.c.o
[ 47%] Building C object lib/CMakeFiles/libcurl_static.dir/sendf.c.o
[ 48%] Building C object lib/CMakeFiles/libcurl_static.dir/sha256.c.o
[ 50%] Building C object lib/CMakeFiles/libcurl_static.dir/socks.c.o
[ 51%] Building C object lib/CMakeFiles/libcurl_static.dir/smb.c.o
[ 50%] Building C object lib/CMakeFiles/libcurl_static.dir/socketpair.c.o
[ 51%] Building C object lib/CMakeFiles/libcurl_static.dir/smtp.c.o
[ 51%] Building C object lib/CMakeFiles/libcurl_static.dir/socks_gssapi.c.o
[ 52%] Building C object lib/CMakeFiles/libcurl_static.dir/socks_sspi.c.o
[ 52%] Building C object lib/CMakeFiles/libcurl_static.dir/speedcheck.c.o
[ 52%] Building C object lib/CMakeFiles/libcurl_static.dir/splay.c.o
[ 53%] Building C object lib/CMakeFiles/libcurl_static.dir/strcase.c.o
[ 53%] Building C object lib/CMakeFiles/libcurl_static.dir/strdup.c.o
[ 53%] Building C object lib/CMakeFiles/libcurl_static.dir/strerror.c.o
[ 54%] Building C object lib/CMakeFiles/libcurl_static.dir/strtok.c.o
[ 54%] Building C object lib/CMakeFiles/libcurl_static.dir/system_win32.c.o
[ 54%] Building C object lib/CMakeFiles/libcurl_static.dir/strtoofft.c.o
[ 54%] Building C object lib/CMakeFiles/libcurl_static.dir/tftp.c.o
[ 56%] Building C object lib/CMakeFiles/libcurl_static.dir/telnet.c.o
[ 57%] Building C object lib/CMakeFiles/libcurl_static.dir/timediff.c.o
[ 57%] Building C object lib/CMakeFiles/libcurl_static.dir/transfer.c.o
[ 58%] Building C object lib/CMakeFiles/libcurl_static.dir/url.c.o
[ 58%] Building C object lib/CMakeFiles/libcurl_static.dir/timeval.c.o
[ 58%] Building C object lib/CMakeFiles/libcurl_static.dir/version.c.o
[ 58%] Building C object lib/CMakeFiles/libcurl_static.dir/urlapi.c.o
[ 59%] Building C object lib/CMakeFiles/libcurl_static.dir/version_win32.c.o
[ 59%] Building C object lib/CMakeFiles/libcurl_static.dir/warnless.c.o
[ 60%] Building C object lib/CMakeFiles/libcurl_static.dir/ws.c.o
[ 60%] Building C object lib/CMakeFiles/libcurl_static.dir/vauth/cleartext.c.o
[ 60%] Building C object lib/CMakeFiles/libcurl_static.dir/vauth/cram.c.o
[ 60%] Building C object lib/CMakeFiles/libcurl_static.dir/vauth/digest_sspi.c.o
[ 62%] Building C object lib/CMakeFiles/libcurl_static.dir/vauth/digest.c.o
[ 62%] Building C object lib/CMakeFiles/libcurl_static.dir/vauth/gsasl.c.o
[ 63%] Building C object lib/CMakeFiles/libcurl_static.dir/vauth/krb5_gssapi.c.o
[ 63%] Building C object lib/CMakeFiles/libcurl_static.dir/vauth/krb5_sspi.c.o
[ 63%] Building C object lib/CMakeFiles/libcurl_static.dir/vauth/vauth.c.o
[ 63%] Building C object lib/CMakeFiles/libcurl_static.dir/vauth/oauth2.c.o
[ 63%] Building C object lib/CMakeFiles/libcurl_static.dir/vauth/ntlm.c.o
[ 63%] Building C object lib/CMakeFiles/libcurl_static.dir/vauth/spnego_sspi.c.o
[ 65%] Building C object lib/CMakeFiles/libcurl_static.dir/vauth/spnego_gssapi.c.o
[ 64%] Building C object lib/CMakeFiles/libcurl_static.dir/vauth/ntlm_sspi.c.o
[ 65%] Building C object lib/CMakeFiles/libcurl_static.dir/vtls/cipher_suite.c.o
[ 67%] Building C object lib/CMakeFiles/libcurl_static.dir/vtls/bearssl.c.o
[ 67%] Building C object lib/CMakeFiles/libcurl_static.dir/vtls/gtls.c.o
[ 68%] Building C object lib/CMakeFiles/libcurl_static.dir/vtls/hostcheck.c.o
[ 68%] Building C object lib/CMakeFiles/libcurl_static.dir/vtls/keylog.c.o
[ 69%] Building C object lib/CMakeFiles/libcurl_static.dir/vtls/mbedtls.c.o
[ 69%] Building C object lib/CMakeFiles/libcurl_static.dir/vtls/mbedtls_threadlock.c.o
[ 69%] Building C object lib/CMakeFiles/libcurl_static.dir/vtls/openssl.c.o
[ 69%] Building C object lib/CMakeFiles/libcurl_static.dir/vtls/schannel.c.o
[ 69%] Building C object lib/CMakeFiles/libcurl_static.dir/vtls/schannel_verify.c.o
[ 70%] Building C object lib/CMakeFiles/libcurl_static.dir/vtls/rustls.c.o
[ 71%] Building C object lib/CMakeFiles/libcurl_static.dir/vtls/sectransp.c.o
[ 71%] Building C object lib/CMakeFiles/libcurl_static.dir/vtls/vtls.c.o
[ 71%] Building C object lib/CMakeFiles/libcurl_static.dir/vtls/wolfssl.c.o
[ 73%] Building C object lib/CMakeFiles/libcurl_static.dir/vtls/x509asn1.c.o
[ 73%] Building C object lib/CMakeFiles/libcurl_static.dir/vquic/curl_msh3.c.o
[ 73%] Building C object lib/CMakeFiles/libcurl_static.dir/vquic/curl_osslq.c.o
[ 74%] Building C object lib/CMakeFiles/libcurl_static.dir/vquic/curl_ngtcp2.c.o
[ 74%] Building C object lib/CMakeFiles/libcurl_static.dir/vquic/curl_quiche.c.o
[ 75%] Building C object lib/CMakeFiles/libcurl_static.dir/vquic/vquic-tls.c.o
[ 75%] Building C object lib/CMakeFiles/libcurl_static.dir/vssh/libssh.c.o
[ 75%] Building C object lib/CMakeFiles/libcurl_static.dir/vquic/vquic.c.o
[ 76%] Building C object lib/CMakeFiles/libcurl_static.dir/vssh/libssh2.c.o
[ 76%] Building C object lib/CMakeFiles/libcurl_static.dir/vssh/wolfssh.c.o
[ 76%] Built target curl-opts-man
[ 78%] Generating libcurl-symbols.md
[ 78%] Generating curl_easy_cleanup.3, curl_easy_duphandle.3, curl_easy_escape.3, curl_easy_getinfo.3, curl_easy_header.3, curl_easy_init.3, curl_easy_nextheader.3, curl_easy_option_by_id.3, curl_easy_option_by_name.3, curl_easy_option_next.3, curl_easy_pause.3, curl_easy_perform.3, curl_easy_recv.3, curl_easy_reset.3, curl_easy_send.3, curl_easy_setopt.3, curl_easy_strerror.3, curl_easy_unescape.3, curl_easy_upkeep.3, curl_escape.3, curl_formadd.3, curl_formfree.3, curl_formget.3, curl_free.3, curl_getdate.3, curl_getenv.3, curl_global_cleanup.3, curl_global_init.3, curl_global_init_mem.3, curl_global_trace.3, curl_global_sslset.3, curl_mime_addpart.3, curl_mime_data.3, curl_mime_data_cb.3, curl_mime_encoder.3, curl_mime_filedata.3, curl_mime_filename.3, curl_mime_free.3, curl_mime_headers.3, curl_mime_init.3, curl_mime_name.3, curl_mime_subparts.3, curl_mime_type.3, curl_mprintf.3, curl_multi_add_handle.3, curl_multi_assign.3, curl_multi_cleanup.3, curl_multi_fdset.3, curl_multi_get_handles.3, curl_multi_info_read.3, curl_multi_init.3, curl_multi_perform.3, curl_multi_poll.3, curl_multi_remove_handle.3, curl_multi_setopt.3, curl_multi_socket.3, curl_multi_socket_action.3, curl_multi_socket_all.3, curl_multi_strerror.3, curl_multi_timeout.3, curl_multi_wakeup.3, curl_multi_wait.3, curl_multi_waitfds.3, curl_pushheader_bynum.3, curl_pushheader_byname.3, curl_share_cleanup.3, curl_share_init.3, curl_share_setopt.3, curl_share_strerror.3, curl_slist_append.3, curl_slist_free_all.3, curl_strequal.3, curl_strnequal.3, curl_unescape.3, curl_url.3, curl_url_cleanup.3, curl_url_dup.3, curl_url_get.3, curl_url_set.3, curl_url_strerror.3, curl_version.3, curl_version_info.3, curl_ws_meta.3, curl_ws_recv.3, curl_ws_send.3, libcurl-easy.3, libcurl-env.3, libcurl-env-dbg.3, libcurl-errors.3, libcurl-multi.3, libcurl-security.3, libcurl-share.3, libcurl-symbols.3, libcurl-thread.3, libcurl-tutorial.3, libcurl-url.3, libcurl-ws.3, libcurl.3
[ 79%] Linking C static library libcurl.a
[ 79%] Built target curl-man
[ 79%] Built target libcurl_static
[ 79%] Generating tool_hugehelp.c
[ 80%] Building C object src/CMakeFiles/curl.dir/tool_cb_hdr.c.o
[ 80%] Building C object src/CMakeFiles/curl.dir/tool_cb_prg.c.o
[ 80%] Building C object src/CMakeFiles/curl.dir/tool_cb_see.c.o
[ 80%] Building C object src/CMakeFiles/curl.dir/slist_wc.c.o
[ 81%] Building C object src/CMakeFiles/curl.dir/tool_binmode.c.o
[ 81%] Building C object src/CMakeFiles/curl.dir/tool_cb_dbg.c.o
[ 80%] Building C object src/CMakeFiles/curl.dir/tool_cb_wrt.c.o
[ 84%] Building C object src/CMakeFiles/curl.dir/tool_dirhie.c.o
[ 81%] Building C object src/CMakeFiles/curl.dir/tool_bname.c.o
[ 82%] Building C object src/CMakeFiles/curl.dir/terminal.c.o
[ 84%] Building C object src/CMakeFiles/curl.dir/tool_cb_rea.c.o
[ 84%] Building C object src/CMakeFiles/curl.dir/tool_doswin.c.o
[ 84%] Building C object src/CMakeFiles/curl.dir/tool_cfgable.c.o
[ 84%] Building C object src/CMakeFiles/curl.dir/tool_easysrc.c.o
[ 85%] Building C object src/CMakeFiles/curl.dir/tool_filetime.c.o
[ 86%] Building C object src/CMakeFiles/curl.dir/tool_formparse.c.o
[ 86%] Building C object src/CMakeFiles/curl.dir/tool_cb_soc.c.o
[ 86%] Building C object src/CMakeFiles/curl.dir/tool_findfile.c.o
[ 87%] Building C object src/CMakeFiles/curl.dir/tool_getparam.c.o
[ 87%] Building C object src/CMakeFiles/curl.dir/tool_getpass.c.o
[ 89%] Building C object src/CMakeFiles/curl.dir/tool_help.c.o
[ 89%] Building C object src/CMakeFiles/curl.dir/tool_helpers.c.o
[ 89%] Building C object src/CMakeFiles/curl.dir/tool_listhelp.c.o
[ 90%] Building C object src/CMakeFiles/curl.dir/tool_libinfo.c.o
[ 90%] Building C object src/CMakeFiles/curl.dir/tool_main.c.o
[ 90%] Building C object src/CMakeFiles/curl.dir/tool_msgs.c.o
[ 91%] Building C object src/CMakeFiles/curl.dir/tool_hugehelp.c.o
[ 91%] Building C object src/CMakeFiles/curl.dir/tool_ipfs.c.o
[ 92%] Building C object src/CMakeFiles/curl.dir/tool_operhlp.c.o
[ 92%] Building C object src/CMakeFiles/curl.dir/tool_paramhlp.c.o
[ 92%] Building C object src/CMakeFiles/curl.dir/tool_parsecfg.c.o
[ 93%] Building C object src/CMakeFiles/curl.dir/tool_operate.c.o
[ 95%] Building C object src/CMakeFiles/curl.dir/tool_sleep.c.o
[ 95%] Building C object src/CMakeFiles/curl.dir/tool_progress.c.o
[ 95%] Building C object src/CMakeFiles/curl.dir/tool_setopt.c.o
[ 95%] Building C object src/CMakeFiles/curl.dir/tool_strdup.c.o
[ 95%] Building C object src/CMakeFiles/curl.dir/tool_stderr.c.o
[ 96%] Building C object src/CMakeFiles/curl.dir/tool_urlglob.c.o
[ 97%] Building C object src/CMakeFiles/curl.dir/tool_util.c.o
[ 97%] Building C object src/CMakeFiles/curl.dir/var.c.o
[ 97%] Building C object src/CMakeFiles/curl.dir/tool_writeout.c.o
[ 97%] Building C object src/CMakeFiles/curl.dir/tool_writeout_json.c.o
[ 98%] Building C object src/CMakeFiles/curl.dir/tool_vms.c.o
[ 97%] Building C object src/CMakeFiles/curl.dir/tool_xattr.c.o
[ 98%] Building C object src/CMakeFiles/curl.dir/__/lib/base64.c.o
[100%] Building C object src/CMakeFiles/curl.dir/__/lib/dynbuf.c.o
[100%] Linking C executable curl
[100%] Built target curl
