-- Using CMake version 3.22.1
-- The C compiler identification is GNU 11.4.0
-- Detecting C compiler ABI info
-- Detecting C compiler ABI info - done
-- Check for working C compiler: /usr/bin/cc - skipped
-- Detecting C compile features
-- Detecting C compile features - done
-- curl version=[8.9.0-DEV]
-- Performing Test OPT_Wdouble_promotion
-- Performing Test OPT_Wdouble_promotion - Success
-- Performing Test OPT_Wenum_conversion
-- Performing Test OPT_Wenum_conversion - Success
-- Performing Test OPT_Wpragmas
-- Performing Test OPT_Wpragmas - Success
-- Performing Test OPT_Wunused_const_variable
-- Performing Test OPT_Wunused_const_variable - Success
-- Picky compiler options: -Werror-implicit-function-declaration -W -Wall -pedantic -Wbad-function-cast -Wconversion -Winline -Wmissing-declarations -Wmissing-prototypes -Wnested-externs -Wno-long-long -Wno-multichar -Wpointer-arith -Wshadow -Wsign-compare -Wundef -Wunused -Wwrite-strings -Waddress -Wattributes -Wcast-align -Wdeclaration-after-statement -Wdiv-by-zero -Wempty-body -Wendif-labels -Wfloat-equal -Wformat-security -Wignored-qualifiers -Wmissing-field-initializers -Wmissing-noreturn -Wno-format-nonliteral -Wno-system-headers -Wold-style-definition -Wredundant-decls -Wsign-conversion -Wno-error=sign-conversion -Wstrict-prototypes -Wtype-limits -Wunreachable-code -Wunused-parameter -Wvla -Wclobbered -Wmissing-parameter-type -Wold-style-declaration -Wstrict-aliasing=3 -Wtrampolines -Wformat=2 -Warray-bounds=2 -ftree-vrp -Wduplicated-cond -Wnull-dereference -fdelete-null-pointer-checks -Wshift-negative-value -Wshift-overflow=2 -Walloc-zero -Wduplicated-branches -Wformat-overflow=2 -Wformat-truncation=2 -Wimplicit-fallthrough -Wrestrict -Warith-conversion -Wdouble-promotion -Wenum-conversion -Wpragmas -Wunused-const-variable
-- Performing Test HAVE_SOCKADDR_IN6_SIN6_ADDR
-- Performing Test HAVE_SOCKADDR_IN6_SIN6_ADDR - Success
-- Performing Test HAVE_SOCKADDR_IN6_SIN6_SCOPE_ID
-- Performing Test HAVE_SOCKADDR_IN6_SIN6_SCOPE_ID - Success
-- Found Perl: /usr/bin/perl (found version "5.34.0") 
-- Looking for pthread.h
-- Looking for pthread.h - found
-- Performing Test CMAKE_HAVE_LIBC_PTHREAD
-- Performing Test CMAKE_HAVE_LIBC_PTHREAD - Success
-- Found Threads: TRUE  
-- Looking for connect in socket
-- Looking for connect in socket - not found
-- Looking for gethostname
-- Looking for gethostname - found
-- Found OpenSSL: /usr/lib/x86_64-linux-gnu/libcrypto.so (found version "3.0.2")  
-- Looking for OPENSSL_IS_BORINGSSL
-- Looking for OPENSSL_IS_BORINGSSL - not found
-- Looking for OPENSSL_IS_AWSLC
-- Looking for OPENSSL_IS_AWSLC - not found
-- Found ZLIB: /usr/lib/x86_64-linux-gnu/libz.so (found version "1.2.11") 
-- Looking for SSL_set0_wbio
-- Looking for SSL_set0_wbio - found
-- Looking for SSL_CTX_set_srp_username
-- Looking for SSL_CTX_set_srp_username - found
-- Looking for ldap_init in ldap
-- Looking for ldap_init in ldap - not found
-- Looking for ber_init in lber
-- Looking for ber_init in lber - not found
-- Looking for include file ldap.h
-- Looking for include file ldap.h - not found
-- Looking for include file lber.h
-- Looking for include file lber.h - not found
-- LDAP_H not found CURL_DISABLE_LDAP set ON
-- LDAP needs to be enabled to support LDAPS
-- Looking for idn2_lookup_ul in idn2
-- Looking for idn2_lookup_ul in idn2 - found
-- Looking for include file idn2.h
-- Looking for include file idn2.h - found
-- Could NOT find LibPSL (missing: LIBPSL_LIBRARY LIBPSL_INCLUDE_DIR) 
-- Could NOT find LibSSH2 (missing: LIBSSH2_LIBRARY LIBSSH2_INCLUDE_DIR) 
-- Performing Test USE_UNIX_SOCKETS
-- Performing Test USE_UNIX_SOCKETS - Success
-- Found CA bundle: /etc/ssl/certs/ca-certificates.crt
-- Found CA path: /etc/ssl/certs
-- Looking for include files idn2.h, sys/eventfd.h
-- Looking for include files idn2.h, sys/eventfd.h - found
-- Looking for 3 include files idn2.h, ..., sys/filio.h
-- Looking for 3 include files idn2.h, ..., sys/filio.h - not found
-- Looking for 3 include files idn2.h, ..., sys/wait.h
-- Looking for 3 include files idn2.h, ..., sys/wait.h - found
-- Looking for 4 include files idn2.h, ..., sys/ioctl.h
-- Looking for 4 include files idn2.h, ..., sys/ioctl.h - found
-- Looking for 5 include files idn2.h, ..., sys/param.h
-- Looking for 5 include files idn2.h, ..., sys/param.h - found
-- Looking for 6 include files idn2.h, ..., sys/poll.h
-- Looking for 6 include files idn2.h, ..., sys/poll.h - found
-- Looking for 7 include files idn2.h, ..., sys/resource.h
-- Looking for 7 include files idn2.h, ..., sys/resource.h - found
-- Looking for 8 include files idn2.h, ..., sys/select.h
-- Looking for 8 include files idn2.h, ..., sys/select.h - found
-- Looking for 9 include files idn2.h, ..., sys/socket.h
-- Looking for 9 include files idn2.h, ..., sys/socket.h - found
-- Looking for 10 include files idn2.h, ..., sys/sockio.h
-- Looking for 10 include files idn2.h, ..., sys/sockio.h - not found
-- Looking for 10 include files idn2.h, ..., sys/stat.h
-- Looking for 10 include files idn2.h, ..., sys/stat.h - found
-- Looking for 11 include files idn2.h, ..., sys/time.h
-- Looking for 11 include files idn2.h, ..., sys/time.h - found
-- Looking for 12 include files idn2.h, ..., sys/types.h
-- Looking for 12 include files idn2.h, ..., sys/types.h - found
-- Looking for 13 include files idn2.h, ..., sys/un.h
-- Looking for 13 include files idn2.h, ..., sys/un.h - found
-- Looking for 14 include files idn2.h, ..., sys/utime.h
-- Looking for 14 include files idn2.h, ..., sys/utime.h - not found
-- Looking for 14 include files idn2.h, ..., sys/xattr.h
-- Looking for 14 include files idn2.h, ..., sys/xattr.h - found
-- Looking for 15 include files idn2.h, ..., arpa/inet.h
-- Looking for 15 include files idn2.h, ..., arpa/inet.h - found
-- Looking for 16 include files idn2.h, ..., dirent.h
-- Looking for 16 include files idn2.h, ..., dirent.h - found
-- Looking for 17 include files idn2.h, ..., fcntl.h
-- Looking for 17 include files idn2.h, ..., fcntl.h - found
-- Looking for 18 include files idn2.h, ..., ifaddrs.h
-- Looking for 18 include files idn2.h, ..., ifaddrs.h - found
-- Looking for 19 include files idn2.h, ..., io.h
-- Looking for 19 include files idn2.h, ..., io.h - not found
-- Looking for 19 include files idn2.h, ..., libgen.h
-- Looking for 19 include files idn2.h, ..., libgen.h - found
-- Looking for 20 include files idn2.h, ..., locale.h
-- Looking for 20 include files idn2.h, ..., locale.h - found
-- Looking for 21 include files idn2.h, ..., net/if.h
-- Looking for 21 include files idn2.h, ..., net/if.h - found
-- Looking for 22 include files idn2.h, ..., netdb.h
-- Looking for 22 include files idn2.h, ..., netdb.h - found
-- Looking for 23 include files idn2.h, ..., netinet/in.h
-- Looking for 23 include files idn2.h, ..., netinet/in.h - found
-- Looking for 24 include files idn2.h, ..., netinet/tcp.h
-- Looking for 24 include files idn2.h, ..., netinet/tcp.h - found
-- Looking for 25 include files idn2.h, ..., netinet/udp.h
-- Looking for 25 include files idn2.h, ..., netinet/udp.h - found
-- Looking for linux/tcp.h
-- Looking for linux/tcp.h - found
-- Looking for 26 include files idn2.h, ..., poll.h
-- Looking for 26 include files idn2.h, ..., poll.h - found
-- Looking for 27 include files idn2.h, ..., pwd.h
-- Looking for 27 include files idn2.h, ..., pwd.h - found
-- Looking for 28 include files idn2.h, ..., stdatomic.h
-- Looking for 28 include files idn2.h, ..., stdatomic.h - found
-- Looking for 29 include files idn2.h, ..., stdbool.h
-- Looking for 29 include files idn2.h, ..., stdbool.h - found
-- Looking for 30 include files idn2.h, ..., strings.h
-- Looking for 30 include files idn2.h, ..., strings.h - found
-- Looking for 31 include files idn2.h, ..., stropts.h
-- Looking for 31 include files idn2.h, ..., stropts.h - not found
-- Looking for 31 include files idn2.h, ..., termio.h
-- Looking for 31 include files idn2.h, ..., termio.h - found
-- Looking for 32 include files idn2.h, ..., termios.h
-- Looking for 32 include files idn2.h, ..., termios.h - found
-- Looking for 33 include files idn2.h, ..., unistd.h
-- Looking for 33 include files idn2.h, ..., unistd.h - found
-- Looking for 34 include files idn2.h, ..., utime.h
-- Looking for 34 include files idn2.h, ..., utime.h - found
-- Looking for stdint.h
-- Looking for stdint.h - found
-- Looking for stddef.h
-- Looking for stddef.h - found
-- Check size of size_t
-- Check size of size_t - done
-- Check size of ssize_t
-- Check size of ssize_t - done
-- Check size of long long
-- Check size of long long - done
-- Check size of long
-- Check size of long - done
-- Check size of int
-- Check size of int - done
-- Check size of __int64
-- Check size of __int64 - failed
-- Check size of time_t
-- Check size of time_t - done
-- Check size of suseconds_t
-- Check size of suseconds_t - done
-- Looking for fnmatch
-- Looking for fnmatch - found
-- Looking for basename
-- Looking for basename - found
-- Looking for opendir
-- Looking for opendir - found
-- Looking for socket
-- Looking for socket - found
-- Looking for sched_yield
-- Looking for sched_yield - found
-- Looking for socketpair
-- Looking for socketpair - found
-- Looking for recv
-- Looking for recv - found
-- Looking for send
-- Looking for send - found
-- Looking for sendmsg
-- Looking for sendmsg - found
-- Looking for select
-- Looking for select - found
-- Looking for strdup
-- Looking for strdup - found
-- Looking for strtok_r
-- Looking for strtok_r - found
-- Looking for strcasecmp
-- Looking for strcasecmp - found
-- Looking for stricmp
-- Looking for stricmp - not found
-- Looking for strcmpi
-- Looking for strcmpi - not found
-- Looking for memrchr
-- Looking for memrchr - not found
-- Looking for alarm
-- Looking for alarm - found
-- Looking for arc4random
-- Looking for arc4random - not found
-- Looking for fcntl
-- Looking for fcntl - found
-- Looking for getppid
-- Looking for getppid - found
-- Looking for utimes
-- Looking for utimes - found
-- Looking for gettimeofday
-- Looking for gettimeofday - found
-- Looking for closesocket
-- Looking for closesocket - not found
-- Looking for sigsetjmp
-- Looking for sigsetjmp - found
-- Looking for getpass_r
-- Looking for getpass_r - not found
-- Looking for getpwuid
-- Looking for getpwuid - found
-- Looking for getpwuid_r
-- Looking for getpwuid_r - found
-- Looking for geteuid
-- Looking for geteuid - found
-- Looking for utime
-- Looking for utime - found
-- Looking for gmtime_r
-- Looking for gmtime_r - found
-- Looking for gethostbyname_r
-- Looking for gethostbyname_r - found
-- Looking for signal
-- Looking for signal - found
-- Looking for strtoll
-- Looking for strtoll - found
-- Looking for strerror_r
-- Looking for strerror_r - found
-- Looking for sigaction
-- Looking for sigaction - found
-- Looking for siginterrupt
-- Looking for siginterrupt - found
-- Looking for getaddrinfo
-- Looking for getaddrinfo - found
-- Looking for getifaddrs
-- Looking for getifaddrs - found
-- Looking for freeaddrinfo
-- Looking for freeaddrinfo - found
-- Looking for pipe
-- Looking for pipe - found
-- Looking for eventfd
-- Looking for eventfd - found
-- Looking for ftruncate
-- Looking for ftruncate - found
-- Looking for _fseeki64
-- Looking for _fseeki64 - not found
-- Looking for getpeername
-- Looking for getpeername - found
-- Looking for getsockname
-- Looking for getsockname - found
-- Looking for if_nametoindex
-- Looking for if_nametoindex - found
-- Looking for getrlimit
-- Looking for getrlimit - found
-- Looking for setlocale
-- Looking for setlocale - found
-- Looking for setmode
-- Looking for setmode - not found
-- Looking for setrlimit
-- Looking for setrlimit - found
-- Looking for snprintf
-- Looking for snprintf - found
-- Looking for mach_absolute_time
-- Looking for mach_absolute_time - not found
-- Looking for inet_ntop
-- Looking for inet_ntop - found
-- Looking for inet_pton
-- Looking for inet_pton - found
-- Looking for fsetxattr
-- Looking for fsetxattr - found
-- Performing Test HAVE_FSETXATTR_5
-- Performing Test HAVE_FSETXATTR_5 - Success
-- Performing Test HAVE_FSETXATTR_6
-- Performing Test HAVE_FSETXATTR_6 - Failed
-- Check size of sa_family_t
-- Check size of sa_family_t - done
-- Performing Test HAVE_FCNTL_O_NONBLOCK
-- Performing Test HAVE_FCNTL_O_NONBLOCK - Success
-- Performing Test HAVE_IOCTLSOCKET
-- Performing Test HAVE_IOCTLSOCKET - Failed
-- Performing Test HAVE_IOCTLSOCKET_CAMEL
-- Performing Test HAVE_IOCTLSOCKET_CAMEL - Failed
-- Performing Test HAVE_IOCTLSOCKET_CAMEL_FIONBIO
-- Performing Test HAVE_IOCTLSOCKET_CAMEL_FIONBIO - Failed
-- Performing Test HAVE_IOCTLSOCKET_FIONBIO
-- Performing Test HAVE_IOCTLSOCKET_FIONBIO - Failed
-- Performing Test HAVE_IOCTL_FIONBIO
-- Performing Test HAVE_IOCTL_FIONBIO - Success
-- Performing Test HAVE_IOCTL_SIOCGIFADDR
-- Performing Test HAVE_IOCTL_SIOCGIFADDR - Success
-- Performing Test HAVE_SETSOCKOPT_SO_NONBLOCK
-- Performing Test HAVE_SETSOCKOPT_SO_NONBLOCK - Failed
-- Performing Test HAVE_O_NONBLOCK
-- Performing Test HAVE_O_NONBLOCK - Failed
-- Performing Test HAVE_GETHOSTBYNAME_R_3
-- Performing Test HAVE_GETHOSTBYNAME_R_3 - Failed
-- Performing Test HAVE_GETHOSTBYNAME_R_5
-- Performing Test HAVE_GETHOSTBYNAME_R_5 - Failed
-- Performing Test HAVE_GETHOSTBYNAME_R_6
-- Performing Test HAVE_GETHOSTBYNAME_R_6 - Success
-- Performing Test HAVE_GETHOSTBYNAME_R_3_REENTRANT
-- Performing Test HAVE_GETHOSTBYNAME_R_3_REENTRANT - Failed
-- Performing Test HAVE_GETHOSTBYNAME_R_5_REENTRANT
-- Performing Test HAVE_GETHOSTBYNAME_R_5_REENTRANT - Failed
-- Performing Test HAVE_GETHOSTBYNAME_R_6_REENTRANT
-- Performing Test HAVE_GETHOSTBYNAME_R_6_REENTRANT - Success
-- Performing Test HAVE_IN_ADDR_T
-- Performing Test HAVE_IN_ADDR_T - Success
-- Performing Test HAVE_BOOL_T
-- Performing Test HAVE_BOOL_T - Success
-- Performing Test STDC_HEADERS
-- Performing Test STDC_HEADERS - Success
-- Performing Test HAVE_FILE_OFFSET_BITS
-- Performing Test HAVE_FILE_OFFSET_BITS - Success
-- Performing Test HAVE_ATOMIC
-- Performing Test HAVE_ATOMIC - Success
-- Check size of off_t
-- Check size of off_t - done
-- Looking for fseeko
-- Looking for fseeko - found
-- Check size of curl_off_t
-- Check size of curl_off_t - done
-- Check size of curl_socket_t
-- Check size of curl_socket_t - done
-- Performing Test HAVE_WRITABLE_ARGV
-- Performing Test HAVE_WRITABLE_ARGV - Success
-- Performing Test HAVE_GLIBC_STRERROR_R
-- Performing Test HAVE_GLIBC_STRERROR_R - Failed
-- Performing Test HAVE_POSIX_STRERROR_R
-- Performing Test HAVE_POSIX_STRERROR_R - Success
-- Performing Test HAVE_CLOCK_GETTIME_MONOTONIC
-- Performing Test HAVE_CLOCK_GETTIME_MONOTONIC - Success
-- Check size of struct sockaddr_storage
-- Check size of struct sockaddr_storage - done
-- Performing Test HAVE_MSG_NOSIGNAL
-- Performing Test HAVE_MSG_NOSIGNAL - Success
-- Performing Test HAVE_STRUCT_TIMEVAL
-- Performing Test HAVE_STRUCT_TIMEVAL - Success
-- Performing Test HAVE_POLL_FINE
-- Performing Test HAVE_POLL_FINE - Success
-- Performing Test HAVE_H_ERRNO
-- Performing Test HAVE_H_ERRNO - Success
-- Performing Test HAVE_CLOCK_GETTIME_MONOTONIC_RAW
-- Performing Test HAVE_CLOCK_GETTIME_MONOTONIC_RAW - Success
-- Protocols: dict file ftp ftps gopher gophers http https imap imaps ipfs ipns mqtt pop3 pop3s rtsp smb smbs smtp smtps telnet tftp
-- Features: alt-svc AsynchDNS HSTS HTTPS-proxy IDN IPv6 Largefile libz NTLM SSL threadsafe TLS-SRP UnixSockets
-- Enabled SSL backends: OpenSSL
-- Configuring done
-- Generating done
-- Build files have been written to: /home/op/CKGFuzzer/code/curl/build
