checking build system type... x86_64-pc-linux-gnu
checking host system type... x86_64-pc-linux-gnu
checking for a BSD-compatible install... /usr/bin/install -c
checking whether build environment is sane... yes
checking for a thread-safe mkdir -p... /usr/bin/mkdir -p
checking for gawk... no
checking for mawk... mawk
checking whether make sets $(MAKE)... yes
checking whether make supports nested variables... yes
checking whether UID '1000' is supported by ustar format... yes
checking whether GID '1000' is supported by ustar format... yes
checking how to create a ustar tar archive... gnutar
checking whether make supports the include directive... yes (GNU style)
checking for gcc... gcc
checking whether the C compiler works... yes
checking for C compiler default output file name... a.out
checking for suffix of executables... 
checking whether we are cross compiling... no
checking for suffix of object files... o
checking whether we are using the GNU C compiler... yes
checking whether gcc accepts -g... yes
checking for gcc option to accept ISO C89... none needed
checking whether gcc understands -c and -o together... yes
checking dependency style of gcc... gcc3
checking for gcc option to accept ISO C99... none needed
checking for gcc option to accept ISO Standard C... (cached) none needed
checking how to run the C preprocessor... gcc -E
checking for g++... g++
checking whether we are using the GNU C++ compiler... yes
checking whether g++ accepts -g... yes
checking dependency style of g++... gcc3
checking how to print strings... printf
checking for a sed that does not truncate output... /usr/bin/sed
checking for grep that handles long lines and -e... /usr/bin/grep
checking for egrep... /usr/bin/grep -E
checking for fgrep... /usr/bin/grep -F
checking for ld used by gcc... /usr/bin/ld
checking if the linker (/usr/bin/ld) is GNU ld... yes
checking for BSD- or MS-compatible name lister (nm)... /usr/bin/nm -B
checking the name lister (/usr/bin/nm -B) interface... BSD nm
checking whether ln -s works... yes
checking the maximum length of command line arguments... 1572864
checking how to convert x86_64-pc-linux-gnu file names to x86_64-pc-linux-gnu format... func_convert_file_noop
checking how to convert x86_64-pc-linux-gnu file names to toolchain format... func_convert_file_noop
checking for /usr/bin/ld option to reload object files... -r
checking for objdump... objdump
checking how to recognize dependent libraries... pass_all
checking for dlltool... no
checking how to associate runtime and link libraries... printf %s\n
checking for ar... ar
checking for archiver @FILE support... @
checking for strip... strip
checking for ranlib... ranlib
checking command to parse /usr/bin/nm -B output from gcc object... ok
checking for sysroot... no
checking for a working dd... /usr/bin/dd
checking how to truncate binary pipes... /usr/bin/dd bs=4096 count=1
checking for mt... mt
checking if mt is a manifest tool... no
checking for ANSI C header files... yes
checking for sys/types.h... yes
checking for sys/stat.h... yes
checking for stdlib.h... yes
checking for string.h... yes
checking for memory.h... yes
checking for strings.h... yes
checking for inttypes.h... yes
checking for stdint.h... yes
checking for unistd.h... yes
checking for dlfcn.h... yes
checking for objdir... .libs
checking if gcc supports -fno-rtti -fno-exceptions... no
checking for gcc option to produce PIC... -fPIC -DPIC
checking if gcc PIC flag -fPIC -DPIC works... yes
checking if gcc static flag -static works... yes
checking if gcc supports -c -o file.o... yes
checking if gcc supports -c -o file.o... (cached) yes
checking whether the gcc linker (/usr/bin/ld -m elf_x86_64) supports shared libraries... yes
checking whether -lc should be explicitly linked in... no
checking dynamic linker characteristics... GNU/Linux ld.so
checking how to hardcode library paths into programs... immediate
checking whether stripping libraries is possible... yes
checking if libtool supports shared libraries... yes
checking whether to build shared libraries... yes
checking whether to build static libraries... yes
checking how to run the C++ preprocessor... g++ -E
checking for ld used by g++... /usr/bin/ld -m elf_x86_64
checking if the linker (/usr/bin/ld -m elf_x86_64) is GNU ld... yes
checking whether the g++ linker (/usr/bin/ld -m elf_x86_64) supports shared libraries... yes
checking for g++ option to produce PIC... -fPIC -DPIC
checking if g++ PIC flag -fPIC -DPIC works... yes
checking if g++ static flag -static works... yes
checking if g++ supports -c -o file.o... yes
checking if g++ supports -c -o file.o... (cached) yes
checking whether the g++ linker (/usr/bin/ld -m elf_x86_64) supports shared libraries... yes
checking dynamic linker characteristics... (cached) GNU/Linux ld.so
checking how to hardcode library paths into programs... immediate
checking whether to enable maintainer-specific portions of Makefiles... no
checking for inline... inline
checking for __attribute__((visibility))... yes
checking whether C compiler accepts -fvisibility=hidden... yes
checking whether byte ordering is bigendian... no
checking for gmtime_r... yes
checking whether gcc is Clang... no
checking whether pthreads work with "-pthread" and "-lpthread"... yes
checking for joinable pthread attribute... PTHREAD_CREATE_JOINABLE
checking whether more special flags are required for pthreads... no
checking for PTHREAD_PRIO_INHERIT... yes
checking whether compiler supports SSE2... yes
checking for sqrt in -lm... yes
checking for JPEG support... 
checking jconfig.h usability... no
checking jconfig.h presence... no
checking for jconfig.h... no
checking jerror.h usability... no
checking jerror.h presence... no
checking for jerror.h... no
checking for jmorecfg.h... no
checking jpeglib.h usability... no
checking jpeglib.h presence... no
checking for jpeglib.h... no
checking for jpeg_read_header in -ljpeg... no
checking for JPEG library is version 6b or later... no
no
checking if JPEG package is complete... no
checking for ZLIB support ... 
checking zconf.h usability... yes
checking zconf.h presence... yes
checking for zconf.h... yes
checking zlib.h usability... yes
checking zlib.h presence... yes
checking for zlib.h... yes
checking for compress in -lz... yes
checking for uncompress in -lz... yes
checking for deflate in -lz... yes
checking for inflate in -lz... yes
checking for gzseek in -lz... yes
checking for gztell in -lz... yes
checking if ZLIB package is complete... yes
checking for TIFF support... 
checking tiff.h usability... no
checking tiff.h presence... no
checking for tiff.h... no
checking tiffio.h usability... no
checking tiffio.h presence... no
checking for tiffio.h... no
checking for TIFFOpen in -ltiff... no
checking for TIFFClientOpen in -ltiff... no
checking for TIFFIsByteSwapped in -ltiff... no
checking if TIFF package is complete... no
checking that generated files are newer than configure... done
configure: creating ./config.status
config.status: creating Makefile
config.status: creating lcms2.pc
config.status: creating include/Makefile
config.status: creating src/Makefile
config.status: creating utils/tificc/Makefile
config.status: creating utils/transicc/Makefile
config.status: creating utils/linkicc/Makefile
config.status: creating utils/jpgicc/Makefile
config.status: creating utils/psicc/Makefile
config.status: creating testbed/Makefile
config.status: creating plugins/Makefile
config.status: creating plugins/fast_float/Makefile
config.status: creating plugins/fast_float/src/Makefile
config.status: creating plugins/fast_float/include/Makefile
config.status: creating plugins/fast_float/testbed/Makefile
config.status: creating plugins/threaded/Makefile
config.status: creating plugins/threaded/src/Makefile
config.status: creating plugins/threaded/include/Makefile
config.status: creating plugins/threaded/testbed/Makefile
config.status: executing depfiles commands
config.status: executing libtool commands
