checking build system type... x86_64-pc-linux-gnu
checking host system type... x86_64-pc-linux-gnu
checking target system type... x86_64-pc-linux-gnu
checking for gcc... gcc
checking whether the C compiler works... yes
checking for C compiler default output file name... a.out
checking for suffix of executables... 
checking whether we are cross compiling... no
checking for suffix of object files... o
checking whether we are using the GNU C compiler... yes
checking whether gcc accepts -g... yes
checking for gcc option to accept ISO C89... none needed
checking for gcc option to accept ISO C99... none needed
checking how to run the C preprocessor... gcc -E
checking for grep that handles long lines and -e... /usr/bin/grep
checking for egrep... /usr/bin/grep -E
checking for ANSI C header files... yes
checking for sys/types.h... yes
checking for sys/stat.h... yes
checking for stdlib.h... yes
checking for string.h... yes
checking for memory.h... yes
checking for strings.h... yes
checking for inttypes.h... yes
checking for stdint.h... yes
checking for unistd.h... yes
checking size of void *... 8
checking whether the compiler supports the -fvisibility=hidden option... yes
checking for inline... inline
checking for __atomic_load_n... yes
checking for __atomic_store_n... yes
checking for special C compiler options needed for large files... no
checking for _FILE_OFFSET_BITS value needed for large files... no
checking for _LARGEFILE_SOURCE value needed for large files... no
checking sys/ioccom.h usability... no
checking sys/ioccom.h presence... no
checking for sys/ioccom.h... no
checking sys/sockio.h usability... no
checking sys/sockio.h presence... no
checking for sys/sockio.h... no
checking netpacket/packet.h usability... yes
checking netpacket/packet.h presence... yes
checking for netpacket/packet.h... yes
checking for ANSI ioctl definitions... yes
checking for strerror... yes
checking for strerror_r... yes
checking whether strerror_r is GNU-style... yes
checking for vsyslog... yes
checking for vsnprintf... yes
checking for snprintf... yes
checking for vasprintf... yes
checking for asprintf... yes
checking for strlcat... no
checking for strlcpy... no
checking for strtok_r... yes
checking for ffs... yes
checking whether ffs is declared... yes
checking for getaddrinfo... yes
checking for library containing putmsg... no
checking whether getnetbyname_r is declared... yes
checking for the Linux getnetbyname_r()... yes
checking whether getprotobyname_r is declared... yes
checking for the Linux getprotobyname_r()... yes
checking for ether_hostton... yes
checking whether ether_hostton is declared... no
checking whether ether_hostton is declared... yes
checking pthread.h usability... yes
checking pthread.h presence... yes
checking for pthread.h... yes
checking for pthread_create... yes
checking if --disable-protochain option is specified... enabled
checking net/bpf.h usability... no
checking net/bpf.h presence... no
checking for net/bpf.h... no
checking net/pfilt.h usability... no
checking net/pfilt.h presence... no
checking for net/pfilt.h... no
checking net/enet.h usability... no
checking net/enet.h presence... no
checking for net/enet.h... no
checking net/nit.h usability... no
checking net/nit.h presence... no
checking for net/nit.h... no
checking sys/net/nit.h usability... no
checking sys/net/nit.h presence... no
checking for sys/net/nit.h... no
checking linux/socket.h usability... yes
checking linux/socket.h presence... yes
checking for linux/socket.h... yes
checking net/raw.h usability... no
checking net/raw.h presence... no
checking for net/raw.h... no
checking sys/dlpi.h usability... no
checking sys/dlpi.h presence... no
checking for sys/dlpi.h... no
checking config/HaikuConfig.h usability... no
checking config/HaikuConfig.h presence... no
checking for config/HaikuConfig.h... no
checking packet capture type... linux
checking for pkg-config... /usr/bin/pkg-config
checking pkg-config is at least version 0.17.0... yes
checking for brew... no
checking for linux/wireless.h... yes
checking for libnl-genl-3.0 with pkg-config... not found
checking for nl_socket_alloc in -lnl-3... no
checking for struct tpacket_auxdata.tp_vlan_tci... yes
checking for getifaddrs... yes
checking ifaddrs.h usability... yes
checking ifaddrs.h presence... yes
checking for ifaddrs.h... yes
checking linux/net_tstamp.h usability... yes
checking linux/net_tstamp.h presence... yes
checking for linux/net_tstamp.h... yes
checking for socklen_t... yes
checking dagapi.h usability... no
checking dagapi.h presence... no
checking for dagapi.h... no
checking whether we have Septel API headers... no
checking whether we have Myricom Sniffer API... no
checking whether TurboCap is supported... no
checking whether to enable remote packet capture... no
checking whether to build optimizer debugging code... no
checking whether to build parser debugging code... no
checking for flex... flex
checking lex output file root... lex.yy
checking lex library... -lfl
checking whether yytext is a pointer... yes
checking for capable lex... yes
checking for bison... bison
checking for ranlib... ranlib
checking for ar... ar
checking whether ln -s works... yes
checking for struct sockaddr.sa_len... no
checking for struct sockaddr_storage... yes
checking for dl_hp_ppa_info_t.dl_module_id_1... no
checking for Linux usbmon USB sniffing support... yes
checking linux/compiler.h usability... no
checking linux/compiler.h presence... no
checking for linux/compiler.h... no
checking linux/usbdevice_fs.h usability... yes
checking linux/usbdevice_fs.h presence... yes
checking for linux/usbdevice_fs.h... yes
checking for struct usbdevfs_ctrltransfer.bRequestType... yes
checking whether we can compile the netfilter support... yes
checking whether we can compile the netmap support... no
checking for libdpdk with pkg-config... not found
configure: WARNING: We couldn't find DPDK with pkg-config.  If
you want DPDK support, make sure that pkg-config is installed,
that DPDK 18.02.2 or later is installed, and that DPDK provides a
.pc file.
checking bluetooth/bluetooth.h usability... no
checking bluetooth/bluetooth.h presence... no
checking for bluetooth/bluetooth.h... no
configure: Bluetooth sniffing is not supported; install bluez-lib devel to enable it
checking for dbus-1 with pkg-config... not found
checking for libibverbs with pkg-config... found
checking infiniband/verbs.h usability... yes
checking infiniband/verbs.h presence... yes
checking for infiniband/verbs.h... yes
checking whether libibverbs defines ibv_create_flow... yes
checking for a BSD-compatible install... /usr/bin/install -c
configure: creating ./config.status
config.status: creating Makefile
config.status: creating grammar.y
config.status: creating pcap-filter.manmisc
config.status: creating pcap-linktype.manmisc
config.status: creating pcap-tstamp.manmisc
config.status: creating pcap-savefile.manfile
config.status: creating pcap.3pcap
config.status: creating pcap_compile.3pcap
config.status: creating pcap_datalink.3pcap
config.status: creating pcap_dump_open.3pcap
config.status: creating pcap_get_tstamp_precision.3pcap
config.status: creating pcap_list_datalinks.3pcap
config.status: creating pcap_list_tstamp_types.3pcap
config.status: creating pcap_open_dead.3pcap
config.status: creating pcap_open_offline.3pcap
config.status: creating pcap_set_immediate_mode.3pcap
config.status: creating pcap_set_tstamp_precision.3pcap
config.status: creating pcap_set_tstamp_type.3pcap
config.status: creating rpcapd/Makefile
config.status: creating rpcapd/rpcapd.manadmin
config.status: creating rpcapd/rpcapd-config.manfile
config.status: creating testprogs/Makefile
config.status: creating config.h
config.status: config.h is unchanged
config.status: executing default-1 commands
