gcc -fvisibility=hidden  -fpic -I.  -DBUILDING_PCAP -Dpcap_EXPORTS -DHAVE_CONFIG_H  -I/usr/include/libnl3 -g -O2    -c ./pcap-linux.c
gcc -fvisibility=hidden  -fpic -I.  -DBUILDING_PCAP -Dpcap_EXPORTS -DHAVE_CONFIG_H  -I/usr/include/libnl3 -g -O2    -c ./fad-getad.c
gcc -fvisibility=hidden  -fpic -I.  -DBUILDING_PCAP -Dpcap_EXPORTS -DHAVE_CONFIG_H  -I/usr/include/libnl3 -g -O2    -c ./pcap-usb-linux.c
gcc -fvisibility=hidden  -fpic -I.  -DBUILDING_PCAP -Dpcap_EXPORTS -DHAVE_CONFIG_H  -I/usr/include/libnl3 -g -O2    -c ./pcap-netfilter-linux.c
gcc -fvisibility=hidden  -fpic -I.  -DBUILDING_PCAP -Dpcap_EXPORTS -DHAVE_CONFIG_H  -I/usr/include/libnl3 -g -O2    -c ./pcap-rdmasniff.c
bison -p pcap_ -o grammar.c -d grammar.y
flex -P pcap_ --header-file=scanner.h --nounput -o scanner.c scanner.l
gcc -fvisibility=hidden  -fpic -I.  -DBUILDING_PCAP -Dpcap_EXPORTS -DHAVE_CONFIG_H  -I/usr/include/libnl3 -g -O2    -c ./pcap.c
gcc -fvisibility=hidden  -fpic -I.  -DBUILDING_PCAP -Dpcap_EXPORTS -DHAVE_CONFIG_H  -I/usr/include/libnl3 -g -O2    -c ./optimize.c
gcc -fvisibility=hidden  -fpic -I.  -DBUILDING_PCAP -Dpcap_EXPORTS -DHAVE_CONFIG_H  -I/usr/include/libnl3 -g -O2    -c ./nametoaddr.c
gcc -fvisibility=hidden  -fpic -I.  -DBUILDING_PCAP -Dpcap_EXPORTS -DHAVE_CONFIG_H  -I/usr/include/libnl3 -g -O2    -c ./etherent.c
gcc -fvisibility=hidden  -fpic -I.  -DBUILDING_PCAP -Dpcap_EXPORTS -DHAVE_CONFIG_H  -I/usr/include/libnl3 -g -O2    -c ./fmtutils.c
gcc -fvisibility=hidden  -fpic -I.  -DBUILDING_PCAP -Dpcap_EXPORTS -DHAVE_CONFIG_H  -I/usr/include/libnl3 -g -O2    -c ./pcap-util.c
gcc -fvisibility=hidden  -fpic -I.  -DBUILDING_PCAP -Dpcap_EXPORTS -DHAVE_CONFIG_H  -I/usr/include/libnl3 -g -O2    -c ./savefile.c
gcc -fvisibility=hidden  -fpic -I.  -DBUILDING_PCAP -Dpcap_EXPORTS -DHAVE_CONFIG_H  -I/usr/include/libnl3 -g -O2    -c ./sf-pcap.c
gcc -fvisibility=hidden  -fpic -I.  -DBUILDING_PCAP -Dpcap_EXPORTS -DHAVE_CONFIG_H  -I/usr/include/libnl3 -g -O2    -c ./sf-pcapng.c
gcc -fvisibility=hidden  -fpic -I.  -DBUILDING_PCAP -Dpcap_EXPORTS -DHAVE_CONFIG_H  -I/usr/include/libnl3 -g -O2    -c ./pcap-common.c
gcc -fvisibility=hidden  -fpic -I.  -DBUILDING_PCAP -Dpcap_EXPORTS -DHAVE_CONFIG_H  -I/usr/include/libnl3 -g -O2    -c ./pcap-usb-linux-common.c
gcc -fvisibility=hidden  -fpic -I.  -DBUILDING_PCAP -Dpcap_EXPORTS -DHAVE_CONFIG_H  -I/usr/include/libnl3 -g -O2    -c ./bpf_image.c
gcc -fvisibility=hidden  -fpic -I.  -DBUILDING_PCAP -Dpcap_EXPORTS -DHAVE_CONFIG_H  -I/usr/include/libnl3 -g -O2    -c ./bpf_filter.c
gcc -fvisibility=hidden  -fpic -I.  -DBUILDING_PCAP -Dpcap_EXPORTS -DHAVE_CONFIG_H  -I/usr/include/libnl3 -g -O2    -c ./bpf_dump.c
gcc -fvisibility=hidden  -fpic -I.  -DBUILDING_PCAP -Dpcap_EXPORTS -DHAVE_CONFIG_H  -I/usr/include/libnl3 -g -O2    -o strlcat.o -c ./missing/strlcat.c
gcc -fvisibility=hidden  -fpic -I.  -DBUILDING_PCAP -Dpcap_EXPORTS -DHAVE_CONFIG_H  -I/usr/include/libnl3 -g -O2    -o strlcpy.o -c ./missing/strlcpy.c
./config.status --file=libpcap.pc.tmp:./libpcap.pc.in
./config.status --file=pcap-config.tmp:./pcap-config.in
./pcap-linux.c: In function ‘pcap_breakloop_linux’:
./pcap-linux.c:948:23: warning: ignoring return value of ‘write’ declared with attribute ‘warn_unused_result’ [-Wunused-result]
  948 |                 (void)write(handlep->poll_breakloop_fd, &value, sizeof(value));
      |                       ^~~~~~~~~~~~~~~~~~~~~~~~~~~~~~~~~~~~~~~~~~~~~~~~~~~~~~~~
config.status: creating libpcap.pc.tmp
config.status: creating pcap-config.tmp
mv libpcap.pc.tmp libpcap.pc
mv pcap-config.tmp pcap-config
chmod a+x pcap-config
gcc -fvisibility=hidden  -fpic -I.  -DBUILDING_PCAP -Dpcap_EXPORTS -DHAVE_CONFIG_H  -I/usr/include/libnl3 -g -O2    -c grammar.c
gcc -fvisibility=hidden  -fpic -I.  -DBUILDING_PCAP -Dpcap_EXPORTS -DHAVE_CONFIG_H  -I/usr/include/libnl3 -g -O2    -c ./gencode.c
gcc -fvisibility=hidden  -fpic -I.  -DBUILDING_PCAP -Dpcap_EXPORTS -DHAVE_CONFIG_H  -I/usr/include/libnl3 -g -O2    -c scanner.c
VER=`cat ./VERSION`; \
MAJOR_VER=`sed 's/\([0-9][0-9]*\)\..*/\1/' ./VERSION`; \
gcc  -shared -Wl,-soname,libpcap.so.$MAJOR_VER \
    -o libpcap.so.$VER pcap-linux.o fad-getad.o  pcap-usb-linux.o pcap-netfilter-linux.o pcap-rdmasniff.o  pcap.o gencode.o optimize.o nametoaddr.o etherent.o fmtutils.o pcap-util.o savefile.o sf-pcap.o sf-pcapng.o pcap-common.o pcap-usb-linux-common.o bpf_image.o bpf_filter.o bpf_dump.o scanner.o grammar.o strlcat.o strlcpy.o  -libverbs  
ar rc libpcap.a pcap-linux.o fad-getad.o  pcap-usb-linux.o pcap-netfilter-linux.o pcap-rdmasniff.o  pcap.o gencode.o optimize.o nametoaddr.o etherent.o fmtutils.o pcap-util.o savefile.o sf-pcap.o sf-pcapng.o pcap-common.o pcap-usb-linux-common.o bpf_image.o bpf_filter.o bpf_dump.o scanner.o grammar.o strlcat.o strlcpy.o 
ranlib libpcap.a
