-- Building tiff version 4.7.0
-- The C compiler identification is GNU 11.4.0
-- The CXX compiler identification is GNU 11.4.0
-- Detecting C compiler ABI info
-- Detecting C compiler ABI info - done
-- Check for working C compiler: /usr/bin/cc - skipped
-- Detecting C compile features
-- Detecting C compile features - done
-- Detecting CXX compiler ABI info
-- Detecting CXX compiler ABI info - done
-- Check for working CXX compiler: /usr/bin/c++ - skipped
-- Detecting CXX compile features
-- Detecting CXX compile features - done
-- Performing Test C_FLAG_Wall
-- Performing Test C_FLAG_Wall - Success
-- Performing Test C_FLAG_Winline
-- Performing Test C_FLAG_Winline - Success
-- Performing Test C_FLAG_Wformat_security
-- Performing Test C_FLAG_Wformat_security - Success
-- Performing Test C_FLAG_Wpointer_arith
-- Performing Test C_FLAG_Wpointer_arith - Success
-- Performing Test C_FLAG_Wdisabled_optimization
-- Performing Test C_FLAG_Wdisabled_optimization - Success
-- Performing Test C_FLAG_Wno_unknown_pragmas
-- Performing Test C_FLAG_Wno_unknown_pragmas - Success
-- Performing Test C_FLAG_fstrict_aliasing
-- Performing Test C_FLAG_fstrict_aliasing - Success
-- Performing Test HAVE_LD_VERSION_SCRIPT
-- Performing Test HAVE_LD_VERSION_SCRIPT - Success
-- Looking for assert.h
-- Looking for assert.h - found
-- Looking for fcntl.h
-- Looking for fcntl.h - found
-- Looking for io.h
-- Looking for io.h - not found
-- Looking for strings.h
-- Looking for strings.h - found
-- Looking for sys/time.h
-- Looking for sys/time.h - found
-- Looking for sys/types.h
-- Looking for sys/types.h - found
-- Looking for unistd.h
-- Looking for unistd.h - found
-- Looking for getopt
-- Looking for getopt - found
-- Looking for optarg
-- Looking for optarg - found
-- Looking for mmap
-- Looking for mmap - found
-- Looking for setmode
-- Looking for setmode - not found
-- Looking for stdint.h
-- Looking for stdint.h - found
-- Looking for stddef.h
-- Looking for stddef.h - found
-- Check size of size_t
-- Check size of size_t - done
-- Found ZLIB: /usr/lib/x86_64-linux-gnu/libz.so (found version "1.2.11") 
-- Could NOT find Deflate (missing: Deflate_LIBRARY Deflate_INCLUDE_DIR) 
-- Could NOT find JPEG (missing: JPEG_LIBRARY JPEG_INCLUDE_DIR) 
-- Could NOT find JBIG (missing: JBIG_LIBRARY JBIG_INCLUDE_DIR) 
-- Could NOT find LERC (missing: LERC_LIBRARY LERC_INCLUDE_DIR) 
-- Could NOT find liblzma (missing: LIBLZMA_LIBRARY LIBLZMA_INCLUDE_DIR LIBLZMA_HAS_AUTO_DECODER LIBLZMA_HAS_EASY_ENCODER LIBLZMA_HAS_LZMA_PRESET) 
-- Could NOT find ZSTD (missing: ZSTD_LIBRARY ZSTD_INCLUDE_DIR) 
-- Could NOT find WebP (missing: WebP_LIBRARY WebP_INCLUDE_DIR) 
-- Found OpenGL: /usr/lib/x86_64-linux-gnu/libGL.so  found components: OpenGL 
-- Found PkgConfig: /usr/bin/pkg-config (found version "0.29.2") 
-- Checking for module 'glut'
--   No package 'glut' found
-- Could NOT find GLUT (missing: GLUT_glut_LIBRARY GLUT_INCLUDE_DIR) 
-- Looking for GL/gl.h
-- Looking for GL/gl.h - found
-- Looking for GL/glu.h
-- Looking for GL/glu.h - found
-- Looking for GL/glut.h
-- Looking for GL/glut.h - not found
-- Looking for GLUT/glut.h
-- Looking for GLUT/glut.h - not found
-- Looking for OpenGL/gl.h
-- Looking for OpenGL/gl.h - not found
-- Looking for OpenGL/glu.h
-- Looking for OpenGL/glu.h - not found
-- Looking for pow
-- Looking for pow - not found
-- Looking for pow
-- Looking for pow - found
-- Found CMath: TRUE  
-- Found Python3: /usr/bin/python3.10 (found version "3.10.12") found components: Interpreter 
-- Looking for sphinx-build - not found
CMake Warning at doc/CMakeLists.txt:145 (message):
  Manual pages and HTML manual will not be generated or installed


-- 
-- Libtiff is now configured for Linux-6.8.0-100-lowlatency
-- 
--   Libtiff build version:       4.7.0
--   Libtiff library version:     6.1.0
--   Libtiff release date:        20240911
-- 
--   Installation directory:             /usr/local
--   Documentation directory:            share/doc/tiff
--   C compiler:                         /usr/bin/cc
--   C++ compiler:                       /usr/bin/c++
--   Build shared libraries:             OFF
--   Build tools:                        ON
--   Build tests:                        OFF
--   Build contrib:                      ON
--   Build docs:                         ON
--   Build deprecated features:          OFF
--   Enable linker symbol versioning:    TRUE
--   Support Microsoft Document Imaging: ON
--   Use win32 IO:                       OFF
-- 
--  Support for internal codecs:
--   CCITT Group 3 & 4 algorithms:       ON
--   Macintosh PackBits algorithm:       ON
--   LZW algorithm:                      ON
--   ThunderScan 4-bit RLE algorithm:    ON
--   NeXT 2-bit RLE algorithm:           ON
--   LogLuv high dynamic range encoding: ON
-- 
--  Support for external codecs:
--   ZLIB support:                       Requested:ON Availability:TRUE Support:TRUE
--   libdeflate support:                 Requested:OFF Availability:FALSE Support:FALSE
--   Pixar log-format algorithm:         Requested:ON Availability:TRUE Support:TRUE
--   JPEG support:                       Requested:OFF Availability:FALSE Support:FALSE
--   Old JPEG support:                   Requested:OFF Availability:FALSE Support:FALSE (Depends on JPEG Support)
--   JPEG 8/12 bit dual mode:            Requested:OFF Availability:FALSE Support:FALSE
--   ISO JBIG support:                   Requested:OFF Availability:FALSE Support:FALSE
--   LERC support:                       Requested:OFF Availability:FALSE Support:FALSE
--   LZMA2 support:                      Requested:OFF Availability:FALSE Support:FALSE
--   ZSTD support:                       Requested:OFF Availability:FALSE Support:FALSE
--   WEBP support:                       Requested:OFF Availability:FALSE Support:FALSE
-- 
--   C++ support:                        ON (requested) TRUE (availability)
-- 
--   OpenGL support:                     Requested:OFF Availability:FALSE Support:FALSE
-- 
-- Configuring done
-- Generating done
-- Build files have been written to: /home/op/CKGFuzzer/code/libtiff/mybuild
