[  5%] Building C object libtiff/CMakeFiles/tiff.dir/tif_compress.c.o
[  6%] Building C object libtiff/CMakeFiles/tiff.dir/tif_codec.c.o
[  6%] Building C object libtiff/CMakeFiles/tiff.dir/tif_aux.c.o
[  6%] Building C object libtiff/CMakeFiles/tiff.dir/tif_color.c.o
[  6%] Building C object libtiff/CMakeFiles/tiff.dir/tif_dir.c.o
[ 11%] Building C object libtiff/CMakeFiles/tiff.dir/tif_dumpmode.c.o
[ 11%] Building C object libtiff/CMakeFiles/tiff.dir/tif_extension.c.o
[ 15%] Building C object libtiff/CMakeFiles/tiff.dir/tif_dirwrite.c.o
[  6%] Building C object libtiff/CMakeFiles/tiff.dir/tif_dirinfo.c.o
[ 15%] Building C object libtiff/CMakeFiles/tiff.dir/tif_fax3.c.o
[ 15%] Building C object libtiff/CMakeFiles/tiff.dir/tif_fax3sm.c.o
[ 11%] Building C object libtiff/CMakeFiles/tiff.dir/tif_close.c.o
[ 11%] Building C object libtiff/CMakeFiles/tiff.dir/tif_dirread.c.o
[ 15%] Building C object libtiff/CMakeFiles/tiff.dir/tif_getimage.c.o
[ 17%] Building C object libtiff/CMakeFiles/tiff.dir/tif_flush.c.o
[ 15%] Building C object libtiff/CMakeFiles/tiff.dir/tif_error.c.o
[ 18%] Building C object libtiff/CMakeFiles/tiff.dir/tif_jpeg.c.o
[ 18%] Building C object libtiff/CMakeFiles/tiff.dir/tif_jbig.c.o
[ 18%] Building C object libtiff/CMakeFiles/tiff.dir/tif_hash_set.c.o
[ 19%] Building C object libtiff/CMakeFiles/tiff.dir/tif_jpeg_12.c.o
[ 20%] Building C object libtiff/CMakeFiles/tiff.dir/tif_lerc.c.o
[ 25%] Building C object libtiff/CMakeFiles/tiff.dir/tif_open.c.o
[ 24%] Building C object libtiff/CMakeFiles/tiff.dir/tif_lzma.c.o
[ 26%] Building C object libtiff/CMakeFiles/tiff.dir/tif_next.c.o
[ 26%] Building C object libtiff/CMakeFiles/tiff.dir/tif_luv.c.o
[ 26%] Building C object libtiff/CMakeFiles/tiff.dir/tif_packbits.c.o
[ 27%] Building C object libtiff/CMakeFiles/tiff.dir/tif_lzw.c.o
[ 26%] Building C object libtiff/CMakeFiles/tiff.dir/tif_ojpeg.c.o
[ 28%] Building C object libtiff/CMakeFiles/tiff.dir/tif_pixarlog.c.o
[ 29%] Building C object libtiff/CMakeFiles/tiff.dir/tif_predict.c.o
[ 30%] Building C object libtiff/CMakeFiles/tiff.dir/tif_print.c.o
[ 32%] Building C object libtiff/CMakeFiles/tiff.dir/tif_strip.c.o
[ 32%] Building C object libtiff/CMakeFiles/tiff.dir/tif_read.c.o
[ 33%] Building C object libtiff/CMakeFiles/tiff.dir/tif_swab.c.o
[ 34%] Building C object libtiff/CMakeFiles/tiff.dir/tif_thunder.c.o
[ 35%] Building C object libtiff/CMakeFiles/tiff.dir/tif_warning.c.o
[ 37%] Building C object libtiff/CMakeFiles/tiff.dir/tif_tile.c.o
[ 37%] Building C object libtiff/CMakeFiles/tiff.dir/tif_webp.c.o
[ 38%] Building C object libtiff/CMakeFiles/tiff.dir/tif_version.c.o
[ 39%] Building C object libtiff/CMakeFiles/tiff.dir/tif_write.c.o
[ 40%] Building C object libtiff/CMakeFiles/tiff.dir/tif_zip.c.o
[ 41%] Building C object libtiff/CMakeFiles/tiff.dir/tif_zstd.c.o
[ 42%] Building C object libtiff/CMakeFiles/tiff.dir/tif_unix.c.o
[ 43%] Linking C static library libtiff.a
[ 43%] Built target tiff
[ 45%] Building C object tools/CMakeFiles/ppm2tiff.dir/ppm2tiff.c.o
[ 45%] Building C object libtiff/CMakeFiles/tiff_mkg3states.dir/mkg3states.c.o
[ 46%] Building CXX object libtiff/CMakeFiles/tiffxx.dir/tif_stream.cxx.o
[ 47%] Building C object tools/CMakeFiles/tiffcp.dir/tiffcp.c.o
[ 50%] Building C object tools/CMakeFiles/tiff2ps.dir/tiff2ps.c.o
[ 50%] Building C object tools/CMakeFiles/fax2ps.dir/fax2ps.c.o
[ 49%] Building C object tools/CMakeFiles/rgb2ycbcr.dir/rgb2ycbcr.c.o
[ 53%] Building C object tools/CMakeFiles/raw2tiff.dir/raw2tiff.c.o
[ 53%] Building C object tools/CMakeFiles/pal2rgb.dir/pal2rgb.c.o
[ 53%] Building C object tools/CMakeFiles/tiff2bw.dir/tiff2bw.c.o
[ 54%] Building C object tools/CMakeFiles/tiff2pdf.dir/tiff2pdf.c.o
[ 56%] Building C object tools/CMakeFiles/tiffdither.dir/tiffdither.c.o
[ 57%] Building C object tools/CMakeFiles/tiffinfo.dir/tiffinfo.c.o
[ 58%] Building C object tools/CMakeFiles/tiffcmp.dir/tiffcmp.c.o
[ 59%] Building C object tools/CMakeFiles/thumbnail.dir/thumbnail.c.o
[ 60%] Building C object tools/CMakeFiles/tiff2rgba.dir/tiff2rgba.c.o
[ 56%] Building C object tools/CMakeFiles/tiffdump.dir/tiffdump.c.o
[ 61%] Building C object tools/CMakeFiles/tiffmedian.dir/tiffmedian.c.o
[ 62%] Building C object tools/CMakeFiles/fax2tiff.dir/fax2tiff.c.o
[ 63%] Building C object tools/CMakeFiles/tiffcrop.dir/tiffcrop.c.o
[ 64%] Linking C executable tiffdither
[ 65%] Linking C executable pal2rgb
[ 66%] Linking C executable ppm2tiff
[ 67%] Linking C executable rgb2ycbcr
[ 68%] Linking C executable tiff_mkg3states
[ 69%] Linking C executable fax2ps
[ 70%] Linking C executable tiff2bw
[ 71%] Linking C executable tiffdump
[ 72%] Linking C executable tiff2rgba
[ 73%] Linking C executable fax2tiff
[ 74%] Linking C executable tiffinfo
[ 75%] Linking C executable tiffcmp
[ 76%] Linking C executable raw2tiff
[ 77%] Linking C executable thumbnail
[ 78%] Linking C executable tiffmedian
[ 78%] Built target tiff_mkg3states
[ 78%] Built target rgb2ycbcr
[ 78%] Built target pal2rgb
[ 79%] Linking C executable tiffcp
[ 79%] Built target fax2ps
[ 79%] Built target tiff2bw
[ 79%] Built target ppm2tiff
[ 79%] Built target tiffdither
[ 79%] Built target tiffinfo
[ 79%] Built target tiff2rgba
[ 79%] Built target tiffdump
[ 80%] Building C object tools/CMakeFiles/tiffset.dir/tiffset.c.o
[ 80%] Built target fax2tiff
[ 83%] Building C object contrib/addtiffo/CMakeFiles/addtiffo.dir/addtiffo.c.o
[ 83%] Building C object contrib/addtiffo/CMakeFiles/addtiffo.dir/tif_ovrcache.c.o
[ 83%] Building C object tools/CMakeFiles/tiffsplit.dir/tiffsplit.c.o
[ 83%] Building C object contrib/dbs/CMakeFiles/tiff-bi.dir/tiff-bi.c.o
[ 84%] Building C object contrib/addtiffo/CMakeFiles/addtiffo.dir/tif_overview.c.o
[ 85%] Building C object contrib/dbs/CMakeFiles/tiff-grayscale.dir/tiff-grayscale.c.o
[ 87%] Building C object contrib/iptcutil/CMakeFiles/iptcutil.dir/iptcutil.c.o
[ 87%] Linking C executable tiff2ps
[ 87%] Built target tiffcmp
[ 87%] Building C object contrib/dbs/CMakeFiles/tiff-palette.dir/tiff-palette.c.o
[ 88%] Building C object contrib/dbs/CMakeFiles/tiff-rgb.dir/tiff-rgb.c.o
[ 88%] Built target raw2tiff
[ 88%] Built target thumbnail
[ 88%] Built target tiffmedian
[ 89%] Linking C executable tiff-bi
[ 91%] Linking C executable tiff-grayscale
[ 90%] Linking C executable tiff-palette
[ 92%] Linking C executable tiffset
[ 92%] Built target tiffcp
[ 93%] Linking C executable tiffsplit
[ 94%] Linking C executable addtiffo
[ 95%] Linking C executable iptcutil
[ 96%] Linking C executable tiff-rgb
[ 96%] Built target tiff2ps
[ 97%] Linking C executable tiff2pdf
[ 97%] Built target tiff-grayscale
[ 97%] Built target iptcutil
[ 97%] Built target tiffset
[ 97%] Built target tiff-palette
[ 97%] Built target tiffsplit
[ 97%] Built target addtiffo
[ 97%] Built target tiff-bi
[ 97%] Built target tiff-rgb
[ 97%] Built target tiff2pdf
[ 98%] Linking CXX static library libtiffxx.a
[ 98%] Built target tiffxx
[100%] Linking C executable tiffcrop
[100%] Built target tiffcrop
