  disabling examples
  disabling unit_tests
  enabling vp8_encoder
  enabling vp8_decoder
  enabling vp9_encoder
  enabling vp9_decoder
Configuring for target 'x86_64-linux-gcc'
  enabling x86_64
  enabling pic
  enabling runtime_cpu_detect
  enabling mmx
  enabling sse
  enabling sse2
  enabling sse3
  enabling ssse3
  enabling sse4_1
  enabling avx
  enabling avx2
  enabling avx512
  using yasm
  enabling postproc
  enabling webm_io
  enabling libyuv
Creating makefiles for x86_64-linux-gcc libs
Creating makefiles for x86_64-linux-gcc tools
Creating makefiles for x86_64-linux-gcc docs
