    [CREATE] vpx_scale_rtcd.h
    [CREATE] vpx_dsp_rtcd.h
    [CREATE] vp8_rtcd.h
    [CREATE] vp9_rtcd.h
    [DEP] vp8/vp8_ratectrl_rtc.cc.d
    [DEP] vp9/ratectrl_rtc.cc.d
    [DEP] vp8/encoder/x86/temporal_filter_apply_sse2.asm.d
    [DEP] vp8/encoder/x86/block_error_sse2.asm.d
    [DEP] vp8/encoder/x86/fwalsh_sse2.asm.d
    [DEP] vp8/encoder/x86/dct_sse2.asm.d
    [DEP] vp8/encoder/x86/copy_sse3.asm.d
    [DEP] vp8/encoder/x86/copy_sse2.asm.d
    [DEP] vp8/common/x86/mfqe_sse2.asm.d
    [DEP] vp8/common/x86/loopfilter_block_sse2_x86_64.asm.d
    [DEP] vp8/common/x86/subpixel_ssse3.asm.d
    [DEP] vp8/common/x86/iwalsh_sse2.asm.d
    [DEP] vp8/common/x86/loopfilter_sse2.asm.d
    [DEP] vp8/common/x86/subpixel_sse2.asm.d
    [DEP] vp8/common/x86/recon_sse2.asm.d
    [DEP] vp8/common/x86/idctllm_sse2.asm.d
    [DEP] vp8/common/x86/subpixel_mmx.asm.d
    [DEP] vp8/common/x86/recon_mmx.asm.d
    [DEP] vp8/common/x86/idctllm_mmx.asm.d
    [DEP] vp8/common/x86/dequantize_mmx.asm.d
    [DEP] vp9/encoder/x86/vp9_error_sse2.asm.d
    [DEP] vp9/encoder/x86/vp9_dct_sse2.asm.d
    [DEP] vp8/encoder/x86/vp8_enc_stubs_sse2.c.d
    [DEP] vp8/encoder/x86/denoising_sse2.c.d
    [DEP] vp8/encoder/x86/quantize_sse4.c.d
    [DEP] vp8/encoder/x86/vp8_quantize_ssse3.c.d
    [DEP] vp8/encoder/x86/vp8_quantize_sse2.c.d
    [DEP] vp8/encoder/temporal_filter.c.d
    [DEP] vp8/encoder/treewriter.c.d
    [DEP] vp8/encoder/tokenize.c.d
    [DEP] vp8/common/vp8_skin_detection.c.d
    [DEP] vp8/encoder/segmentation.c.d
    [DEP] vp8/encoder/rdopt.c.d
    [DEP] vp8/encoder/ratectrl.c.d
    [DEP] vp8/encoder/vp8_quantize.c.d
    [DEP] vp8/encoder/picklpf.c.d
    [DEP] vp8/encoder/pickinter.c.d
    [DEP] vp8/encoder/onyx_if.c.d
    [DEP] vp8/encoder/modecosts.c.d
    [DEP] vp8/encoder/mcomp.c.d
    [DEP] vp8/encoder/lookahead.c.d
    [DEP] vp8/encoder/denoising.c.d
    [DEP] vp8/encoder/firstpass.c.d
    [DEP] vp8/encoder/ethreading.c.d
    [DEP] vp8/encoder/encodemv.c.d
    [DEP] vp8/encoder/encodemb.c.d
    [DEP] vp8/encoder/encodeintra.c.d
    [DEP] vp8/encoder/encodeframe.c.d
    [DEP] vp8/encoder/dct.c.d
    [DEP] vp8/encoder/copy_c.c.d
    [DEP] vp8/encoder/boolhuff.c.d
    [DEP] vp8/encoder/bitstream.c.d
    [DEP] vp8/vp8_cx_iface.c.d
    [DEP] vp8/common/x86/bilinear_filter_sse2.c.d
    [DEP] vp8/common/x86/idct_blk_sse2.c.d
    [DEP] vp8/common/x86/idct_blk_mmx.c.d
    [DEP] vp8/common/postproc.c.d
    [DEP] vp8/common/mfqe.c.d
    [DEP] vp8/common/x86/loopfilter_x86.c.d
    [DEP] vp8/common/x86/vp8_asm_stubs.c.d
    [DEP] vp8/common/treecoder.c.d
    [DEP] vp8/common/swapyv12buffer.c.d
    [DEP] vp8/common/setupintrarecon.c.d
    [DEP] vp8/common/reconintra4x4.c.d
    [DEP] vp8/common/reconintra.c.d
    [DEP] vp8/common/reconinter.c.d
    [DEP] vp8/common/quant_common.c.d
    [DEP] vp8/common/modecont.c.d
    [DEP] vp8/common/mbpitch.c.d
    [DEP] vp8/common/loopfilter_filters.c.d
    [DEP] vp8/common/rtcd.c.d
    [DEP] vp8/common/idctllm.c.d
    [DEP] vp8/common/vp8_loopfilter.c.d
    [DEP] vp8/common/idct_blk.c.d
    [DEP] vp8/common/generic/systemdependent.c.d
    [DEP] vp8/common/findnearmv.c.d
    [DEP] vp8/common/filter.c.d
    [DEP] vp8/common/extend.c.d
    [DEP] vp8/common/entropymv.c.d
    [DEP] vp8/common/entropymode.c.d
    [DEP] vp8/common/entropy.c.d
    [DEP] vp8/common/dequantize.c.d
    [DEP] vp8/common/blockd.c.d
    [DEP] vp8/common/alloccommon.c.d
    [DEP] vp9/encoder/x86/vp9_error_avx2.c.d
    [DEP] vp9/encoder/x86/vp9_frame_scale_ssse3.c.d
    [DEP] vp9/encoder/x86/vp9_dct_intrin_sse2.c.d
    [DEP] vp9/encoder/x86/vp9_quantize_avx2.c.d
    [DEP] vp9/encoder/x86/vp9_quantize_ssse3.c.d
    [DEP] vp9/encoder/x86/vp9_quantize_sse2.c.d
    [DEP] vp9/encoder/vp9_mbgraph.c.d
    [DEP] vp9/encoder/x86/temporal_filter_sse4.c.d
    [DEP] vp9/encoder/vp9_tpl_model.c.d
    [DEP] vp9/encoder/vp9_temporal_filter.c.d
    [DEP] vp9/encoder/vp9_ext_ratectrl.c.d
    [DEP] vp9/encoder/vp9_noise_estimate.c.d
    [DEP] vp9/encoder/vp9_skin_detection.c.d
    [DEP] vp9/encoder/vp9_alt_ref_aq.c.d
    [DEP] vp9/encoder/vp9_aq_complexity.c.d
    [DEP] vp9/encoder/vp9_aq_cyclicrefresh.c.d
    [DEP] vp9/encoder/vp9_aq_360.c.d
    [DEP] vp9/encoder/vp9_aq_variance.c.d
    [DEP] vp9/encoder/vp9_treewriter.c.d
    [DEP] vp9/encoder/vp9_tokenize.c.d
    [DEP] vp9/encoder/vp9_resize.c.d
    [DEP] vp9/encoder/vp9_svc_layercontext.c.d
    [DEP] vp9/encoder/vp9_subexp.c.d
    [DEP] vp9/encoder/vp9_speed_features.c.d
    [DEP] vp9/encoder/vp9_segmentation.c.d
    [DEP] vp9/encoder/vp9_pickmode.c.d
    [DEP] vp9/encoder/vp9_rdopt.c.d
    [DEP] vp9/encoder/vp9_rd.c.d
    [DEP] vp9/encoder/vp9_ratectrl.c.d
    [DEP] vp9/encoder/vp9_quantize.c.d
    [DEP] vp9/encoder/vp9_picklpf.c.d
    [DEP] vp9/encoder/vp9_encoder.c.d
    [DEP] vp9/encoder/vp9_mcomp.c.d
    [DEP] vp9/encoder/vp9_multi_thread.c.d
    [DEP] vp9/encoder/vp9_lookahead.c.d
    [DEP] vp9/encoder/vp9_frame_scale.c.d
    [DEP] vp9/encoder/vp9_firstpass.c.d
    [DEP] vp9/encoder/vp9_extend.c.d
    [DEP] vp9/encoder/vp9_ethread.c.d
    [DEP] vp9/encoder/vp9_encodemv.c.d
    [DEP] vp9/encoder/vp9_encodemb.c.d
    [DEP] vp9/encoder/vp9_encodeframe.c.d
    [DEP] vp9/encoder/vp9_dct.c.d
    [DEP] vp9/encoder/vp9_cost.c.d
    [DEP] vp9/encoder/vp9_context_tree.c.d
    [DEP] vp9/encoder/vp9_bitstream.c.d
    [DEP] vp9/vp9_cx_iface.c.d
    [DEP] vp9/common/x86/vp9_idct_intrin_sse2.c.d
    [DEP] vp9/common/vp9_scan.c.d
    [DEP] vp9/common/vp9_common_data.c.d
    [DEP] vp9/common/vp9_reconintra.c.d
    [DEP] vp9/common/vp9_reconinter.c.d
    [DEP] vp9/common/vp9_quant_common.c.d
    [DEP] vp9/common/vp9_mvref_common.c.d
    [DEP] vp9/common/vp9_thread_common.c.d
    [DEP] vp9/common/vp9_loopfilter.c.d
    [DEP] vp9/common/vp9_tile_common.c.d
    [DEP] vp9/common/vp9_seg_common.c.d
    [DEP] vp9/common/vp9_scale.c.d
    [DEP] vp9/common/vp9_rtcd.c.d
    [DEP] vp9/common/vp9_pred_common.c.d
    [DEP] vp9/common/vp9_filter.c.d
    [DEP] vp9/common/vp9_idct.c.d
    [DEP] vp9/common/vp9_frame_buffers.c.d
    [DEP] vp9/common/vp9_entropymv.c.d
    [DEP] vp9/common/vp9_entropymode.c.d
    [DEP] vp9/common/vp9_entropy.c.d
    [DEP] vp9/common/vp9_blockd.c.d
    [DEP] vp9/common/vp9_alloccommon.c.d
    [DEP] vp9/vp9_iface_common.c.d
    [DEP] vpx_dsp/x86/subpel_variance_sse2.asm.d
    [DEP] vpx_dsp/x86/ssim_opt_x86_64.asm.d
    [DEP] vpx_dsp/x86/subtract_sse2.asm.d
    [DEP] vpx_dsp/x86/sad_sse2.asm.d
    [DEP] vpx_dsp/x86/sad4d_sse2.asm.d
    [DEP] vpx_dsp/x86/avg_ssse3_x86_64.asm.d
    [DEP] vpx_dsp/x86/inv_wht_sse2.asm.d
    [DEP] vpx_dsp/x86/fwd_txfm_ssse3_x86_64.asm.d
    [DEP] vpx_dsp/x86/vpx_convolve_copy_sse2.asm.d
    [DEP] vpx_dsp/x86/vpx_subpixel_bilinear_ssse3.asm.d
    [DEP] vpx_dsp/x86/vpx_subpixel_8t_ssse3.asm.d
    [DEP] vpx_dsp/x86/vpx_subpixel_bilinear_sse2.asm.d
    [DEP] vpx_dsp/x86/vpx_subpixel_8t_sse2.asm.d
    [DEP] vpx_dsp/x86/deblock_sse2.asm.d
    [DEP] vpx_dsp/x86/add_noise_sse2.asm.d
    [DEP] vpx_dsp/x86/intrapred_ssse3.asm.d
    [DEP] vpx_dsp/x86/intrapred_sse2.asm.d
    [DEP] vpx_ports/emms_mmx.asm.d
    [DEP] vpx_config.c.d
    [DEP] vp9/decoder/vp9_job_queue.c.d
    [DEP] vp9/decoder/vp9_dsubexp.c.d
    [DEP] vp9/decoder/vp9_decoder.c.d
    [DEP] vp9/decoder/vp9_detokenize.c.d
    [DEP] vp9/decoder/vp9_decodeframe.c.d
    [DEP] vp9/decoder/vp9_decodemv.c.d
    [DEP] vp9/vp9_dx_iface.c.d
    [DEP] vp8/decoder/threading.c.d
    [DEP] vp8/decoder/onyxd_if.c.d
    [DEP] vp8/decoder/detokenize.c.d
    [DEP] vp8/decoder/decodeframe.c.d
    [DEP] vp8/decoder/decodemv.c.d
    [DEP] vp8/decoder/dboolhuff.c.d
    [DEP] vp8/vp8_dx_iface.c.d
    [DEP] vpx_util/vpx_write_yuv_frame.c.d
    [DEP] vpx_util/vpx_thread.c.d
    [DEP] vpx_dsp/vpx_dsp_rtcd.c.d
    [DEP] vpx_dsp/x86/variance_avx2.c.d
    [DEP] vpx_dsp/x86/variance_sse2.c.d
    [DEP] vpx_dsp/x86/avg_pred_avx2.c.d
    [DEP] vpx_dsp/x86/avg_pred_sse2.c.d
    [DEP] vpx_dsp/variance.c.d
    [DEP] vpx_dsp/x86/sad4d_avx512.c.d
    [DEP] vpx_dsp/x86/subtract_avx2.c.d
    [DEP] vpx_dsp/x86/sad_avx2.c.d
    [DEP] vpx_dsp/x86/sad4d_avx2.c.d
    [DEP] vpx_dsp/x86/sum_squares_sse2.c.d
    [DEP] vpx_dsp/sum_squares.c.d
    [DEP] vpx_dsp/subtract.c.d
    [DEP] vpx_dsp/sad.c.d
    [DEP] vpx_dsp/skin_detection.c.d
    [DEP] vpx_dsp/x86/avg_intrin_avx2.c.d
    [DEP] vpx_dsp/x86/avg_intrin_sse2.c.d
    [DEP] vpx_dsp/avg.c.d
    [DEP] vpx_dsp/x86/quantize_avx2.c.d
    [DEP] vpx_dsp/x86/quantize_avx.c.d
    [DEP] vpx_dsp/x86/quantize_ssse3.c.d
    [DEP] vpx_dsp/x86/quantize_sse2.c.d
    [DEP] vpx_dsp/quantize.c.d
    [DEP] vpx_dsp/x86/inv_txfm_ssse3.c.d
    [DEP] vpx_dsp/x86/inv_txfm_avx2.c.d
    [DEP] vpx_dsp/x86/inv_txfm_sse2.c.d
    [DEP] vpx_dsp/inv_txfm.c.d
    [DEP] vpx_dsp/x86/fwd_txfm_avx2.c.d
    [DEP] vpx_dsp/x86/fwd_txfm_sse2.c.d
    [DEP] vpx_dsp/fwd_txfm.c.d
    [DEP] vpx_dsp/x86/loopfilter_avx2.c.d
    [DEP] vpx_dsp/x86/loopfilter_sse2.c.d
    [DEP] vpx_dsp/loopfilter.c.d
    [DEP] vpx_dsp/x86/vpx_subpixel_8t_intrin_ssse3.c.d
    [DEP] vpx_dsp/x86/vpx_subpixel_8t_intrin_avx2.c.d
    [DEP] vpx_dsp/x86/vpx_subpixel_4t_intrin_sse2.c.d
    [DEP] vpx_dsp/vpx_convolve.c.d
    [DEP] vpx_dsp/x86/post_proc_sse2.c.d
    [DEP] vpx_dsp/deblock.c.d
    [DEP] vpx_dsp/add_noise.c.d
    [DEP] vpx_dsp/intrapred.c.d
    [DEP] vpx_dsp/bitreader_buffer.c.d
    [DEP] vpx_dsp/bitreader.c.d
    [DEP] vpx_dsp/x86/sse_avx2.c.d
    [DEP] vpx_dsp/x86/sse_sse4.c.d
    [DEP] vpx_dsp/sse.c.d
    [DEP] vpx_dsp/psnr.c.d
    [DEP] vpx_dsp/bitwriter_buffer.c.d
    [DEP] vpx_dsp/bitwriter.c.d
    [DEP] vpx_dsp/prob.c.d
    [DEP] vpx_scale/vpx_scale_rtcd.c.d
    [DEP] vpx_scale/generic/gen_scalers.c.d
    [DEP] vpx_scale/generic/yv12extend.c.d
    [DEP] vpx_scale/generic/yv12config.c.d
    [DEP] vpx_scale/generic/vpx_scale.c.d
    [DEP] vpx_mem/vpx_mem.c.d
    [DEP] vpx/src/vpx_tpl.c.d
    [DEP] vpx/src/vpx_image.c.d
    [DEP] vpx/src/vpx_codec.c.d
    [DEP] vpx/src/vpx_encoder.c.d
    [DEP] vpx/src/vpx_decoder.c.d
    [CREATE] libs.doxy
    [CC] vpx/src/vpx_decoder.c.o
    [CC] vpx/src/vpx_encoder.c.o
    [CC] vpx/src/vpx_codec.c.o
    [CC] vpx/src/vpx_image.c.o
    [CC] vpx/src/vpx_tpl.c.o
    [CC] vpx_mem/vpx_mem.c.o
    [CC] vpx_scale/generic/vpx_scale.c.o
    [CC] vpx_scale/generic/yv12config.c.o
    [CC] vpx_scale/generic/yv12extend.c.o
    [CC] vpx_scale/generic/gen_scalers.c.o
    [CC] vpx_scale/vpx_scale_rtcd.c.o
    [CC] vpx_dsp/prob.c.o
    [CC] vpx_dsp/bitwriter.c.o
    [CC] vpx_dsp/bitwriter_buffer.c.o
    [CC] vpx_dsp/psnr.c.o
    [CC] vpx_dsp/sse.c.o
    [CC] vpx_dsp/x86/sse_sse4.c.o
    [CC] vpx_dsp/x86/sse_avx2.c.o
    [CC] vpx_dsp/bitreader.c.o
    [CC] vpx_dsp/bitreader_buffer.c.o
    [CC] vpx_dsp/intrapred.c.o
    [CC] vpx_dsp/add_noise.c.o
    [CC] vpx_dsp/deblock.c.o
    [CC] vpx_dsp/x86/post_proc_sse2.c.o
    [CC] vpx_dsp/vpx_convolve.c.o
    [CC] vpx_dsp/x86/vpx_subpixel_4t_intrin_sse2.c.o
    [CC] vpx_dsp/x86/vpx_subpixel_8t_intrin_avx2.c.o
    [CC] vpx_dsp/x86/vpx_subpixel_8t_intrin_ssse3.c.o
    [CC] vpx_dsp/loopfilter.c.o
    [CC] vpx_dsp/x86/loopfilter_sse2.c.o
    [CC] vpx_dsp/x86/loopfilter_avx2.c.o
    [CC] vpx_dsp/fwd_txfm.c.o
    [CC] vpx_dsp/x86/fwd_txfm_sse2.c.o
    [CC] vpx_dsp/x86/fwd_txfm_avx2.c.o
    [CC] vpx_dsp/inv_txfm.c.o
    [CC] vpx_dsp/x86/inv_txfm_sse2.c.o
    [CC] vpx_dsp/x86/inv_txfm_avx2.c.o
    [CC] vpx_dsp/x86/inv_txfm_ssse3.c.o
    [CC] vpx_dsp/quantize.c.o
    [CC] vpx_dsp/x86/quantize_sse2.c.o
    [CC] vpx_dsp/x86/quantize_ssse3.c.o
    [CC] vpx_dsp/x86/quantize_avx.c.o
    [CC] vpx_dsp/x86/quantize_avx2.c.o
    [CC] vpx_dsp/avg.c.o
    [CC] vpx_dsp/x86/avg_intrin_sse2.c.o
    [CC] vpx_dsp/x86/avg_intrin_avx2.c.o
    [CC] vpx_dsp/skin_detection.c.o
    [CC] vpx_dsp/sad.c.o
    [CC] vpx_dsp/subtract.c.o
    [CC] vpx_dsp/sum_squares.c.o
    [CC] vpx_dsp/x86/sum_squares_sse2.c.o
    [CC] vpx_dsp/x86/sad4d_avx2.c.o
    [CC] vpx_dsp/x86/sad_avx2.c.o
    [CC] vpx_dsp/x86/subtract_avx2.c.o
    [CC] vpx_dsp/x86/sad4d_avx512.c.o
    [CC] vpx_dsp/variance.c.o
    [CC] vpx_dsp/x86/avg_pred_sse2.c.o
    [CC] vpx_dsp/x86/avg_pred_avx2.c.o
    [CC] vpx_dsp/x86/variance_sse2.c.o
    [CC] vpx_dsp/x86/variance_avx2.c.o
    [CC] vpx_dsp/vpx_dsp_rtcd.c.o
    [CC] vpx_util/vpx_thread.c.o
    [CC] vpx_util/vpx_write_yuv_frame.c.o
    [CC] vp8/common/alloccommon.c.o
    [CC] vp8/common/blockd.c.o
    [CC] vp8/common/dequantize.c.o
    [CC] vp8/common/entropy.c.o
    [CC] vp8/common/entropymode.c.o
    [CC] vp8/common/entropymv.c.o
    [CC] vp8/common/extend.c.o
    [CC] vp8/common/filter.c.o
    [CC] vp8/common/findnearmv.c.o
    [CC] vp8/common/generic/systemdependent.c.o
    [CC] vp8/common/idct_blk.c.o
    [CC] vp8/common/idctllm.c.o
    [CC] vp8/common/rtcd.c.o
    [CC] vp8/common/vp8_loopfilter.c.o
    [CC] vp8/common/loopfilter_filters.c.o
    [CC] vp8/common/mbpitch.c.o
    [CC] vp8/common/modecont.c.o
    [CC] vp8/common/quant_common.c.o
    [CC] vp8/common/reconinter.c.o
    [CC] vp8/common/reconintra.c.o
    [CC] vp8/common/reconintra4x4.c.o
    [CC] vp8/common/setupintrarecon.c.o
    [CC] vp8/common/swapyv12buffer.c.o
    [CC] vp8/common/treecoder.c.o
    [CC] vp8/common/x86/vp8_asm_stubs.c.o
    [CC] vp8/common/x86/loopfilter_x86.c.o
    [CC] vp8/common/mfqe.c.o
    [CC] vp8/common/postproc.c.o
    [CC] vp8/common/x86/idct_blk_mmx.c.o
    [CC] vp8/common/x86/idct_blk_sse2.c.o
    [CC] vp8/common/x86/bilinear_filter_sse2.c.o
    [CC] vp8/vp8_cx_iface.c.o
    [CC] vp8/encoder/bitstream.c.o
    [CC] vp8/encoder/boolhuff.c.o
    [CC] vp8/encoder/copy_c.c.o
    [CC] vp8/encoder/dct.c.o
    [CC] vp8/encoder/encodeframe.c.o
    [CC] vp8/encoder/encodeintra.c.o
    [CC] vp8/encoder/encodemb.c.o
    [CC] vp8/encoder/encodemv.c.o
    [CC] vp8/encoder/ethreading.c.o
    [CC] vp8/encoder/firstpass.c.o
    [CC] vp8/encoder/denoising.c.o
    [CC] vp8/encoder/lookahead.c.o
    [CC] vp8/encoder/mcomp.c.o
    [CC] vp8/encoder/modecosts.c.o
    [CC] vp8/encoder/onyx_if.c.o
    [CC] vp8/encoder/pickinter.c.o
    [CC] vp8/encoder/picklpf.c.o
    [CC] vp8/encoder/vp8_quantize.c.o
    [CC] vp8/encoder/ratectrl.c.o
    [CC] vp8/encoder/rdopt.c.o
    [CC] vp8/encoder/segmentation.c.o
    [CC] vp8/common/vp8_skin_detection.c.o
    [CC] vp8/encoder/tokenize.c.o
    [CC] vp8/encoder/treewriter.c.o
    [CC] vp8/encoder/temporal_filter.c.o
    [CC] vp8/encoder/x86/vp8_quantize_sse2.c.o
    [CC] vp8/encoder/x86/vp8_quantize_ssse3.c.o
    [CC] vp8/encoder/x86/quantize_sse4.c.o
    [CC] vp8/encoder/x86/denoising_sse2.c.o
    [CC] vp8/encoder/x86/vp8_enc_stubs_sse2.c.o
    [CC] vp8/vp8_dx_iface.c.o
    [CC] vp8/decoder/dboolhuff.c.o
    [CC] vp8/decoder/decodemv.c.o
    [CC] vp8/decoder/decodeframe.c.o
    [CC] vp8/decoder/detokenize.c.o
    [CC] vp8/decoder/onyxd_if.c.o
    [CC] vp8/decoder/threading.c.o
    [CC] vp9/vp9_iface_common.c.o
    [CC] vp9/common/vp9_alloccommon.c.o
    [CC] vp9/common/vp9_blockd.c.o
    [CC] vp9/common/vp9_entropy.c.o
    [CC] vp9/common/vp9_entropymode.c.o
    [CC] vp9/common/vp9_entropymv.c.o
    [CC] vp9/common/vp9_frame_buffers.c.o
    [CC] vp9/common/vp9_idct.c.o
    [CC] vp9/common/vp9_filter.c.o
    [CC] vp9/common/vp9_pred_common.c.o
    [CC] vp9/common/vp9_rtcd.c.o
    [CC] vp9/common/vp9_scale.c.o
    [CC] vp9/common/vp9_seg_common.c.o
    [CC] vp9/common/vp9_tile_common.c.o
    [CC] vp9/common/vp9_loopfilter.c.o
    [CC] vp9/common/vp9_thread_common.c.o
    [CC] vp9/common/vp9_quant_common.c.o
    [CC] vp9/common/vp9_reconinter.c.o
    [CC] vp9/common/vp9_mvref_common.c.o
    [CC] vp9/common/vp9_reconintra.c.o
    [CC] vp9/common/vp9_common_data.c.o
    [CC] vp9/common/vp9_scan.c.o
    [CC] vp9/common/x86/vp9_idct_intrin_sse2.c.o
    [CC] vp9/vp9_cx_iface.c.o
    [CC] vp9/encoder/vp9_bitstream.c.o
    [CC] vp9/encoder/vp9_context_tree.c.o
    [CC] vp9/encoder/vp9_cost.c.o
    [CC] vp9/encoder/vp9_dct.c.o
    [CC] vp9/encoder/vp9_encodeframe.c.o
    [CC] vp9/encoder/vp9_encodemb.c.o
    [CC] vp9/encoder/vp9_encodemv.c.o
    [CC] vp9/encoder/vp9_ethread.c.o
    [CC] vp9/encoder/vp9_extend.c.o
    [CC] vp9/encoder/vp9_firstpass.c.o
    [CC] vp9/encoder/vp9_frame_scale.c.o
    [CC] vp9/encoder/vp9_lookahead.c.o
    [CC] vp9/encoder/vp9_multi_thread.c.o
    [CC] vp9/encoder/vp9_mcomp.c.o
    [CC] vp9/encoder/vp9_encoder.c.o
    [CC] vp9/encoder/vp9_picklpf.c.o
    [CC] vp9/encoder/vp9_quantize.c.o
    [CC] vp9/encoder/vp9_ratectrl.c.o
    [CC] vp9/encoder/vp9_rd.c.o
    [CC] vp9/encoder/vp9_rdopt.c.o
    [CC] vp9/encoder/vp9_pickmode.c.o
    [CC] vp9/encoder/vp9_segmentation.c.o
    [CC] vp9/encoder/vp9_speed_features.c.o
    [CC] vp9/encoder/vp9_subexp.c.o
    [CC] vp9/encoder/vp9_svc_layercontext.c.o
    [CC] vp9/encoder/vp9_resize.c.o
    [CC] vp9/encoder/vp9_tokenize.c.o
    [CC] vp9/encoder/vp9_treewriter.c.o
    [CC] vp9/encoder/vp9_aq_variance.c.o
    [CC] vp9/encoder/vp9_aq_360.c.o
    [CC] vp9/encoder/vp9_aq_cyclicrefresh.c.o
    [CC] vp9/encoder/vp9_aq_complexity.c.o
    [CC] vp9/encoder/vp9_alt_ref_aq.c.o
    [CC] vp9/encoder/vp9_noise_estimate.c.o
    [CC] vp9/encoder/vp9_skin_detection.c.o
    [CC] vp9/encoder/vp9_ext_ratectrl.c.o
    [CC] vp9/encoder/vp9_temporal_filter.c.o
    [CC] vp9/encoder/vp9_tpl_model.c.o
    [CC] vp9/encoder/vp9_mbgraph.c.o
    [CC] vp9/encoder/x86/temporal_filter_sse4.c.o
    [CC] vp9/encoder/x86/vp9_quantize_sse2.c.o
    [CC] vp9/encoder/x86/vp9_quantize_ssse3.c.o
    [CC] vp9/encoder/x86/vp9_quantize_avx2.c.o
    [CC] vp9/encoder/x86/vp9_dct_intrin_sse2.c.o
    [CC] vp9/encoder/x86/vp9_frame_scale_ssse3.c.o
    [CC] vp9/encoder/x86/vp9_error_avx2.c.o
    [CC] vp9/vp9_dx_iface.c.o
    [CC] vp9/decoder/vp9_decodemv.c.o
    [CC] vp9/decoder/vp9_decodeframe.c.o
    [CC] vp9/decoder/vp9_detokenize.c.o
    [CC] vp9/decoder/vp9_decoder.c.o
    [CC] vp9/decoder/vp9_dsubexp.c.o
    [CC] vp9/decoder/vp9_job_queue.c.o
    [CC] vpx_config.c.o
    [AS] vpx_ports/emms_mmx.asm.o
    [AS] vpx_dsp/x86/intrapred_sse2.asm.o
    [AS] vpx_dsp/x86/intrapred_ssse3.asm.o
    [AS] vpx_dsp/x86/add_noise_sse2.asm.o
    [AS] vpx_dsp/x86/deblock_sse2.asm.o
    [AS] vpx_dsp/x86/vpx_subpixel_8t_sse2.asm.o
    [AS] vpx_dsp/x86/vpx_subpixel_bilinear_sse2.asm.o
    [AS] vpx_dsp/x86/vpx_subpixel_8t_ssse3.asm.o
    [AS] vpx_dsp/x86/vpx_subpixel_bilinear_ssse3.asm.o
    [AS] vpx_dsp/x86/vpx_convolve_copy_sse2.asm.o
    [AS] vpx_dsp/x86/fwd_txfm_ssse3_x86_64.asm.o
    [AS] vpx_dsp/x86/inv_wht_sse2.asm.o
    [AS] vpx_dsp/x86/avg_ssse3_x86_64.asm.o
    [AS] vpx_dsp/x86/sad4d_sse2.asm.o
    [AS] vpx_dsp/x86/sad_sse2.asm.o
    [AS] vpx_dsp/x86/subtract_sse2.asm.o
    [AS] vpx_dsp/x86/ssim_opt_x86_64.asm.o
    [AS] vpx_dsp/x86/subpel_variance_sse2.asm.o
    [AS] vp8/common/x86/dequantize_mmx.asm.o
    [AS] vp8/common/x86/idctllm_mmx.asm.o
    [AS] vp8/common/x86/recon_mmx.asm.o
    [AS] vp8/common/x86/subpixel_mmx.asm.o
    [AS] vp8/common/x86/idctllm_sse2.asm.o
    [AS] vp8/common/x86/recon_sse2.asm.o
    [AS] vp8/common/x86/subpixel_sse2.asm.o
    [AS] vp8/common/x86/loopfilter_sse2.asm.o
    [AS] vp8/common/x86/iwalsh_sse2.asm.o
    [AS] vp8/common/x86/subpixel_ssse3.asm.o
    [AS] vp8/common/x86/mfqe_sse2.asm.o
    [AS] vp8/common/x86/loopfilter_block_sse2_x86_64.asm.o
    [AS] vp8/encoder/x86/copy_sse2.asm.o
    [AS] vp8/encoder/x86/copy_sse3.asm.o
    [AS] vp8/encoder/x86/dct_sse2.asm.o
    [AS] vp8/encoder/x86/fwalsh_sse2.asm.o
    [AS] vp8/encoder/x86/block_error_sse2.asm.o
    [AS] vp8/encoder/x86/temporal_filter_apply_sse2.asm.o
    [AS] vp9/encoder/x86/vp9_dct_sse2.asm.o
    [AS] vp9/encoder/x86/vp9_error_sse2.asm.o
    [CREATE] vpx.pc
    [CXX] vp9/ratectrl_rtc.cc.o
    [CXX] vp8/vp8_ratectrl_rtc.cc.o
    [AR] libvpx_g.a
    [AR] libvpxrc_g.a
    [STRIP] libvpxrc.a < libvpxrc_g.a
    [STRIP] libvpx.a < libvpx_g.a
    [DEP] tools/tiny_ssim.c.d
    [DEP] y4minput.c.d
    [DOXY] tools.dox
    [DOXY] tools/tiny_ssim.dox
    [CC] y4minput.c.o
    [CC] tools/tiny_ssim.c.o
    [LD] tools/tiny_ssim
    [CREATE] doxyfile
    [DOXYGEN] doxyfile
