Determining if the include file io.h exists failed with the following output:
Change Dir: /home/op/CKGFuzzer/code/libtiff/mybuild/CMakeFiles/CMakeTmp

Run Build Command(s):/usr/bin/gmake -f Makefile cmTC_171cd/fast && /usr/bin/gmake  -f CMakeFiles/cmTC_171cd.dir/build.make CMakeFiles/cmTC_171cd.dir/build
gmake[1]: 进入目录“/home/op/CKGFuzzer/code/libtiff/mybuild/CMakeFiles/CMakeTmp”
Building C object CMakeFiles/cmTC_171cd.dir/CheckIncludeFile.c.o
/usr/bin/cc   -Wall -Winline -Wformat-security -Wpointer-arith -Wdisabled-optimization -Wno-unknown-pragmas -fstrict-aliasing  -std=gnu99 -o CMakeFiles/cmTC_171cd.dir/CheckIncludeFile.c.o -c /home/op/CKGFuzzer/code/libtiff/mybuild/CMakeFiles/CMakeTmp/CheckIncludeFile.c
/home/op/CKGFuzzer/code/libtiff/mybuild/CMakeFiles/CMakeTmp/CheckIncludeFile.c:1:10: fatal error: io.h: 没有那个文件或目录
    1 | #include <io.h>
      |          ^~~~~~
compilation terminated.
gmake[1]: *** [CMakeFiles/cmTC_171cd.dir/build.make:78：CMakeFiles/cmTC_171cd.dir/CheckIncludeFile.c.o] 错误 1
gmake[1]: 离开目录“/home/op/CKGFuzzer/code/libtiff/mybuild/CMakeFiles/CMakeTmp”
gmake: *** [Makefile:127：cmTC_171cd/fast] 错误 2



Determining if the setmode exist failed with the following output:
Change Dir: /home/op/CKGFuzzer/code/libtiff/mybuild/CMakeFiles/CMakeTmp

Run Build Command(s):/usr/bin/gmake -f Makefile cmTC_91838/fast && /usr/bin/gmake  -f CMakeFiles/cmTC_91838.dir/build.make CMakeFiles/cmTC_91838.dir/build
gmake[1]: 进入目录“/home/op/CKGFuzzer/code/libtiff/mybuild/CMakeFiles/CMakeTmp”
Building C object CMakeFiles/cmTC_91838.dir/CheckSymbolExists.c.o
/usr/bin/cc   -Wall -Winline -Wformat-security -Wpointer-arith -Wdisabled-optimization -Wno-unknown-pragmas -fstrict-aliasing  -std=gnu99 -o CMakeFiles/cmTC_91838.dir/CheckSymbolExists.c.o -c /home/op/CKGFuzzer/code/libtiff/mybuild/CMakeFiles/CMakeTmp/CheckSymbolExists.c
/home/op/CKGFuzzer/code/libtiff/mybuild/CMakeFiles/CMakeTmp/CheckSymbolExists.c: In function ‘main’:
/home/op/CKGFuzzer/code/libtiff/mybuild/CMakeFiles/CMakeTmp/CheckSymbolExists.c:8:19: error: ‘setmode’ undeclared (first use in this function)
    8 |   return ((int*)(&setmode))[argc];
      |                   ^~~~~~~
/home/op/CKGFuzzer/code/libtiff/mybuild/CMakeFiles/CMakeTmp/CheckSymbolExists.c:8:19: note: each undeclared identifier is reported only once for each function it appears in
gmake[1]: *** [CMakeFiles/cmTC_91838.dir/build.make:78：CMakeFiles/cmTC_91838.dir/CheckSymbolExists.c.o] 错误 1
gmake[1]: 离开目录“/home/op/CKGFuzzer/code/libtiff/mybuild/CMakeFiles/CMakeTmp”
gmake: *** [Makefile:127：cmTC_91838/fast] 错误 2


File /home/op/CKGFuzzer/code/libtiff/mybuild/CMakeFiles/CMakeTmp/CheckSymbolExists.c:
/* */
#include <unistd.h>

int main(int argc, char** argv)
{
  (void)argv;
#ifndef setmode
  return ((int*)(&setmode))[argc];
#else
  (void)argc;
  return 0;
#endif
}
Determining if the include file GL/glut.h exists failed with the following output:
Change Dir: /home/op/CKGFuzzer/code/libtiff/mybuild/CMakeFiles/CMakeTmp

Run Build Command(s):/usr/bin/gmake -f Makefile cmTC_7150c/fast && /usr/bin/gmake  -f CMakeFiles/cmTC_7150c.dir/build.make CMakeFiles/cmTC_7150c.dir/build
gmake[1]: 进入目录“/home/op/CKGFuzzer/code/libtiff/mybuild/CMakeFiles/CMakeTmp”
Building C object CMakeFiles/cmTC_7150c.dir/CheckIncludeFile.c.o
/usr/bin/cc   -Wall -Winline -Wformat-security -Wpointer-arith -Wdisabled-optimization -Wno-unknown-pragmas -fstrict-aliasing  -std=gnu99 -o CMakeFiles/cmTC_7150c.dir/CheckIncludeFile.c.o -c /home/op/CKGFuzzer/code/libtiff/mybuild/CMakeFiles/CMakeTmp/CheckIncludeFile.c
/home/op/CKGFuzzer/code/libtiff/mybuild/CMakeFiles/CMakeTmp/CheckIncludeFile.c:1:10: fatal error: GL/glut.h: 没有那个文件或目录
    1 | #include <GL/glut.h>
      |          ^~~~~~~~~~~
compilation terminated.
gmake[1]: *** [CMakeFiles/cmTC_7150c.dir/build.make:78：CMakeFiles/cmTC_7150c.dir/CheckIncludeFile.c.o] 错误 1
gmake[1]: 离开目录“/home/op/CKGFuzzer/code/libtiff/mybuild/CMakeFiles/CMakeTmp”
gmake: *** [Makefile:127：cmTC_7150c/fast] 错误 2



Determining if the include file GLUT/glut.h exists failed with the following output:
Change Dir: /home/op/CKGFuzzer/code/libtiff/mybuild/CMakeFiles/CMakeTmp

Run Build Command(s):/usr/bin/gmake -f Makefile cmTC_ed459/fast && /usr/bin/gmake  -f CMakeFiles/cmTC_ed459.dir/build.make CMakeFiles/cmTC_ed459.dir/build
gmake[1]: 进入目录“/home/op/CKGFuzzer/code/libtiff/mybuild/CMakeFiles/CMakeTmp”
Building C object CMakeFiles/cmTC_ed459.dir/CheckIncludeFile.c.o
/usr/bin/cc   -Wall -Winline -Wformat-security -Wpointer-arith -Wdisabled-optimization -Wno-unknown-pragmas -fstrict-aliasing  -std=gnu99 -o CMakeFiles/cmTC_ed459.dir/CheckIncludeFile.c.o -c /home/op/CKGFuzzer/code/libtiff/mybuild/CMakeFiles/CMakeTmp/CheckIncludeFile.c
/home/op/CKGFuzzer/code/libtiff/mybuild/CMakeFiles/CMakeTmp/CheckIncludeFile.c:1:10: fatal error: GLUT/glut.h: 没有那个文件或目录
    1 | #include <GLUT/glut.h>
      |          ^~~~~~~~~~~~~
compilation terminated.
gmake[1]: *** [CMakeFiles/cmTC_ed459.dir/build.make:78：CMakeFiles/cmTC_ed459.dir/CheckIncludeFile.c.o] 错误 1
gmake[1]: 离开目录“/home/op/CKGFuzzer/code/libtiff/mybuild/CMakeFiles/CMakeTmp”
gmake: *** [Makefile:127：cmTC_ed459/fast] 错误 2



Determining if the include file OpenGL/gl.h exists failed with the following output:
Change Dir: /home/op/CKGFuzzer/code/libtiff/mybuild/CMakeFiles/CMakeTmp

Run Build Command(s):/usr/bin/gmake -f Makefile cmTC_7f472/fast && /usr/bin/gmake  -f CMakeFiles/cmTC_7f472.dir/build.make CMakeFiles/cmTC_7f472.dir/build
gmake[1]: 进入目录“/home/op/CKGFuzzer/code/libtiff/mybuild/CMakeFiles/CMakeTmp”
Building C object CMakeFiles/cmTC_7f472.dir/CheckIncludeFile.c.o
/usr/bin/cc   -Wall -Winline -Wformat-security -Wpointer-arith -Wdisabled-optimization -Wno-unknown-pragmas -fstrict-aliasing  -std=gnu99 -o CMakeFiles/cmTC_7f472.dir/CheckIncludeFile.c.o -c /home/op/CKGFuzzer/code/libtiff/mybuild/CMakeFiles/CMakeTmp/CheckIncludeFile.c
/home/op/CKGFuzzer/code/libtiff/mybuild/CMakeFiles/CMakeTmp/CheckIncludeFile.c:1:10: fatal error: OpenGL/gl.h: 没有那个文件或目录
    1 | #include <OpenGL/gl.h>
      |          ^~~~~~~~~~~~~
compilation terminated.
gmake[1]: *** [CMakeFiles/cmTC_7f472.dir/build.make:78：CMakeFiles/cmTC_7f472.dir/CheckIncludeFile.c.o] 错误 1
gmake[1]: 离开目录“/home/op/CKGFuzzer/code/libtiff/mybuild/CMakeFiles/CMakeTmp”
gmake: *** [Makefile:127：cmTC_7f472/fast] 错误 2



Determining if the include file OpenGL/glu.h exists failed with the following output:
Change Dir: /home/op/CKGFuzzer/code/libtiff/mybuild/CMakeFiles/CMakeTmp

Run Build Command(s):/usr/bin/gmake -f Makefile cmTC_7ae9d/fast && /usr/bin/gmake  -f CMakeFiles/cmTC_7ae9d.dir/build.make CMakeFiles/cmTC_7ae9d.dir/build
gmake[1]: 进入目录“/home/op/CKGFuzzer/code/libtiff/mybuild/CMakeFiles/CMakeTmp”
Building C object CMakeFiles/cmTC_7ae9d.dir/CheckIncludeFile.c.o
/usr/bin/cc   -Wall -Winline -Wformat-security -Wpointer-arith -Wdisabled-optimization -Wno-unknown-pragmas -fstrict-aliasing  -std=gnu99 -o CMakeFiles/cmTC_7ae9d.dir/CheckIncludeFile.c.o -c /home/op/CKGFuzzer/code/libtiff/mybuild/CMakeFiles/CMakeTmp/CheckIncludeFile.c
/home/op/CKGFuzzer/code/libtiff/mybuild/CMakeFiles/CMakeTmp/CheckIncludeFile.c:1:10: fatal error: OpenGL/glu.h: 没有那个文件或目录
    1 | #include <OpenGL/glu.h>
      |          ^~~~~~~~~~~~~~
compilation terminated.
gmake[1]: *** [CMakeFiles/cmTC_7ae9d.dir/build.make:78：CMakeFiles/cmTC_7ae9d.dir/CheckIncludeFile.c.o] 错误 1
gmake[1]: 离开目录“/home/op/CKGFuzzer/code/libtiff/mybuild/CMakeFiles/CMakeTmp”
gmake: *** [Makefile:127：cmTC_7ae9d/fast] 错误 2



Determining if the pow exist failed with the following output:
Change Dir: /home/op/CKGFuzzer/code/libtiff/mybuild/CMakeFiles/CMakeTmp

Run Build Command(s):/usr/bin/gmake -f Makefile cmTC_4191a/fast && /usr/bin/gmake  -f CMakeFiles/cmTC_4191a.dir/build.make CMakeFiles/cmTC_4191a.dir/build
gmake[1]: 进入目录“/home/op/CKGFuzzer/code/libtiff/mybuild/CMakeFiles/CMakeTmp”
Building C object CMakeFiles/cmTC_4191a.dir/CheckSymbolExists.c.o
/usr/bin/cc   -Wall -Winline -Wformat-security -Wpointer-arith -Wdisabled-optimization -Wno-unknown-pragmas -fstrict-aliasing  -std=gnu99 -o CMakeFiles/cmTC_4191a.dir/CheckSymbolExists.c.o -c /home/op/CKGFuzzer/code/libtiff/mybuild/CMakeFiles/CMakeTmp/CheckSymbolExists.c
Linking C executable cmTC_4191a
/usr/bin/cmake -E cmake_link_script CMakeFiles/cmTC_4191a.dir/link.txt --verbose=1
/usr/bin/cc  -Wall -Winline -Wformat-security -Wpointer-arith -Wdisabled-optimization -Wno-unknown-pragmas -fstrict-aliasing  CMakeFiles/cmTC_4191a.dir/CheckSymbolExists.c.o -o cmTC_4191a 
/usr/bin/ld: CMakeFiles/cmTC_4191a.dir/CheckSymbolExists.c.o: in function `main':
CheckSymbolExists.c:(.text+0x1f): undefined reference to `pow'
collect2: error: ld returned 1 exit status
gmake[1]: *** [CMakeFiles/cmTC_4191a.dir/build.make:99：cmTC_4191a] 错误 1
gmake[1]: 离开目录“/home/op/CKGFuzzer/code/libtiff/mybuild/CMakeFiles/CMakeTmp”
gmake: *** [Makefile:127：cmTC_4191a/fast] 错误 2


File /home/op/CKGFuzzer/code/libtiff/mybuild/CMakeFiles/CMakeTmp/CheckSymbolExists.c:
/* */
#include <math.h>

int main(int argc, char** argv)
{
  (void)argv;
#ifndef pow
  return ((int*)(&pow))[argc];
#else
  (void)argc;
  return 0;
#endif
}
