The system is: Linux - 6.8.0-100-lowlatency - x86_64
Compiling the C compiler identification source file "CMakeCCompilerId.c" succeeded.
Compiler: /usr/bin/cc 
Build flags: 
Id flags:  

The output was:
0


Compilation of the C compiler identification source "CMakeCCompilerId.c" produced "a.out"

The C compiler identification is GNU, found in "/home/op/CKGFuzzer/code/libtiff/mybuild/CMakeFiles/3.22.1/CompilerIdC/a.out"

Compiling the CXX compiler identification source file "CMakeCXXCompilerId.cpp" succeeded.
Compiler: /usr/bin/c++ 
Build flags: 
Id flags:  

The output was:
0


Compilation of the CXX compiler identification source "CMakeCXXCompilerId.cpp" produced "a.out"

The CXX compiler identification is GNU, found in "/home/op/CKGFuzzer/code/libtiff/mybuild/CMakeFiles/3.22.1/CompilerIdCXX/a.out"

Detecting C compiler ABI info compiled with the following output:
Change Dir: /home/op/CKGFuzzer/code/libtiff/mybuild/CMakeFiles/CMakeTmp

Run Build Command(s):/usr/bin/gmake -f Makefile cmTC_632ef/fast && /usr/bin/gmake  -f CMakeFiles/cmTC_632ef.dir/build.make CMakeFiles/cmTC_632ef.dir/build
gmake[1]: Entering directory '/home/op/CKGFuzzer/code/libtiff/mybuild/CMakeFiles/CMakeTmp'
Building C object CMakeFiles/cmTC_632ef.dir/CMakeCCompilerABI.c.o
/usr/bin/cc   -v -std=gnu99 -o CMakeFiles/cmTC_632ef.dir/CMakeCCompilerABI.c.o -c /usr/share/cmake-3.22/Modules/CMakeCCompilerABI.c
Using built-in specs.
COLLECT_GCC=/usr/bin/cc
OFFLOAD_TARGET_NAMES=nvptx-none:amdgcn-amdhsa
OFFLOAD_TARGET_DEFAULT=1
Target: x86_64-linux-gnu
Configured with: ../src/configure -v --with-pkgversion='Ubuntu 11.4.0-1ubuntu1~22.04.2' --with-bugurl=file:///usr/share/doc/gcc-11/README.Bugs --enable-languages=c,ada,c++,go,brig,d,fortran,objc,obj-c++,m2 --prefix=/usr --with-gcc-major-version-only --program-suffix=-11 --program-prefix=x86_64-linux-gnu- --enable-shared --enable-linker-build-id --libexecdir=/usr/lib --without-included-gettext --enable-threads=posix --libdir=/usr/lib --enable-nls --enable-bootstrap --enable-clocale=gnu --enable-libstdcxx-debug --enable-libstdcxx-time=yes --with-default-libstdcxx-abi=new --enable-gnu-unique-object --disable-vtable-verify --enable-plugin --enable-default-pie --with-system-zlib --enable-libphobos-checking=release --with-target-system-zlib=auto --enable-objc-gc=auto --enable-multiarch --disable-werror --enable-cet --with-arch-32=i686 --with-abi=m64 --with-multilib-list=m32,m64,mx32 --enable-multilib --with-tune=generic --enable-offload-targets=nvptx-none=/build/gcc-11-2Y5pKs/gcc-11-11.4.0/debian/tmp-nvptx/usr,amdgcn-amdhsa=/build/gcc-11-2Y5pKs/gcc-11-11.4.0/debian/tmp-gcn/usr --without-cuda-driver --enable-checking=release --build=x86_64-linux-gnu --host=x86_64-linux-gnu --target=x86_64-linux-gnu --with-build-config=bootstrap-lto-lean --enable-link-serialization=2
Thread model: posix
Supported LTO compression algorithms: zlib zstd
gcc version 11.4.0 (Ubuntu 11.4.0-1ubuntu1~22.04.2) 
COLLECT_GCC_OPTIONS='-v' '-std=gnu99' '-o' 'CMakeFiles/cmTC_632ef.dir/CMakeCCompilerABI.c.o' '-c' '-mtune=generic' '-march=x86-64' '-dumpdir' 'CMakeFiles/cmTC_632ef.dir/'
 /usr/lib/gcc/x86_64-linux-gnu/11/cc1 -quiet -v -imultiarch x86_64-linux-gnu /usr/share/cmake-3.22/Modules/CMakeCCompilerABI.c -quiet -dumpdir CMakeFiles/cmTC_632ef.dir/ -dumpbase CMakeCCompilerABI.c.c -dumpbase-ext .c -mtune=generic -march=x86-64 -std=gnu99 -version -fasynchronous-unwind-tables -fstack-protector-strong -Wformat -Wformat-security -fstack-clash-protection -fcf-protection -o /tmp/cc3ITEKL.s
GNU C99 (Ubuntu 11.4.0-1ubuntu1~22.04.2) version 11.4.0 (x86_64-linux-gnu)
	compiled by GNU C version 11.4.0, GMP version 6.2.1, MPFR version 4.1.0, MPC version 1.2.1, isl version isl-0.24-GMP

GGC heuristics: --param ggc-min-expand=100 --param ggc-min-heapsize=131072
ignoring nonexistent directory "/usr/local/include/x86_64-linux-gnu"
ignoring nonexistent directory "/usr/lib/gcc/x86_64-linux-gnu/11/include-fixed"
ignoring nonexistent directory "/usr/lib/gcc/x86_64-linux-gnu/11/../../../../x86_64-linux-gnu/include"
#include "..." search starts here:
#include <...> search starts here:
 /usr/lib/gcc/x86_64-linux-gnu/11/include
 /usr/local/include
 /usr/include/x86_64-linux-gnu
 /usr/include
End of search list.
GNU C99 (Ubuntu 11.4.0-1ubuntu1~22.04.2) version 11.4.0 (x86_64-linux-gnu)
	compiled by GNU C version 11.4.0, GMP version 6.2.1, MPFR version 4.1.0, MPC version 1.2.1, isl version isl-0.24-GMP

GGC heuristics: --param ggc-min-expand=100 --param ggc-min-heapsize=131072
Compiler executable checksum: 4011c2103cba78949d7e02d0f0047a3d
COLLECT_GCC_OPTIONS='-v' '-std=gnu99' '-o' 'CMakeFiles/cmTC_632ef.dir/CMakeCCompilerABI.c.o' '-c' '-mtune=generic' '-march=x86-64' '-dumpdir' 'CMakeFiles/cmTC_632ef.dir/'
 as -v --64 -o CMakeFiles/cmTC_632ef.dir/CMakeCCompilerABI.c.o /tmp/cc3ITEKL.s
GNU assembler version 2.38 (x86_64-linux-gnu) using BFD version (GNU Binutils for Ubuntu) 2.38
COMPILER_PATH=/usr/lib/gcc/x86_64-linux-gnu/11/:/usr/lib/gcc/x86_64-linux-gnu/11/:/usr/lib/gcc/x86_64-linux-gnu/:/usr/lib/gcc/x86_64-linux-gnu/11/:/usr/lib/gcc/x86_64-linux-gnu/
LIBRARY_PATH=/usr/lib/gcc/x86_64-linux-gnu/11/:/usr/lib/gcc/x86_64-linux-gnu/11/../../../x86_64-linux-gnu/:/usr/lib/gcc/x86_64-linux-gnu/11/../../../../lib/:/lib/x86_64-linux-gnu/:/lib/../lib/:/usr/lib/x86_64-linux-gnu/:/usr/lib/../lib/:/usr/lib/gcc/x86_64-linux-gnu/11/../../../:/lib/:/usr/lib/
COLLECT_GCC_OPTIONS='-v' '-std=gnu99' '-o' 'CMakeFiles/cmTC_632ef.dir/CMakeCCompilerABI.c.o' '-c' '-mtune=generic' '-march=x86-64' '-dumpdir' 'CMakeFiles/cmTC_632ef.dir/CMakeCCompilerABI.c.'
Linking C executable cmTC_632ef
/usr/bin/cmake -E cmake_link_script CMakeFiles/cmTC_632ef.dir/link.txt --verbose=1
/usr/bin/cc  -v CMakeFiles/cmTC_632ef.dir/CMakeCCompilerABI.c.o -o cmTC_632ef 
Using built-in specs.
COLLECT_GCC=/usr/bin/cc
COLLECT_LTO_WRAPPER=/usr/lib/gcc/x86_64-linux-gnu/11/lto-wrapper
OFFLOAD_TARGET_NAMES=nvptx-none:amdgcn-amdhsa
OFFLOAD_TARGET_DEFAULT=1
Target: x86_64-linux-gnu
Configured with: ../src/configure -v --with-pkgversion='Ubuntu 11.4.0-1ubuntu1~22.04.2' --with-bugurl=file:///usr/share/doc/gcc-11/README.Bugs --enable-languages=c,ada,c++,go,brig,d,fortran,objc,obj-c++,m2 --prefix=/usr --with-gcc-major-version-only --program-suffix=-11 --program-prefix=x86_64-linux-gnu- --enable-shared --enable-linker-build-id --libexecdir=/usr/lib --without-included-gettext --enable-threads=posix --libdir=/usr/lib --enable-nls --enable-bootstrap --enable-clocale=gnu --enable-libstdcxx-debug --enable-libstdcxx-time=yes --with-default-libstdcxx-abi=new --enable-gnu-unique-object --disable-vtable-verify --enable-plugin --enable-default-pie --with-system-zlib --enable-libphobos-checking=release --with-target-system-zlib=auto --enable-objc-gc=auto --enable-multiarch --disable-werror --enable-cet --with-arch-32=i686 --with-abi=m64 --with-multilib-list=m32,m64,mx32 --enable-multilib --with-tune=generic --enable-offload-targets=nvptx-none=/build/gcc-11-2Y5pKs/gcc-11-11.4.0/debian/tmp-nvptx/usr,amdgcn-amdhsa=/build/gcc-11-2Y5pKs/gcc-11-11.4.0/debian/tmp-gcn/usr --without-cuda-driver --enable-checking=release --build=x86_64-linux-gnu --host=x86_64-linux-gnu --target=x86_64-linux-gnu --with-build-config=bootstrap-lto-lean --enable-link-serialization=2
Thread model: posix
Supported LTO compression algorithms: zlib zstd
gcc version 11.4.0 (Ubuntu 11.4.0-1ubuntu1~22.04.2) 
COMPILER_PATH=/usr/lib/gcc/x86_64-linux-gnu/11/:/usr/lib/gcc/x86_64-linux-gnu/11/:/usr/lib/gcc/x86_64-linux-gnu/:/usr/lib/gcc/x86_64-linux-gnu/11/:/usr/lib/gcc/x86_64-linux-gnu/
LIBRARY_PATH=/usr/lib/gcc/x86_64-linux-gnu/11/:/usr/lib/gcc/x86_64-linux-gnu/11/../../../x86_64-linux-gnu/:/usr/lib/gcc/x86_64-linux-gnu/11/../../../../lib/:/lib/x86_64-linux-gnu/:/lib/../lib/:/usr/lib/x86_64-linux-gnu/:/usr/lib/../lib/:/usr/lib/gcc/x86_64-linux-gnu/11/../../../:/lib/:/usr/lib/
COLLECT_GCC_OPTIONS='-v' '-o' 'cmTC_632ef' '-mtune=generic' '-march=x86-64' '-dumpdir' 'cmTC_632ef.'
 /usr/lib/gcc/x86_64-linux-gnu/11/collect2 -plugin /usr/lib/gcc/x86_64-linux-gnu/11/liblto_plugin.so -plugin-opt=/usr/lib/gcc/x86_64-linux-gnu/11/lto-wrapper -plugin-opt=-fresolution=/tmp/cciq43Em.res -plugin-opt=-pass-through=-lgcc -plugin-opt=-pass-through=-lgcc_s -plugin-opt=-pass-through=-lc -plugin-opt=-pass-through=-lgcc -plugin-opt=-pass-through=-lgcc_s --build-id --eh-frame-hdr -m elf_x86_64 --hash-style=gnu --as-needed -dynamic-linker /lib64/ld-linux-x86-64.so.2 -pie -z now -z relro -o cmTC_632ef /usr/lib/gcc/x86_64-linux-gnu/11/../../../x86_64-linux-gnu/Scrt1.o /usr/lib/gcc/x86_64-linux-gnu/11/../../../x86_64-linux-gnu/crti.o /usr/lib/gcc/x86_64-linux-gnu/11/crtbeginS.o -L/usr/lib/gcc/x86_64-linux-gnu/11 -L/usr/lib/gcc/x86_64-linux-gnu/11/../../../x86_64-linux-gnu -L/usr/lib/gcc/x86_64-linux-gnu/11/../../../../lib -L/lib/x86_64-linux-gnu -L/lib/../lib -L/usr/lib/x86_64-linux-gnu -L/usr/lib/../lib -L/usr/lib/gcc/x86_64-linux-gnu/11/../../.. CMakeFiles/cmTC_632ef.dir/CMakeCCompilerABI.c.o -lgcc --push-state --as-needed -lgcc_s --pop-state -lc -lgcc --push-state --as-needed -lgcc_s --pop-state /usr/lib/gcc/x86_64-linux-gnu/11/crtendS.o /usr/lib/gcc/x86_64-linux-gnu/11/../../../x86_64-linux-gnu/crtn.o
COLLECT_GCC_OPTIONS='-v' '-o' 'cmTC_632ef' '-mtune=generic' '-march=x86-64' '-dumpdir' 'cmTC_632ef.'
gmake[1]: Leaving directory '/home/op/CKGFuzzer/code/libtiff/mybuild/CMakeFiles/CMakeTmp'



Parsed C implicit include dir info from above output: rv=done
  found start of include info
  found start of implicit include info
    add: [/usr/lib/gcc/x86_64-linux-gnu/11/include]
    add: [/usr/local/include]
    add: [/usr/include/x86_64-linux-gnu]
    add: [/usr/include]
  end of search list found
  collapse include dir [/usr/lib/gcc/x86_64-linux-gnu/11/include] ==> [/usr/lib/gcc/x86_64-linux-gnu/11/include]
  collapse include dir [/usr/local/include] ==> [/usr/local/include]
  collapse include dir [/usr/include/x86_64-linux-gnu] ==> [/usr/include/x86_64-linux-gnu]
  collapse include dir [/usr/include] ==> [/usr/include]
  implicit include dirs: [/usr/lib/gcc/x86_64-linux-gnu/11/include;/usr/local/include;/usr/include/x86_64-linux-gnu;/usr/include]


Parsed C implicit link information from above output:
  link line regex: [^( *|.*[/\])(ld|CMAKE_LINK_STARTFILE-NOTFOUND|([^/\]+-)?ld|collect2)[^/\]*( |$)]
  ignore line: [Change Dir: /home/op/CKGFuzzer/code/libtiff/mybuild/CMakeFiles/CMakeTmp]
  ignore line: []
  ignore line: [Run Build Command(s):/usr/bin/gmake -f Makefile cmTC_632ef/fast && /usr/bin/gmake  -f CMakeFiles/cmTC_632ef.dir/build.make CMakeFiles/cmTC_632ef.dir/build]
  ignore line: [gmake[1]: Entering directory '/home/op/CKGFuzzer/code/libtiff/mybuild/CMakeFiles/CMakeTmp']
  ignore line: [Building C object CMakeFiles/cmTC_632ef.dir/CMakeCCompilerABI.c.o]
  ignore line: [/usr/bin/cc   -v -std=gnu99 -o CMakeFiles/cmTC_632ef.dir/CMakeCCompilerABI.c.o -c /usr/share/cmake-3.22/Modules/CMakeCCompilerABI.c]
  ignore line: [Using built-in specs.]
  ignore line: [COLLECT_GCC=/usr/bin/cc]
  ignore line: [OFFLOAD_TARGET_NAMES=nvptx-none:amdgcn-amdhsa]
  ignore line: [OFFLOAD_TARGET_DEFAULT=1]
  ignore line: [Target: x86_64-linux-gnu]
  ignore line: [Configured with: ../src/configure -v --with-pkgversion='Ubuntu 11.4.0-1ubuntu1~22.04.2' --with-bugurl=file:///usr/share/doc/gcc-11/README.Bugs --enable-languages=c ada c++ go brig d fortran objc obj-c++ m2 --prefix=/usr --with-gcc-major-version-only --program-suffix=-11 --program-prefix=x86_64-linux-gnu- --enable-shared --enable-linker-build-id --libexecdir=/usr/lib --without-included-gettext --enable-threads=posix --libdir=/usr/lib --enable-nls --enable-bootstrap --enable-clocale=gnu --enable-libstdcxx-debug --enable-libstdcxx-time=yes --with-default-libstdcxx-abi=new --enable-gnu-unique-object --disable-vtable-verify --enable-plugin --enable-default-pie --with-system-zlib --enable-libphobos-checking=release --with-target-system-zlib=auto --enable-objc-gc=auto --enable-multiarch --disable-werror --enable-cet --with-arch-32=i686 --with-abi=m64 --with-multilib-list=m32 m64 mx32 --enable-multilib --with-tune=generic --enable-offload-targets=nvptx-none=/build/gcc-11-2Y5pKs/gcc-11-11.4.0/debian/tmp-nvptx/usr amdgcn-amdhsa=/build/gcc-11-2Y5pKs/gcc-11-11.4.0/debian/tmp-gcn/usr --without-cuda-driver --enable-checking=release --build=x86_64-linux-gnu --host=x86_64-linux-gnu --target=x86_64-linux-gnu --with-build-config=bootstrap-lto-lean --enable-link-serialization=2]
  ignore line: [Thread model: posix]
  ignore line: [Supported LTO compression algorithms: zlib zstd]
  ignore line: [gcc version 11.4.0 (Ubuntu 11.4.0-1ubuntu1~22.04.2) ]
  ignore line: [COLLECT_GCC_OPTIONS='-v' '-std=gnu99' '-o' 'CMakeFiles/cmTC_632ef.dir/CMakeCCompilerABI.c.o' '-c' '-mtune=generic' '-march=x86-64' '-dumpdir' 'CMakeFiles/cmTC_632ef.dir/']
  ignore line: [ /usr/lib/gcc/x86_64-linux-gnu/11/cc1 -quiet -v -imultiarch x86_64-linux-gnu /usr/share/cmake-3.22/Modules/CMakeCCompilerABI.c -quiet -dumpdir CMakeFiles/cmTC_632ef.dir/ -dumpbase CMakeCCompilerABI.c.c -dumpbase-ext .c -mtune=generic -march=x86-64 -std=gnu99 -version -fasynchronous-unwind-tables -fstack-protector-strong -Wformat -Wformat-security -fstack-clash-protection -fcf-protection -o /tmp/cc3ITEKL.s]
  ignore line: [GNU C99 (Ubuntu 11.4.0-1ubuntu1~22.04.2) version 11.4.0 (x86_64-linux-gnu)]
  ignore line: [	compiled by GNU C version 11.4.0  GMP version 6.2.1  MPFR version 4.1.0  MPC version 1.2.1  isl version isl-0.24-GMP]
  ignore line: []
  ignore line: [GGC heuristics: --param ggc-min-expand=100 --param ggc-min-heapsize=131072]
  ignore line: [ignoring nonexistent directory "/usr/local/include/x86_64-linux-gnu"]
  ignore line: [ignoring nonexistent directory "/usr/lib/gcc/x86_64-linux-gnu/11/include-fixed"]
  ignore line: [ignoring nonexistent directory "/usr/lib/gcc/x86_64-linux-gnu/11/../../../../x86_64-linux-gnu/include"]
  ignore line: [#include "..." search starts here:]
  ignore line: [#include <...> search starts here:]
  ignore line: [ /usr/lib/gcc/x86_64-linux-gnu/11/include]
  ignore line: [ /usr/local/include]
  ignore line: [ /usr/include/x86_64-linux-gnu]
  ignore line: [ /usr/include]
  ignore line: [End of search list.]
  ignore line: [GNU C99 (Ubuntu 11.4.0-1ubuntu1~22.04.2) version 11.4.0 (x86_64-linux-gnu)]
  ignore line: [	compiled by GNU C version 11.4.0  GMP version 6.2.1  MPFR version 4.1.0  MPC version 1.2.1  isl version isl-0.24-GMP]
  ignore line: []
  ignore line: [GGC heuristics: --param ggc-min-expand=100 --param ggc-min-heapsize=131072]
  ignore line: [Compiler executable checksum: 4011c2103cba78949d7e02d0f0047a3d]
  ignore line: [COLLECT_GCC_OPTIONS='-v' '-std=gnu99' '-o' 'CMakeFiles/cmTC_632ef.dir/CMakeCCompilerABI.c.o' '-c' '-mtune=generic' '-march=x86-64' '-dumpdir' 'CMakeFiles/cmTC_632ef.dir/']
  ignore line: [ as -v --64 -o CMakeFiles/cmTC_632ef.dir/CMakeCCompilerABI.c.o /tmp/cc3ITEKL.s]
  ignore line: [GNU assembler version 2.38 (x86_64-linux-gnu) using BFD version (GNU Binutils for Ubuntu) 2.38]
  ignore line: [COMPILER_PATH=/usr/lib/gcc/x86_64-linux-gnu/11/:/usr/lib/gcc/x86_64-linux-gnu/11/:/usr/lib/gcc/x86_64-linux-gnu/:/usr/lib/gcc/x86_64-linux-gnu/11/:/usr/lib/gcc/x86_64-linux-gnu/]
  ignore line: [LIBRARY_PATH=/usr/lib/gcc/x86_64-linux-gnu/11/:/usr/lib/gcc/x86_64-linux-gnu/11/../../../x86_64-linux-gnu/:/usr/lib/gcc/x86_64-linux-gnu/11/../../../../lib/:/lib/x86_64-linux-gnu/:/lib/../lib/:/usr/lib/x86_64-linux-gnu/:/usr/lib/../lib/:/usr/lib/gcc/x86_64-linux-gnu/11/../../../:/lib/:/usr/lib/]
  ignore line: [COLLECT_GCC_OPTIONS='-v' '-std=gnu99' '-o' 'CMakeFiles/cmTC_632ef.dir/CMakeCCompilerABI.c.o' '-c' '-mtune=generic' '-march=x86-64' '-dumpdir' 'CMakeFiles/cmTC_632ef.dir/CMakeCCompilerABI.c.']
  ignore line: [Linking C executable cmTC_632ef]
  ignore line: [/usr/bin/cmake -E cmake_link_script CMakeFiles/cmTC_632ef.dir/link.txt --verbose=1]
  ignore line: [/usr/bin/cc  -v CMakeFiles/cmTC_632ef.dir/CMakeCCompilerABI.c.o -o cmTC_632ef ]
  ignore line: [Using built-in specs.]
  ignore line: [COLLECT_GCC=/usr/bin/cc]
  ignore line: [COLLECT_LTO_WRAPPER=/usr/lib/gcc/x86_64-linux-gnu/11/lto-wrapper]
  ignore line: [OFFLOAD_TARGET_NAMES=nvptx-none:amdgcn-amdhsa]
  ignore line: [OFFLOAD_TARGET_DEFAULT=1]
  ignore line: [Target: x86_64-linux-gnu]
  ignore line: [Configured with: ../src/configure -v --with-pkgversion='Ubuntu 11.4.0-1ubuntu1~22.04.2' --with-bugurl=file:///usr/share/doc/gcc-11/README.Bugs --enable-languages=c ada c++ go brig d fortran objc obj-c++ m2 --prefix=/usr --with-gcc-major-version-only --program-suffix=-11 --program-prefix=x86_64-linux-gnu- --enable-shared --enable-linker-build-id --libexecdir=/usr/lib --without-included-gettext --enable-threads=posix --libdir=/usr/lib --enable-nls --enable-bootstrap --enable-clocale=gnu --enable-libstdcxx-debug --enable-libstdcxx-time=yes --with-default-libstdcxx-abi=new --enable-gnu-unique-object --disable-vtable-verify --enable-plugin --enable-default-pie --with-system-zlib --enable-libphobos-checking=release --with-target-system-zlib=auto --enable-objc-gc=auto --enable-multiarch --disable-werror --enable-cet --with-arch-32=i686 --with-abi=m64 --with-multilib-list=m32 m64 mx32 --enable-multilib --with-tune=generic --enable-offload-targets=nvptx-none=/build/gcc-11-2Y5pKs/gcc-11-11.4.0/debian/tmp-nvptx/usr amdgcn-amdhsa=/build/gcc-11-2Y5pKs/gcc-11-11.4.0/debian/tmp-gcn/usr --without-cuda-driver --enable-checking=release --build=x86_64-linux-gnu --host=x86_64-linux-gnu --target=x86_64-linux-gnu --with-build-config=bootstrap-lto-lean --enable-link-serialization=2]
  ignore line: [Thread model: posix]
  ignore line: [Supported LTO compression algorithms: zlib zstd]
  ignore line: [gcc version 11.4.0 (Ubuntu 11.4.0-1ubuntu1~22.04.2) ]
  ignore line: [COMPILER_PATH=/usr/lib/gcc/x86_64-linux-gnu/11/:/usr/lib/gcc/x86_64-linux-gnu/11/:/usr/lib/gcc/x86_64-linux-gnu/:/usr/lib/gcc/x86_64-linux-gnu/11/:/usr/lib/gcc/x86_64-linux-gnu/]
  ignore line: [LIBRARY_PATH=/usr/lib/gcc/x86_64-linux-gnu/11/:/usr/lib/gcc/x86_64-linux-gnu/11/../../../x86_64-linux-gnu/:/usr/lib/gcc/x86_64-linux-gnu/11/../../../../lib/:/lib/x86_64-linux-gnu/:/lib/../lib/:/usr/lib/x86_64-linux-gnu/:/usr/lib/../lib/:/usr/lib/gcc/x86_64-linux-gnu/11/../../../:/lib/:/usr/lib/]
  ignore line: [COLLECT_GCC_OPTIONS='-v' '-o' 'cmTC_632ef' '-mtune=generic' '-march=x86-64' '-dumpdir' 'cmTC_632ef.']
  link line: [ /usr/lib/gcc/x86_64-linux-gnu/11/collect2 -plugin /usr/lib/gcc/x86_64-linux-gnu/11/liblto_plugin.so -plugin-opt=/usr/lib/gcc/x86_64-linux-gnu/11/lto-wrapper -plugin-opt=-fresolution=/tmp/cciq43Em.res -plugin-opt=-pass-through=-lgcc -plugin-opt=-pass-through=-lgcc_s -plugin-opt=-pass-through=-lc -plugin-opt=-pass-through=-lgcc -plugin-opt=-pass-through=-lgcc_s --build-id --eh-frame-hdr -m elf_x86_64 --hash-style=gnu --as-needed -dynamic-linker /lib64/ld-linux-x86-64.so.2 -pie -z now -z relro -o cmTC_632ef /usr/lib/gcc/x86_64-linux-gnu/11/../../../x86_64-linux-gnu/Scrt1.o /usr/lib/gcc/x86_64-linux-gnu/11/../../../x86_64-linux-gnu/crti.o /usr/lib/gcc/x86_64-linux-gnu/11/crtbeginS.o -L/usr/lib/gcc/x86_64-linux-gnu/11 -L/usr/lib/gcc/x86_64-linux-gnu/11/../../../x86_64-linux-gnu -L/usr/lib/gcc/x86_64-linux-gnu/11/../../../../lib -L/lib/x86_64-linux-gnu -L/lib/../lib -L/usr/lib/x86_64-linux-gnu -L/usr/lib/../lib -L/usr/lib/gcc/x86_64-linux-gnu/11/../../.. CMakeFiles/cmTC_632ef.dir/CMakeCCompilerABI.c.o -lgcc --push-state --as-needed -lgcc_s --pop-state -lc -lgcc --push-state --as-needed -lgcc_s --pop-state /usr/lib/gcc/x86_64-linux-gnu/11/crtendS.o /usr/lib/gcc/x86_64-linux-gnu/11/../../../x86_64-linux-gnu/crtn.o]
    arg [/usr/lib/gcc/x86_64-linux-gnu/11/collect2] ==> ignore
    arg [-plugin] ==> ignore
    arg [/usr/lib/gcc/x86_64-linux-gnu/11/liblto_plugin.so] ==> ignore
    arg [-plugin-opt=/usr/lib/gcc/x86_64-linux-gnu/11/lto-wrapper] ==> ignore
    arg [-plugin-opt=-fresolution=/tmp/cciq43Em.res] ==> ignore
    arg [-plugin-opt=-pass-through=-lgcc] ==> ignore
    arg [-plugin-opt=-pass-through=-lgcc_s] ==> ignore
    arg [-plugin-opt=-pass-through=-lc] ==> ignore
    arg [-plugin-opt=-pass-through=-lgcc] ==> ignore
    arg [-plugin-opt=-pass-through=-lgcc_s] ==> ignore
    arg [--build-id] ==> ignore
    arg [--eh-frame-hdr] ==> ignore
    arg [-m] ==> ignore
    arg [elf_x86_64] ==> ignore
    arg [--hash-style=gnu] ==> ignore
    arg [--as-needed] ==> ignore
    arg [-dynamic-linker] ==> ignore
    arg [/lib64/ld-linux-x86-64.so.2] ==> ignore
    arg [-pie] ==> ignore
    arg [-znow] ==> ignore
    arg [-zrelro] ==> ignore
    arg [-o] ==> ignore
    arg [cmTC_632ef] ==> ignore
    arg [/usr/lib/gcc/x86_64-linux-gnu/11/../../../x86_64-linux-gnu/Scrt1.o] ==> obj [/usr/lib/gcc/x86_64-linux-gnu/11/../../../x86_64-linux-gnu/Scrt1.o]
    arg [/usr/lib/gcc/x86_64-linux-gnu/11/../../../x86_64-linux-gnu/crti.o] ==> obj [/usr/lib/gcc/x86_64-linux-gnu/11/../../../x86_64-linux-gnu/crti.o]
    arg [/usr/lib/gcc/x86_64-linux-gnu/11/crtbeginS.o] ==> obj [/usr/lib/gcc/x86_64-linux-gnu/11/crtbeginS.o]
    arg [-L/usr/lib/gcc/x86_64-linux-gnu/11] ==> dir [/usr/lib/gcc/x86_64-linux-gnu/11]
    arg [-L/usr/lib/gcc/x86_64-linux-gnu/11/../../../x86_64-linux-gnu] ==> dir [/usr/lib/gcc/x86_64-linux-gnu/11/../../../x86_64-linux-gnu]
    arg [-L/usr/lib/gcc/x86_64-linux-gnu/11/../../../../lib] ==> dir [/usr/lib/gcc/x86_64-linux-gnu/11/../../../../lib]
    arg [-L/lib/x86_64-linux-gnu] ==> dir [/lib/x86_64-linux-gnu]
    arg [-L/lib/../lib] ==> dir [/lib/../lib]
    arg [-L/usr/lib/x86_64-linux-gnu] ==> dir [/usr/lib/x86_64-linux-gnu]
    arg [-L/usr/lib/../lib] ==> dir [/usr/lib/../lib]
    arg [-L/usr/lib/gcc/x86_64-linux-gnu/11/../../..] ==> dir [/usr/lib/gcc/x86_64-linux-gnu/11/../../..]
    arg [CMakeFiles/cmTC_632ef.dir/CMakeCCompilerABI.c.o] ==> ignore
    arg [-lgcc] ==> lib [gcc]
    arg [--push-state] ==> ignore
    arg [--as-needed] ==> ignore
    arg [-lgcc_s] ==> lib [gcc_s]
    arg [--pop-state] ==> ignore
    arg [-lc] ==> lib [c]
    arg [-lgcc] ==> lib [gcc]
    arg [--push-state] ==> ignore
    arg [--as-needed] ==> ignore
    arg [-lgcc_s] ==> lib [gcc_s]
    arg [--pop-state] ==> ignore
    arg [/usr/lib/gcc/x86_64-linux-gnu/11/crtendS.o] ==> obj [/usr/lib/gcc/x86_64-linux-gnu/11/crtendS.o]
    arg [/usr/lib/gcc/x86_64-linux-gnu/11/../../../x86_64-linux-gnu/crtn.o] ==> obj [/usr/lib/gcc/x86_64-linux-gnu/11/../../../x86_64-linux-gnu/crtn.o]
  collapse obj [/usr/lib/gcc/x86_64-linux-gnu/11/../../../x86_64-linux-gnu/Scrt1.o] ==> [/usr/lib/x86_64-linux-gnu/Scrt1.o]
  collapse obj [/usr/lib/gcc/x86_64-linux-gnu/11/../../../x86_64-linux-gnu/crti.o] ==> [/usr/lib/x86_64-linux-gnu/crti.o]
  collapse obj [/usr/lib/gcc/x86_64-linux-gnu/11/../../../x86_64-linux-gnu/crtn.o] ==> [/usr/lib/x86_64-linux-gnu/crtn.o]
  collapse library dir [/usr/lib/gcc/x86_64-linux-gnu/11] ==> [/usr/lib/gcc/x86_64-linux-gnu/11]
  collapse library dir [/usr/lib/gcc/x86_64-linux-gnu/11/../../../x86_64-linux-gnu] ==> [/usr/lib/x86_64-linux-gnu]
  collapse library dir [/usr/lib/gcc/x86_64-linux-gnu/11/../../../../lib] ==> [/usr/lib]
  collapse library dir [/lib/x86_64-linux-gnu] ==> [/lib/x86_64-linux-gnu]
  collapse library dir [/lib/../lib] ==> [/lib]
  collapse library dir [/usr/lib/x86_64-linux-gnu] ==> [/usr/lib/x86_64-linux-gnu]
  collapse library dir [/usr/lib/../lib] ==> [/usr/lib]
  collapse library dir [/usr/lib/gcc/x86_64-linux-gnu/11/../../..] ==> [/usr/lib]
  implicit libs: [gcc;gcc_s;c;gcc;gcc_s]
  implicit objs: [/usr/lib/x86_64-linux-gnu/Scrt1.o;/usr/lib/x86_64-linux-gnu/crti.o;/usr/lib/gcc/x86_64-linux-gnu/11/crtbeginS.o;/usr/lib/gcc/x86_64-linux-gnu/11/crtendS.o;/usr/lib/x86_64-linux-gnu/crtn.o]
  implicit dirs: [/usr/lib/gcc/x86_64-linux-gnu/11;/usr/lib/x86_64-linux-gnu;/usr/lib;/lib/x86_64-linux-gnu;/lib]
  implicit fwks: []


Detecting CXX compiler ABI info compiled with the following output:
Change Dir: /home/op/CKGFuzzer/code/libtiff/mybuild/CMakeFiles/CMakeTmp

Run Build Command(s):/usr/bin/gmake -f Makefile cmTC_a4c35/fast && /usr/bin/gmake  -f CMakeFiles/cmTC_a4c35.dir/build.make CMakeFiles/cmTC_a4c35.dir/build
gmake[1]: Entering directory '/home/op/CKGFuzzer/code/libtiff/mybuild/CMakeFiles/CMakeTmp'
Building CXX object CMakeFiles/cmTC_a4c35.dir/CMakeCXXCompilerABI.cpp.o
/usr/bin/c++   -v -o CMakeFiles/cmTC_a4c35.dir/CMakeCXXCompilerABI.cpp.o -c /usr/share/cmake-3.22/Modules/CMakeCXXCompilerABI.cpp
Using built-in specs.
COLLECT_GCC=/usr/bin/c++
OFFLOAD_TARGET_NAMES=nvptx-none:amdgcn-amdhsa
OFFLOAD_TARGET_DEFAULT=1
Target: x86_64-linux-gnu
Configured with: ../src/configure -v --with-pkgversion='Ubuntu 11.4.0-1ubuntu1~22.04.2' --with-bugurl=file:///usr/share/doc/gcc-11/README.Bugs --enable-languages=c,ada,c++,go,brig,d,fortran,objc,obj-c++,m2 --prefix=/usr --with-gcc-major-version-only --program-suffix=-11 --program-prefix=x86_64-linux-gnu- --enable-shared --enable-linker-build-id --libexecdir=/usr/lib --without-included-gettext --enable-threads=posix --libdir=/usr/lib --enable-nls --enable-bootstrap --enable-clocale=gnu --enable-libstdcxx-debug --enable-libstdcxx-time=yes --with-default-libstdcxx-abi=new --enable-gnu-unique-object --disable-vtable-verify --enable-plugin --enable-default-pie --with-system-zlib --enable-libphobos-checking=release --with-target-system-zlib=auto --enable-objc-gc=auto --enable-multiarch --disable-werror --enable-cet --with-arch-32=i686 --with-abi=m64 --with-multilib-list=m32,m64,mx32 --enable-multilib --with-tune=generic --enable-offload-targets=nvptx-none=/build/gcc-11-2Y5pKs/gcc-11-11.4.0/debian/tmp-nvptx/usr,amdgcn-amdhsa=/build/gcc-11-2Y5pKs/gcc-11-11.4.0/debian/tmp-gcn/usr --without-cuda-driver --enable-checking=release --build=x86_64-linux-gnu --host=x86_64-linux-gnu --target=x86_64-linux-gnu --with-build-config=bootstrap-lto-lean --enable-link-serialization=2
Thread model: posix
Supported LTO compression algorithms: zlib zstd
gcc version 11.4.0 (Ubuntu 11.4.0-1ubuntu1~22.04.2) 
COLLECT_GCC_OPTIONS='-v' '-o' 'CMakeFiles/cmTC_a4c35.dir/CMakeCXXCompilerABI.cpp.o' '-c' '-shared-libgcc' '-mtune=generic' '-march=x86-64' '-dumpdir' 'CMakeFiles/cmTC_a4c35.dir/'
 /usr/lib/gcc/x86_64-linux-gnu/11/cc1plus -quiet -v -imultiarch x86_64-linux-gnu -D_GNU_SOURCE /usr/share/cmake-3.22/Modules/CMakeCXXCompilerABI.cpp -quiet -dumpdir CMakeFiles/cmTC_a4c35.dir/ -dumpbase CMakeCXXCompilerABI.cpp.cpp -dumpbase-ext .cpp -mtune=generic -march=x86-64 -version -fasynchronous-unwind-tables -fstack-protector-strong -Wformat -Wformat-security -fstack-clash-protection -fcf-protection -o /tmp/ccJpu3Ru.s
GNU C++17 (Ubuntu 11.4.0-1ubuntu1~22.04.2) version 11.4.0 (x86_64-linux-gnu)
	compiled by GNU C version 11.4.0, GMP version 6.2.1, MPFR version 4.1.0, MPC version 1.2.1, isl version isl-0.24-GMP

GGC heuristics: --param ggc-min-expand=100 --param ggc-min-heapsize=131072
ignoring duplicate directory "/usr/include/x86_64-linux-gnu/c++/11"
ignoring nonexistent directory "/usr/local/include/x86_64-linux-gnu"
ignoring nonexistent directory "/usr/lib/gcc/x86_64-linux-gnu/11/include-fixed"
ignoring nonexistent directory "/usr/lib/gcc/x86_64-linux-gnu/11/../../../../x86_64-linux-gnu/include"
#include "..." search starts here:
#include <...> search starts here:
 /usr/include/c++/11
 /usr/include/x86_64-linux-gnu/c++/11
 /usr/include/c++/11/backward
 /usr/lib/gcc/x86_64-linux-gnu/11/include
 /usr/local/include
 /usr/include/x86_64-linux-gnu
 /usr/include
End of search list.
GNU C++17 (Ubuntu 11.4.0-1ubuntu1~22.04.2) version 11.4.0 (x86_64-linux-gnu)
	compiled by GNU C version 11.4.0, GMP version 6.2.1, MPFR version 4.1.0, MPC version 1.2.1, isl version isl-0.24-GMP

GGC heuristics: --param ggc-min-expand=100 --param ggc-min-heapsize=131072
Compiler executable checksum: 6c87588fc345655b93b8c25f48f88886
COLLECT_GCC_OPTIONS='-v' '-o' 'CMakeFiles/cmTC_a4c35.dir/CMakeCXXCompilerABI.cpp.o' '-c' '-shared-libgcc' '-mtune=generic' '-march=x86-64' '-dumpdir' 'CMakeFiles/cmTC_a4c35.dir/'
 as -v --64 -o CMakeFiles/cmTC_a4c35.dir/CMakeCXXCompilerABI.cpp.o /tmp/ccJpu3Ru.s
GNU assembler version 2.38 (x86_64-linux-gnu) using BFD version (GNU Binutils for Ubuntu) 2.38
COMPILER_PATH=/usr/lib/gcc/x86_64-linux-gnu/11/:/usr/lib/gcc/x86_64-linux-gnu/11/:/usr/lib/gcc/x86_64-linux-gnu/:/usr/lib/gcc/x86_64-linux-gnu/11/:/usr/lib/gcc/x86_64-linux-gnu/
LIBRARY_PATH=/usr/lib/gcc/x86_64-linux-gnu/11/:/usr/lib/gcc/x86_64-linux-gnu/11/../../../x86_64-linux-gnu/:/usr/lib/gcc/x86_64-linux-gnu/11/../../../../lib/:/lib/x86_64-linux-gnu/:/lib/../lib/:/usr/lib/x86_64-linux-gnu/:/usr/lib/../lib/:/usr/lib/gcc/x86_64-linux-gnu/11/../../../:/lib/:/usr/lib/
COLLECT_GCC_OPTIONS='-v' '-o' 'CMakeFiles/cmTC_a4c35.dir/CMakeCXXCompilerABI.cpp.o' '-c' '-shared-libgcc' '-mtune=generic' '-march=x86-64' '-dumpdir' 'CMakeFiles/cmTC_a4c35.dir/CMakeCXXCompilerABI.cpp.'
Linking CXX executable cmTC_a4c35
/usr/bin/cmake -E cmake_link_script CMakeFiles/cmTC_a4c35.dir/link.txt --verbose=1
/usr/bin/c++  -v CMakeFiles/cmTC_a4c35.dir/CMakeCXXCompilerABI.cpp.o -o cmTC_a4c35 
Using built-in specs.
COLLECT_GCC=/usr/bin/c++
COLLECT_LTO_WRAPPER=/usr/lib/gcc/x86_64-linux-gnu/11/lto-wrapper
OFFLOAD_TARGET_NAMES=nvptx-none:amdgcn-amdhsa
OFFLOAD_TARGET_DEFAULT=1
Target: x86_64-linux-gnu
Configured with: ../src/configure -v --with-pkgversion='Ubuntu 11.4.0-1ubuntu1~22.04.2' --with-bugurl=file:///usr/share/doc/gcc-11/README.Bugs --enable-languages=c,ada,c++,go,brig,d,fortran,objc,obj-c++,m2 --prefix=/usr --with-gcc-major-version-only --program-suffix=-11 --program-prefix=x86_64-linux-gnu- --enable-shared --enable-linker-build-id --libexecdir=/usr/lib --without-included-gettext --enable-threads=posix --libdir=/usr/lib --enable-nls --enable-bootstrap --enable-clocale=gnu --enable-libstdcxx-debug --enable-libstdcxx-time=yes --with-default-libstdcxx-abi=new --enable-gnu-unique-object --disable-vtable-verify --enable-plugin --enable-default-pie --with-system-zlib --enable-libphobos-checking=release --with-target-system-zlib=auto --enable-objc-gc=auto --enable-multiarch --disable-werror --enable-cet --with-arch-32=i686 --with-abi=m64 --with-multilib-list=m32,m64,mx32 --enable-multilib --with-tune=generic --enable-offload-targets=nvptx-none=/build/gcc-11-2Y5pKs/gcc-11-11.4.0/debian/tmp-nvptx/usr,amdgcn-amdhsa=/build/gcc-11-2Y5pKs/gcc-11-11.4.0/debian/tmp-gcn/usr --without-cuda-driver --enable-checking=release --build=x86_64-linux-gnu --host=x86_64-linux-gnu --target=x86_64-linux-gnu --with-build-config=bootstrap-lto-lean --enable-link-serialization=2
Thread model: posix
Supported LTO compression algorithms: zlib zstd
gcc version 11.4.0 (Ubuntu 11.4.0-1ubuntu1~22.04.2) 
COMPILER_PATH=/usr/lib/gcc/x86_64-linux-gnu/11/:/usr/lib/gcc/x86_64-linux-gnu/11/:/usr/lib/gcc/x86_64-linux-gnu/:/usr/lib/gcc/x86_64-linux-gnu/11/:/usr/lib/gcc/x86_64-linux-gnu/
LIBRARY_PATH=/usr/lib/gcc/x86_64-linux-gnu/11/:/usr/lib/gcc/x86_64-linux-gnu/11/../../../x86_64-linux-gnu/:/usr/lib/gcc/x86_64-linux-gnu/11/../../../../lib/:/lib/x86_64-linux-gnu/:/lib/../lib/:/usr/lib/x86_64-linux-gnu/:/usr/lib/../lib/:/usr/lib/gcc/x86_64-linux-gnu/11/../../../:/lib/:/usr/lib/
COLLECT_GCC_OPTIONS='-v' '-o' 'cmTC_a4c35' '-shared-libgcc' '-mtune=generic' '-march=x86-64' '-dumpdir' 'cmTC_a4c35.'
 /usr/lib/gcc/x86_64-linux-gnu/11/collect2 -plugin /usr/lib/gcc/x86_64-linux-gnu/11/liblto_plugin.so -plugin-opt=/usr/lib/gcc/x86_64-linux-gnu/11/lto-wrapper -plugin-opt=-fresolution=/tmp/ccIMmaWq.res -plugin-opt=-pass-through=-lgcc_s -plugin-opt=-pass-through=-lgcc -plugin-opt=-pass-through=-lc -plugin-opt=-pass-through=-lgcc_s -plugin-opt=-pass-through=-lgcc --build-id --eh-frame-hdr -m elf_x86_64 --hash-style=gnu --as-needed -dynamic-linker /lib64/ld-linux-x86-64.so.2 -pie -z now -z relro -o cmTC_a4c35 /usr/lib/gcc/x86_64-linux-gnu/11/../../../x86_64-linux-gnu/Scrt1.o /usr/lib/gcc/x86_64-linux-gnu/11/../../../x86_64-linux-gnu/crti.o /usr/lib/gcc/x86_64-linux-gnu/11/crtbeginS.o -L/usr/lib/gcc/x86_64-linux-gnu/11 -L/usr/lib/gcc/x86_64-linux-gnu/11/../../../x86_64-linux-gnu -L/usr/lib/gcc/x86_64-linux-gnu/11/../../../../lib -L/lib/x86_64-linux-gnu -L/lib/../lib -L/usr/lib/x86_64-linux-gnu -L/usr/lib/../lib -L/usr/lib/gcc/x86_64-linux-gnu/11/../../.. CMakeFiles/cmTC_a4c35.dir/CMakeCXXCompilerABI.cpp.o -lstdc++ -lm -lgcc_s -lgcc -lc -lgcc_s -lgcc /usr/lib/gcc/x86_64-linux-gnu/11/crtendS.o /usr/lib/gcc/x86_64-linux-gnu/11/../../../x86_64-linux-gnu/crtn.o
COLLECT_GCC_OPTIONS='-v' '-o' 'cmTC_a4c35' '-shared-libgcc' '-mtune=generic' '-march=x86-64' '-dumpdir' 'cmTC_a4c35.'
gmake[1]: Leaving directory '/home/op/CKGFuzzer/code/libtiff/mybuild/CMakeFiles/CMakeTmp'



Parsed CXX implicit include dir info from above output: rv=done
  found start of include info
  found start of implicit include info
    add: [/usr/include/c++/11]
    add: [/usr/include/x86_64-linux-gnu/c++/11]
    add: [/usr/include/c++/11/backward]
    add: [/usr/lib/gcc/x86_64-linux-gnu/11/include]
    add: [/usr/local/include]
    add: [/usr/include/x86_64-linux-gnu]
    add: [/usr/include]
  end of search list found
  collapse include dir [/usr/include/c++/11] ==> [/usr/include/c++/11]
  collapse include dir [/usr/include/x86_64-linux-gnu/c++/11] ==> [/usr/include/x86_64-linux-gnu/c++/11]
  collapse include dir [/usr/include/c++/11/backward] ==> [/usr/include/c++/11/backward]
  collapse include dir [/usr/lib/gcc/x86_64-linux-gnu/11/include] ==> [/usr/lib/gcc/x86_64-linux-gnu/11/include]
  collapse include dir [/usr/local/include] ==> [/usr/local/include]
  collapse include dir [/usr/include/x86_64-linux-gnu] ==> [/usr/include/x86_64-linux-gnu]
  collapse include dir [/usr/include] ==> [/usr/include]
  implicit include dirs: [/usr/include/c++/11;/usr/include/x86_64-linux-gnu/c++/11;/usr/include/c++/11/backward;/usr/lib/gcc/x86_64-linux-gnu/11/include;/usr/local/include;/usr/include/x86_64-linux-gnu;/usr/include]


Parsed CXX implicit link information from above output:
  link line regex: [^( *|.*[/\])(ld|CMAKE_LINK_STARTFILE-NOTFOUND|([^/\]+-)?ld|collect2)[^/\]*( |$)]
  ignore line: [Change Dir: /home/op/CKGFuzzer/code/libtiff/mybuild/CMakeFiles/CMakeTmp]
  ignore line: []
  ignore line: [Run Build Command(s):/usr/bin/gmake -f Makefile cmTC_a4c35/fast && /usr/bin/gmake  -f CMakeFiles/cmTC_a4c35.dir/build.make CMakeFiles/cmTC_a4c35.dir/build]
  ignore line: [gmake[1]: Entering directory '/home/op/CKGFuzzer/code/libtiff/mybuild/CMakeFiles/CMakeTmp']
  ignore line: [Building CXX object CMakeFiles/cmTC_a4c35.dir/CMakeCXXCompilerABI.cpp.o]
  ignore line: [/usr/bin/c++   -v -o CMakeFiles/cmTC_a4c35.dir/CMakeCXXCompilerABI.cpp.o -c /usr/share/cmake-3.22/Modules/CMakeCXXCompilerABI.cpp]
  ignore line: [Using built-in specs.]
  ignore line: [COLLECT_GCC=/usr/bin/c++]
  ignore line: [OFFLOAD_TARGET_NAMES=nvptx-none:amdgcn-amdhsa]
  ignore line: [OFFLOAD_TARGET_DEFAULT=1]
  ignore line: [Target: x86_64-linux-gnu]
  ignore line: [Configured with: ../src/configure -v --with-pkgversion='Ubuntu 11.4.0-1ubuntu1~22.04.2' --with-bugurl=file:///usr/share/doc/gcc-11/README.Bugs --enable-languages=c ada c++ go brig d fortran objc obj-c++ m2 --prefix=/usr --with-gcc-major-version-only --program-suffix=-11 --program-prefix=x86_64-linux-gnu- --enable-shared --enable-linker-build-id --libexecdir=/usr/lib --without-included-gettext --enable-threads=posix --libdir=/usr/lib --enable-nls --enable-bootstrap --enable-clocale=gnu --enable-libstdcxx-debug --enable-libstdcxx-time=yes --with-default-libstdcxx-abi=new --enable-gnu-unique-object --disable-vtable-verify --enable-plugin --enable-default-pie --with-system-zlib --enable-libphobos-checking=release --with-target-system-zlib=auto --enable-objc-gc=auto --enable-multiarch --disable-werror --enable-cet --with-arch-32=i686 --with-abi=m64 --with-multilib-list=m32 m64 mx32 --enable-multilib --with-tune=generic --enable-offload-targets=nvptx-none=/build/gcc-11-2Y5pKs/gcc-11-11.4.0/debian/tmp-nvptx/usr amdgcn-amdhsa=/build/gcc-11-2Y5pKs/gcc-11-11.4.0/debian/tmp-gcn/usr --without-cuda-driver --enable-checking=release --build=x86_64-linux-gnu --host=x86_64-linux-gnu --target=x86_64-linux-gnu --with-build-config=bootstrap-lto-lean --enable-link-serialization=2]
  ignore line: [Thread model: posix]
  ignore line: [Supported LTO compression algorithms: zlib zstd]
  ignore line: [gcc version 11.4.0 (Ubuntu 11.4.0-1ubuntu1~22.04.2) ]
  ignore line: [COLLECT_GCC_OPTIONS='-v' '-o' 'CMakeFiles/cmTC_a4c35.dir/CMakeCXXCompilerABI.cpp.o' '-c' '-shared-libgcc' '-mtune=generic' '-march=x86-64' '-dumpdir' 'CMakeFiles/cmTC_a4c35.dir/']
  ignore line: [ /usr/lib/gcc/x86_64-linux-gnu/11/cc1plus -quiet -v -imultiarch x86_64-linux-gnu -D_GNU_SOURCE /usr/share/cmake-3.22/Modules/CMakeCXXCompilerABI.cpp -quiet -dumpdir CMakeFiles/cmTC_a4c35.dir/ -dumpbase CMakeCXXCompilerABI.cpp.cpp -dumpbase-ext .cpp -mtune=generic -march=x86-64 -version -fasynchronous-unwind-tables -fstack-protector-strong -Wformat -Wformat-security -fstack-clash-protection -fcf-protection -o /tmp/ccJpu3Ru.s]
  ignore line: [GNU C++17 (Ubuntu 11.4.0-1ubuntu1~22.04.2) version 11.4.0 (x86_64-linux-gnu)]
  ignore line: [	compiled by GNU C version 11.4.0  GMP version 6.2.1  MPFR version 4.1.0  MPC version 1.2.1  isl version isl-0.24-GMP]
  ignore line: []
  ignore line: [GGC heuristics: --param ggc-min-expand=100 --param ggc-min-heapsize=131072]
  ignore line: [ignoring duplicate directory "/usr/include/x86_64-linux-gnu/c++/11"]
  ignore line: [ignoring nonexistent directory "/usr/local/include/x86_64-linux-gnu"]
  ignore line: [ignoring nonexistent directory "/usr/lib/gcc/x86_64-linux-gnu/11/include-fixed"]
  ignore line: [ignoring nonexistent directory "/usr/lib/gcc/x86_64-linux-gnu/11/../../../../x86_64-linux-gnu/include"]
  ignore line: [#include "..." search starts here:]
  ignore line: [#include <...> search starts here:]
  ignore line: [ /usr/include/c++/11]
  ignore line: [ /usr/include/x86_64-linux-gnu/c++/11]
  ignore line: [ /usr/include/c++/11/backward]
  ignore line: [ /usr/lib/gcc/x86_64-linux-gnu/11/include]
  ignore line: [ /usr/local/include]
  ignore line: [ /usr/include/x86_64-linux-gnu]
  ignore line: [ /usr/include]
  ignore line: [End of search list.]
  ignore line: [GNU C++17 (Ubuntu 11.4.0-1ubuntu1~22.04.2) version 11.4.0 (x86_64-linux-gnu)]
  ignore line: [	compiled by GNU C version 11.4.0  GMP version 6.2.1  MPFR version 4.1.0  MPC version 1.2.1  isl version isl-0.24-GMP]
  ignore line: []
  ignore line: [GGC heuristics: --param ggc-min-expand=100 --param ggc-min-heapsize=131072]
  ignore line: [Compiler executable checksum: 6c87588fc345655b93b8c25f48f88886]
  ignore line: [COLLECT_GCC_OPTIONS='-v' '-o' 'CMakeFiles/cmTC_a4c35.dir/CMakeCXXCompilerABI.cpp.o' '-c' '-shared-libgcc' '-mtune=generic' '-march=x86-64' '-dumpdir' 'CMakeFiles/cmTC_a4c35.dir/']
  ignore line: [ as -v --64 -o CMakeFiles/cmTC_a4c35.dir/CMakeCXXCompilerABI.cpp.o /tmp/ccJpu3Ru.s]
  ignore line: [GNU assembler version 2.38 (x86_64-linux-gnu) using BFD version (GNU Binutils for Ubuntu) 2.38]
  ignore line: [COMPILER_PATH=/usr/lib/gcc/x86_64-linux-gnu/11/:/usr/lib/gcc/x86_64-linux-gnu/11/:/usr/lib/gcc/x86_64-linux-gnu/:/usr/lib/gcc/x86_64-linux-gnu/11/:/usr/lib/gcc/x86_64-linux-gnu/]
  ignore line: [LIBRARY_PATH=/usr/lib/gcc/x86_64-linux-gnu/11/:/usr/lib/gcc/x86_64-linux-gnu/11/../../../x86_64-linux-gnu/:/usr/lib/gcc/x86_64-linux-gnu/11/../../../../lib/:/lib/x86_64-linux-gnu/:/lib/../lib/:/usr/lib/x86_64-linux-gnu/:/usr/lib/../lib/:/usr/lib/gcc/x86_64-linux-gnu/11/../../../:/lib/:/usr/lib/]
  ignore line: [COLLECT_GCC_OPTIONS='-v' '-o' 'CMakeFiles/cmTC_a4c35.dir/CMakeCXXCompilerABI.cpp.o' '-c' '-shared-libgcc' '-mtune=generic' '-march=x86-64' '-dumpdir' 'CMakeFiles/cmTC_a4c35.dir/CMakeCXXCompilerABI.cpp.']
  ignore line: [Linking CXX executable cmTC_a4c35]
  ignore line: [/usr/bin/cmake -E cmake_link_script CMakeFiles/cmTC_a4c35.dir/link.txt --verbose=1]
  ignore line: [/usr/bin/c++  -v CMakeFiles/cmTC_a4c35.dir/CMakeCXXCompilerABI.cpp.o -o cmTC_a4c35 ]
  ignore line: [Using built-in specs.]
  ignore line: [COLLECT_GCC=/usr/bin/c++]
  ignore line: [COLLECT_LTO_WRAPPER=/usr/lib/gcc/x86_64-linux-gnu/11/lto-wrapper]
  ignore line: [OFFLOAD_TARGET_NAMES=nvptx-none:amdgcn-amdhsa]
  ignore line: [OFFLOAD_TARGET_DEFAULT=1]
  ignore line: [Target: x86_64-linux-gnu]
  ignore line: [Configured with: ../src/configure -v --with-pkgversion='Ubuntu 11.4.0-1ubuntu1~22.04.2' --with-bugurl=file:///usr/share/doc/gcc-11/README.Bugs --enable-languages=c ada c++ go brig d fortran objc obj-c++ m2 --prefix=/usr --with-gcc-major-version-only --program-suffix=-11 --program-prefix=x86_64-linux-gnu- --enable-shared --enable-linker-build-id --libexecdir=/usr/lib --without-included-gettext --enable-threads=posix --libdir=/usr/lib --enable-nls --enable-bootstrap --enable-clocale=gnu --enable-libstdcxx-debug --enable-libstdcxx-time=yes --with-default-libstdcxx-abi=new --enable-gnu-unique-object --disable-vtable-verify --enable-plugin --enable-default-pie --with-system-zlib --enable-libphobos-checking=release --with-target-system-zlib=auto --enable-objc-gc=auto --enable-multiarch --disable-werror --enable-cet --with-arch-32=i686 --with-abi=m64 --with-multilib-list=m32 m64 mx32 --enable-multilib --with-tune=generic --enable-offload-targets=nvptx-none=/build/gcc-11-2Y5pKs/gcc-11-11.4.0/debian/tmp-nvptx/usr amdgcn-amdhsa=/build/gcc-11-2Y5pKs/gcc-11-11.4.0/debian/tmp-gcn/usr --without-cuda-driver --enable-checking=release --build=x86_64-linux-gnu --host=x86_64-linux-gnu --target=x86_64-linux-gnu --with-build-config=bootstrap-lto-lean --enable-link-serialization=2]
  ignore line: [Thread model: posix]
  ignore line: [Supported LTO compression algorithms: zlib zstd]
  ignore line: [gcc version 11.4.0 (Ubuntu 11.4.0-1ubuntu1~22.04.2) ]
  ignore line: [COMPILER_PATH=/usr/lib/gcc/x86_64-linux-gnu/11/:/usr/lib/gcc/x86_64-linux-gnu/11/:/usr/lib/gcc/x86_64-linux-gnu/:/usr/lib/gcc/x86_64-linux-gnu/11/:/usr/lib/gcc/x86_64-linux-gnu/]
  ignore line: [LIBRARY_PATH=/usr/lib/gcc/x86_64-linux-gnu/11/:/usr/lib/gcc/x86_64-linux-gnu/11/../../../x86_64-linux-gnu/:/usr/lib/gcc/x86_64-linux-gnu/11/../../../../lib/:/lib/x86_64-linux-gnu/:/lib/../lib/:/usr/lib/x86_64-linux-gnu/:/usr/lib/../lib/:/usr/lib/gcc/x86_64-linux-gnu/11/../../../:/lib/:/usr/lib/]
  ignore line: [COLLECT_GCC_OPTIONS='-v' '-o' 'cmTC_a4c35' '-shared-libgcc' '-mtune=generic' '-march=x86-64' '-dumpdir' 'cmTC_a4c35.']
  link line: [ /usr/lib/gcc/x86_64-linux-gnu/11/collect2 -plugin /usr/lib/gcc/x86_64-linux-gnu/11/liblto_plugin.so -plugin-opt=/usr/lib/gcc/x86_64-linux-gnu/11/lto-wrapper -plugin-opt=-fresolution=/tmp/ccIMmaWq.res -plugin-opt=-pass-through=-lgcc_s -plugin-opt=-pass-through=-lgcc -plugin-opt=-pass-through=-lc -plugin-opt=-pass-through=-lgcc_s -plugin-opt=-pass-through=-lgcc --build-id --eh-frame-hdr -m elf_x86_64 --hash-style=gnu --as-needed -dynamic-linker /lib64/ld-linux-x86-64.so.2 -pie -z now -z relro -o cmTC_a4c35 /usr/lib/gcc/x86_64-linux-gnu/11/../../../x86_64-linux-gnu/Scrt1.o /usr/lib/gcc/x86_64-linux-gnu/11/../../../x86_64-linux-gnu/crti.o /usr/lib/gcc/x86_64-linux-gnu/11/crtbeginS.o -L/usr/lib/gcc/x86_64-linux-gnu/11 -L/usr/lib/gcc/x86_64-linux-gnu/11/../../../x86_64-linux-gnu -L/usr/lib/gcc/x86_64-linux-gnu/11/../../../../lib -L/lib/x86_64-linux-gnu -L/lib/../lib -L/usr/lib/x86_64-linux-gnu -L/usr/lib/../lib -L/usr/lib/gcc/x86_64-linux-gnu/11/../../.. CMakeFiles/cmTC_a4c35.dir/CMakeCXXCompilerABI.cpp.o -lstdc++ -lm -lgcc_s -lgcc -lc -lgcc_s -lgcc /usr/lib/gcc/x86_64-linux-gnu/11/crtendS.o /usr/lib/gcc/x86_64-linux-gnu/11/../../../x86_64-linux-gnu/crtn.o]
    arg [/usr/lib/gcc/x86_64-linux-gnu/11/collect2] ==> ignore
    arg [-plugin] ==> ignore
    arg [/usr/lib/gcc/x86_64-linux-gnu/11/liblto_plugin.so] ==> ignore
    arg [-plugin-opt=/usr/lib/gcc/x86_64-linux-gnu/11/lto-wrapper] ==> ignore
    arg [-plugin-opt=-fresolution=/tmp/ccIMmaWq.res] ==> ignore
    arg [-plugin-opt=-pass-through=-lgcc_s] ==> ignore
    arg [-plugin-opt=-pass-through=-lgcc] ==> ignore
    arg [-plugin-opt=-pass-through=-lc] ==> ignore
    arg [-plugin-opt=-pass-through=-lgcc_s] ==> ignore
    arg [-plugin-opt=-pass-through=-lgcc] ==> ignore
    arg [--build-id] ==> ignore
    arg [--eh-frame-hdr] ==> ignore
    arg [-m] ==> ignore
    arg [elf_x86_64] ==> ignore
    arg [--hash-style=gnu] ==> ignore
    arg [--as-needed] ==> ignore
    arg [-dynamic-linker] ==> ignore
    arg [/lib64/ld-linux-x86-64.so.2] ==> ignore
    arg [-pie] ==> ignore
    arg [-znow] ==> ignore
    arg [-zrelro] ==> ignore
    arg [-o] ==> ignore
    arg [cmTC_a4c35] ==> ignore
    arg [/usr/lib/gcc/x86_64-linux-gnu/11/../../../x86_64-linux-gnu/Scrt1.o] ==> obj [/usr/lib/gcc/x86_64-linux-gnu/11/../../../x86_64-linux-gnu/Scrt1.o]
    arg [/usr/lib/gcc/x86_64-linux-gnu/11/../../../x86_64-linux-gnu/crti.o] ==> obj [/usr/lib/gcc/x86_64-linux-gnu/11/../../../x86_64-linux-gnu/crti.o]
    arg [/usr/lib/gcc/x86_64-linux-gnu/11/crtbeginS.o] ==> obj [/usr/lib/gcc/x86_64-linux-gnu/11/crtbeginS.o]
    arg [-L/usr/lib/gcc/x86_64-linux-gnu/11] ==> dir [/usr/lib/gcc/x86_64-linux-gnu/11]
    arg [-L/usr/lib/gcc/x86_64-linux-gnu/11/../../../x86_64-linux-gnu] ==> dir [/usr/lib/gcc/x86_64-linux-gnu/11/../../../x86_64-linux-gnu]
    arg [-L/usr/lib/gcc/x86_64-linux-gnu/11/../../../../lib] ==> dir [/usr/lib/gcc/x86_64-linux-gnu/11/../../../../lib]
    arg [-L/lib/x86_64-linux-gnu] ==> dir [/lib/x86_64-linux-gnu]
    arg [-L/lib/../lib] ==> dir [/lib/../lib]
    arg [-L/usr/lib/x86_64-linux-gnu] ==> dir [/usr/lib/x86_64-linux-gnu]
    arg [-L/usr/lib/../lib] ==> dir [/usr/lib/../lib]
    arg [-L/usr/lib/gcc/x86_64-linux-gnu/11/../../..] ==> dir [/usr/lib/gcc/x86_64-linux-gnu/11/../../..]
    arg [CMakeFiles/cmTC_a4c35.dir/CMakeCXXCompilerABI.cpp.o] ==> ignore
    arg [-lstdc++] ==> lib [stdc++]
    arg [-lm] ==> lib [m]
    arg [-lgcc_s] ==> lib [gcc_s]
    arg [-lgcc] ==> lib [gcc]
    arg [-lc] ==> lib [c]
    arg [-lgcc_s] ==> lib [gcc_s]
    arg [-lgcc] ==> lib [gcc]
    arg [/usr/lib/gcc/x86_64-linux-gnu/11/crtendS.o] ==> obj [/usr/lib/gcc/x86_64-linux-gnu/11/crtendS.o]
    arg [/usr/lib/gcc/x86_64-linux-gnu/11/../../../x86_64-linux-gnu/crtn.o] ==> obj [/usr/lib/gcc/x86_64-linux-gnu/11/../../../x86_64-linux-gnu/crtn.o]
  collapse obj [/usr/lib/gcc/x86_64-linux-gnu/11/../../../x86_64-linux-gnu/Scrt1.o] ==> [/usr/lib/x86_64-linux-gnu/Scrt1.o]
  collapse obj [/usr/lib/gcc/x86_64-linux-gnu/11/../../../x86_64-linux-gnu/crti.o] ==> [/usr/lib/x86_64-linux-gnu/crti.o]
  collapse obj [/usr/lib/gcc/x86_64-linux-gnu/11/../../../x86_64-linux-gnu/crtn.o] ==> [/usr/lib/x86_64-linux-gnu/crtn.o]
  collapse library dir [/usr/lib/gcc/x86_64-linux-gnu/11] ==> [/usr/lib/gcc/x86_64-linux-gnu/11]
  collapse library dir [/usr/lib/gcc/x86_64-linux-gnu/11/../../../x86_64-linux-gnu] ==> [/usr/lib/x86_64-linux-gnu]
  collapse library dir [/usr/lib/gcc/x86_64-linux-gnu/11/../../../../lib] ==> [/usr/lib]
  collapse library dir [/lib/x86_64-linux-gnu] ==> [/lib/x86_64-linux-gnu]
  collapse library dir [/lib/../lib] ==> [/lib]
  collapse library dir [/usr/lib/x86_64-linux-gnu] ==> [/usr/lib/x86_64-linux-gnu]
  collapse library dir [/usr/lib/../lib] ==> [/usr/lib]
  collapse library dir [/usr/lib/gcc/x86_64-linux-gnu/11/../../..] ==> [/usr/lib]
  implicit libs: [stdc++;m;gcc_s;gcc;c;gcc_s;gcc]
  implicit objs: [/usr/lib/x86_64-linux-gnu/Scrt1.o;/usr/lib/x86_64-linux-gnu/crti.o;/usr/lib/gcc/x86_64-linux-gnu/11/crtbeginS.o;/usr/lib/gcc/x86_64-linux-gnu/11/crtendS.o;/usr/lib/x86_64-linux-gnu/crtn.o]
  implicit dirs: [/usr/lib/gcc/x86_64-linux-gnu/11;/usr/lib/x86_64-linux-gnu;/usr/lib;/lib/x86_64-linux-gnu;/lib]
  implicit fwks: []


Performing C SOURCE FILE Test C_FLAG_Wall succeeded with the following output:
Change Dir: /home/op/CKGFuzzer/code/libtiff/mybuild/CMakeFiles/CMakeTmp

Run Build Command(s):/usr/bin/gmake -f Makefile cmTC_be9af/fast && /usr/bin/gmake  -f CMakeFiles/cmTC_be9af.dir/build.make CMakeFiles/cmTC_be9af.dir/build
gmake[1]: Entering directory '/home/op/CKGFuzzer/code/libtiff/mybuild/CMakeFiles/CMakeTmp'
Building C object CMakeFiles/cmTC_be9af.dir/src.c.o
/usr/bin/cc -DC_FLAG_Wall  -Wall -std=gnu99 -o CMakeFiles/cmTC_be9af.dir/src.c.o -c /home/op/CKGFuzzer/code/libtiff/mybuild/CMakeFiles/CMakeTmp/src.c
Linking C executable cmTC_be9af
/usr/bin/cmake -E cmake_link_script CMakeFiles/cmTC_be9af.dir/link.txt --verbose=1
/usr/bin/cc CMakeFiles/cmTC_be9af.dir/src.c.o -o cmTC_be9af 
gmake[1]: Leaving directory '/home/op/CKGFuzzer/code/libtiff/mybuild/CMakeFiles/CMakeTmp'


Source file was:
int main(void) { return 0; }
Performing C SOURCE FILE Test C_FLAG_Winline succeeded with the following output:
Change Dir: /home/op/CKGFuzzer/code/libtiff/mybuild/CMakeFiles/CMakeTmp

Run Build Command(s):/usr/bin/gmake -f Makefile cmTC_34fb1/fast && /usr/bin/gmake  -f CMakeFiles/cmTC_34fb1.dir/build.make CMakeFiles/cmTC_34fb1.dir/build
gmake[1]: Entering directory '/home/op/CKGFuzzer/code/libtiff/mybuild/CMakeFiles/CMakeTmp'
Building C object CMakeFiles/cmTC_34fb1.dir/src.c.o
/usr/bin/cc -DC_FLAG_Winline  -Wall    -Winline -std=gnu99 -o CMakeFiles/cmTC_34fb1.dir/src.c.o -c /home/op/CKGFuzzer/code/libtiff/mybuild/CMakeFiles/CMakeTmp/src.c
Linking C executable cmTC_34fb1
/usr/bin/cmake -E cmake_link_script CMakeFiles/cmTC_34fb1.dir/link.txt --verbose=1
/usr/bin/cc  -Wall  CMakeFiles/cmTC_34fb1.dir/src.c.o -o cmTC_34fb1 
gmake[1]: Leaving directory '/home/op/CKGFuzzer/code/libtiff/mybuild/CMakeFiles/CMakeTmp'


Source file was:
int main(void) { return 0; }
Performing C SOURCE FILE Test C_FLAG_Wformat_security succeeded with the following output:
Change Dir: /home/op/CKGFuzzer/code/libtiff/mybuild/CMakeFiles/CMakeTmp

Run Build Command(s):/usr/bin/gmake -f Makefile cmTC_6967e/fast && /usr/bin/gmake  -f CMakeFiles/cmTC_6967e.dir/build.make CMakeFiles/cmTC_6967e.dir/build
gmake[1]: Entering directory '/home/op/CKGFuzzer/code/libtiff/mybuild/CMakeFiles/CMakeTmp'
Building C object CMakeFiles/cmTC_6967e.dir/src.c.o
/usr/bin/cc -DC_FLAG_Wformat_security  -Wall -Winline    -Wformat-security -std=gnu99 -o CMakeFiles/cmTC_6967e.dir/src.c.o -c /home/op/CKGFuzzer/code/libtiff/mybuild/CMakeFiles/CMakeTmp/src.c
Linking C executable cmTC_6967e
/usr/bin/cmake -E cmake_link_script CMakeFiles/cmTC_6967e.dir/link.txt --verbose=1
/usr/bin/cc  -Wall -Winline  CMakeFiles/cmTC_6967e.dir/src.c.o -o cmTC_6967e 
gmake[1]: Leaving directory '/home/op/CKGFuzzer/code/libtiff/mybuild/CMakeFiles/CMakeTmp'


Source file was:
int main(void) { return 0; }
Performing C SOURCE FILE Test C_FLAG_Wpointer_arith succeeded with the following output:
Change Dir: /home/op/CKGFuzzer/code/libtiff/mybuild/CMakeFiles/CMakeTmp

Run Build Command(s):/usr/bin/gmake -f Makefile cmTC_a0438/fast && /usr/bin/gmake  -f CMakeFiles/cmTC_a0438.dir/build.make CMakeFiles/cmTC_a0438.dir/build
gmake[1]: Entering directory '/home/op/CKGFuzzer/code/libtiff/mybuild/CMakeFiles/CMakeTmp'
Building C object CMakeFiles/cmTC_a0438.dir/src.c.o
/usr/bin/cc -DC_FLAG_Wpointer_arith  -Wall -Winline -Wformat-security    -Wpointer-arith -std=gnu99 -o CMakeFiles/cmTC_a0438.dir/src.c.o -c /home/op/CKGFuzzer/code/libtiff/mybuild/CMakeFiles/CMakeTmp/src.c
Linking C executable cmTC_a0438
/usr/bin/cmake -E cmake_link_script CMakeFiles/cmTC_a0438.dir/link.txt --verbose=1
/usr/bin/cc  -Wall -Winline -Wformat-security  CMakeFiles/cmTC_a0438.dir/src.c.o -o cmTC_a0438 
gmake[1]: Leaving directory '/home/op/CKGFuzzer/code/libtiff/mybuild/CMakeFiles/CMakeTmp'


Source file was:
int main(void) { return 0; }
Performing C SOURCE FILE Test C_FLAG_Wdisabled_optimization succeeded with the following output:
Change Dir: /home/op/CKGFuzzer/code/libtiff/mybuild/CMakeFiles/CMakeTmp

Run Build Command(s):/usr/bin/gmake -f Makefile cmTC_78d5e/fast && /usr/bin/gmake  -f CMakeFiles/cmTC_78d5e.dir/build.make CMakeFiles/cmTC_78d5e.dir/build
gmake[1]: Entering directory '/home/op/CKGFuzzer/code/libtiff/mybuild/CMakeFiles/CMakeTmp'
Building C object CMakeFiles/cmTC_78d5e.dir/src.c.o
/usr/bin/cc -DC_FLAG_Wdisabled_optimization  -Wall -Winline -Wformat-security -Wpointer-arith    -Wdisabled-optimization -std=gnu99 -o CMakeFiles/cmTC_78d5e.dir/src.c.o -c /home/op/CKGFuzzer/code/libtiff/mybuild/CMakeFiles/CMakeTmp/src.c
Linking C executable cmTC_78d5e
/usr/bin/cmake -E cmake_link_script CMakeFiles/cmTC_78d5e.dir/link.txt --verbose=1
/usr/bin/cc  -Wall -Winline -Wformat-security -Wpointer-arith  CMakeFiles/cmTC_78d5e.dir/src.c.o -o cmTC_78d5e 
gmake[1]: Leaving directory '/home/op/CKGFuzzer/code/libtiff/mybuild/CMakeFiles/CMakeTmp'


Source file was:
int main(void) { return 0; }
Performing C SOURCE FILE Test C_FLAG_Wno_unknown_pragmas succeeded with the following output:
Change Dir: /home/op/CKGFuzzer/code/libtiff/mybuild/CMakeFiles/CMakeTmp

Run Build Command(s):/usr/bin/gmake -f Makefile cmTC_cc4a8/fast && /usr/bin/gmake  -f CMakeFiles/cmTC_cc4a8.dir/build.make CMakeFiles/cmTC_cc4a8.dir/build
gmake[1]: Entering directory '/home/op/CKGFuzzer/code/libtiff/mybuild/CMakeFiles/CMakeTmp'
Building C object CMakeFiles/cmTC_cc4a8.dir/src.c.o
/usr/bin/cc -DC_FLAG_Wno_unknown_pragmas  -Wall -Winline -Wformat-security -Wpointer-arith -Wdisabled-optimization    -Wno-unknown-pragmas -std=gnu99 -o CMakeFiles/cmTC_cc4a8.dir/src.c.o -c /home/op/CKGFuzzer/code/libtiff/mybuild/CMakeFiles/CMakeTmp/src.c
Linking C executable cmTC_cc4a8
/usr/bin/cmake -E cmake_link_script CMakeFiles/cmTC_cc4a8.dir/link.txt --verbose=1
/usr/bin/cc  -Wall -Winline -Wformat-security -Wpointer-arith -Wdisabled-optimization  CMakeFiles/cmTC_cc4a8.dir/src.c.o -o cmTC_cc4a8 
gmake[1]: Leaving directory '/home/op/CKGFuzzer/code/libtiff/mybuild/CMakeFiles/CMakeTmp'


Source file was:
int main(void) { return 0; }
Performing C SOURCE FILE Test C_FLAG_fstrict_aliasing succeeded with the following output:
Change Dir: /home/op/CKGFuzzer/code/libtiff/mybuild/CMakeFiles/CMakeTmp

Run Build Command(s):/usr/bin/gmake -f Makefile cmTC_029d2/fast && /usr/bin/gmake  -f CMakeFiles/cmTC_029d2.dir/build.make CMakeFiles/cmTC_029d2.dir/build
gmake[1]: Entering directory '/home/op/CKGFuzzer/code/libtiff/mybuild/CMakeFiles/CMakeTmp'
Building C object CMakeFiles/cmTC_029d2.dir/src.c.o
/usr/bin/cc -DC_FLAG_fstrict_aliasing  -Wall -Winline -Wformat-security -Wpointer-arith -Wdisabled-optimization -Wno-unknown-pragmas    -fstrict-aliasing -std=gnu99 -o CMakeFiles/cmTC_029d2.dir/src.c.o -c /home/op/CKGFuzzer/code/libtiff/mybuild/CMakeFiles/CMakeTmp/src.c
Linking C executable cmTC_029d2
/usr/bin/cmake -E cmake_link_script CMakeFiles/cmTC_029d2.dir/link.txt --verbose=1
/usr/bin/cc  -Wall -Winline -Wformat-security -Wpointer-arith -Wdisabled-optimization -Wno-unknown-pragmas  CMakeFiles/cmTC_029d2.dir/src.c.o -o cmTC_029d2 
gmake[1]: Leaving directory '/home/op/CKGFuzzer/code/libtiff/mybuild/CMakeFiles/CMakeTmp'


Source file was:
int main(void) { return 0; }
Performing C SOURCE FILE Test HAVE_LD_VERSION_SCRIPT succeeded with the following output:
Change Dir: /home/op/CKGFuzzer/code/libtiff/mybuild/CMakeFiles/CMakeTmp

Run Build Command(s):/usr/bin/gmake -f Makefile cmTC_51c0e/fast && /usr/bin/gmake  -f CMakeFiles/cmTC_51c0e.dir/build.make CMakeFiles/cmTC_51c0e.dir/build
gmake[1]: 进入目录“/home/op/CKGFuzzer/code/libtiff/mybuild/CMakeFiles/CMakeTmp”
Building C object CMakeFiles/cmTC_51c0e.dir/src.c.o
/usr/bin/cc -DHAVE_LD_VERSION_SCRIPT  -Wall -Winline -Wformat-security -Wpointer-arith -Wdisabled-optimization -Wno-unknown-pragmas -fstrict-aliasing -Wl,--version-script=/home/op/CKGFuzzer/code/libtiff/mybuild/conftest.map -std=gnu99 -o CMakeFiles/cmTC_51c0e.dir/src.c.o -c /home/op/CKGFuzzer/code/libtiff/mybuild/CMakeFiles/CMakeTmp/src.c
Linking C executable cmTC_51c0e
/usr/bin/cmake -E cmake_link_script CMakeFiles/cmTC_51c0e.dir/link.txt --verbose=1
/usr/bin/cc  -Wall -Winline -Wformat-security -Wpointer-arith -Wdisabled-optimization -Wno-unknown-pragmas -fstrict-aliasing -Wl,--version-script=/home/op/CKGFuzzer/code/libtiff/mybuild/conftest.map CMakeFiles/cmTC_51c0e.dir/src.c.o -o cmTC_51c0e 
gmake[1]: 离开目录“/home/op/CKGFuzzer/code/libtiff/mybuild/CMakeFiles/CMakeTmp”


Source file was:
int main(void){return 0;}
Determining if the include file assert.h exists passed with the following output:
Change Dir: /home/op/CKGFuzzer/code/libtiff/mybuild/CMakeFiles/CMakeTmp

Run Build Command(s):/usr/bin/gmake -f Makefile cmTC_48176/fast && /usr/bin/gmake  -f CMakeFiles/cmTC_48176.dir/build.make CMakeFiles/cmTC_48176.dir/build
gmake[1]: 进入目录“/home/op/CKGFuzzer/code/libtiff/mybuild/CMakeFiles/CMakeTmp”
Building C object CMakeFiles/cmTC_48176.dir/CheckIncludeFile.c.o
/usr/bin/cc   -Wall -Winline -Wformat-security -Wpointer-arith -Wdisabled-optimization -Wno-unknown-pragmas -fstrict-aliasing  -std=gnu99 -o CMakeFiles/cmTC_48176.dir/CheckIncludeFile.c.o -c /home/op/CKGFuzzer/code/libtiff/mybuild/CMakeFiles/CMakeTmp/CheckIncludeFile.c
Linking C executable cmTC_48176
/usr/bin/cmake -E cmake_link_script CMakeFiles/cmTC_48176.dir/link.txt --verbose=1
/usr/bin/cc  -Wall -Winline -Wformat-security -Wpointer-arith -Wdisabled-optimization -Wno-unknown-pragmas -fstrict-aliasing  CMakeFiles/cmTC_48176.dir/CheckIncludeFile.c.o -o cmTC_48176 
gmake[1]: 离开目录“/home/op/CKGFuzzer/code/libtiff/mybuild/CMakeFiles/CMakeTmp”



Determining if the include file fcntl.h exists passed with the following output:
Change Dir: /home/op/CKGFuzzer/code/libtiff/mybuild/CMakeFiles/CMakeTmp

Run Build Command(s):/usr/bin/gmake -f Makefile cmTC_5f413/fast && /usr/bin/gmake  -f CMakeFiles/cmTC_5f413.dir/build.make CMakeFiles/cmTC_5f413.dir/build
gmake[1]: 进入目录“/home/op/CKGFuzzer/code/libtiff/mybuild/CMakeFiles/CMakeTmp”
Building C object CMakeFiles/cmTC_5f413.dir/CheckIncludeFile.c.o
/usr/bin/cc   -Wall -Winline -Wformat-security -Wpointer-arith -Wdisabled-optimization -Wno-unknown-pragmas -fstrict-aliasing  -std=gnu99 -o CMakeFiles/cmTC_5f413.dir/CheckIncludeFile.c.o -c /home/op/CKGFuzzer/code/libtiff/mybuild/CMakeFiles/CMakeTmp/CheckIncludeFile.c
Linking C executable cmTC_5f413
/usr/bin/cmake -E cmake_link_script CMakeFiles/cmTC_5f413.dir/link.txt --verbose=1
/usr/bin/cc  -Wall -Winline -Wformat-security -Wpointer-arith -Wdisabled-optimization -Wno-unknown-pragmas -fstrict-aliasing  CMakeFiles/cmTC_5f413.dir/CheckIncludeFile.c.o -o cmTC_5f413 
gmake[1]: 离开目录“/home/op/CKGFuzzer/code/libtiff/mybuild/CMakeFiles/CMakeTmp”



Determining if the include file strings.h exists passed with the following output:
Change Dir: /home/op/CKGFuzzer/code/libtiff/mybuild/CMakeFiles/CMakeTmp

Run Build Command(s):/usr/bin/gmake -f Makefile cmTC_44a9f/fast && /usr/bin/gmake  -f CMakeFiles/cmTC_44a9f.dir/build.make CMakeFiles/cmTC_44a9f.dir/build
gmake[1]: 进入目录“/home/op/CKGFuzzer/code/libtiff/mybuild/CMakeFiles/CMakeTmp”
Building C object CMakeFiles/cmTC_44a9f.dir/CheckIncludeFile.c.o
/usr/bin/cc   -Wall -Winline -Wformat-security -Wpointer-arith -Wdisabled-optimization -Wno-unknown-pragmas -fstrict-aliasing  -std=gnu99 -o CMakeFiles/cmTC_44a9f.dir/CheckIncludeFile.c.o -c /home/op/CKGFuzzer/code/libtiff/mybuild/CMakeFiles/CMakeTmp/CheckIncludeFile.c
Linking C executable cmTC_44a9f
/usr/bin/cmake -E cmake_link_script CMakeFiles/cmTC_44a9f.dir/link.txt --verbose=1
/usr/bin/cc  -Wall -Winline -Wformat-security -Wpointer-arith -Wdisabled-optimization -Wno-unknown-pragmas -fstrict-aliasing  CMakeFiles/cmTC_44a9f.dir/CheckIncludeFile.c.o -o cmTC_44a9f 
gmake[1]: 离开目录“/home/op/CKGFuzzer/code/libtiff/mybuild/CMakeFiles/CMakeTmp”



Determining if the include file sys/time.h exists passed with the following output:
Change Dir: /home/op/CKGFuzzer/code/libtiff/mybuild/CMakeFiles/CMakeTmp

Run Build Command(s):/usr/bin/gmake -f Makefile cmTC_c0982/fast && /usr/bin/gmake  -f CMakeFiles/cmTC_c0982.dir/build.make CMakeFiles/cmTC_c0982.dir/build
gmake[1]: 进入目录“/home/op/CKGFuzzer/code/libtiff/mybuild/CMakeFiles/CMakeTmp”
Building C object CMakeFiles/cmTC_c0982.dir/CheckIncludeFile.c.o
/usr/bin/cc   -Wall -Winline -Wformat-security -Wpointer-arith -Wdisabled-optimization -Wno-unknown-pragmas -fstrict-aliasing  -std=gnu99 -o CMakeFiles/cmTC_c0982.dir/CheckIncludeFile.c.o -c /home/op/CKGFuzzer/code/libtiff/mybuild/CMakeFiles/CMakeTmp/CheckIncludeFile.c
Linking C executable cmTC_c0982
/usr/bin/cmake -E cmake_link_script CMakeFiles/cmTC_c0982.dir/link.txt --verbose=1
/usr/bin/cc  -Wall -Winline -Wformat-security -Wpointer-arith -Wdisabled-optimization -Wno-unknown-pragmas -fstrict-aliasing  CMakeFiles/cmTC_c0982.dir/CheckIncludeFile.c.o -o cmTC_c0982 
gmake[1]: 离开目录“/home/op/CKGFuzzer/code/libtiff/mybuild/CMakeFiles/CMakeTmp”



Determining if the include file sys/types.h exists passed with the following output:
Change Dir: /home/op/CKGFuzzer/code/libtiff/mybuild/CMakeFiles/CMakeTmp

Run Build Command(s):/usr/bin/gmake -f Makefile cmTC_e3245/fast && /usr/bin/gmake  -f CMakeFiles/cmTC_e3245.dir/build.make CMakeFiles/cmTC_e3245.dir/build
gmake[1]: 进入目录“/home/op/CKGFuzzer/code/libtiff/mybuild/CMakeFiles/CMakeTmp”
Building C object CMakeFiles/cmTC_e3245.dir/CheckIncludeFile.c.o
/usr/bin/cc   -Wall -Winline -Wformat-security -Wpointer-arith -Wdisabled-optimization -Wno-unknown-pragmas -fstrict-aliasing  -std=gnu99 -o CMakeFiles/cmTC_e3245.dir/CheckIncludeFile.c.o -c /home/op/CKGFuzzer/code/libtiff/mybuild/CMakeFiles/CMakeTmp/CheckIncludeFile.c
Linking C executable cmTC_e3245
/usr/bin/cmake -E cmake_link_script CMakeFiles/cmTC_e3245.dir/link.txt --verbose=1
/usr/bin/cc  -Wall -Winline -Wformat-security -Wpointer-arith -Wdisabled-optimization -Wno-unknown-pragmas -fstrict-aliasing  CMakeFiles/cmTC_e3245.dir/CheckIncludeFile.c.o -o cmTC_e3245 
gmake[1]: 离开目录“/home/op/CKGFuzzer/code/libtiff/mybuild/CMakeFiles/CMakeTmp”



Determining if the include file unistd.h exists passed with the following output:
Change Dir: /home/op/CKGFuzzer/code/libtiff/mybuild/CMakeFiles/CMakeTmp

Run Build Command(s):/usr/bin/gmake -f Makefile cmTC_0b4a6/fast && /usr/bin/gmake  -f CMakeFiles/cmTC_0b4a6.dir/build.make CMakeFiles/cmTC_0b4a6.dir/build
gmake[1]: 进入目录“/home/op/CKGFuzzer/code/libtiff/mybuild/CMakeFiles/CMakeTmp”
Building C object CMakeFiles/cmTC_0b4a6.dir/CheckIncludeFile.c.o
/usr/bin/cc   -Wall -Winline -Wformat-security -Wpointer-arith -Wdisabled-optimization -Wno-unknown-pragmas -fstrict-aliasing  -std=gnu99 -o CMakeFiles/cmTC_0b4a6.dir/CheckIncludeFile.c.o -c /home/op/CKGFuzzer/code/libtiff/mybuild/CMakeFiles/CMakeTmp/CheckIncludeFile.c
Linking C executable cmTC_0b4a6
/usr/bin/cmake -E cmake_link_script CMakeFiles/cmTC_0b4a6.dir/link.txt --verbose=1
/usr/bin/cc  -Wall -Winline -Wformat-security -Wpointer-arith -Wdisabled-optimization -Wno-unknown-pragmas -fstrict-aliasing  CMakeFiles/cmTC_0b4a6.dir/CheckIncludeFile.c.o -o cmTC_0b4a6 
gmake[1]: 离开目录“/home/op/CKGFuzzer/code/libtiff/mybuild/CMakeFiles/CMakeTmp”



Determining if the getopt exist passed with the following output:
Change Dir: /home/op/CKGFuzzer/code/libtiff/mybuild/CMakeFiles/CMakeTmp

Run Build Command(s):/usr/bin/gmake -f Makefile cmTC_84aae/fast && /usr/bin/gmake  -f CMakeFiles/cmTC_84aae.dir/build.make CMakeFiles/cmTC_84aae.dir/build
gmake[1]: 进入目录“/home/op/CKGFuzzer/code/libtiff/mybuild/CMakeFiles/CMakeTmp”
Building C object CMakeFiles/cmTC_84aae.dir/CheckSymbolExists.c.o
/usr/bin/cc   -Wall -Winline -Wformat-security -Wpointer-arith -Wdisabled-optimization -Wno-unknown-pragmas -fstrict-aliasing  -std=gnu99 -o CMakeFiles/cmTC_84aae.dir/CheckSymbolExists.c.o -c /home/op/CKGFuzzer/code/libtiff/mybuild/CMakeFiles/CMakeTmp/CheckSymbolExists.c
Linking C executable cmTC_84aae
/usr/bin/cmake -E cmake_link_script CMakeFiles/cmTC_84aae.dir/link.txt --verbose=1
/usr/bin/cc  -Wall -Winline -Wformat-security -Wpointer-arith -Wdisabled-optimization -Wno-unknown-pragmas -fstrict-aliasing  CMakeFiles/cmTC_84aae.dir/CheckSymbolExists.c.o -o cmTC_84aae 
gmake[1]: 离开目录“/home/op/CKGFuzzer/code/libtiff/mybuild/CMakeFiles/CMakeTmp”


File /home/op/CKGFuzzer/code/libtiff/mybuild/CMakeFiles/CMakeTmp/CheckSymbolExists.c:
/* */
#include <unistd.h>
#include <stdio.h>

int main(int argc, char** argv)
{
  (void)argv;
#ifndef getopt
  return ((int*)(&getopt))[argc];
#else
  (void)argc;
  return 0;
#endif
}
Determining if the optarg exist passed with the following output:
Change Dir: /home/op/CKGFuzzer/code/libtiff/mybuild/CMakeFiles/CMakeTmp

Run Build Command(s):/usr/bin/gmake -f Makefile cmTC_b0192/fast && /usr/bin/gmake  -f CMakeFiles/cmTC_b0192.dir/build.make CMakeFiles/cmTC_b0192.dir/build
gmake[1]: 进入目录“/home/op/CKGFuzzer/code/libtiff/mybuild/CMakeFiles/CMakeTmp”
Building C object CMakeFiles/cmTC_b0192.dir/CheckSymbolExists.c.o
/usr/bin/cc   -Wall -Winline -Wformat-security -Wpointer-arith -Wdisabled-optimization -Wno-unknown-pragmas -fstrict-aliasing  -std=gnu99 -o CMakeFiles/cmTC_b0192.dir/CheckSymbolExists.c.o -c /home/op/CKGFuzzer/code/libtiff/mybuild/CMakeFiles/CMakeTmp/CheckSymbolExists.c
Linking C executable cmTC_b0192
/usr/bin/cmake -E cmake_link_script CMakeFiles/cmTC_b0192.dir/link.txt --verbose=1
/usr/bin/cc  -Wall -Winline -Wformat-security -Wpointer-arith -Wdisabled-optimization -Wno-unknown-pragmas -fstrict-aliasing  CMakeFiles/cmTC_b0192.dir/CheckSymbolExists.c.o -o cmTC_b0192 
gmake[1]: 离开目录“/home/op/CKGFuzzer/code/libtiff/mybuild/CMakeFiles/CMakeTmp”


File /home/op/CKGFuzzer/code/libtiff/mybuild/CMakeFiles/CMakeTmp/CheckSymbolExists.c:
/* */
#include <getopt.h>

int main(int argc, char** argv)
{
  (void)argv;
#ifndef optarg
  return ((int*)(&optarg))[argc];
#else
  (void)argc;
  return 0;
#endif
}
Determining if the mmap exist passed with the following output:
Change Dir: /home/op/CKGFuzzer/code/libtiff/mybuild/CMakeFiles/CMakeTmp

Run Build Command(s):/usr/bin/gmake -f Makefile cmTC_fbe4d/fast && /usr/bin/gmake  -f CMakeFiles/cmTC_fbe4d.dir/build.make CMakeFiles/cmTC_fbe4d.dir/build
gmake[1]: 进入目录“/home/op/CKGFuzzer/code/libtiff/mybuild/CMakeFiles/CMakeTmp”
Building C object CMakeFiles/cmTC_fbe4d.dir/CheckSymbolExists.c.o
/usr/bin/cc   -Wall -Winline -Wformat-security -Wpointer-arith -Wdisabled-optimization -Wno-unknown-pragmas -fstrict-aliasing  -std=gnu99 -o CMakeFiles/cmTC_fbe4d.dir/CheckSymbolExists.c.o -c /home/op/CKGFuzzer/code/libtiff/mybuild/CMakeFiles/CMakeTmp/CheckSymbolExists.c
Linking C executable cmTC_fbe4d
/usr/bin/cmake -E cmake_link_script CMakeFiles/cmTC_fbe4d.dir/link.txt --verbose=1
/usr/bin/cc  -Wall -Winline -Wformat-security -Wpointer-arith -Wdisabled-optimization -Wno-unknown-pragmas -fstrict-aliasing  CMakeFiles/cmTC_fbe4d.dir/CheckSymbolExists.c.o -o cmTC_fbe4d 
gmake[1]: 离开目录“/home/op/CKGFuzzer/code/libtiff/mybuild/CMakeFiles/CMakeTmp”


File /home/op/CKGFuzzer/code/libtiff/mybuild/CMakeFiles/CMakeTmp/CheckSymbolExists.c:
/* */
#include <sys/mman.h>

int main(int argc, char** argv)
{
  (void)argv;
#ifndef mmap
  return ((int*)(&mmap))[argc];
#else
  (void)argc;
  return 0;
#endif
}
Determining if the include file stdint.h exists passed with the following output:
Change Dir: /home/op/CKGFuzzer/code/libtiff/mybuild/CMakeFiles/CMakeTmp

Run Build Command(s):/usr/bin/gmake -f Makefile cmTC_654da/fast && /usr/bin/gmake  -f CMakeFiles/cmTC_654da.dir/build.make CMakeFiles/cmTC_654da.dir/build
gmake[1]: 进入目录“/home/op/CKGFuzzer/code/libtiff/mybuild/CMakeFiles/CMakeTmp”
Building C object CMakeFiles/cmTC_654da.dir/CheckIncludeFile.c.o
/usr/bin/cc   -Wall -Winline -Wformat-security -Wpointer-arith -Wdisabled-optimization -Wno-unknown-pragmas -fstrict-aliasing  -std=gnu99 -o CMakeFiles/cmTC_654da.dir/CheckIncludeFile.c.o -c /home/op/CKGFuzzer/code/libtiff/mybuild/CMakeFiles/CMakeTmp/CheckIncludeFile.c
Linking C executable cmTC_654da
/usr/bin/cmake -E cmake_link_script CMakeFiles/cmTC_654da.dir/link.txt --verbose=1
/usr/bin/cc  -Wall -Winline -Wformat-security -Wpointer-arith -Wdisabled-optimization -Wno-unknown-pragmas -fstrict-aliasing  CMakeFiles/cmTC_654da.dir/CheckIncludeFile.c.o -o cmTC_654da 
gmake[1]: 离开目录“/home/op/CKGFuzzer/code/libtiff/mybuild/CMakeFiles/CMakeTmp”



Determining if the include file stddef.h exists passed with the following output:
Change Dir: /home/op/CKGFuzzer/code/libtiff/mybuild/CMakeFiles/CMakeTmp

Run Build Command(s):/usr/bin/gmake -f Makefile cmTC_bb3fa/fast && /usr/bin/gmake  -f CMakeFiles/cmTC_bb3fa.dir/build.make CMakeFiles/cmTC_bb3fa.dir/build
gmake[1]: 进入目录“/home/op/CKGFuzzer/code/libtiff/mybuild/CMakeFiles/CMakeTmp”
Building C object CMakeFiles/cmTC_bb3fa.dir/CheckIncludeFile.c.o
/usr/bin/cc   -Wall -Winline -Wformat-security -Wpointer-arith -Wdisabled-optimization -Wno-unknown-pragmas -fstrict-aliasing  -std=gnu99 -o CMakeFiles/cmTC_bb3fa.dir/CheckIncludeFile.c.o -c /home/op/CKGFuzzer/code/libtiff/mybuild/CMakeFiles/CMakeTmp/CheckIncludeFile.c
Linking C executable cmTC_bb3fa
/usr/bin/cmake -E cmake_link_script CMakeFiles/cmTC_bb3fa.dir/link.txt --verbose=1
/usr/bin/cc  -Wall -Winline -Wformat-security -Wpointer-arith -Wdisabled-optimization -Wno-unknown-pragmas -fstrict-aliasing  CMakeFiles/cmTC_bb3fa.dir/CheckIncludeFile.c.o -o cmTC_bb3fa 
gmake[1]: 离开目录“/home/op/CKGFuzzer/code/libtiff/mybuild/CMakeFiles/CMakeTmp”



Determining size of size_t passed with the following output:
Change Dir: /home/op/CKGFuzzer/code/libtiff/mybuild/CMakeFiles/CMakeTmp

Run Build Command(s):/usr/bin/gmake -f Makefile cmTC_7e438/fast && /usr/bin/gmake  -f CMakeFiles/cmTC_7e438.dir/build.make CMakeFiles/cmTC_7e438.dir/build
gmake[1]: 进入目录“/home/op/CKGFuzzer/code/libtiff/mybuild/CMakeFiles/CMakeTmp”
Building C object CMakeFiles/cmTC_7e438.dir/SIZEOF_SIZE_T.c.o
/usr/bin/cc   -Wall -Winline -Wformat-security -Wpointer-arith -Wdisabled-optimization -Wno-unknown-pragmas -fstrict-aliasing  -std=gnu99 -o CMakeFiles/cmTC_7e438.dir/SIZEOF_SIZE_T.c.o -c /home/op/CKGFuzzer/code/libtiff/mybuild/CMakeFiles/CheckTypeSize/SIZEOF_SIZE_T.c
Linking C executable cmTC_7e438
/usr/bin/cmake -E cmake_link_script CMakeFiles/cmTC_7e438.dir/link.txt --verbose=1
/usr/bin/cc  -Wall -Winline -Wformat-security -Wpointer-arith -Wdisabled-optimization -Wno-unknown-pragmas -fstrict-aliasing  CMakeFiles/cmTC_7e438.dir/SIZEOF_SIZE_T.c.o -o cmTC_7e438 
gmake[1]: 离开目录“/home/op/CKGFuzzer/code/libtiff/mybuild/CMakeFiles/CMakeTmp”



Determining if the include file GL/gl.h exists passed with the following output:
Change Dir: /home/op/CKGFuzzer/code/libtiff/mybuild/CMakeFiles/CMakeTmp

Run Build Command(s):/usr/bin/gmake -f Makefile cmTC_a1fa2/fast && /usr/bin/gmake  -f CMakeFiles/cmTC_a1fa2.dir/build.make CMakeFiles/cmTC_a1fa2.dir/build
gmake[1]: 进入目录“/home/op/CKGFuzzer/code/libtiff/mybuild/CMakeFiles/CMakeTmp”
Building C object CMakeFiles/cmTC_a1fa2.dir/CheckIncludeFile.c.o
/usr/bin/cc   -Wall -Winline -Wformat-security -Wpointer-arith -Wdisabled-optimization -Wno-unknown-pragmas -fstrict-aliasing  -std=gnu99 -o CMakeFiles/cmTC_a1fa2.dir/CheckIncludeFile.c.o -c /home/op/CKGFuzzer/code/libtiff/mybuild/CMakeFiles/CMakeTmp/CheckIncludeFile.c
Linking C executable cmTC_a1fa2
/usr/bin/cmake -E cmake_link_script CMakeFiles/cmTC_a1fa2.dir/link.txt --verbose=1
/usr/bin/cc  -Wall -Winline -Wformat-security -Wpointer-arith -Wdisabled-optimization -Wno-unknown-pragmas -fstrict-aliasing  CMakeFiles/cmTC_a1fa2.dir/CheckIncludeFile.c.o -o cmTC_a1fa2 
gmake[1]: 离开目录“/home/op/CKGFuzzer/code/libtiff/mybuild/CMakeFiles/CMakeTmp”



Determining if the include file GL/glu.h exists passed with the following output:
Change Dir: /home/op/CKGFuzzer/code/libtiff/mybuild/CMakeFiles/CMakeTmp

Run Build Command(s):/usr/bin/gmake -f Makefile cmTC_b8a21/fast && /usr/bin/gmake  -f CMakeFiles/cmTC_b8a21.dir/build.make CMakeFiles/cmTC_b8a21.dir/build
gmake[1]: 进入目录“/home/op/CKGFuzzer/code/libtiff/mybuild/CMakeFiles/CMakeTmp”
Building C object CMakeFiles/cmTC_b8a21.dir/CheckIncludeFile.c.o
/usr/bin/cc   -Wall -Winline -Wformat-security -Wpointer-arith -Wdisabled-optimization -Wno-unknown-pragmas -fstrict-aliasing  -std=gnu99 -o CMakeFiles/cmTC_b8a21.dir/CheckIncludeFile.c.o -c /home/op/CKGFuzzer/code/libtiff/mybuild/CMakeFiles/CMakeTmp/CheckIncludeFile.c
Linking C executable cmTC_b8a21
/usr/bin/cmake -E cmake_link_script CMakeFiles/cmTC_b8a21.dir/link.txt --verbose=1
/usr/bin/cc  -Wall -Winline -Wformat-security -Wpointer-arith -Wdisabled-optimization -Wno-unknown-pragmas -fstrict-aliasing  CMakeFiles/cmTC_b8a21.dir/CheckIncludeFile.c.o -o cmTC_b8a21 
gmake[1]: 离开目录“/home/op/CKGFuzzer/code/libtiff/mybuild/CMakeFiles/CMakeTmp”



Determining if the pow exist passed with the following output:
Change Dir: /home/op/CKGFuzzer/code/libtiff/mybuild/CMakeFiles/CMakeTmp

Run Build Command(s):/usr/bin/gmake -f Makefile cmTC_78266/fast && /usr/bin/gmake  -f CMakeFiles/cmTC_78266.dir/build.make CMakeFiles/cmTC_78266.dir/build
gmake[1]: 进入目录“/home/op/CKGFuzzer/code/libtiff/mybuild/CMakeFiles/CMakeTmp”
Building C object CMakeFiles/cmTC_78266.dir/CheckSymbolExists.c.o
/usr/bin/cc   -Wall -Winline -Wformat-security -Wpointer-arith -Wdisabled-optimization -Wno-unknown-pragmas -fstrict-aliasing  -std=gnu99 -o CMakeFiles/cmTC_78266.dir/CheckSymbolExists.c.o -c /home/op/CKGFuzzer/code/libtiff/mybuild/CMakeFiles/CMakeTmp/CheckSymbolExists.c
Linking C executable cmTC_78266
/usr/bin/cmake -E cmake_link_script CMakeFiles/cmTC_78266.dir/link.txt --verbose=1
/usr/bin/cc  -Wall -Winline -Wformat-security -Wpointer-arith -Wdisabled-optimization -Wno-unknown-pragmas -fstrict-aliasing  CMakeFiles/cmTC_78266.dir/CheckSymbolExists.c.o -o cmTC_78266  -lm 
gmake[1]: 离开目录“/home/op/CKGFuzzer/code/libtiff/mybuild/CMakeFiles/CMakeTmp”


File /home/op/CKGFuzzer/code/libtiff/mybuild/CMakeFiles/CMakeTmp/CheckSymbolExists.c:
/* */
#include <math.h>

int main(int argc, char** argv)
{
  (void)argv;
#ifndef pow
  return ((int*)(&pow))[argc];
#else
  (void)argc;
  return 0;
#endif
}
